[13:33:56] This is prokka 1.14.6
[13:33:56] Written by Torsten Seemann <torsten.seemann@gmail.com>
[13:33:56] Homepage is https://github.com/tseemann/prokka
[13:33:56] Local time is Fri Apr 21 13:33:56 2023
[13:33:56] You are not telling me who you are!
[13:33:56] Operating system is linux
[13:33:56] You have BioPerl 1.7.8
[13:33:56] System has 16 cores.
[13:33:56] Will use maximum of 12 cores.
[13:33:56] Annotating as >>> Bacteria <<<
[13:33:56] Generating locus_tag from 'GCA_000517105.1_ASM51710v1_genomic.fna' contents.
[13:33:56] Setting --locustag DGMECNKP from MD5 d06ec749bb97fe40f931f35aed07f75b
[13:33:56] Creating new output folder: prokka_out
[13:33:56] Running: mkdir -p prokka_out
[13:33:56] Using filename prefix: F_pepsitadii.XXX
[13:33:56] Setting HMMER_NCPU=1
[13:33:56] Writing log to: prokka_out/F_pepsitadii.log
[13:33:56] Command: /root/anaconda3/envs/ulana/bin/prokka --outdir prokka_out --prefix F_pepsitadii GCA_000517105.1_ASM51710v1_genomic.fna --cpus 12
[13:33:56] Appending to PATH: /root/anaconda3/envs/ulana/bin
[13:33:56] Looking for 'aragorn' - found /root/anaconda3/envs/ulana/bin/aragorn
[13:33:56] Determined aragorn version is 001002 from 'ARAGORN v1.2.41 Dean Laslett'
[13:33:56] Looking for 'barrnap' - found /root/anaconda3/envs/ulana/bin/barrnap
[13:33:56] Determined barrnap version is 000009 from 'barrnap 0.9'
[13:33:56] Looking for 'blastp' - found /root/anaconda3/envs/ulana/bin/blastp
[13:33:56] Determined blastp version is 002013 from 'blastp: 2.13.0+'
[13:33:56] Looking for 'cmpress' - found /root/anaconda3/envs/ulana/bin/cmpress
[13:33:56] Determined cmpress version is 001001 from '# INFERNAL 1.1.4 (Dec 2020)'
[13:33:56] Looking for 'cmscan' - found /root/anaconda3/envs/ulana/bin/cmscan
[13:33:56] Determined cmscan version is 001001 from '# INFERNAL 1.1.4 (Dec 2020)'
[13:33:56] Looking for 'egrep' - found /usr/bin/egrep
[13:33:56] Looking for 'find' - found /usr/bin/find
[13:33:56] Looking for 'grep' - found /usr/bin/grep
[13:33:56] Looking for 'hmmpress' - found /root/anaconda3/envs/ulana/bin/hmmpress
[13:33:56] Determined hmmpress version is 003003 from '# HMMER 3.3.2 (Nov 2020); http://hmmer.org/'
[13:33:56] Looking for 'hmmscan' - found /root/anaconda3/envs/ulana/bin/hmmscan
[13:33:56] Determined hmmscan version is 003003 from '# HMMER 3.3.2 (Nov 2020); http://hmmer.org/'
[13:33:56] Looking for 'java' - found /root/anaconda3/envs/ulana/bin/java
[13:33:56] Looking for 'makeblastdb' - found /root/anaconda3/envs/ulana/bin/makeblastdb
[13:33:56] Determined makeblastdb version is 002013 from 'makeblastdb: 2.13.0+'
[13:33:56] Looking for 'minced' - found /root/anaconda3/envs/ulana/bin/minced
[13:33:56] Determined minced version is 004002 from 'minced 0.4.2'
[13:33:56] Looking for 'parallel' - found /root/anaconda3/envs/ulana/bin/parallel
[13:33:56] Determined parallel version is 20230122 from 'GNU parallel 20230122'
[13:33:56] Looking for 'prodigal' - found /root/anaconda3/envs/ulana/bin/prodigal
[13:33:56] Determined prodigal version is 002006 from 'Prodigal V2.6.3: February, 2016'
[13:33:56] Looking for 'prokka-genbank_to_fasta_db' - found /root/anaconda3/envs/ulana/bin/prokka-genbank_to_fasta_db
[13:33:56] Looking for 'sed' - found /usr/bin/sed
[13:33:56] Looking for 'tbl2asn' - found /root/anaconda3/envs/ulana/bin/tbl2asn
[13:33:56] Determined tbl2asn version is 025007 from 'tbl2asn 25.7   arguments:'
[13:33:56] Using genetic code table 11.
[13:33:56] Loading and checking input file: GCA_000517105.1_ASM51710v1_genomic.fna
[13:33:56] Wrote 12 contigs totalling 8079181 bp.
[13:33:56] Predicting tRNAs and tmRNAs
[13:33:56] Running: aragorn -l -gc11  -w prokka_out\/F_pepsitadii\.fna
[13:33:59] 1 tRNA-Gly [123595,123666] 33 (gcc)
[13:33:59] 2 tRNA-Gly [224995,225066] 33 (ccc)
[13:33:59] 3 tRNA-Ala c[250512,250586] 35 (cgc)
[13:33:59] 4 tRNA-Lys c[469632,469704] 33 (ctt)
[13:33:59] 5 tRNA-Arg c[578249,578323] 35 (tct)
[13:33:59] 6 tRNA-Thr [1073016,1073087] 33 (tgt)
[13:33:59] 7 tRNA-Lys [1349770,1349841] 33 (ttt)
[13:33:59] 8 tRNA-Gly [1356780,1356850] 33 (tcc)
[13:33:59] 9 tRNA-Arg c[1385566,1385641] 36 (cct)
[13:33:59] 10 tRNA-Cys c[1471753,1471824] 33 (gca)
[13:33:59] 11 tRNA-Ala c[1843353,1843427] 34 (tgc)
[13:33:59] 12 tRNA-Ile c[1843515,1843590] 35 (gat)
[13:33:59] 13 tRNA-Asn [1853625,1853698] 34 (gtt)
[13:33:59] 14 tRNA-Arg c[1978886,1978959] 35 (ccg)
[13:33:59] 15 tRNA-Met [2049364,2049439] 36 (cat)
[13:33:59] 16 tRNA-Ser c[2268604,2268690] 36 (cga)
[13:33:59] 17 tRNA-Thr [2327029,2327100] 33 (cgt)
[13:33:59] 18 tRNA-Asp [2358198,2358271] 35 (gtc)
[13:33:59] 19 tRNA-Leu c[2519166,2519248] 36 (gag)
[13:33:59] 20 tRNA-Pro [2628375,2628448] 35 (tgg)
[13:33:59] 21 tRNA-Phe [2660329,2660401] 34 (gaa)
[13:33:59] 1 tmRNA [254795,255181] 100,153 ANNIVKFARKEALVAA**
[13:33:59] 1 tRNA-Glu c[205787,205860] 35 (ttc)
[13:33:59] 2 tRNA-Ser [263006,263092] 36 (tga)
[13:33:59] 3 tRNA-Ser [450981,451074] 36 (gct)
[13:33:59] 4 tRNA-Leu c[698560,698643] 36 (tag)
[13:33:59] 5 tRNA-Arg [741169,741242] 35 (acg)
[13:33:59] 6 tRNA-Met [945671,945747] 35 (cat)
[13:33:59] 7 tRNA-Val [1235883,1235956] 35 (gac)
[13:33:59] 8 tRNA-Met [1273737,1273809] 34 (cat)
[13:33:59] 9 tRNA-Ala [1867799,1867873] 35 (ggc)
[13:33:59] 1 tRNA-Ile [12503,12575] 34 (gat)
[13:33:59] 2 tRNA-Asn [13130,13199] 33 (gtt)
[13:33:59] 1 tRNA-Trp c[73216,73308] 36 (cca)
[13:33:59] 2 tRNA-Ser [392267,392355] 36 (gga)
[13:33:59] 3 tRNA-Pro c[495991,496064] 35 (cgg)
[13:33:59] 4 tRNA-Leu [590879,590960] 35 (cag)
[13:33:59] 5 tRNA-Pro [866451,866524] 35 (ggg)
[13:33:59] 6 tRNA-Phe [909626,909709] 34 (aaa)
[13:33:59] 1 tRNA-Val c[245789,245862] 34 (tac)
[13:33:59] 2 tRNA-Gln [326017,326088] 33 (ttg)
[13:33:59] 3 tRNA-Thr c[350006,350077] 33 (ggt)
[13:33:59] 4 tRNA-Tyr c[350101,350185] 35 (gta)
[13:33:59] 1 tRNA-Trp c[149382,149455] 34 (cca)
[13:33:59] 2 tRNA-Leu c[219709,219793] 35 (caa)
[13:33:59] 3 tRNA-His c[235975,236048] 34 (gtg)
[13:33:59] Found 46 tRNAs
[13:33:59] Predicting Ribosomal RNAs
[13:33:59] Running Barrnap with 12 threads
[13:34:00] 1 KI912148.1 1840209 23S ribosomal RNA
[13:34:00] 2 KI912148.1 1843708 16S ribosomal RNA
[13:34:00] 3 KI912154.1 220680 16S ribosomal RNA (partial)
[13:34:00] Found 3 rRNAs
[13:34:00] Skipping ncRNA search, enable with --rfam if desired.
[13:34:00] Total of 48 tRNA + rRNA features
[13:34:00] Searching for CRISPR repeats
[13:34:01] CRISPR1 KI912148.1 2649 with 42 spacers
[13:34:01] CRISPR2 KI912149.1 215555 with 38 spacers
[13:34:01] CRISPR3 KI912150.1 222720 with 27 spacers
[13:34:01] CRISPR4 KI912151.1 626118 with 26 spacers
[13:34:01] CRISPR5 KI912151.1 635366 with 42 spacers
[13:34:01] CRISPR6 KI912151.1 858149 with 33 spacers
[13:34:01] CRISPR7 KI912152.1 4923 with 5 spacers
[13:34:01] Found 7 CRISPRs
[13:34:01] Predicting coding sequences
[13:34:01] Contigs total 8079181 bp, so using single mode
[13:34:01] Running: prodigal -i prokka_out\/F_pepsitadii\.fna -c -m -g 11 -p single -f sco -q
[13:34:07] Excluding CDS which overlaps existing RNA (rRNA) at KI912148.1:1842467..1842637 on - strand
[13:34:07] Excluding CDS which overlaps existing RNA (rRNA) at KI912148.1:1843750..1844064 on - strand
[13:34:08] Excluding CDS which overlaps existing RNA (tRNA) at KI912149.1:205631..205825 on + strand
[13:34:08] Excluding CDS which overlaps existing RNA (repeat_region) at KI912149.1:215327..215581 on + strand
[13:34:08] Excluding CDS which overlaps existing RNA (tRNA) at KI912151.1:72177..74075 on - strand
[13:34:08] Excluding CDS which overlaps existing RNA (repeat_region) at KI912151.1:626617..626742 on - strand
[13:34:08] Excluding CDS which overlaps existing RNA (repeat_region) at KI912151.1:635975..636121 on + strand
[13:34:08] Excluding CDS which overlaps existing RNA (tRNA) at KI912151.1:909064..910299 on - strand
[13:34:09] Found 7045 CDS
[13:34:09] Connecting features back to sequences
[13:34:09] Not using genus-specific database. Try --usegenus to enable it.
[13:34:09] Annotating CDS, please be patient.
[13:34:09] Will use 12 CPUs for similarity searching.
[13:34:12] There are still 7045 unannotated CDS left (started with 7045)
[13:34:12] Will use blast to search against /root/anaconda3/envs/ulana/db/kingdom/Bacteria/IS with 12 CPUs
[13:34:12] Running: cat prokka_out\/F_pepsitadii\.IS\.tmp\.126\.faa | parallel --gnu --plain -j 12 --block 90719 --recstart '>' --pipe blastp -query - -db /root/anaconda3/envs/ulana/db/kingdom/Bacteria/IS -evalue 1e-30 -qcov_hsp_perc 90 -num_threads 1 -num_descriptions 1 -num_alignments 1 -seg no > prokka_out\/F_pepsitadii\.IS\.tmp\.126\.blast 2> /dev/null
[13:34:28] Deleting unwanted file: prokka_out/F_pepsitadii.IS.tmp.126.faa
[13:34:28] Deleting unwanted file: prokka_out/F_pepsitadii.IS.tmp.126.blast
[13:34:31] There are still 6962 unannotated CDS left (started with 7045)
[13:34:31] Will use blast to search against /root/anaconda3/envs/ulana/db/kingdom/Bacteria/AMR with 12 CPUs
[13:34:31] Running: cat prokka_out\/F_pepsitadii\.AMR\.tmp\.126\.faa | parallel --gnu --plain -j 12 --block 89746 --recstart '>' --pipe blastp -query - -db /root/anaconda3/envs/ulana/db/kingdom/Bacteria/AMR -evalue 1e-300 -qcov_hsp_perc 90 -num_threads 1 -num_descriptions 1 -num_alignments 1 -seg no > prokka_out\/F_pepsitadii\.AMR\.tmp\.126\.blast 2> /dev/null
[13:34:45] Deleting unwanted file: prokka_out/F_pepsitadii.AMR.tmp.126.faa
[13:34:45] Deleting unwanted file: prokka_out/F_pepsitadii.AMR.tmp.126.blast
[13:34:48] There are still 6962 unannotated CDS left (started with 7045)
[13:34:48] Will use blast to search against /root/anaconda3/envs/ulana/db/kingdom/Bacteria/sprot with 12 CPUs
[13:34:48] Running: cat prokka_out\/F_pepsitadii\.sprot\.tmp\.126\.faa | parallel --gnu --plain -j 12 --block 89746 --recstart '>' --pipe blastp -query - -db /root/anaconda3/envs/ulana/db/kingdom/Bacteria/sprot -evalue 1e-09 -qcov_hsp_perc 80 -num_threads 1 -num_descriptions 1 -num_alignments 1 -seg no > prokka_out\/F_pepsitadii\.sprot\.tmp\.126\.blast 2> /dev/null
[13:35:54] Modify product: Acetyltransferase PA3944 => Acetyltransferase
[13:35:54] Modify product: Carbon dioxide-concentrating mechanism protein CcmK homolog 1 => Carbon dioxide-concentrating mechanism protein CcmK 
[13:35:54] Modify product: Carbon dioxide-concentrating mechanism protein CcmK homolog 2 => Carbon dioxide-concentrating mechanism protein CcmK 
[13:35:54] Modify product: Uncharacterized protein alr4550 => putative protein
[13:35:54] Modify product: Probable flavin reductase => putative flavin reductase
[13:35:54] Modify product: Probable dual-specificity RNA methyltransferase RlmN => putative dual-specificity RNA methyltransferase RlmN
[13:35:54] Modify product: Putative phosphoribosyl transferase Rv0571c => Putative phosphoribosyl transferase
[13:35:54] Modify product: Probable peptidoglycan glycosyltransferase FtsW => putative peptidoglycan glycosyltransferase FtsW
[13:35:54] Modify product: Phycocyanobilin lyase CpcT homolog => Phycocyanobilin lyase CpcT 
[13:35:54] Modify product: Uncharacterized protein Rv2307c => putative protein
[13:35:54] Modify product: Probable peptidoglycan glycosyltransferase FtsW => putative peptidoglycan glycosyltransferase FtsW
[13:35:54] Modify product: Uncharacterized protein Rv2067c => putative protein
[13:35:54] Modify product: Probable cytochrome c oxidase subunit 1 => putative cytochrome c oxidase subunit 1
[13:35:54] Modify product: Probable cytochrome c oxidase subunit 3 => putative cytochrome c oxidase subunit 3
[13:35:54] Modify product: Putative low molecular weight protein-tyrosine-phosphatase slr0328 => Putative low molecular weight protein-tyrosine-phosphatase
[13:35:54] Modify product: UPF0758 protein YsxA => hypothetical protein
[13:35:54] Modify product: Probable alcohol dehydrogenase AdhA => putative alcohol dehydrogenase AdhA
[13:35:54] Modify product: Putative hydro-lyase Atu3911 => Putative hydro-lyase
[13:35:54] Modify product: Uncharacterized transporter Rv1999c => putative transporter
[13:35:54] Modify product: Putative transport protein Rv0205 => Putative transport protein
[13:35:54] Modify product: Uncharacterized sugar transferase EpsL => putative sugar transferase EpsL
[13:35:54] Modify product: UPF0053 protein Rv2366c => hypothetical protein
[13:35:54] Modify product: Uncharacterized protein YccU => putative protein YccU
[13:35:54] Modify product: Stringent starvation protein A homolog => Stringent starvation protein A 
[13:35:54] Modify product: Probable serine/threonine-protein kinase PkwA => putative serine/threonine-protein kinase PkwA
[13:35:54] Modify product: Acetyltransferase PA3944 => Acetyltransferase
[13:35:54] Modify product: NADH dehydrogenase-like protein SAOUHSC_00878 => NADH dehydrogenase-like protein
[13:35:54] Modify product: Uncharacterized N-acetyltransferase YafP => putative N-acetyltransferase YafP
[13:35:54] Modify product: Probable fused nickel transport protein LarMN => putative fused nickel transport protein LarMN
[13:35:54] Modify product: Purine-binding protein BAB2_0673 => Purine-binding protein
[13:35:54] Modify product: Acetyltransferase SACOL1063 => Acetyltransferase
[13:35:54] Modify product: Uncharacterized sugar epimerase YhfK => putative sugar epimerase YhfK
[13:35:54] Modify product: Probable murein peptide carboxypeptidase => putative murein peptide carboxypeptidase
[13:35:54] Modify product: Probable L,D-transpeptidase YnhG => putative L,D-transpeptidase YnhG
[13:35:54] Modify product: Uncharacterized glycosyltransferase sll0501 => putative glycosyltransferase
[13:35:54] Modify product: Probable glutaredoxin ssr2061 => putative glutaredoxin
[13:35:54] Modify product: Probable D,D-dipeptide transport system permease protein DdpC => putative D,D-dipeptide transport system permease protein DdpC
[13:35:54] Modify product: Probable adenylyl-sulfate kinase => putative adenylyl-sulfate kinase
[13:35:54] Modify product: Uncharacterized protein alr4550 => putative protein
[13:35:54] Modify product: Uncharacterized amino acid permease YhdG => putative amino acid permease YhdG
[13:35:54] Modify product: GTP cyclohydrolase 1 type 2 homolog => GTP cyclohydrolase 1 type 2 
[13:35:54] Modify product: Putative acetyltransferase SA2342 => Putative acetyltransferase
[13:35:54] Modify product: Protein aq_1857 => Protein
[13:35:54] Modify product: Epimerase family protein SA0724 => Epimerase family protein
[13:35:54] Modify product: Probable 30S ribosomal protein PSRP-3 => putative 30S ribosomal protein PSRP-3
[13:35:54] Modify product: Uncharacterized protein alr4550 => putative protein
[13:35:54] Modify product: Putative multidrug export ATP-binding/permease protein SAV1866 => Putative multidrug export ATP-binding/permease protein
[13:35:54] Modify product: Uncharacterized protein Rv1488 => putative protein
[13:35:54] Modify product: Probable murein peptide carboxypeptidase => putative murein peptide carboxypeptidase
[13:35:54] Modify product: Probable transcriptional regulatory protein aq_1575 => putative transcriptional regulatory protein
[13:35:54] Modify product: Probable cytochrome c oxidase subunit 3 => putative cytochrome c oxidase subunit 3
[13:35:54] Modify product: Rqc2 homolog RqcH => Rqc2 RqcH
[13:35:54] Modify product: Uncharacterized protein alr4550 => putative protein
[13:35:54] Modify product: Uncharacterized protein Rv2030c => putative protein
[13:35:54] Modify product: Putative phosphoribosyl transferase Rv0571c => Putative phosphoribosyl transferase
[13:35:54] Modify product: Putative phosphoribosyl transferase Rv0571c => Putative phosphoribosyl transferase
[13:35:54] Modify product: Probable polyglutamine synthesis accessory protein Rv0574c => putative polyglutamine synthesis accessory protein
[13:35:54] Modify product: UPF0182 protein MSMEG_1959/MSMEI_1915 => hypothetical protein
[13:35:54] Modify product: Probable adenylyltransferase/sulfurtransferase MoeZ => putative adenylyltransferase/sulfurtransferase MoeZ
[13:35:54] Modify product: Uncharacterized zinc protease Rv2782c => putative zinc protease
[13:35:54] Modify product: Uncharacterized zinc protease Rv2782c => putative zinc protease
[13:35:54] Modify product: Probable multidrug ABC transporter permease YbhS => putative multidrug ABC transporter permease YbhS
[13:35:54] Modify product: UPF0382 membrane protein YwdK => hypothetical protein
[13:35:54] Modify product: Uncharacterized signaling protein PA1727 => putative signaling protein
[13:35:54] Modify product: Uncharacterized protein alr4550 => putative protein
[13:35:54] Modify product: Probable cytochrome c oxidase subunit 3 => putative cytochrome c oxidase subunit 3
[13:35:54] Modify product: Probable cytochrome c oxidase subunit 1 => putative cytochrome c oxidase subunit 1
[13:35:54] Modify product: Transcriptional repressor SmtB homolog => Transcriptional repressor SmtB 
[13:35:55] Modify product: UPF0210 protein SP_0239 => hypothetical protein
[13:35:55] Modify product: UPF0234 protein MSMEG_1165/MSMEI_1134 => hypothetical protein
[13:35:55] Modify product: UPF0145 protein YbjQ => hypothetical protein
[13:35:55] Modify product: Probable ATP-dependent transporter SufC => putative ATP-dependent transporter SufC
[13:35:55] Modify product: Probable cysteine desulfurase => putative cysteine desulfurase
[13:35:55] Modify product: Uncharacterized oxidoreductase Rv2298 => putative oxidoreductase
[13:35:55] Modify product: Vitamin K epoxide reductase homolog => Vitamin K epoxide reductase 
[13:35:55] Modify product: Uncharacterized protein alr4550 => putative protein
[13:35:55] Modify product: UPF0056 inner membrane protein YhgN => hypothetical protein
[13:35:55] Modify product: Uncharacterized protein alr4550 => putative protein
[13:35:55] Modify product: Uncharacterized protein RP812 => putative protein RP812
[13:35:55] Modify product: Glycogen operon protein GlgX homolog => Glycogen operon protein GlgX 
[13:35:55] Modify product: Uncharacterized ABC transporter ATP-binding protein YknY => putative ABC transporter ATP-binding protein YknY
[13:35:55] Modify product: Putative anti-sigma factor antagonist TM_1442 => Putative anti-sigma factor antagonist
[13:35:55] Modify product: Protein aq_1857 => Protein
[13:35:55] Modify product: Uncharacterized ABC transporter ATP-binding protein YxlF => putative ABC transporter ATP-binding protein YxlF
[13:35:55] Modify product: Uncharacterized N-acetyltransferase YsnE => putative N-acetyltransferase YsnE
[13:35:55] Modify product: Putative cystathionine beta-synthase Rv1077 => Putative cystathionine beta-synthase
[13:35:55] Modify product: Probable multidrug resistance ABC transporter ATP-binding/permease protein YheI => putative multidrug resistance ABC transporter ATP-binding/permease protein YheI
[13:35:55] Modify product: Uncharacterized HTH-type transcriptional regulator Rv1556 => putative HTH-type transcriptional regulator
[13:35:55] Modify product: Probable metallo-hydrolase Rv2300c => putative metallo-hydrolase
[13:35:55] Modify product: Uncharacterized oxidoreductase SA2266 => putative oxidoreductase
[13:35:55] Modify product: N-glycosidase Npun_R5314 => N-glycosidase
[13:35:55] Modify product: Uncharacterized protein Rv2715 => putative protein
[13:35:55] Modify product: Probable cation-transporting ATPase F => putative cation-transporting ATPase F
[13:35:55] Modify product: 1,4-alpha-glucan branching enzyme TTHA1902 => 1,4-alpha-glucan branching enzyme
[13:35:55] Modify product: Uncharacterized PIN and TRAM-domain containing protein YacL => putative PIN and TRAM-domain containing protein YacL
[13:35:55] Modify product: Probable xanthine dehydrogenase subunit A => putative xanthine dehydrogenase subunit A
[13:35:55] Modify product: Probable molybdenum cofactor guanylyltransferase => putative molybdenum cofactor guanylyltransferase
[13:35:55] Modify product: Phosphate-specific transport system accessory protein PhoU homolog => Phosphate-specific transport system accessory protein PhoU 
[13:35:55] Modify product: Uncharacterized protein alr4550 => putative protein
[13:35:55] Modify product: Uncharacterized protein DR_1314 => putative protein
[13:35:55] Modify product: Uncharacterized protein DR_1314 => putative protein
[13:35:55] Modify product: Probable ferredoxin/ferredoxin--NADP reductase => putative ferredoxin/ferredoxin--NADP reductase
[13:35:55] Modify product: Probable nicotinate-nucleotide pyrophosphorylase [carboxylating] => putative nicotinate-nucleotide pyrophosphorylase [carboxylating]
[13:35:55] Modify product: Probable 2-phosphosulfolactate phosphatase => putative 2-phosphosulfolactate phosphatase
[13:35:55] Modify product: Uncharacterized protein HI_0933 => putative protein
[13:35:55] Modify product: Uncharacterized ABC transporter ATP-binding protein YknY => putative ABC transporter ATP-binding protein YknY
[13:35:55] Modify product: Uncharacterized FAD-linked oxidoreductase Rv2280 => putative FAD-linked oxidoreductase
[13:35:55] Modify product: Fluoroquinolones export ATP-binding protein Rv2688c => Fluoroquinolones export ATP-binding protein
[13:35:55] Modify product: Phosphorylated carbohydrates phosphatase TM_1254 => Phosphorylated carbohydrates phosphatase
[13:35:55] Modify product: Nitrilase blr3397 => Nitrilase
[13:35:55] Modify product: Putative universal stress protein SA1532 => Putative universal stress protein
[13:35:55] Modify product: Uncharacterized transporter Rv2685 => putative transporter
[13:35:55] Modify product: Uncharacterized protein Rv2004c => putative protein
[13:35:55] Modify product: Uncharacterized transporter Rv2685 => putative transporter
[13:35:55] Modify product: Uncharacterized oxidoreductase Rv2298 => putative oxidoreductase
[13:35:55] Modify product: Probable chaperone CsaA => putative chaperone CsaA
[13:35:55] Modify product: Probable D-xylose utilization operon transcriptional repressor => putative D-xylose utilization operon transcriptional repressor
[13:35:55] Modify product: Probable transporter SCO4007 => putative transporter
[13:35:55] Modify product: Putative multidrug export ATP-binding/permease protein SAV1866 => Putative multidrug export ATP-binding/permease protein
[13:35:55] Modify product: Probable serine/threonine-protein kinase PkwA => putative serine/threonine-protein kinase PkwA
[13:35:55] Modify product: Probable serine/threonine-protein kinase PkwA => putative serine/threonine-protein kinase PkwA
[13:35:55] Modify product: Probable cysteine desulfurase => putative cysteine desulfurase
[13:35:55] Modify product: HTH-type transcriptional regulator Rv2034 => HTH-type transcriptional regulator
[13:35:55] Modify product: Uncharacterized protein YyaP => putative protein YyaP
[13:35:55] Modify product: Uncharacterized protein YhaZ => putative protein YhaZ
[13:35:55] Modify product: Probable 3-hydroxybutyryl-CoA dehydrogenase => putative 3-hydroxybutyryl-CoA dehydrogenase
[13:35:55] Modify product: Probable siderophore-binding lipoprotein YfiY => putative siderophore-binding lipoprotein YfiY
[13:35:55] Modify product: Zinc-type alcohol dehydrogenase-like protein SA1988 => Zinc-type alcohol dehydrogenase-like protein
[13:35:55] Modify product: UPF0053 inner membrane protein YtfL => hypothetical protein
[13:35:55] Modify product: Uncharacterized protein alr4550 => putative protein
[13:35:55] Modify product: Uncharacterized oxidoreductase MSMEG_1603/MSMEI_1564 => putative oxidoreductase/MSMEI_1564
[13:35:55] Modify product: Probable cytosol aminopeptidase => putative cytosol aminopeptidase
[13:35:55] Modify product: Putative transport protein Rv0205 => Putative transport protein
[13:35:55] Modify product: Carbon dioxide-concentrating mechanism protein CcmK homolog 4 => Carbon dioxide-concentrating mechanism protein CcmK 
[13:35:55] Modify product: Probable iron export permease protein FetB => putative iron export permease protein FetB
[13:35:55] Modify product: Uncharacterized protein YqeN => putative protein YqeN
[13:35:55] Modify product: UPF0176 protein lpg2838 => hypothetical protein
[13:35:55] Modify product: Glycogen operon protein GlgX homolog => Glycogen operon protein GlgX 
[13:35:55] Modify product: Uncharacterized HTH-type transcriptional regulator YybR => putative HTH-type transcriptional regulator YybR
[13:35:55] Modify product: Uncharacterized protein Rv2030c => putative protein
[13:35:55] Modify product: Uncharacterized protein alr4550 => putative protein
[13:35:55] Modify product: Putative multidrug export ATP-binding/permease protein SAV1866 => Putative multidrug export ATP-binding/permease protein
[13:35:55] Modify product: Uncharacterized cysteine-rich protein YhjQ => putative cysteine-rich protein YhjQ
[13:35:55] Modify product: Uncharacterized protein Rv2030c => putative protein
[13:35:55] Modify product: Protease HtpX homolog => Protease HtpX 
[13:35:56] Modify product: Peptidoglycan-N-acetylglucosamine deacetylase BC_3618 => Peptidoglycan-N-acetylglucosamine deacetylase
[13:35:56] Modify product: Uncharacterized ABC transporter ATP-binding protein TM_0288 => putative ABC transporter ATP-binding protein
[13:35:56] Modify product: Putative transport protein Rv0205 => Putative transport protein
[13:35:56] Modify product: Uncharacterized methyltransferase Rv3342 => putative methyltransferase
[13:35:56] Modify product: Probable undecaprenyl-phosphate N-acetylglucosaminyl 1-phosphate transferase => putative undecaprenyl-phosphate N-acetylglucosaminyl 1-phosphate transferase
[13:35:56] Modify product: Thioredoxin-like protein slr0233 => Thioredoxin-like protein
[13:35:56] Modify product: Probable serine/threonine-protein kinase PkwA => putative serine/threonine-protein kinase PkwA
[13:35:56] Modify product: Uncharacterized amino acid permease YhdG => putative amino acid permease YhdG
[13:35:56] Modify product: Uncharacterized N-acetyltransferase YafP => putative N-acetyltransferase YafP
[13:35:56] Modify product: Probable diguanylate cyclase DgcE => putative diguanylate cyclase DgcE
[13:35:56] Modify product: Uncharacterized protein alr4550 => putative protein
[13:35:56] Modify product: Acetyltransferase PA3944 => Acetyltransferase
[13:35:56] Modify product: Uncharacterized ABC transporter ATP-binding protein TM_0288 => putative ABC transporter ATP-binding protein
[13:35:56] Modify product: Uncharacterized zinc protease Rv2782c => putative zinc protease
[13:35:56] Modify product: Probable ketoamine kinase HMPREF0351_12196 => putative ketoamine kinase
[13:35:56] Modify product: Uncharacterized ABC transporter ATP-binding protein YbiT => putative ABC transporter ATP-binding protein YbiT
[13:35:56] Modify product: Transcriptional repressor SmtB homolog => Transcriptional repressor SmtB 
[13:35:56] Modify product: Uncharacterized protein Rv0502 => putative protein
[13:35:56] Modify product: Probable amino-acid metabolite efflux pump => putative amino-acid metabolite efflux pump
[13:35:56] Modify product: Uncharacterized HTH-type transcriptional regulator Rv0196 => putative HTH-type transcriptional regulator
[13:35:56] Modify product: Uncharacterized protein HI_1349 => putative protein
[13:35:56] Modify product: Uncharacterized oxidoreductase YdgJ => putative oxidoreductase YdgJ
[13:35:56] Modify product: Probable serine/threonine-protein kinase PkwA => putative serine/threonine-protein kinase PkwA
[13:35:56] Modify product: Uncharacterized protein Rv0628c => putative protein
[13:35:56] Modify product: Uncharacterized protein YciO => putative protein YciO
[13:35:56] Modify product: Uncharacterized cysteine-rich protein YhjQ => putative cysteine-rich protein YhjQ
[13:35:56] Modify product: Probable sulfate transporter Rv1739c => putative sulfate transporter
[13:35:56] Modify product: Probable cation-transporting ATPase F => putative cation-transporting ATPase F
[13:35:56] Modify product: Uncharacterized protein DR_1314 => putative protein
[13:35:56] Modify product: UPF0098 protein CT_736 => hypothetical protein
[13:35:56] Modify product: Probable protein kinase UbiB => putative protein kinase UbiB
[13:35:56] Modify product: Uncharacterized HTH-type transcriptional regulator Rv1556 => putative HTH-type transcriptional regulator
[13:35:56] Modify product: Probable serine/threonine-protein kinase PkwA => putative serine/threonine-protein kinase PkwA
[13:35:56] Modify product: Acetyltransferase PA3944 => Acetyltransferase
[13:35:56] Modify product: Phage shock protein A homolog => Phage shock protein A 
[13:35:56] Modify product: Phage shock protein A homolog => Phage shock protein A 
[13:35:56] Modify product: Probable multidrug ABC transporter permease YbhR => putative multidrug ABC transporter permease YbhR
[13:35:56] Modify product: Probable dolichyl-phosphate-mannose--protein mannosyltransferase => putative dolichyl-phosphate-mannose--protein mannosyltransferase
[13:35:56] Modify product: Uncharacterized protein Rv1829 => putative protein
[13:35:56] Modify product: Probable iron export permease protein FetB => putative iron export permease protein FetB
[13:35:56] Modify product: Probable iron export ATP-binding protein FetA => putative iron export ATP-binding protein FetA
[13:35:56] Modify product: Probable siderophore transport system ATP-binding protein YusV => putative siderophore transport system ATP-binding protein YusV
[13:35:56] Modify product: Putative multidrug export ATP-binding/permease protein SAV1866 => Putative multidrug export ATP-binding/permease protein
[13:35:56] Modify product: Uncharacterized protein alr4550 => putative protein
[13:35:56] Modify product: Probable multidrug ABC transporter permease YbhR => putative multidrug ABC transporter permease YbhR
[13:35:56] Modify product: Probable multidrug ABC transporter permease YbhS => putative multidrug ABC transporter permease YbhS
[13:35:56] Modify product: Probable multidrug ABC transporter ATP-binding protein YbhF => putative multidrug ABC transporter ATP-binding protein YbhF
[13:35:56] Modify product: UPF0053 inner membrane protein YtfL => hypothetical protein
[13:35:56] Modify product: Probable zinc-binding alcohol dehydrogenase Rv1895 => putative zinc-binding alcohol dehydrogenase
[13:35:56] Modify product: Probable zinc-binding alcohol dehydrogenase Rv1895 => putative zinc-binding alcohol dehydrogenase
[13:35:56] Modify product: Probable zinc-binding alcohol dehydrogenase Rv1895 => putative zinc-binding alcohol dehydrogenase
[13:35:56] Modify product: UPF0761 membrane protein YihY => hypothetical protein
[13:35:56] Modify product: Probable copper-transporting ATPase PacS => putative copper-transporting ATPase PacS
[13:35:56] Modify product: Probable riboflavin import permease protein RfuD => putative riboflavin import permease protein RfuD
[13:35:56] Modify product: Probable siderophore transport system permease protein YfiZ => putative siderophore transport system permease protein YfiZ
[13:35:56] Modify product: Probable siderophore transport system permease protein YfhA => putative siderophore transport system permease protein YfhA
[13:35:56] Modify product: Probable beta-lactamase YbxI => putative beta-lactamase YbxI
[13:35:56] Modify product: Probable ABC transporter phosphite binding protein PhnD1 => putative ABC transporter phosphite binding protein PhnD1
[13:35:56] Modify product: Probable manganese catalase => putative manganese catalase
[13:35:56] Modify product: Probable ABC transporter-binding protein DR_1438 => putative ABC transporter-binding protein
[13:35:56] Modify product: Uncharacterized protein alr4550 => putative protein
[13:35:56] Modify product: Probable sulfate transporter Rv1739c => putative sulfate transporter
[13:35:56] Modify product: Probable protein kinase UbiB => putative protein kinase UbiB
[13:35:56] Modify product: Sulfurtransferase Alvin_2599 => Sulfurtransferase
[13:35:56] Modify product: Probable FMNH2-dependent monooxygenase SfnC => putative FMNH2-dependent monooxygenase SfnC
[13:35:56] Modify product: Uncharacterized protein Rv1290c => putative protein
[13:35:56] Modify product: Uncharacterized protein alr4550 => putative protein
[13:35:56] Modify product: Probable phosphite transport system-binding protein PtxB => putative phosphite transport system-binding protein PtxB
[13:35:56] Modify product: Probable phosphite transport system-binding protein PtxB => putative phosphite transport system-binding protein PtxB
[13:35:56] Modify product: Probable phosphite transport system-binding protein PtxB => putative phosphite transport system-binding protein PtxB
[13:35:56] Modify product: UPF0761 membrane protein YihY => hypothetical protein
[13:35:56] Modify product: Probable 3-hydroxyacyl-CoA dehydrogenase => putative 3-hydroxyacyl-CoA dehydrogenase
[13:35:56] Modify product: Uncharacterized inner membrane transporter YhbE => putative inner membrane transporter YhbE
[13:35:56] Modify product: Uncharacterized protein alr4550 => putative protein
[13:35:56] Modify product: Uncharacterized protein Rv2715 => putative protein
[13:35:56] Modify product: Probable ABC transporter-binding protein DR_1571 => putative ABC transporter-binding protein
[13:35:56] Modify product: Uncharacterized membrane protein Rv2637 => putative membrane protein
[13:35:56] Modify product: Putative outer membrane protein NMB0088 => Putative outer membrane protein
[13:35:56] Modify product: Probable manganese catalase => putative manganese catalase
[13:35:57] Modify product: Putative permease Rv2963 => Putative permease
[13:35:57] Modify product: Uncharacterized protein DR_1314 => putative protein
[13:35:57] Modify product: Uncharacterized protein Rv1290c => putative protein
[13:35:57] Modify product: Probable metabolite transport protein CsbC => putative metabolite transport protein CsbC
[13:35:57] Modify product: Putative universal stress protein SA1532 => Putative universal stress protein
[13:35:57] Modify product: UPF0754 membrane protein SA1664 => hypothetical protein
[13:35:57] Modify product: Uncharacterized ABC transporter ATP-binding protein TM_0288 => putative ABC transporter ATP-binding protein
[13:35:57] Modify product: Uncharacterized protein DR_1314 => putative protein
[13:35:57] Cleaned 232 /product names
[13:35:57] Deleting unwanted file: prokka_out/F_pepsitadii.sprot.tmp.126.faa
[13:35:57] Deleting unwanted file: prokka_out/F_pepsitadii.sprot.tmp.126.blast
[13:35:59] There are still 4922 unannotated CDS left (started with 7045)
[13:35:59] Will use hmmer3 to search against /root/anaconda3/envs/ulana/db/hmm/HAMAP.hmm with 12 CPUs
[13:35:59] Running: cat prokka_out\/F_pepsitadii\.HAMAP\.hmm\.tmp\.126\.faa | parallel --gnu --plain -j 12 --block 59420 --recstart '>' --pipe hmmscan --noali --notextw --acc -E 1e-09 --cpu 1 /root/anaconda3/envs/ulana/db/hmm/HAMAP.hmm /dev/stdin > prokka_out\/F_pepsitadii\.HAMAP\.hmm\.tmp\.126\.hmmer3 2> /dev/null
[13:36:31] Modify product: Bifunctional protein FolD => Bifunctional protein FolD protein
[13:36:32] Cleaned 1 /product names
[13:36:32] Deleting unwanted file: prokka_out/F_pepsitadii.HAMAP.hmm.tmp.126.faa
[13:36:32] Deleting unwanted file: prokka_out/F_pepsitadii.HAMAP.hmm.tmp.126.hmmer3
[13:36:32] Labelling remaining 4189 proteins as 'hypothetical protein'
[13:36:32] Possible /pseudo 'Glutathione amide reductase' at KI912148.1 position 383723
[13:36:32] Possible /pseudo 'Regulator of RpoS' at KI912148.1 position 900897
[13:36:32] Possible /pseudo 'Protein-glutamate methylesterase/protein-glutamine glutaminase' at KI912148.1 position 1093781
[13:36:32] Possible /pseudo 'Acyl-homoserine lactone acylase QuiP' at KI912148.1 position 1189283
[13:36:32] Possible /pseudo 'putative zinc protease' at KI912148.1 position 1194714
[13:36:32] Possible /pseudo 'Serine/threonine-protein kinase PknD' at KI912148.1 position 1672378
[13:36:32] Possible /pseudo 'Putative diflavin flavoprotein A 3' at KI912148.1 position 1700784
[13:36:32] Possible /pseudo 'Putative diflavin flavoprotein A 5' at KI912148.1 position 1706018
[13:36:32] Possible /pseudo 'putative protein' at KI912148.1 position 1708677
[13:36:32] Possible /pseudo 'Orange carotenoid-binding protein' at KI912148.1 position 1895667
[13:36:32] Possible /pseudo 'IS5 family transposase ISAva5' at KI912148.1 position 2072596
[13:36:32] Possible /pseudo 'DNA-directed RNA polymerase subunit beta'' at KI912148.1 position 2383745
[13:36:32] Possible /pseudo 'UDP-N-acetylglucosamine--N-acetylmuramyl-(pentapeptide) pyrophosphoryl-undecaprenol N-acetylglucosamine transferase' at KI912148.1 position 2464802
[13:36:32] Possible /pseudo 'Tol-Pal system protein TolB' at KI912148.1 position 2523779
[13:36:32] Possible /pseudo 'Sensor histidine kinase RcsC' at KI912148.1 position 2716120
[13:36:32] Possible /pseudo 'Processive diacylglycerol beta-glucosyltransferase' at KI912148.1 position 2792413
[13:36:32] Possible /pseudo 'Carbon dioxide-concentrating mechanism protein CcmK ' at ALVT01000034.1 position 49897
[13:36:32] Possible /pseudo 'Hopanoid C-2 methylase' at ALVT01000034.1 position 115677
[13:36:32] Possible /pseudo 'D-inositol-3-phosphate glycosyltransferase' at KI912149.1 position 125075
[13:36:32] Possible /pseudo 'D-inositol-3-phosphate glycosyltransferase' at KI912149.1 position 128721
[13:36:32] Possible /pseudo 'D-inositol-3-phosphate glycosyltransferase' at KI912149.1 position 129893
[13:36:32] Possible /pseudo 'ATP-dependent Clp protease proteolytic subunit' at KI912149.1 position 165357
[13:36:32] Possible /pseudo 'Putative protein-methionine-sulfoxide reductase subunit YedZ1' at KI912149.1 position 615970
[13:36:32] Possible /pseudo 'Calcium-transporting ATPase' at KI912149.1 position 756025
[13:36:32] Possible /pseudo 'Sensor histidine kinase RcsC' at KI912149.1 position 770008
[13:36:32] Possible /pseudo 'D-inositol-3-phosphate glycosyltransferase' at KI912149.1 position 823677
[13:36:32] Possible /pseudo 'D-inositol-3-phosphate glycosyltransferase' at KI912149.1 position 824991
[13:36:32] Possible /pseudo 'Cell division coordinator CpoB' at KI912149.1 position 1009093
[13:36:32] Possible /pseudo 'Demethylphylloquinone reductase NdbB' at KI912149.1 position 1113193
[13:36:32] Possible /pseudo 'Phage shock protein A ' at KI912149.1 position 1216977
[13:36:32] Possible /pseudo 'D-inositol-3-phosphate glycosyltransferase' at KI912149.1 position 1404166
[13:36:32] Possible /pseudo 'D-inositol-3-phosphate glycosyltransferase' at KI912149.1 position 1435683
[13:36:32] Possible /pseudo 'Adaptive-response sensory-kinase SasA' at KI912149.1 position 1454776
[13:36:32] Possible /pseudo 'Serine/threonine-protein kinase PknD' at KI912149.1 position 1506346
[13:36:32] Possible /pseudo 'IS1634 family transposase ISAva4' at KI912149.1 position 1528165
[13:36:32] Possible /pseudo 'Putative cytochrome P450 135B1' at KI912149.1 position 1570161
[13:36:32] Possible /pseudo 'Serine/threonine-protein kinase PknD' at KI912149.1 position 1699132
[13:36:32] Possible /pseudo 'Sensor histidine kinase RcsC' at KI912150.1 position 8706
[13:36:32] Possible /pseudo 'putative phosphite transport system-binding protein PtxB' at KI912150.1 position 154716
[13:36:32] Possible /pseudo 'putative phosphite transport system-binding protein PtxB' at KI912150.1 position 155623
[13:36:32] Possible /pseudo 'Tn3 family transposase ISNpu13' at KI912150.1 position 339312
[13:36:32] Possible /pseudo 'Sensor histidine kinase RcsC' at KI912151.1 position 47761
[13:36:32] Possible /pseudo 'putative zinc-binding alcohol dehydrogenase' at KI912151.1 position 109899
[13:36:32] Possible /pseudo 'Sensor histidine kinase RcsC' at KI912151.1 position 178120
[13:36:32] Possible /pseudo 'D-inositol-3-phosphate glycosyltransferase' at KI912151.1 position 411065
[13:36:32] Possible /pseudo 'Sensor histidine kinase RcsC' at KI912151.1 position 999766
[13:36:32] Possible /pseudo 'Aspartate 1-decarboxylase' at KI912151.1 position 1116305
[13:36:32] Possible /pseudo 'putative serine/threonine-protein kinase PkwA' at KI912152.1 position 207470
[13:36:32] Possible /pseudo 'IS110 family transposase ISWpi13' at KI912152.1 position 283731
[13:36:32] Possible /pseudo 'Replicative DNA helicase' at KI912152.1 position 334029
[13:36:32] Possible /pseudo 'F420-dependent glucose-6-phosphate dehydrogenase' at KI912153.1 position 99256
[13:36:32] Possible /pseudo 'Sensor histidine kinase RcsC' at KI912154.1 position 80788
[13:36:32] Possible /pseudo 'Phycobilisome rod-core linker polypeptide CpcG4' at KI912154.1 position 261794
[13:36:32] Possible /pseudo 'Photosystem I reaction center subunit PsaK' at KI912154.1 position 295744
[13:36:32] Found 1527 unique /gene codes.
[13:36:32] Fixed 2 duplicate /gene - ndhH_1 ndhH_2
[13:36:32] Fixed 2 duplicate /gene - thlA_1 thlA_2
[13:36:32] Fixed 3 duplicate /gene - desV_1 desV_2 desV_3
[13:36:32] Fixed 2 duplicate /gene - quiP_1 quiP_2
[13:36:32] Fixed 2 duplicate /gene - def_1 def_2
[13:36:32] Fixed 3 duplicate /gene - pstS_1 pstS_2 pstS_3
[13:36:32] Fixed 2 duplicate /gene - lptB_1 lptB_2
[13:36:32] Fixed 2 duplicate /gene - bepE_1 bepE_2
[13:36:32] Fixed 11 duplicate /gene - phoP_1 phoP_2 phoP_3 phoP_4 phoP_5 phoP_6 phoP_7 phoP_8 phoP_9 phoP_10 phoP_11
[13:36:32] Fixed 2 duplicate /gene - thrS_1 thrS_2
[13:36:32] Fixed 2 duplicate /gene - oleB_1 oleB_2
[13:36:32] Fixed 2 duplicate /gene - yknY_1 yknY_2
[13:36:32] Fixed 2 duplicate /gene - nifD_1 nifD_2
[13:36:32] Fixed 6 duplicate /gene - hlyD_1 hlyD_2 hlyD_3 hlyD_4 hlyD_5 hlyD_6
[13:36:32] Fixed 6 duplicate /gene - yfcG_1 yfcG_2 yfcG_3 yfcG_4 yfcG_5 yfcG_6
[13:36:32] Fixed 2 duplicate /gene - dhaL_1 dhaL_2
[13:36:32] Fixed 2 duplicate /gene - nuoL_1 nuoL_2
[13:36:32] Fixed 3 duplicate /gene - spkB_1 spkB_2 spkB_3
[13:36:32] Fixed 2 duplicate /gene - garB_1 garB_2
[13:36:32] Fixed 2 duplicate /gene - ybhR_1 ybhR_2
[13:36:32] Fixed 5 duplicate /gene - moaA_1 moaA_2 moaA_3 moaA_4 moaA_5
[13:36:32] Fixed 2 duplicate /gene - petB_1 petB_2
[13:36:32] Fixed 2 duplicate /gene - nhaP2_1 nhaP2_2
[13:36:32] Fixed 2 duplicate /gene - msrQ_1 msrQ_2
[13:36:32] Fixed 2 duplicate /gene - dapF_1 dapF_2
[13:36:32] Fixed 6 duplicate /gene - macB_1 macB_2 macB_3 macB_4 macB_5 macB_6
[13:36:32] Fixed 6 duplicate /gene - pkwA_1 pkwA_2 pkwA_3 pkwA_4 pkwA_5 pkwA_6
[13:36:32] Fixed 2 duplicate /gene - fabL_1 fabL_2
[13:36:32] Fixed 2 duplicate /gene - cysA_1 cysA_2
[13:36:32] Fixed 2 duplicate /gene - rnd_1 rnd_2
[13:36:32] Fixed 2 duplicate /gene - slmA_1 slmA_2
[13:36:32] Fixed 2 duplicate /gene - cysK1_1 cysK1_2
[13:36:32] Fixed 2 duplicate /gene - arsH_1 arsH_2
[13:36:32] Fixed 4 duplicate /gene - era_1 era_2 era_3 era_4
[13:36:32] Fixed 4 duplicate /gene - lagD_1 lagD_2 lagD_3 lagD_4
[13:36:32] Fixed 5 duplicate /gene - ubiB_1 ubiB_2 ubiB_3 ubiB_4 ubiB_5
[13:36:32] Fixed 3 duplicate /gene - fusA_1 fusA_2 fusA_3
[13:36:32] Fixed 2 duplicate /gene - nemA_1 nemA_2
[13:36:32] Fixed 2 duplicate /gene - cas2_1 cas2_2
[13:36:32] Fixed 2 duplicate /gene - ftsW_1 ftsW_2
[13:36:32] Fixed 2 duplicate /gene - ecfA2_1 ecfA2_2
[13:36:32] Fixed 3 duplicate /gene - dnaK2_1 dnaK2_2 dnaK2_3
[13:36:32] Fixed 2 duplicate /gene - murJ_1 murJ_2
[13:36:32] Fixed 2 duplicate /gene - cphB_1 cphB_2
[13:36:32] Fixed 3 duplicate /gene - lacF_1 lacF_2 lacF_3
[13:36:32] Fixed 5 duplicate /gene - hspA_1 hspA_2 hspA_3 hspA_4 hspA_5
[13:36:32] Fixed 2 duplicate /gene - cbpA_1 cbpA_2
[13:36:32] Fixed 4 duplicate /gene - psbA3_1 psbA3_2 psbA3_3 psbA3_4
[13:36:32] Fixed 6 duplicate /gene - kefB_1 kefB_2 kefB_3 kefB_4 kefB_5 kefB_6
[13:36:32] Fixed 3 duplicate /gene - cefD_1 cefD_2 cefD_3
[13:36:32] Fixed 3 duplicate /gene - ppsA_1 ppsA_2 ppsA_3
[13:36:32] Fixed 2 duplicate /gene - kdpC_1 kdpC_2
[13:36:32] Fixed 6 duplicate /gene - lgrD_1 lgrD_2 lgrD_3 lgrD_4 lgrD_5 lgrD_6
[13:36:32] Fixed 3 duplicate /gene - trpB_1 trpB_2 trpB_3
[13:36:32] Fixed 2 duplicate /gene - atpG_1 atpG_2
[13:36:32] Fixed 2 duplicate /gene - prs_1 prs_2
[13:36:32] Fixed 2 duplicate /gene - sppA_1 sppA_2
[13:36:32] Fixed 2 duplicate /gene - yhjQ_1 yhjQ_2
[13:36:32] Fixed 2 duplicate /gene - menA_1 menA_2
[13:36:32] Fixed 3 duplicate /gene - lnrL_1 lnrL_2 lnrL_3
[13:36:32] Fixed 2 duplicate /gene - mscS_1 mscS_2
[13:36:32] Fixed 6 duplicate /gene - rhaS_1 rhaS_2 rhaS_3 rhaS_4 rhaS_5 rhaS_6
[13:36:32] Fixed 7 duplicate /gene - xerD_1 xerD_2 xerD_3 xerD_4 xerD_5 xerD_6 xerD_7
[13:36:32] Fixed 17 duplicate /gene - xerC_1 xerC_2 xerC_3 xerC_4 xerC_5 xerC_6 xerC_7 xerC_8 xerC_9 xerC_10 xerC_11 xerC_12 xerC_13 xerC_14 xerC_15 xerC_16 xerC_17
[13:36:32] Fixed 3 duplicate /gene - psaK_1 psaK_2 psaK_3
[13:36:32] Fixed 2 duplicate /gene - bmrU_1 bmrU_2
[13:36:32] Fixed 3 duplicate /gene - alkJ_1 alkJ_2 alkJ_3
[13:36:32] Fixed 2 duplicate /gene - gltI_1 gltI_2
[13:36:32] Fixed 2 duplicate /gene - tuaD_1 tuaD_2
[13:36:32] Fixed 2 duplicate /gene - fbiC_1 fbiC_2
[13:36:32] Fixed 2 duplicate /gene - ilvE_1 ilvE_2
[13:36:32] Fixed 2 duplicate /gene - ppk_1 ppk_2
[13:36:32] Fixed 2 duplicate /gene - xpkA_1 xpkA_2
[13:36:32] Fixed 7 duplicate /gene - cheB_1 cheB_2 cheB_3 cheB_4 cheB_5 cheB_6 cheB_7
[13:36:32] Fixed 2 duplicate /gene - upp_1 upp_2
[13:36:32] Fixed 3 duplicate /gene - betI_1 betI_2 betI_3
[13:36:32] Fixed 2 duplicate /gene - rpsA_1 rpsA_2
[13:36:32] Fixed 3 duplicate /gene - dapL_1 dapL_2 dapL_3
[13:36:32] Fixed 2 duplicate /gene - mshD_1 mshD_2
[13:36:32] Fixed 2 duplicate /gene - rimJ_1 rimJ_2
[13:36:32] Fixed 2 duplicate /gene - apcA_1 apcA_2
[13:36:32] Fixed 2 duplicate /gene - clpC_1 clpC_2
[13:36:32] Fixed 3 duplicate /gene - psbD1_1 psbD1_2 psbD1_3
[13:36:32] Fixed 2 duplicate /gene - fabF_1 fabF_2
[13:36:32] Fixed 2 duplicate /gene - mazF9_1 mazF9_2
[13:36:32] Fixed 18 duplicate /gene - rssB_1 rssB_2 rssB_3 rssB_4 rssB_5 rssB_6 rssB_7 rssB_8 rssB_9 rssB_10 rssB_11 rssB_12 rssB_13 rssB_14 rssB_15 rssB_16 rssB_17 rssB_18
[13:36:32] Fixed 3 duplicate /gene - lon2_1 lon2_2 lon2_3
[13:36:32] Fixed 2 duplicate /gene - gsiA_1 gsiA_2
[13:36:32] Fixed 2 duplicate /gene - recQ_1 recQ_2
[13:36:32] Fixed 38 duplicate /gene - pknD_1 pknD_2 pknD_3 pknD_4 pknD_5 pknD_6 pknD_7 pknD_8 pknD_9 pknD_10 pknD_11 pknD_12 pknD_13 pknD_14 pknD_15 pknD_16 pknD_17 pknD_18 pknD_19 pknD_20 pknD_21 pknD_22 pknD_23 pknD_24 pknD_25 pknD_26 pknD_27 pknD_28 pknD_29 pknD_30 pknD_31 pknD_32 pknD_33 pknD_34 pknD_35 pknD_36 pknD_37 pknD_38
[13:36:32] Fixed 2 duplicate /gene - norV_1 norV_2
[13:36:32] Fixed 2 duplicate /gene - lpxB_1 lpxB_2
[13:36:32] Fixed 2 duplicate /gene - acpP_1 acpP_2
[13:36:32] Fixed 2 duplicate /gene - hxlR_1 hxlR_2
[13:36:32] Fixed 4 duplicate /gene - htpX_1 htpX_2 htpX_3 htpX_4
[13:36:32] Fixed 2 duplicate /gene - cysW_1 cysW_2
[13:36:32] Fixed 2 duplicate /gene - glf_1 glf_2
[13:36:32] Fixed 2 duplicate /gene - nrtB_1 nrtB_2
[13:36:32] Fixed 2 duplicate /gene - znuB_1 znuB_2
[13:36:32] Fixed 2 duplicate /gene - nudF_1 nudF_2
[13:36:32] Fixed 2 duplicate /gene - yajO_1 yajO_2
[13:36:32] Fixed 2 duplicate /gene - ecfT_1 ecfT_2
[13:36:32] Fixed 6 duplicate /gene - vapC_1 vapC_2 vapC_3 vapC_4 vapC_5 vapC_6
[13:36:32] Fixed 9 duplicate /gene - arnC_1 arnC_2 arnC_3 arnC_4 arnC_5 arnC_6 arnC_7 arnC_8 arnC_9
[13:36:32] Fixed 2 duplicate /gene - kdpA_1 kdpA_2
[13:36:32] Fixed 2 duplicate /gene - fosB_1 fosB_2
[13:36:32] Fixed 2 duplicate /gene - hpf_1 hpf_2
[13:36:32] Fixed 2 duplicate /gene - epsD_1 epsD_2
[13:36:32] Fixed 3 duplicate /gene - bacC_1 bacC_2 bacC_3
[13:36:32] Fixed 2 duplicate /gene - fetB_1 fetB_2
[13:36:32] Fixed 2 duplicate /gene - glgX_1 glgX_2
[13:36:32] Fixed 2 duplicate /gene - mgtA_1 mgtA_2
[13:36:32] Fixed 2 duplicate /gene - ompA_1 ompA_2
[13:36:32] Fixed 2 duplicate /gene - ilvB_1 ilvB_2
[13:36:32] Fixed 2 duplicate /gene - ykfA_1 ykfA_2
[13:36:32] Fixed 2 duplicate /gene - ribD_1 ribD_2
[13:36:32] Fixed 2 duplicate /gene - infC_1 infC_2
[13:36:32] Fixed 2 duplicate /gene - surA_1 surA_2
[13:36:32] Fixed 2 duplicate /gene - aqpZ_1 aqpZ_2
[13:36:32] Fixed 2 duplicate /gene - tldD_1 tldD_2
[13:36:32] Fixed 2 duplicate /gene - tagU_1 tagU_2
[13:36:32] Fixed 3 duplicate /gene - bcp_1 bcp_2 bcp_3
[13:36:32] Fixed 2 duplicate /gene - pbsA1_1 pbsA1_2
[13:36:32] Fixed 5 duplicate /gene - clpP_1 clpP_2 clpP_3 clpP_4 clpP_5
[13:36:32] Fixed 2 duplicate /gene - leuA_1 leuA_2
[13:36:32] Fixed 3 duplicate /gene - nfuA_1 nfuA_2 nfuA_3
[13:36:32] Fixed 2 duplicate /gene - queA_1 queA_2
[13:36:32] Fixed 2 duplicate /gene - mobA_1 mobA_2
[13:36:32] Fixed 2 duplicate /gene - pilT_1 pilT_2
[13:36:32] Fixed 2 duplicate /gene - trpF_1 trpF_2
[13:36:32] Fixed 2 duplicate /gene - ydbD_1 ydbD_2
[13:36:32] Fixed 2 duplicate /gene - nadD_1 nadD_2
[13:36:32] Fixed 4 duplicate /gene - bamA_1 bamA_2 bamA_3 bamA_4
[13:36:32] Fixed 3 duplicate /gene - yqjG_1 yqjG_2 yqjG_3
[13:36:32] Fixed 2 duplicate /gene - livF_1 livF_2
[13:36:32] Fixed 2 duplicate /gene - phaB_1 phaB_2
[13:36:32] Fixed 2 duplicate /gene - trpD2_1 trpD2_2
[13:36:32] Fixed 2 duplicate /gene - carC_1 carC_2
[13:36:32] Fixed 2 duplicate /gene - comB_1 comB_2
[13:36:32] Fixed 2 duplicate /gene - ziaR_1 ziaR_2
[13:36:32] Fixed 2 duplicate /gene - hemB_1 hemB_2
[13:36:32] Fixed 2 duplicate /gene - pntA_1 pntA_2
[13:36:32] Fixed 4 duplicate /gene - rhaR_1 rhaR_2 rhaR_3 rhaR_4
[13:36:32] Fixed 28 duplicate /gene - btuD_1 btuD_2 btuD_3 btuD_4 btuD_5 btuD_6 btuD_7 btuD_8 btuD_9 btuD_10 btuD_11 btuD_12 btuD_13 btuD_14 btuD_15 btuD_16 btuD_17 btuD_18 btuD_19 btuD_20 btuD_21 btuD_22 btuD_23 btuD_24 btuD_25 btuD_26 btuD_27 btuD_28
[13:36:32] Fixed 2 duplicate /gene - priA_1 priA_2
[13:36:32] Fixed 2 duplicate /gene - psaF_1 psaF_2
[13:36:32] Fixed 2 duplicate /gene - thrB_1 thrB_2
[13:36:32] Fixed 3 duplicate /gene - merA_1 merA_2 merA_3
[13:36:32] Fixed 2 duplicate /gene - bioF_1 bioF_2
[13:36:32] Fixed 2 duplicate /gene - cpcG4_1 cpcG4_2
[13:36:32] Fixed 2 duplicate /gene - petJ_1 petJ_2
[13:36:32] Fixed 3 duplicate /gene - tadA_1 tadA_2 tadA_3
[13:36:32] Fixed 2 duplicate /gene - ctpF_1 ctpF_2
[13:36:32] Fixed 2 duplicate /gene - mfppA_1 mfppA_2
[13:36:32] Fixed 3 duplicate /gene - cas1_1 cas1_2 cas1_3
[13:36:32] Fixed 2 duplicate /gene - psaL_1 psaL_2
[13:36:32] Fixed 2 duplicate /gene - csd_1 csd_2
[13:36:32] Fixed 2 duplicate /gene - proA_1 proA_2
[13:36:32] Fixed 3 duplicate /gene - aroF_1 aroF_2 aroF_3
[13:36:32] Fixed 5 duplicate /gene - degU_1 degU_2 degU_3 degU_4 degU_5
[13:36:32] Fixed 2 duplicate /gene - azoB_1 azoB_2
[13:36:32] Fixed 3 duplicate /gene - rpsU1_1 rpsU1_2 rpsU1_3
[13:36:32] Fixed 2 duplicate /gene - dxs_1 dxs_2
[13:36:32] Fixed 3 duplicate /gene - susA_1 susA_2 susA_3
[13:36:32] Fixed 3 duplicate /gene - mntB_1 mntB_2 mntB_3
[13:36:32] Fixed 2 duplicate /gene - der_1 der_2
[13:36:32] Fixed 3 duplicate /gene - tolQ_1 tolQ_2 tolQ_3
[13:36:32] Fixed 3 duplicate /gene - msmX_1 msmX_2 msmX_3
[13:36:32] Fixed 5 duplicate /gene - apcD_1 apcD_2 apcD_3 apcD_4 apcD_5
[13:36:32] Fixed 38 duplicate /gene - mshA_1 mshA_2 mshA_3 mshA_4 mshA_5 mshA_6 mshA_7 mshA_8 mshA_9 mshA_10 mshA_11 mshA_12 mshA_13 mshA_14 mshA_15 mshA_16 mshA_17 mshA_18 mshA_19 mshA_20 mshA_21 mshA_22 mshA_23 mshA_24 mshA_25 mshA_26 mshA_27 mshA_28 mshA_29 mshA_30 mshA_31 mshA_32 mshA_33 mshA_34 mshA_35 mshA_36 mshA_37 mshA_38
[13:36:32] Fixed 2 duplicate /gene - gcvT_1 gcvT_2
[13:36:32] Fixed 2 duplicate /gene - wcaJ_1 wcaJ_2
[13:36:32] Fixed 2 duplicate /gene - ald_1 ald_2
[13:36:32] Fixed 2 duplicate /gene - corA_1 corA_2
[13:36:32] Fixed 4 duplicate /gene - ugtP_1 ugtP_2 ugtP_3 ugtP_4
[13:36:32] Fixed 2 duplicate /gene - scmP_1 scmP_2
[13:36:32] Fixed 4 duplicate /gene - yhhT_1 yhhT_2 yhhT_3 yhhT_4
[13:36:32] Fixed 2 duplicate /gene - lnrK_1 lnrK_2
[13:36:32] Fixed 16 duplicate /gene - ycf3_1 ycf3_2 ycf3_3 ycf3_4 ycf3_5 ycf3_6 ycf3_7 ycf3_8 ycf3_9 ycf3_10 ycf3_11 ycf3_12 ycf3_13 ycf3_14 ycf3_15 ycf3_16
[13:36:32] Fixed 3 duplicate /gene - psbA1_1 psbA1_2 psbA1_3
[13:36:32] Fixed 2 duplicate /gene - psbB_1 psbB_2
[13:36:32] Fixed 2 duplicate /gene - gltS_1 gltS_2
[13:36:32] Fixed 3 duplicate /gene - ctaE_1 ctaE_2 ctaE_3
[13:36:32] Fixed 2 duplicate /gene - fmt_1 fmt_2
[13:36:32] Fixed 2 duplicate /gene - clpB1_1 clpB1_2
[13:36:32] Fixed 2 duplicate /gene - pdxH_1 pdxH_2
[13:36:32] Fixed 2 duplicate /gene - cobD_1 cobD_2
[13:36:32] Fixed 5 duplicate /gene - egtB_1 egtB_2 egtB_3 egtB_4 egtB_5
[13:36:32] Fixed 3 duplicate /gene - czcR_1 czcR_2 czcR_3
[13:36:32] Fixed 2 duplicate /gene - ybhS_1 ybhS_2
[13:36:32] Fixed 3 duplicate /gene - yciC_1 yciC_2 yciC_3
[13:36:32] Fixed 2 duplicate /gene - rnc_1 rnc_2
[13:36:32] Fixed 2 duplicate /gene - groL1_1 groL1_2
[13:36:32] Fixed 4 duplicate /gene - murG_1 murG_2 murG_3 murG_4
[13:36:32] Fixed 2 duplicate /gene - petF_1 petF_2
[13:36:32] Fixed 2 duplicate /gene - zur_1 zur_2
[13:36:32] Fixed 6 duplicate /gene - pipB2_1 pipB2_2 pipB2_3 pipB2_4 pipB2_5 pipB2_6
[13:36:32] Fixed 4 duplicate /gene - fabG_1 fabG_2 fabG_3 fabG_4
[13:36:32] Fixed 4 duplicate /gene - ftsH_1 ftsH_2 ftsH_3 ftsH_4
[13:36:32] Fixed 3 duplicate /gene - cmpD_1 cmpD_2 cmpD_3
[13:36:32] Fixed 3 duplicate /gene - cmpC_1 cmpC_2 cmpC_3
[13:36:32] Fixed 6 duplicate /gene - menH_1 menH_2 menH_3 menH_4 menH_5 menH_6
[13:36:32] Fixed 3 duplicate /gene - araQ_1 araQ_2 araQ_3
[13:36:32] Fixed 3 duplicate /gene - entS_1 entS_2 entS_3
[13:36:32] Fixed 4 duplicate /gene - pcxA_1 pcxA_2 pcxA_3 pcxA_4
[13:36:32] Fixed 2 duplicate /gene - rlpA_1 rlpA_2
[13:36:32] Fixed 4 duplicate /gene - pal_1 pal_2 pal_3 pal_4
[13:36:32] Fixed 2 duplicate /gene - panP_1 panP_2
[13:36:32] Fixed 2 duplicate /gene - spkA_1 spkA_2
[13:36:32] Fixed 2 duplicate /gene - apaH_1 apaH_2
[13:36:32] Fixed 2 duplicate /gene - hisD_1 hisD_2
[13:36:32] Fixed 4 duplicate /gene - hisC_1 hisC_2 hisC_3 hisC_4
[13:36:32] Fixed 2 duplicate /gene - pmbA_1 pmbA_2
[13:36:32] Fixed 5 duplicate /gene - gph_1 gph_2 gph_3 gph_4 gph_5
[13:36:32] Fixed 4 duplicate /gene - cmpR_1 cmpR_2 cmpR_3 cmpR_4
[13:36:32] Fixed 22 duplicate /gene - cpoB_1 cpoB_2 cpoB_3 cpoB_4 cpoB_5 cpoB_6 cpoB_7 cpoB_8 cpoB_9 cpoB_10 cpoB_11 cpoB_12 cpoB_13 cpoB_14 cpoB_15 cpoB_16 cpoB_17 cpoB_18 cpoB_19 cpoB_20 cpoB_21 cpoB_22
[13:36:32] Fixed 2 duplicate /gene - btuB_1 btuB_2
[13:36:32] Fixed 2 duplicate /gene - rnr_1 rnr_2
[13:36:32] Fixed 4 duplicate /gene - noc_1 noc_2 noc_3 noc_4
[13:36:32] Fixed 2 duplicate /gene - hemH_1 hemH_2
[13:36:32] Fixed 2 duplicate /gene - macA_1 macA_2
[13:36:32] Fixed 71 duplicate /gene - rcsC_1 rcsC_2 rcsC_3 rcsC_4 rcsC_5 rcsC_6 rcsC_7 rcsC_8 rcsC_9 rcsC_10 rcsC_11 rcsC_12 rcsC_13 rcsC_14 rcsC_15 rcsC_16 rcsC_17 rcsC_18 rcsC_19 rcsC_20 rcsC_21 rcsC_22 rcsC_23 rcsC_24 rcsC_25 rcsC_26 rcsC_27 rcsC_28 rcsC_29 rcsC_30 rcsC_31 rcsC_32 rcsC_33 rcsC_34 rcsC_35 rcsC_36 rcsC_37 rcsC_38 rcsC_39 rcsC_40 rcsC_41 rcsC_42 rcsC_43 rcsC_44 rcsC_45 rcsC_46 rcsC_47 rcsC_48 rcsC_49 rcsC_50 rcsC_51 rcsC_52 rcsC_53 rcsC_54 rcsC_55 rcsC_56 rcsC_57 rcsC_58 rcsC_59 rcsC_60 rcsC_61 rcsC_62 rcsC_63 rcsC_64 rcsC_65 rcsC_66 rcsC_67 rcsC_68 rcsC_69 rcsC_70 rcsC_71
[13:36:32] Fixed 3 duplicate /gene - leuS_1 leuS_2 leuS_3
[13:36:32] Fixed 2 duplicate /gene - nadK_1 nadK_2
[13:36:32] Fixed 2 duplicate /gene - dppB_1 dppB_2
[13:36:32] Fixed 2 duplicate /gene - nifJ_1 nifJ_2
[13:36:32] Fixed 2 duplicate /gene - prk_1 prk_2
[13:36:32] Fixed 4 duplicate /gene - iolG_1 iolG_2 iolG_3 iolG_4
[13:36:32] Fixed 12 duplicate /gene - mprA_1 mprA_2 mprA_3 mprA_4 mprA_5 mprA_6 mprA_7 mprA_8 mprA_9 mprA_10 mprA_11 mprA_12
[13:36:32] Fixed 2 duplicate /gene - ltrA_1 ltrA_2
[13:36:32] Fixed 2 duplicate /gene - adk_1 adk_2
[13:36:32] Fixed 2 duplicate /gene - trmR_1 trmR_2
[13:36:32] Fixed 2 duplicate /gene - yedY1_1 yedY1_2
[13:36:32] Fixed 3 duplicate /gene - dfa3_1 dfa3_2 dfa3_3
[13:36:32] Fixed 24 duplicate /gene - COQ5_1 COQ5_2 COQ5_3 COQ5_4 COQ5_5 COQ5_6 COQ5_7 COQ5_8 COQ5_9 COQ5_10 COQ5_11 COQ5_12 COQ5_13 COQ5_14 COQ5_15 COQ5_16 COQ5_17 COQ5_18 COQ5_19 COQ5_20 COQ5_21 COQ5_22 COQ5_23 COQ5_24
[13:36:32] Fixed 3 duplicate /gene - kaiB_1 kaiB_2 kaiB_3
[13:36:32] Fixed 4 duplicate /gene - tal_1 tal_2 tal_3 tal_4
[13:36:32] Fixed 2 duplicate /gene - glgA_1 glgA_2
[13:36:32] Fixed 2 duplicate /gene - yjiA_1 yjiA_2
[13:36:32] Fixed 3 duplicate /gene - gmd_1 gmd_2 gmd_3
[13:36:32] Fixed 4 duplicate /gene - dps_1 dps_2 dps_3 dps_4
[13:36:32] Fixed 4 duplicate /gene - rip3_1 rip3_2 rip3_3 rip3_4
[13:36:32] Fixed 6 duplicate /gene - ndhD1_1 ndhD1_2 ndhD1_3 ndhD1_4 ndhD1_5 ndhD1_6
[13:36:32] Fixed 2 duplicate /gene - arnB_1 arnB_2
[13:36:32] Fixed 2 duplicate /gene - hdc_1 hdc_2
[13:36:32] Fixed 3 duplicate /gene - ftsH4_1 ftsH4_2 ftsH4_3
[13:36:32] Fixed 2 duplicate /gene - sigB_1 sigB_2
[13:36:32] Fixed 3 duplicate /gene - ptxB_1 ptxB_2 ptxB_3
[13:36:32] Fixed 4 duplicate /gene - smc_1 smc_2 smc_3 smc_4
[13:36:32] Fixed 2 duplicate /gene - gshA_1 gshA_2
[13:36:32] Fixed 2 duplicate /gene - ltxD_1 ltxD_2
[13:36:32] Fixed 2 duplicate /gene - cmpB_1 cmpB_2
[13:36:32] Fixed 2 duplicate /gene - higA_1 higA_2
[13:36:32] Fixed 2 duplicate /gene - barS1_1 barS1_2
[13:36:32] Fixed 2 duplicate /gene - malQ_1 malQ_2
[13:36:32] Fixed 2 duplicate /gene - trpA_1 trpA_2
[13:36:32] Fixed 2 duplicate /gene - mrdA_1 mrdA_2
[13:36:32] Fixed 3 duplicate /gene - mtgA_1 mtgA_2 mtgA_3
[13:36:32] Fixed 5 duplicate /gene - dapH_1 dapH_2 dapH_3 dapH_4 dapH_5
[13:36:32] Fixed 3 duplicate /gene - nhaS3_1 nhaS3_2 nhaS3_3
[13:36:32] Fixed 2 duplicate /gene - speA_1 speA_2
[13:36:32] Fixed 2 duplicate /gene - gyrA_1 gyrA_2
[13:36:32] Fixed 2 duplicate /gene - glgP_1 glgP_2
[13:36:32] Fixed 2 duplicate /gene - surE_1 surE_2
[13:36:32] Fixed 9 duplicate /gene - rcp1_1 rcp1_2 rcp1_3 rcp1_4 rcp1_5 rcp1_6 rcp1_7 rcp1_8 rcp1_9
[13:36:32] Fixed 2 duplicate /gene - cysR_1 cysR_2
[13:36:32] Fixed 5 duplicate /gene - mdtA_1 mdtA_2 mdtA_3 mdtA_4 mdtA_5
[13:36:32] Fixed 2 duplicate /gene - psaA_1 psaA_2
[13:36:32] Fixed 2 duplicate /gene - yafP_1 yafP_2
[13:36:32] Fixed 2 duplicate /gene - suhB_1 suhB_2
[13:36:32] Fixed 6 duplicate /gene - patA_1 patA_2 patA_3 patA_4 patA_5 patA_6
[13:36:32] Fixed 2 duplicate /gene - psbH_1 psbH_2
[13:36:32] Fixed 2 duplicate /gene - ampG_1 ampG_2
[13:36:32] Fixed 3 duplicate /gene - psbC_1 psbC_2 psbC_3
[13:36:32] Fixed 2 duplicate /gene - regX3_1 regX3_2
[13:36:32] Fixed 3 duplicate /gene - ssuC_1 ssuC_2 ssuC_3
[13:36:32] Fixed 2 duplicate /gene - dnaK_1 dnaK_2
[13:36:32] Fixed 2 duplicate /gene - todB_1 todB_2
[13:36:32] Fixed 2 duplicate /gene - ppa_1 ppa_2
[13:36:32] Fixed 3 duplicate /gene - metK_1 metK_2 metK_3
[13:36:32] Fixed 2 duplicate /gene - cysG_1 cysG_2
[13:36:32] Fixed 2 duplicate /gene - hhoA_1 hhoA_2
[13:36:32] Fixed 2 duplicate /gene - rpoD_1 rpoD_2
[13:36:32] Fixed 2 duplicate /gene - clpS_1 clpS_2
[13:36:32] Fixed 2 duplicate /gene - gloB_1 gloB_2
[13:36:32] Fixed 2 duplicate /gene - ileS_1 ileS_2
[13:36:32] Fixed 2 duplicate /gene - dsbD_1 dsbD_2
[13:36:32] Fixed 2 duplicate /gene - lgt_1 lgt_2
[13:36:32] Fixed 3 duplicate /gene - apcB_1 apcB_2 apcB_3
[13:36:32] Fixed 2 duplicate /gene - cobN_1 cobN_2
[13:36:32] Fixed 2 duplicate /gene - isiB_1 isiB_2
[13:36:32] Fixed 3 duplicate /gene - crtI_1 crtI_2 crtI_3
[13:36:32] Fixed 2 duplicate /gene - rutB_1 rutB_2
[13:36:32] Fixed 2 duplicate /gene - pyrC_1 pyrC_2
[13:36:32] Fixed 2 duplicate /gene - pyrD_1 pyrD_2
[13:36:32] Fixed 3 duplicate /gene - glnQ_1 glnQ_2 glnQ_3
[13:36:32] Fixed 4 duplicate /gene - prsA_1 prsA_2 prsA_3 prsA_4
[13:36:32] Fixed 5 duplicate /gene - sigA2_1 sigA2_2 sigA2_3 sigA2_4 sigA2_5
[13:36:32] Fixed 3 duplicate /gene - sphX_1 sphX_2 sphX_3
[13:36:32] Fixed 9 duplicate /gene - hcaB_1 hcaB_2 hcaB_3 hcaB_4 hcaB_5 hcaB_6 hcaB_7 hcaB_8 hcaB_9
[13:36:32] Fixed 2 duplicate /gene - tcrA_1 tcrA_2
[13:36:32] Fixed 2 duplicate /gene - pip_1 pip_2
[13:36:32] Fixed 2 duplicate /gene - menE_1 menE_2
[13:36:32] Fixed 2 duplicate /gene - dpnM_1 dpnM_2
[13:36:32] Fixed 4 duplicate /gene - lgrB_1 lgrB_2 lgrB_3 lgrB_4
[13:36:32] Fixed 2 duplicate /gene - yojI_1 yojI_2
[13:36:32] Fixed 3 duplicate /gene - kdpB_1 kdpB_2 kdpB_3
[13:36:32] Fixed 3 duplicate /gene - map_1 map_2 map_3
[13:36:32] Fixed 2 duplicate /gene - znuA_1 znuA_2
[13:36:32] Fixed 5 duplicate /gene - htrA_1 htrA_2 htrA_3 htrA_4 htrA_5
[13:36:32] Fixed 2 duplicate /gene - stp_1 stp_2
[13:36:32] Fixed 2 duplicate /gene - pfp_1 pfp_2
[13:36:32] Fixed 2 duplicate /gene - atpH_1 atpH_2
[13:36:32] Fixed 2 duplicate /gene - tolR_1 tolR_2
[13:36:32] Fixed 4 duplicate /gene - dfa5_1 dfa5_2 dfa5_3 dfa5_4
[13:36:32] Fixed 4 duplicate /gene - auaH_1 auaH_2 auaH_3 auaH_4
[13:36:32] Fixed 7 duplicate /gene - COQ3_1 COQ3_2 COQ3_3 COQ3_4 COQ3_5 COQ3_6 COQ3_7
[13:36:32] Fixed 3 duplicate /gene - pds_1 pds_2 pds_3
[13:36:32] Fixed 2 duplicate /gene - dhaA_1 dhaA_2
[13:36:32] Fixed 2 duplicate /gene - yhdG_1 yhdG_2
[13:36:32] Fixed 2 duplicate /gene - fgd_1 fgd_2
[13:36:32] Fixed 2 duplicate /gene - hypB_1 hypB_2
[13:36:32] Fixed 2 duplicate /gene - walR_1 walR_2
[13:36:32] Fixed 3 duplicate /gene - ctaD_1 ctaD_2 ctaD_3
[13:36:32] Fixed 3 duplicate /gene - gpmA_1 gpmA_2 gpmA_3
[13:36:32] Fixed 2 duplicate /gene - soxA_1 soxA_2
[13:36:32] Fixed 2 duplicate /gene - menF_1 menF_2
[13:36:32] Fixed 2 duplicate /gene - ruvB_1 ruvB_2
[13:36:32] Fixed 3 duplicate /gene - cugP_1 cugP_2 cugP_3
[13:36:32] Fixed 2 duplicate /gene - czcA_1 czcA_2
[13:36:32] Fixed 2 duplicate /gene - petC_1 petC_2
[13:36:32] Fixed 2 duplicate /gene - sir_1 sir_2
[13:36:32] Fixed 2 duplicate /gene - galK_1 galK_2
[13:36:32] Fixed 2 duplicate /gene - apcE_1 apcE_2
[13:36:32] Fixed 2 duplicate /gene - trxA_1 trxA_2
[13:36:32] Fixed 2 duplicate /gene - ftsH2_1 ftsH2_2
[13:36:32] Fixed 2 duplicate /gene - pstA_1 pstA_2
[13:36:32] Fixed 2 duplicate /gene - ndhI_1 ndhI_2
[13:36:32] Fixed 2 duplicate /gene - iscS_1 iscS_2
[13:36:32] Fixed 51 duplicate /gene - sasA_1 sasA_2 sasA_3 sasA_4 sasA_5 sasA_6 sasA_7 sasA_8 sasA_9 sasA_10 sasA_11 sasA_12 sasA_13 sasA_14 sasA_15 sasA_16 sasA_17 sasA_18 sasA_19 sasA_20 sasA_21 sasA_22 sasA_23 sasA_24 sasA_25 sasA_26 sasA_27 sasA_28 sasA_29 sasA_30 sasA_31 sasA_32 sasA_33 sasA_34 sasA_35 sasA_36 sasA_37 sasA_38 sasA_39 sasA_40 sasA_41 sasA_42 sasA_43 sasA_44 sasA_45 sasA_46 sasA_47 sasA_48 sasA_49 sasA_50 sasA_51
[13:36:32] Fixed 3 duplicate /gene - soj_1 soj_2 soj_3
[13:36:32] Fixed 2 duplicate /gene - nifK_1 nifK_2
[13:36:32] Fixed 2 duplicate /gene - gutB_1 gutB_2
[13:36:32] Fixed 2 duplicate /gene - lptD_1 lptD_2
[13:36:32] Fixed 2 duplicate /gene - pntB_1 pntB_2
[13:36:32] Fixed 3 duplicate /gene - ndhB_1 ndhB_2 ndhB_3
[13:36:32] Fixed 2 duplicate /gene - mnmE_1 mnmE_2
[13:36:32] Fixed 5 duplicate /gene - divK_1 divK_2 divK_3 divK_4 divK_5
[13:36:32] Fixed 2 duplicate /gene - nrtD_1 nrtD_2
[13:36:32] Fixed 2 duplicate /gene - clcD_1 clcD_2
[13:36:32] Fixed 2 duplicate /gene - glnH_1 glnH_2
[13:36:32] Fixed 4 duplicate /gene - hcaR_1 hcaR_2 hcaR_3 hcaR_4
[13:36:32] Fixed 16 duplicate /gene - tolB_1 tolB_2 tolB_3 tolB_4 tolB_5 tolB_6 tolB_7 tolB_8 tolB_9 tolB_10 tolB_11 tolB_12 tolB_13 tolB_14 tolB_15 tolB_16
[13:36:32] Fixed 5 duplicate /gene - resA_1 resA_2 resA_3 resA_4 resA_5
[13:36:32] Fixed 4 duplicate /gene - minD_1 minD_2 minD_3 minD_4
[13:36:32] Fixed 5 duplicate /gene - cph1_1 cph1_2 cph1_3 cph1_4 cph1_5
[13:36:32] Fixed 6 duplicate /gene - dnaJ_1 dnaJ_2 dnaJ_3 dnaJ_4 dnaJ_5 dnaJ_6
[13:36:32] Fixed 7 duplicate /gene - bepA_1 bepA_2 bepA_3 bepA_4 bepA_5 bepA_6 bepA_7
[13:36:32] Fixed 4 duplicate /gene - iolS_1 iolS_2 iolS_3 iolS_4
[13:36:32] Fixed 3 duplicate /gene - arnT_1 arnT_2 arnT_3
[13:36:32] Fixed 2 duplicate /gene - ompR_1 ompR_2
[13:36:32] Fixed 2 duplicate /gene - sbpA_1 sbpA_2
[13:36:32] Fixed 2 duplicate /gene - cysE_1 cysE_2
[13:36:32] Fixed 2 duplicate /gene - todS_1 todS_2
[13:36:32] Fixed 2 duplicate /gene - plsY_1 plsY_2
[13:36:32] Fixed 3 duplicate /gene - mdtC_1 mdtC_2 mdtC_3
[13:36:32] Fixed 4 duplicate /gene - bshA_1 bshA_2 bshA_3 bshA_4
[13:36:32] Fixed 2 duplicate /gene - groS_1 groS_2
[13:36:32] Fixed 2 duplicate /gene - lip1_1 lip1_2
[13:36:32] Fixed 2 duplicate /gene - cysT_1 cysT_2
[13:36:32] Fixed 2 duplicate /gene - gdx_1 gdx_2
[13:36:32] Fixed 2 duplicate /gene - pepP_1 pepP_2
[13:36:32] Fixed 2 duplicate /gene - livH_1 livH_2
[13:36:32] Fixed 3 duplicate /gene - ndbB_1 ndbB_2 ndbB_3
[13:36:32] Fixed 3 duplicate /gene - pacL_1 pacL_2 pacL_3
[13:36:32] Fixed 2 duplicate /gene - dltA_1 dltA_2
[13:36:32] Fixed 2 duplicate /gene - pyk_1 pyk_2
[13:36:32] Fixed 4 duplicate /gene - hpnP_1 hpnP_2 hpnP_3 hpnP_4
[13:36:32] Fixed 2 duplicate /gene - trpC_1 trpC_2
[13:36:32] Fixed 379 colliding /gene names.
[13:36:32] Adding /locus_tag identifiers
[13:36:32] Assigned 7094 locus_tags to CDS and RNA features.
[13:36:32] Writing outputs to prokka_out/
[13:36:45] Generating annotation statistics file
[13:36:45] Generating Genbank and Sequin files
[13:36:45] Running: tbl2asn -V b -a r10k -l paired-ends -M n -N 1 -y 'Annotated using prokka 1.14.6 from https://github.com/tseemann/prokka' -Z prokka_out\/F_pepsitadii\.err -i prokka_out\/F_pepsitadii\.fsa 2> /dev/null
[13:36:57] Deleting unwanted file: prokka_out/errorsummary.val
[13:36:57] Deleting unwanted file: prokka_out/F_pepsitadii.dr
[13:36:57] Deleting unwanted file: prokka_out/F_pepsitadii.fixedproducts
[13:36:57] Deleting unwanted file: prokka_out/F_pepsitadii.ecn
[13:36:57] Deleting unwanted file: prokka_out/F_pepsitadii.val
[13:36:57] Repairing broken .GBK output that tbl2asn produces...
[13:36:57] Running: sed 's/COORDINATES: profile/COORDINATES:profile/' < prokka_out\/F_pepsitadii\.gbf > prokka_out\/F_pepsitadii\.gbk
[13:36:58] Deleting unwanted file: prokka_out/F_pepsitadii.gbf
[13:36:58] Output files:
[13:36:58] prokka_out/F_pepsitadii.err
[13:36:58] prokka_out/F_pepsitadii.faa
[13:36:58] prokka_out/F_pepsitadii.ffn
[13:36:58] prokka_out/F_pepsitadii.fna
[13:36:58] prokka_out/F_pepsitadii.fsa
[13:36:58] prokka_out/F_pepsitadii.gbk
[13:36:58] prokka_out/F_pepsitadii.gff
[13:36:58] prokka_out/F_pepsitadii.log
[13:36:58] prokka_out/F_pepsitadii.sqn
[13:36:58] prokka_out/F_pepsitadii.tbl
[13:36:58] prokka_out/F_pepsitadii.tsv
[13:36:58] prokka_out/F_pepsitadii.txt
[13:36:58] Annotation finished successfully.
[13:36:58] Walltime used: 3.03 minutes
[13:36:58] If you use this result please cite the Prokka paper:
[13:36:58] Seemann T (2014) Prokka: rapid prokaryotic genome annotation. Bioinformatics. 30(14):2068-9.
[13:36:58] Type 'prokka --citation' for more details.
[13:36:58] Thank you, come again.
