2023-04-12 16:33:02,725:INFO:RUNNING ROPRO.
 Report On PROkka takes data from Prokka and reports the essential information.
2023-04-12 16:33:02,727:INFO:Reporting on data: prokka_out

2023-04-12 16:33:02,729:INFO:Output will be sent to /home/data/ropro_out

2023-04-12 16:33:02,737:INFO:Generated report file: report_out.txt


2023-04-12 16:33:02,739:INFO:LOOKING FOR INPUT FILES...
2023-04-12 16:33:02,848:INFO:... DONE
2023-04-12 16:33:02,849:INFO:FETCHING BASIC ASSEMBLY STATISTICS...
2023-04-12 16:33:02,857:INFO:... DONE
2023-04-12 16:33:02,858:INFO:CALCULATING PERCENT BY FUNCTION...
2023-04-12 16:33:02,900:INFO:... DONE
2023-04-12 16:33:02,901:INFO:REPORTING ANNOTATIONS BY FUNCTION...
2023-04-12 16:33:02,909:INFO:... DONE
2023-04-12 16:33:02,910:INFO:EXTRACTING tRNA COUNTS...
2023-04-12 16:33:02,928:INFO:... DONE
2023-04-12 16:33:02,929:INFO:REPORTING tRNA BREAKDOWN...
2023-04-12 16:33:02,936:INFO:... DONE
2023-04-12 16:33:02,939:INFO:EXTRACTING SEQUENCES OF INTEREST...
2023-04-12 16:33:03,263:INFO:... DONE
2023-04-12 16:33:03,264:INFO:REPORTING NUMBER OF IDENTIFIER GENES...
2023-04-12 16:33:03,268:INFO:... DONE
2023-04-12 16:33:03,269:INFO:EXPORTING SEQUENCES...
2023-04-12 16:33:03,317:INFO:... DONE
2023-04-12 16:33:03,318:INFO:RUNNING BLAST ALIGNMENTS...
2023-04-12 16:33:03,358:INFO:... Number of sequences that will be aligned: 6
2023-04-12 16:33:03,359:INFO:... ... Aligning sequence 1
2023-04-12 16:33:13,426:INFO:... ... Aligning sequence 2
2023-04-12 16:33:23,483:INFO:... ... Aligning sequence 3
2023-04-12 16:33:33,554:INFO:... ... Aligning sequence 4
2023-04-12 16:33:43,604:INFO:... ... Aligning sequence 5
2023-04-12 16:33:53,657:INFO:... ... Aligning sequence 6
2023-04-12 16:34:03,714:INFO:... DONE
2023-04-12 16:34:03,715:INFO:REPORTING BLAST ALIGNMENTS...
2023-04-12 16:34:03,721:INFO:... DONE
