[13:01:04] This is prokka 1.14.6
[13:01:04] Written by Torsten Seemann <torsten.seemann@gmail.com>
[13:01:04] Homepage is https://github.com/tseemann/prokka
[13:01:04] Local time is Fri Apr 21 13:01:04 2023
[13:01:04] You are not telling me who you are!
[13:01:04] Operating system is linux
[13:01:04] You have BioPerl 1.7.8
[13:01:04] System has 16 cores.
[13:01:04] Will use maximum of 12 cores.
[13:01:04] Annotating as >>> Bacteria <<<
[13:01:04] Generating locus_tag from 'GCA_000447295.1_ASM44729v1_genomic.fna' contents.
[13:01:04] Setting --locustag DEHBOLHC from MD5 de1b851c2f98f565a74b7339b4a31112
[13:01:04] Creating new output folder: prokka_out
[13:01:04] Running: mkdir -p prokka_out
[13:01:04] Using filename prefix: F_welwii.XXX
[13:01:04] Setting HMMER_NCPU=1
[13:01:04] Writing log to: prokka_out/F_welwii.log
[13:01:04] Command: /root/anaconda3/envs/ulana/bin/prokka --outdir prokka_out --prefix F_welwii GCA_000447295.1_ASM44729v1_genomic.fna --cpus 12
[13:01:04] Appending to PATH: /root/anaconda3/envs/ulana/bin
[13:01:04] Looking for 'aragorn' - found /root/anaconda3/envs/ulana/bin/aragorn
[13:01:04] Determined aragorn version is 001002 from 'ARAGORN v1.2.41 Dean Laslett'
[13:01:04] Looking for 'barrnap' - found /root/anaconda3/envs/ulana/bin/barrnap
[13:01:04] Determined barrnap version is 000009 from 'barrnap 0.9'
[13:01:04] Looking for 'blastp' - found /root/anaconda3/envs/ulana/bin/blastp
[13:01:04] Determined blastp version is 002013 from 'blastp: 2.13.0+'
[13:01:04] Looking for 'cmpress' - found /root/anaconda3/envs/ulana/bin/cmpress
[13:01:04] Determined cmpress version is 001001 from '# INFERNAL 1.1.4 (Dec 2020)'
[13:01:04] Looking for 'cmscan' - found /root/anaconda3/envs/ulana/bin/cmscan
[13:01:04] Determined cmscan version is 001001 from '# INFERNAL 1.1.4 (Dec 2020)'
[13:01:04] Looking for 'egrep' - found /usr/bin/egrep
[13:01:04] Looking for 'find' - found /usr/bin/find
[13:01:04] Looking for 'grep' - found /usr/bin/grep
[13:01:04] Looking for 'hmmpress' - found /root/anaconda3/envs/ulana/bin/hmmpress
[13:01:04] Determined hmmpress version is 003003 from '# HMMER 3.3.2 (Nov 2020); http://hmmer.org/'
[13:01:04] Looking for 'hmmscan' - found /root/anaconda3/envs/ulana/bin/hmmscan
[13:01:04] Determined hmmscan version is 003003 from '# HMMER 3.3.2 (Nov 2020); http://hmmer.org/'
[13:01:04] Looking for 'java' - found /root/anaconda3/envs/ulana/bin/java
[13:01:04] Looking for 'makeblastdb' - found /root/anaconda3/envs/ulana/bin/makeblastdb
[13:01:04] Determined makeblastdb version is 002013 from 'makeblastdb: 2.13.0+'
[13:01:04] Looking for 'minced' - found /root/anaconda3/envs/ulana/bin/minced
[13:01:04] Determined minced version is 004002 from 'minced 0.4.2'
[13:01:04] Looking for 'parallel' - found /root/anaconda3/envs/ulana/bin/parallel
[13:01:04] Determined parallel version is 20230122 from 'GNU parallel 20230122'
[13:01:04] Looking for 'prodigal' - found /root/anaconda3/envs/ulana/bin/prodigal
[13:01:04] Determined prodigal version is 002006 from 'Prodigal V2.6.3: February, 2016'
[13:01:04] Looking for 'prokka-genbank_to_fasta_db' - found /root/anaconda3/envs/ulana/bin/prokka-genbank_to_fasta_db
[13:01:04] Looking for 'sed' - found /usr/bin/sed
[13:01:04] Looking for 'tbl2asn' - found /root/anaconda3/envs/ulana/bin/tbl2asn
[13:01:04] Determined tbl2asn version is 025007 from 'tbl2asn 25.7   arguments:'
[13:01:04] Using genetic code table 11.
[13:01:04] Loading and checking input file: GCA_000447295.1_ASM44729v1_genomic.fna
[13:01:05] Wrote 8 contigs totalling 7167426 bp.
[13:01:05] Predicting tRNAs and tmRNAs
[13:01:05] Running: aragorn -l -gc11  -w prokka_out\/F_welwii\.fna
[13:01:07] 1 tRNA-Met c[355737,355810] 34 (cat)
[13:01:07] 2 tRNA-Pro [680077,680171] 35 (tgg)
[13:01:07] 3 tRNA-Ser [680203,680297] 35 (tga)
[13:01:07] 4 tRNA-Ser c[687503,687597] 36 (tga)
[13:01:07] 5 tRNA-Ser c[687566,687660] 36 (tga)
[13:01:07] 6 tRNA-Gly [951932,952002] 33 (tcc)
[13:01:07] 7 tRNA-Leu [1075070,1075152] 36 (gag)
[13:01:07] 8 tRNA-Arg [1296866,1296939] 35 (acg)
[13:01:07] 9 tRNA-Ser c[1306676,1306769] 36 (gct)
[13:01:07] 10 tRNA-Trp [1401746,1401819] 34 (cca)
[13:01:07] 11 tRNA-Phe c[1597203,1597275] 34 (gaa)
[13:01:07] 12 tRNA-Pro c[1630716,1630790] 35 (tgg)
[13:01:07] 13 tRNA-Leu c[1710498,1710580] 35 (tag)
[13:01:07] 14 tRNA-Ile [1758770,1758845] 35 (gat)
[13:01:07] 15 tRNA-Ala [1758933,1759007] 34 (tgc)
[13:01:07] 16 tRNA-Asp c[1848356,1848429] 35 (gtc)
[13:01:07] 17 tRNA-Lys [2040837,2040909] 33 (ctt)
[13:01:07] 18 tRNA-Lys [2051541,2051612] 33 (ttt)
[13:01:07] 19 tRNA-Pro [2174219,2174292] 35 (ggg)
[13:01:07] 20 tRNA-Thr c[2195375,2195446] 33 (tgt)
[13:01:07] 21 tRNA-Met [2420410,2420485] 36 (cat)
[13:01:07] 22 tRNA-Asn [2530911,2530984] 34 (gtt)
[13:01:07] 23 tRNA-Thr [2604925,2604996] 33 (cgt)
[13:01:07] 24 tRNA-Ala c[2937380,2937454] 34 (tgc)
[13:01:07] 25 tmRNA c[3189739,3190126] 101,154 ANNIVKFARKEALVAA**
[13:01:07] 26 tRNA-Gly c[3238318,3238389] 33 (ccc)
[13:01:07] 27 tRNA-Val [3245505,3245577] 34 (tac)
[13:01:07] 28 tRNA-Arg c[3450487,3450563] 36 (cct)
[13:01:07] 29 tRNA-Thr c[3727705,3727776] 33 (ggt)
[13:01:07] 30 tRNA-Tyr c[3727853,3727937] 35 (gta)
[13:01:07] 31 tRNA-Ser [3776631,3776717] 36 (cga)
[13:01:07] 32 tRNA-Cys c[3940677,3940748] 33 (gca)
[13:01:07] 33 tRNA-His [4018544,4018617] 34 (gtg)
[13:01:07] 34 tRNA-Arg [4232473,4232547] 35 (tct)
[13:01:07] 35 tRNA-Gln c[4564981,4565052] 33 (ttg)
[13:01:07] 36 tRNA-Leu c[4596475,4596559] 35 (caa)
[13:01:07] 37 tRNA-Pro [4696256,4696331] 36 (cgg)
[13:01:07] 38 tRNA-Trp c[4770084,4770177] 34 (cca)
[13:01:07] 39 tRNA-Ala [4945726,4945800] 35 (cgc)
[13:01:07] 40 tRNA-Ser [4979934,4980019] 35 (tga)
[13:01:07] 41 tRNA-Met c[5151391,5151467] 35 (cat)
[13:01:07] 42 tRNA-Val [5154488,5154561] 35 (gac)
[13:01:07] 43 tRNA-Glu c[5182514,5182586] 35 (ttc)
[13:01:07] 44 tRNA-Cys [5286749,5286821] 34 (gca)
[13:01:07] 45 tRNA-Lys [5287532,5287605] 34 (ctt)
[13:01:07] 46 tRNA-Arg [5597062,5597134] 34 (ccg)
[13:01:07] 47 tRNA-Leu c[5840302,5840384] 35 (cag)
[13:01:07] 48 tRNA-Gly c[6018056,6018127] 33 (gcc)
[13:01:07] 49 tRNA-Ser [6099973,6100061] 36 (gga)
[13:01:07] 50 tRNA-Ala c[6131813,6131885] 34 (ggc)
[13:01:07] 51 tRNA-Trp c[6334985,6335059] 35 (cca)
[13:01:07] 52 tRNA-Trp c[6337283,6337357] 35 (cca)
[13:01:07] 53 tRNA-Ala c[6544225,6544297] 34 (tgc)
[13:01:07] 54 tRNA-Arg c[6544302,6544375] 34 (tct)
[13:01:07] 55 tRNA-Asn c[6545256,6545331] 34 (gtt)
[13:01:07] 56 tRNA-Phe c[6545340,6545414] 35 (gaa)
[13:01:07] 57 tRNA-Arg c[6545419,6545513] 35 (acg)
[13:01:07] 58 tRNA-Ser c[6545518,6545600] 35 (gct)
[13:01:07] 59 tRNA-Lys c[6545831,6545902] 33 (ctt)
[13:01:07] 1 tRNA-Ala c[55734,55806] 34 (tgc)
[13:01:07] 2 tRNA-Arg c[55811,55884] 34 (tct)
[13:01:07] 3 tRNA-Gly c[55998,56068] 33 (tcc)
[13:01:07] 4 tRNA-Thr c[56074,56147] 34 (tgt)
[13:01:07] 5 tRNA-Leu c[56157,56233] 35 (taa)
[13:01:07] 6 tRNA-Ile c[56236,56311] 33 (tat)
[13:01:07] 7 tRNA-Lys c[56314,56388] 34 (ttt)
[13:01:07] 8 tRNA-Pro c[56393,56468] 36 (tgg)
[13:01:07] 9 tRNA-Gln c[56473,56547] 35 (ttg)
[13:01:07] 10 tRNA-Asn c[56552,56627] 34 (gtt)
[13:01:07] 11 tRNA-Phe c[56636,56710] 35 (gaa)
[13:01:07] 12 tRNA-Arg c[56715,56791] 36 (acg)
[13:01:07] 13 tRNA-Ser c[56796,56887] 35 (gct)
[13:01:07] 14 tRNA-Glu c[56995,57070] 35 (ttc)
[13:01:07] 15 tRNA-Trp c[57237,57309] 34 (cca)
[13:01:07] 16 tRNA-Met c[57312,57386] 33 (cat)
[13:01:07] 17 tRNA-Glu c[57392,57472] 39 (ctc)
[13:01:07] 18 tRNA-Asp c[57475,57552] 38 (gtc)
[13:01:07] Found 77 tRNAs
[13:01:07] Predicting Ribosomal RNAs
[13:01:07] Running Barrnap with 12 threads
[13:01:09] 1 ALVX01000007.1 29678 23S ribosomal RNA (partial)
[13:01:09] 2 KE650771.1 365880 16S ribosomal RNA
[13:01:09] 3 KE650771.1 367710 23S ribosomal RNA
[13:01:09] 4 KE650771.1 1759214 23S ribosomal RNA
[13:01:09] 5 KE650771.1 2934351 23S ribosomal RNA
[13:01:09] 6 KE650771.1 2937657 16S ribosomal RNA
[13:01:09] 7 KE650771.1 3108344 16S ribosomal RNA
[13:01:09] 8 KE650771.1 3110174 23S ribosomal RNA
[13:01:09] Found 8 rRNAs
[13:01:09] Skipping ncRNA search, enable with --rfam if desired.
[13:01:09] Total of 84 tRNA + rRNA features
[13:01:09] Searching for CRISPR repeats
[13:01:09] CRISPR1 KE650771.1 3598426 with 19 spacers
[13:01:09] CRISPR2 KE650771.1 4850618 with 4 spacers
[13:01:09] CRISPR3 KE650771.1 4852205 with 18 spacers
[13:01:09] CRISPR4 KE650771.1 6167383 with 5 spacers
[13:01:09] CRISPR5 ALVX01000004.1 60335 with 11 spacers
[13:01:09] CRISPR6 ALVX01000004.1 75284 with 36 spacers
[13:01:09] CRISPR7 ALVX01000004.1 164237 with 13 spacers
[13:01:09] CRISPR8 ALVX01000007.1 3657 with 62 spacers
[13:01:09] Found 8 CRISPRs
[13:01:09] Predicting coding sequences
[13:01:09] Contigs total 7167426 bp, so using single mode
[13:01:09] Running: prodigal -i prokka_out\/F_welwii\.fna -c -m -g 11 -p single -f sco -q
[13:01:15] Excluding CDS which overlaps existing RNA (rRNA) at KE650771.1:370071..370247 on - strand
[13:01:15] Excluding CDS which overlaps existing RNA (tRNA) at KE650771.1:687421..687642 on - strand
[13:01:16] Excluding CDS which overlaps existing RNA (tRNA) at KE650771.1:1704679..1710507 on + strand
[13:01:16] Excluding CDS which overlaps existing RNA (tRNA) at KE650771.1:1710476..1710601 on - strand
[13:01:16] Excluding CDS which overlaps existing RNA (rRNA) at KE650771.1:1761575..1761751 on - strand
[13:01:16] Excluding CDS which overlaps existing RNA (tRNA) at KE650771.1:2420485..2422686 on - strand
[13:01:16] Excluding CDS which overlaps existing RNA (rRNA) at KE650771.1:2934636..2934812 on + strand
[13:01:16] Excluding CDS which overlaps existing RNA (rRNA) at KE650771.1:3112535..3112711 on - strand
[13:01:17] Excluding CDS which overlaps existing RNA (repeat_region) at KE650771.1:3599366..3599743 on + strand
[13:01:18] Excluding CDS which overlaps existing RNA (tRNA) at KE650771.1:6544361..6544528 on - strand
[13:01:18] Excluding CDS which overlaps existing RNA (tRNA) at KE650771.1:6545255..6545611 on + strand
[13:01:18] Excluding CDS which overlaps existing RNA (repeat_region) at ALVX01000007.1:3719..3988 on + strand
[13:01:18] Excluding CDS which overlaps existing RNA (tRNA) at ALVX01000007.1:56551..56943 on + strand
[13:01:18] Found 6007 CDS
[13:01:18] Connecting features back to sequences
[13:01:18] Not using genus-specific database. Try --usegenus to enable it.
[13:01:18] Annotating CDS, please be patient.
[13:01:18] Will use 12 CPUs for similarity searching.
[13:01:24] There are still 6007 unannotated CDS left (started with 6007)
[13:01:24] Will use blast to search against /root/anaconda3/envs/ulana/db/kingdom/Bacteria/IS with 12 CPUs
[13:01:24] Running: cat prokka_out\/F_welwii\.IS\.tmp\.132\.faa | parallel --gnu --plain -j 12 --block 81463 --recstart '>' --pipe blastp -query - -db /root/anaconda3/envs/ulana/db/kingdom/Bacteria/IS -evalue 1e-30 -qcov_hsp_perc 90 -num_threads 1 -num_descriptions 1 -num_alignments 1 -seg no > prokka_out\/F_welwii\.IS\.tmp\.132\.blast 2> /dev/null
[13:01:36] Deleting unwanted file: prokka_out/F_welwii.IS.tmp.132.faa
[13:01:36] Deleting unwanted file: prokka_out/F_welwii.IS.tmp.132.blast
[13:01:43] There are still 5943 unannotated CDS left (started with 6007)
[13:01:43] Will use blast to search against /root/anaconda3/envs/ulana/db/kingdom/Bacteria/AMR with 12 CPUs
[13:01:43] Running: cat prokka_out\/F_welwii\.AMR\.tmp\.132\.faa | parallel --gnu --plain -j 12 --block 80643 --recstart '>' --pipe blastp -query - -db /root/anaconda3/envs/ulana/db/kingdom/Bacteria/AMR -evalue 1e-300 -qcov_hsp_perc 90 -num_threads 1 -num_descriptions 1 -num_alignments 1 -seg no > prokka_out\/F_welwii\.AMR\.tmp\.132\.blast 2> /dev/null
[13:01:53] Deleting unwanted file: prokka_out/F_welwii.AMR.tmp.132.faa
[13:01:53] Deleting unwanted file: prokka_out/F_welwii.AMR.tmp.132.blast
[13:01:59] There are still 5943 unannotated CDS left (started with 6007)
[13:01:59] Will use blast to search against /root/anaconda3/envs/ulana/db/kingdom/Bacteria/sprot with 12 CPUs
[13:01:59] Running: cat prokka_out\/F_welwii\.sprot\.tmp\.132\.faa | parallel --gnu --plain -j 12 --block 80643 --recstart '>' --pipe blastp -query - -db /root/anaconda3/envs/ulana/db/kingdom/Bacteria/sprot -evalue 1e-09 -qcov_hsp_perc 80 -num_threads 1 -num_descriptions 1 -num_alignments 1 -seg no > prokka_out\/F_welwii\.sprot\.tmp\.132\.blast 2> /dev/null
[13:02:51] Modify product: Carbon dioxide-concentrating mechanism protein CcmK homolog 1 => Carbon dioxide-concentrating mechanism protein CcmK 
[13:02:51] Modify product: Carbon dioxide-concentrating mechanism protein CcmK homolog 2 => Carbon dioxide-concentrating mechanism protein CcmK 
[13:02:51] Modify product: Uncharacterized protein YqeN => putative protein YqeN
[13:02:51] Modify product: Vitamin K epoxide reductase homolog => Vitamin K epoxide reductase 
[13:02:51] Modify product: Uncharacterized oxidoreductase Rv2298 => putative oxidoreductase
[13:02:51] Modify product: Probable 30S ribosomal protein PSRP-3 => putative 30S ribosomal protein PSRP-3
[13:02:51] Modify product: Uncharacterized HTH-type transcriptional regulator Rv1556 => putative HTH-type transcriptional regulator
[13:02:51] Modify product: UPF0210 protein SP_0239 => hypothetical protein
[13:02:51] Modify product: Probable nicotinate-nucleotide pyrophosphorylase [carboxylating] => putative nicotinate-nucleotide pyrophosphorylase [carboxylating]
[13:02:51] Modify product: Uncharacterized protein alr4550 => putative protein
[13:02:51] Modify product: Probable sulfate transporter Rv1739c => putative sulfate transporter
[13:02:51] Modify product: Uncharacterized N-acetyltransferase YafP => putative N-acetyltransferase YafP
[13:02:51] Modify product: Transcriptional repressor SmtB homolog => Transcriptional repressor SmtB 
[13:02:51] Modify product: Uncharacterized protein alr4550 => putative protein
[13:02:51] Modify product: Rqc2 homolog RqcH => Rqc2 RqcH
[13:02:51] Modify product: Uncharacterized protein alr4550 => putative protein
[13:02:51] Modify product: Uncharacterized ABC transporter ATP-binding protein YbiT => putative ABC transporter ATP-binding protein YbiT
[13:02:51] Modify product: Probable iron export permease protein FetB => putative iron export permease protein FetB
[13:02:51] Modify product: Putative hydro-lyase Atu3911 => Putative hydro-lyase
[13:02:51] Modify product: Uncharacterized HTH-type transcriptional regulator YbaQ => putative HTH-type transcriptional regulator YbaQ
[13:02:51] Modify product: Probable adenylyltransferase/sulfurtransferase MoeZ => putative adenylyltransferase/sulfurtransferase MoeZ
[13:02:51] Modify product: Uncharacterized protein DR_1314 => putative protein
[13:02:51] Modify product: Glycogen operon protein GlgX homolog => Glycogen operon protein GlgX 
[13:02:51] Modify product: Uncharacterized sugar epimerase YhfK => putative sugar epimerase YhfK
[13:02:51] Modify product: Uncharacterized amino acid permease YhdG => putative amino acid permease YhdG
[13:02:51] Modify product: Purine-binding protein BAB2_0673 => Purine-binding protein
[13:02:51] Modify product: Probable ketoamine kinase HMPREF0351_12196 => putative ketoamine kinase
[13:02:51] Modify product: Uncharacterized zinc protease Rv2782c => putative zinc protease
[13:02:51] Modify product: Uncharacterized protein DR_1314 => putative protein
[13:02:51] Modify product: Probable serine/threonine-protein kinase PkwA => putative serine/threonine-protein kinase PkwA
[13:02:51] Modify product: Putative monooxygenase Rv0793 => Putative monooxygenase
[13:02:51] Modify product: Probable ABC transporter-binding protein DR_1438 => putative ABC transporter-binding protein
[13:02:51] Modify product: Putative multidrug export ATP-binding/permease protein SAV1866 => Putative multidrug export ATP-binding/permease protein
[13:02:51] Modify product: Uncharacterized protein Rv2030c => putative protein
[13:02:51] Modify product: Uncharacterized protein Rv2030c => putative protein
[13:02:51] Modify product: UPF0098 protein CT_736 => hypothetical protein
[13:02:52] Modify product: Putative multidrug export ATP-binding/permease protein SAV1866 => Putative multidrug export ATP-binding/permease protein
[13:02:52] Modify product: Probable cytochrome c oxidase subunit 1 => putative cytochrome c oxidase subunit 1
[13:02:52] Modify product: Uncharacterized protein Rv1260 => putative protein
[13:02:52] Modify product: Probable manganese catalase => putative manganese catalase
[13:02:52] Modify product: UPF0234 protein MSMEG_1165/MSMEI_1134 => hypothetical protein
[13:02:52] Modify product: Uncharacterized protein HI_1349 => putative protein
[13:02:52] Modify product: Uncharacterized protein Rv2004c => putative protein
[13:02:52] Modify product: Probable D,D-dipeptide transport system permease protein DdpC => putative D,D-dipeptide transport system permease protein DdpC
[13:02:52] Modify product: Uncharacterized protein alr4550 => putative protein
[13:02:52] Modify product: Uncharacterized N-acetyltransferase YsnE => putative N-acetyltransferase YsnE
[13:02:52] Modify product: Uncharacterized glycosyltransferase EpsJ => putative glycosyltransferase EpsJ
[13:02:52] Modify product: Probable murein peptide carboxypeptidase => putative murein peptide carboxypeptidase
[13:02:52] Modify product: GTP cyclohydrolase 1 type 2 homolog => GTP cyclohydrolase 1 type 2 
[13:02:52] Modify product: UPF0145 protein YbjQ => hypothetical protein
[13:02:52] Modify product: Putative cystathionine beta-synthase Rv1077 => Putative cystathionine beta-synthase
[13:02:52] Modify product: Putative transport protein Rv0205 => Putative transport protein
[13:02:52] Modify product: Probable glutaredoxin ssr2061 => putative glutaredoxin
[13:02:52] Modify product: UPF0758 protein YsxA => hypothetical protein
[13:02:52] Modify product: Uncharacterized protein RP812 => putative protein RP812
[13:02:52] Modify product: Putative anti-sigma factor antagonist TM_1442 => Putative anti-sigma factor antagonist
[13:02:52] Modify product: Protein aq_1857 => Protein
[13:02:52] Modify product: Uncharacterized protein Rv0628c => putative protein
[13:02:52] Modify product: Probable dolichyl-phosphate-mannose--protein mannosyltransferase => putative dolichyl-phosphate-mannose--protein mannosyltransferase
[13:02:52] Modify product: Uncharacterized protein HI_1162 => putative protein
[13:02:52] Modify product: GTP-binding protein TypA/BipA homolog => GTP-binding protein TypA/BipA 
[13:02:52] Modify product: Probable protein kinase UbiB => putative protein kinase UbiB
[13:02:52] Modify product: Probable transcriptional regulatory protein DVU_2259 => putative transcriptional regulatory protein
[13:02:52] Modify product: Uncharacterized zinc protease Rv2782c => putative zinc protease
[13:02:52] Modify product: Uncharacterized zinc protease Rv2782c => putative zinc protease
[13:02:52] Modify product: Peptidoglycan-N-acetylglucosamine deacetylase BC_3618 => Peptidoglycan-N-acetylglucosamine deacetylase
[13:02:52] Modify product: Uncharacterized oxidoreductase SA2266 => putative oxidoreductase
[13:02:52] Modify product: Putative acetyltransferase Rv3034c => Putative acetyltransferase
[13:02:52] Modify product: Probable chaperone CsaA => putative chaperone CsaA
[13:02:52] Modify product: Probable fatty acid methyltransferase Rv3720 => putative fatty acid methyltransferase
[13:02:52] Modify product: Probable serine/threonine-protein kinase PkwA => putative serine/threonine-protein kinase PkwA
[13:02:52] Modify product: Uncharacterized protein Rv2067c => putative protein
[13:02:52] Modify product: Probable peptidoglycan glycosyltransferase FtsW => putative peptidoglycan glycosyltransferase FtsW
[13:02:52] Modify product: Probable multidrug resistance ABC transporter ATP-binding/permease protein YheI => putative multidrug resistance ABC transporter ATP-binding/permease protein YheI
[13:02:52] Modify product: UPF0176 protein lpg2838 => hypothetical protein
[13:02:52] Modify product: Glycogen operon protein GlgX homolog => Glycogen operon protein GlgX 
[13:02:52] Modify product: Probable molybdenum cofactor guanylyltransferase => putative molybdenum cofactor guanylyltransferase
[13:02:52] Modify product: Bifunctional protein FolD => Bifunctional protein FolD protein
[13:02:52] Modify product: Putative transport protein Rv0205 => Putative transport protein
[13:02:52] Modify product: Probable zinc-binding alcohol dehydrogenase Rv1895 => putative zinc-binding alcohol dehydrogenase
[13:02:52] Modify product: Probable manganese catalase => putative manganese catalase
[13:02:52] Modify product: Uncharacterized protein Rv2715 => putative protein
[13:02:52] Modify product: Probable ABC transporter-binding protein DR_1571 => putative ABC transporter-binding protein
[13:02:52] Modify product: Epimerase family protein SA0724 => Epimerase family protein
[13:02:52] Modify product: Probable dual-specificity RNA methyltransferase RlmN => putative dual-specificity RNA methyltransferase RlmN
[13:02:52] Modify product: Probable flavin reductase => putative flavin reductase
[13:02:52] Modify product: Uncharacterized protein YciO => putative protein YciO
[13:02:52] Modify product: UPF0754 membrane protein SA1664 => hypothetical protein
[13:02:52] Modify product: Uncharacterized protein HI_1388.1 => putative protein.1
[13:02:52] Modify product: Carbon dioxide-concentrating mechanism protein CcmK homolog 4 => Carbon dioxide-concentrating mechanism protein CcmK 
[13:02:52] Modify product: Probable multidrug ABC transporter permease YbhR => putative multidrug ABC transporter permease YbhR
[13:02:52] Modify product: Probable multidrug ABC transporter permease YbhS => putative multidrug ABC transporter permease YbhS
[13:02:52] Modify product: Uncharacterized protein alr4550 => putative protein
[13:02:52] Modify product: Uncharacterized amino acid permease YhdG => putative amino acid permease YhdG
[13:02:52] Modify product: UPF0053 protein Rv1842c => hypothetical protein
[13:02:52] Modify product: Uncharacterized signaling protein PA1727 => putative signaling protein
[13:02:52] Modify product: Putative phosphoribosyl transferase Rv0571c => Putative phosphoribosyl transferase
[13:02:52] Modify product: Probable 2-phosphosulfolactate phosphatase => putative 2-phosphosulfolactate phosphatase
[13:02:53] Modify product: UPF0060 membrane protein YnfA => hypothetical protein
[13:02:53] Modify product: UPF0382 membrane protein YwdK => hypothetical protein
[13:02:53] Modify product: Uncharacterized protein Rv1708 => putative protein
[13:02:53] Modify product: Uncharacterized HTH-type transcriptional regulator Rv2887 => putative HTH-type transcriptional regulator
[13:02:53] Modify product: Uncharacterized protein Rv1829 => putative protein
[13:02:53] Modify product: Leu/Ile/Val-binding protein homolog 3 => Leu/Ile/Val-binding protein 
[13:02:53] Modify product: Acetyltransferase PA3944 => Acetyltransferase
[13:02:53] Modify product: Uncharacterized protein Rv0887c => putative protein
[13:02:53] Modify product: Probable lipid II flippase MurJ => putative lipid II flippase MurJ
[13:02:53] Modify product: Uncharacterized protein alr4550 => putative protein
[13:02:53] Modify product: Probable zinc-binding alcohol dehydrogenase Rv1895 => putative zinc-binding alcohol dehydrogenase
[13:02:53] Modify product: Probable zinc-binding alcohol dehydrogenase Rv1895 => putative zinc-binding alcohol dehydrogenase
[13:02:53] Modify product: Uncharacterized protein SAV1875 => putative protein
[13:02:53] Modify product: Glycogen operon protein GlgX homolog => Glycogen operon protein GlgX 
[13:02:53] Modify product: Uncharacterized HTH-type transcriptional regulator YbaQ => putative HTH-type transcriptional regulator YbaQ
[13:02:53] Modify product: Phycocyanobilin lyase CpcT homolog => Phycocyanobilin lyase CpcT 
[13:02:53] Modify product: Probable peptidoglycan glycosyltransferase FtsW => putative peptidoglycan glycosyltransferase FtsW
[13:02:53] Modify product: Probable riboflavin import permease protein RfuC => putative riboflavin import permease protein RfuC
[13:02:53] Modify product: Uncharacterized sugar epimerase YhfK => putative sugar epimerase YhfK
[13:02:53] Modify product: Uncharacterized PIN and TRAM-domain containing protein YacL => putative PIN and TRAM-domain containing protein YacL
[13:02:53] Modify product: UPF0761 membrane protein YihY => hypothetical protein
[13:02:53] Modify product: Uncharacterized protein alr4550 => putative protein
[13:02:53] Modify product: Uncharacterized protein Rv0502 => putative protein
[13:02:53] Modify product: Uncharacterized signaling protein PA1727 => putative signaling protein
[13:02:53] Modify product: Probable cytochrome c oxidase subunit 3 => putative cytochrome c oxidase subunit 3
[13:02:53] Modify product: Tricorn protease homolog 1 => Tricorn protease 
[13:02:53] Modify product: Uncharacterized membrane protein Rv2637 => putative membrane protein
[13:02:53] Modify product: 1,4-alpha-glucan branching enzyme TTHA1902 => 1,4-alpha-glucan branching enzyme
[13:02:53] Modify product: Uncharacterized oxidoreductase MSMEG_1603/MSMEI_1564 => putative oxidoreductase/MSMEI_1564
[13:02:53] Modify product: Probable cytosol aminopeptidase => putative cytosol aminopeptidase
[13:02:53] Modify product: Uncharacterized symporter YjmB => putative symporter YjmB
[13:02:53] Modify product: Probable serine/threonine-protein kinase PkwA => putative serine/threonine-protein kinase PkwA
[13:02:53] Modify product: Thioredoxin-like protein slr0233 => Thioredoxin-like protein
[13:02:53] Modify product: Probable undecaprenyl-phosphate N-acetylglucosaminyl 1-phosphate transferase => putative undecaprenyl-phosphate N-acetylglucosaminyl 1-phosphate transferase
[13:02:53] Modify product: N-glycosidase Npun_R5314 => N-glycosidase
[13:02:53] Modify product: Uncharacterized HTH-type transcriptional regulator YusO => putative HTH-type transcriptional regulator YusO
[13:02:53] Modify product: Uncharacterized ABC transporter ATP-binding protein YknY => putative ABC transporter ATP-binding protein YknY
[13:02:53] Modify product: Probable cytochrome c oxidase subunit 3 => putative cytochrome c oxidase subunit 3
[13:02:53] Modify product: Probable ferredoxin/ferredoxin--NADP reductase => putative ferredoxin/ferredoxin--NADP reductase
[13:02:53] Modify product: Uncharacterized protein Rv1290c => putative protein
[13:02:53] Modify product: Uncharacterized transporter Rv2685 => putative transporter
[13:02:53] Modify product: Putative transport protein Rv0205 => Putative transport protein
[13:02:53] Modify product: Putative universal stress protein SA1532 => Putative universal stress protein
[13:02:53] Modify product: Uncharacterized transporter Rv2685 => putative transporter
[13:02:53] Modify product: Probable membrane transporter protein XF_0764 => putative membrane transporter protein
[13:02:53] Modify product: Probable alcohol dehydrogenase AdhA => putative alcohol dehydrogenase AdhA
[13:02:53] Modify product: Probable cysteine desulfurase => putative cysteine desulfurase
[13:02:53] Modify product: Probable ATP-dependent transporter SufC => putative ATP-dependent transporter SufC
[13:02:53] Modify product: UPF0053 inner membrane protein YtfL => hypothetical protein
[13:02:53] Modify product: Uncharacterized sugar transferase EpsL => putative sugar transferase EpsL
[13:02:53] Modify product: Uncharacterized oxidoreductase SA2266 => putative oxidoreductase
[13:02:53] Modify product: Acetyltransferase PA3944 => Acetyltransferase
[13:02:53] Modify product: Acetyltransferase PA3944 => Acetyltransferase
[13:02:53] Modify product: Uncharacterized ABC transporter ATP-binding protein TM_0288 => putative ABC transporter ATP-binding protein
[13:02:53] Modify product: Probable cytochrome c oxidase subunit 1 => putative cytochrome c oxidase subunit 1
[13:02:53] Modify product: Probable cytochrome c oxidase subunit 3 => putative cytochrome c oxidase subunit 3
[13:02:54] Modify product: Probable murein peptide carboxypeptidase => putative murein peptide carboxypeptidase
[13:02:54] Modify product: Protease HtpX homolog => Protease HtpX 
[13:02:54] Modify product: Uncharacterized protein Rv2307c => putative protein
[13:02:54] Modify product: Probable copper-transporting ATPase PacS => putative copper-transporting ATPase PacS
[13:02:54] Modify product: Probable RNA 2'-phosphotransferase => putative RNA 2'-phosphotransferase
[13:02:54] Modify product: Probable diguanylate cyclase DgcE => putative diguanylate cyclase DgcE
[13:02:54] Modify product: Putative permease Rv2963 => Putative permease
[13:02:54] Modify product: Phosphate-specific transport system accessory protein PhoU homolog => Phosphate-specific transport system accessory protein PhoU 
[13:02:54] Modify product: Uncharacterized protein alr4550 => putative protein
[13:02:54] Modify product: Phage shock protein A homolog => Phage shock protein A 
[13:02:54] Modify product: Phage shock protein A homolog => Phage shock protein A 
[13:02:54] Modify product: UPF0056 inner membrane protein YhgN => hypothetical protein
[13:02:54] Modify product: Uncharacterized FAD-linked oxidoreductase Rv2280 => putative FAD-linked oxidoreductase
[13:02:54] Modify product: NADH dehydrogenase-like protein SAOUHSC_00878 => NADH dehydrogenase-like protein
[13:02:54] Modify product: Uncharacterized ABC transporter ATP-binding protein YknY => putative ABC transporter ATP-binding protein YknY
[13:02:54] Modify product: Putative low molecular weight protein-tyrosine-phosphatase slr0328 => Putative low molecular weight protein-tyrosine-phosphatase
[13:02:54] Modify product: Uncharacterized HTH-type transcriptional regulator YybR => putative HTH-type transcriptional regulator YybR
[13:02:54] Modify product: Uncharacterized FAD-linked oxidoreductase Rv2280 => putative FAD-linked oxidoreductase
[13:02:54] Modify product: Uncharacterized oxidoreductase ORF5 in fasciation locus => putative oxidoreductase ORF5 in fasciation locus
[13:02:54] Modify product: Uncharacterized ABC transporter ATP-binding protein YknY => putative ABC transporter ATP-binding protein YknY
[13:02:54] Modify product: Probable siderophore-binding lipoprotein YfiY => putative siderophore-binding lipoprotein YfiY
[13:02:54] Modify product: Probable siderophore transport system ATP-binding protein YusV => putative siderophore transport system ATP-binding protein YusV
[13:02:54] Modify product: Probable siderophore transport system permease protein YfhA => putative siderophore transport system permease protein YfhA
[13:02:54] Modify product: Probable siderophore transport system permease protein YfiZ => putative siderophore transport system permease protein YfiZ
[13:02:54] Modify product: Uncharacterized protein alr4550 => putative protein
[13:02:54] Modify product: Probable transporter SCO4007 => putative transporter
[13:02:54] Cleaned 180 /product names
[13:02:54] Deleting unwanted file: prokka_out/F_welwii.sprot.tmp.132.faa
[13:02:54] Deleting unwanted file: prokka_out/F_welwii.sprot.tmp.132.blast
[13:02:58] There are still 4079 unannotated CDS left (started with 6007)
[13:02:58] Will use hmmer3 to search against /root/anaconda3/envs/ulana/db/hmm/HAMAP.hmm with 12 CPUs
[13:02:58] Running: cat prokka_out\/F_welwii\.HAMAP\.hmm\.tmp\.132\.faa | parallel --gnu --plain -j 12 --block 52399 --recstart '>' --pipe hmmscan --noali --notextw --acc -E 1e-09 --cpu 1 /root/anaconda3/envs/ulana/db/hmm/HAMAP.hmm /dev/stdin > prokka_out\/F_welwii\.HAMAP\.hmm\.tmp\.132\.hmmer3 2> /dev/null
[13:03:23] Deleting unwanted file: prokka_out/F_welwii.HAMAP.hmm.tmp.132.faa
[13:03:23] Deleting unwanted file: prokka_out/F_welwii.HAMAP.hmm.tmp.132.hmmer3
[13:03:23] Labelling remaining 3435 proteins as 'hypothetical protein'
[13:03:23] Possible /pseudo 'dCTP deaminase, dUMP-forming' at KE650771.1 position 157134
[13:03:23] Possible /pseudo 'Sensor histidine kinase RcsC' at KE650771.1 position 634618
[13:03:23] Possible /pseudo 'Tol-Pal system protein TolB' at KE650771.1 position 1069085
[13:03:23] Possible /pseudo 'D-inositol-3-phosphate glycosyltransferase' at KE650771.1 position 1255327
[13:03:23] Possible /pseudo 'Serine/threonine-protein kinase PknD' at KE650771.1 position 1260095
[13:03:23] Possible /pseudo 'Serine/threonine-protein kinase PknD' at KE650771.1 position 1407892
[13:03:23] Possible /pseudo 'Protein PatA' at KE650771.1 position 1666094
[13:03:23] Possible /pseudo 'IS630 family transposase ISAcma28' at KE650771.1 position 1920277
[13:03:23] Possible /pseudo 'Sensor histidine kinase RcsC' at KE650771.1 position 2031076
[13:03:23] Possible /pseudo 'putative zinc protease' at KE650771.1 position 2053235
[13:03:23] Possible /pseudo 'putative protein' at KE650771.1 position 2152691
[13:03:23] Possible /pseudo 'Adaptive-response sensory-kinase SasA' at KE650771.1 position 2191585
[13:03:23] Possible /pseudo 'Hercynine oxygenase' at KE650771.1 position 2207064
[13:03:23] Possible /pseudo 'DNA-directed RNA polymerase subunit beta'' at KE650771.1 position 2222410
[13:03:23] Possible /pseudo 'IS200/IS605 family transposase ISTel2' at KE650771.1 position 2639555
[13:03:23] Possible /pseudo 'Carbon dioxide-concentrating mechanism protein CcmK ' at KE650771.1 position 2706305
[13:03:23] Possible /pseudo 'ATP-dependent Clp protease proteolytic subunit' at KE650771.1 position 2968355
[13:03:23] Possible /pseudo 'Sensor histidine kinase RcsC' at KE650771.1 position 3069898
[13:03:23] Possible /pseudo 'Serine/threonine-protein kinase PknD' at KE650771.1 position 3329402
[13:03:23] Possible /pseudo 'D-inositol-3-phosphate glycosyltransferase' at KE650771.1 position 3396701
[13:03:23] Possible /pseudo 'ISAzo13 family transposase ISMae28' at KE650771.1 position 3672410
[13:03:23] Possible /pseudo 'Acetyltransferase' at KE650771.1 position 3731730
[13:03:23] Possible /pseudo 'IS1634 family transposase ISAva4' at KE650771.1 position 3825119
[13:03:23] Possible /pseudo 'Phycobilisome rod-core linker polypeptide CpcG4' at KE650771.1 position 3993070
[13:03:23] Possible /pseudo 'Photosystem I reaction center subunit PsaK' at KE650771.1 position 4287799
[13:03:23] Possible /pseudo 'Protein-glutamate methylesterase/protein-glutamine glutaminase' at KE650771.1 position 4390918
[13:03:23] Possible /pseudo 'D-inositol-3-phosphate glycosyltransferase' at KE650771.1 position 4577174
[13:03:23] Possible /pseudo 'D-inositol-3-phosphate glycosyltransferase' at KE650771.1 position 4578493
[13:03:23] Possible /pseudo 'D-inositol-3-phosphate glycosyltransferase' at KE650771.1 position 4579802
[13:03:23] Possible /pseudo 'D-inositol-3-phosphate glycosyltransferase' at KE650771.1 position 4580894
[13:03:23] Possible /pseudo 'D-inositol-3-phosphate glycosyltransferase' at KE650771.1 position 4582137
[13:03:23] Possible /pseudo 'Alkaline phosphatase synthesis transcriptional regulatory protein PhoP' at KE650771.1 position 4621121
[13:03:23] Possible /pseudo 'D-inositol-3-phosphate glycosyltransferase' at KE650771.1 position 4739915
[13:03:23] Possible /pseudo 'Orange carotenoid-binding protein' at KE650771.1 position 4779026
[13:03:23] Possible /pseudo 'Sensor histidine kinase RcsC' at KE650771.1 position 4922300
[13:03:23] Possible /pseudo 'Sensor histidine kinase RcsC' at KE650771.1 position 5283192
[13:03:23] Possible /pseudo 'Hopanoid C-2 methylase' at KE650771.1 position 5539659
[13:03:23] Possible /pseudo 'Putative protein-methionine-sulfoxide reductase subunit YedZ1' at KE650771.1 position 5689057
[13:03:23] Possible /pseudo 'Phage shock protein A ' at KE650771.1 position 6051482
[13:03:23] Possible /pseudo 'Aminopyrrolnitrin oxygenase PrnD' at KE650771.1 position 6310183
[13:03:23] Possible /pseudo 'Aminopyrrolnitrin oxygenase PrnD' at KE650771.1 position 6311458
[13:03:23] Possible /pseudo 'Aminopyrrolnitrin oxygenase PrnD' at KE650771.1 position 6312728
[13:03:23] Possible /pseudo 'IS630 family transposase ISAcma28' at KE650771.1 position 6339294
[13:03:23] Possible /pseudo 'Linear gramicidin synthase subunit D' at KE650771.1 position 6416194
[13:03:23] Possible /pseudo 'Linear gramicidin synthase subunit D' at KE650771.1 position 6434271
[13:03:23] Possible /pseudo 'putative zinc-binding alcohol dehydrogenase' at KE650771.1 position 6552932
[13:03:23] Possible /pseudo 'Sensor histidine kinase RcsC' at KE650771.1 position 6558099
[13:03:23] Possible /pseudo 'Phenolphthiocerol synthesis polyketide synthase type I Pks15/1' at KE650771.1 position 6709257
[13:03:23] Possible /pseudo 'D-alanine--D-alanyl carrier protein ligase' at KE650771.1 position 6716755
[13:03:23] Found 1455 unique /gene codes.
[13:03:23] Fixed 2 duplicate /gene - hlyD_1 hlyD_2
[13:03:23] Fixed 2 duplicate /gene - gcvT_1 gcvT_2
[13:03:23] Fixed 4 duplicate /gene - ubiB_1 ubiB_2 ubiB_3 ubiB_4
[13:03:23] Fixed 2 duplicate /gene - vraR_1 vraR_2
[13:03:23] Fixed 2 duplicate /gene - dinG_1 dinG_2
[13:03:23] Fixed 2 duplicate /gene - ftsH2_1 ftsH2_2
[13:03:23] Fixed 2 duplicate /gene - lgt_1 lgt_2
[13:03:23] Fixed 2 duplicate /gene - aqpZ_1 aqpZ_2
[13:03:23] Fixed 2 duplicate /gene - cas2_1 cas2_2
[13:03:23] Fixed 3 duplicate /gene - fabH_1 fabH_2 fabH_3
[13:03:23] Fixed 2 duplicate /gene - engB_1 engB_2
[13:03:23] Fixed 2 duplicate /gene - norV_1 norV_2
[13:03:23] Fixed 2 duplicate /gene - ggt_1 ggt_2
[13:03:23] Fixed 2 duplicate /gene - kdpC_1 kdpC_2
[13:03:23] Fixed 2 duplicate /gene - trpA_1 trpA_2
[13:03:23] Fixed 2 duplicate /gene - trmR_1 trmR_2
[13:03:23] Fixed 2 duplicate /gene - yabJ_1 yabJ_2
[13:03:23] Fixed 18 duplicate /gene - ycf3_1 ycf3_2 ycf3_3 ycf3_4 ycf3_5 ycf3_6 ycf3_7 ycf3_8 ycf3_9 ycf3_10 ycf3_11 ycf3_12 ycf3_13 ycf3_14 ycf3_15 ycf3_16 ycf3_17 ycf3_18
[13:03:23] Fixed 5 duplicate /gene - ftsH_1 ftsH_2 ftsH_3 ftsH_4 ftsH_5
[13:03:23] Fixed 3 duplicate /gene - mgtA_1 mgtA_2 mgtA_3
[13:03:23] Fixed 2 duplicate /gene - fbiC_1 fbiC_2
[13:03:23] Fixed 5 duplicate /gene - bepA_1 bepA_2 bepA_3 bepA_4 bepA_5
[13:03:23] Fixed 2 duplicate /gene - rlpA_1 rlpA_2
[13:03:23] Fixed 2 duplicate /gene - kaiB_1 kaiB_2
[13:03:23] Fixed 6 duplicate /gene - auaH_1 auaH_2 auaH_3 auaH_4 auaH_5 auaH_6
[13:03:23] Fixed 2 duplicate /gene - gutB_1 gutB_2
[13:03:23] Fixed 3 duplicate /gene - emrA_1 emrA_2 emrA_3
[13:03:23] Fixed 3 duplicate /gene - dfa5_1 dfa5_2 dfa5_3
[13:03:23] Fixed 2 duplicate /gene - mfppA_1 mfppA_2
[13:03:23] Fixed 11 duplicate /gene - xerC_1 xerC_2 xerC_3 xerC_4 xerC_5 xerC_6 xerC_7 xerC_8 xerC_9 xerC_10 xerC_11
[13:03:23] Fixed 2 duplicate /gene - rutD_1 rutD_2
[13:03:23] Fixed 2 duplicate /gene - map_1 map_2
[13:03:23] Fixed 2 duplicate /gene - dfa3_1 dfa3_2
[13:03:23] Fixed 2 duplicate /gene - rnr_1 rnr_2
[13:03:23] Fixed 2 duplicate /gene - aspC_1 aspC_2
[13:03:23] Fixed 3 duplicate /gene - hcaB_1 hcaB_2 hcaB_3
[13:03:23] Fixed 2 duplicate /gene - nuoL_1 nuoL_2
[13:03:23] Fixed 3 duplicate /gene - psbA2_1 psbA2_2 psbA2_3
[13:03:23] Fixed 3 duplicate /gene - entS_1 entS_2 entS_3
[13:03:23] Fixed 3 duplicate /gene - yknY_1 yknY_2 yknY_3
[13:03:23] Fixed 2 duplicate /gene - devR_1 devR_2
[13:03:23] Fixed 5 duplicate /gene - cheB_1 cheB_2 cheB_3 cheB_4 cheB_5
[13:03:23] Fixed 2 duplicate /gene - ispG_1 ispG_2
[13:03:23] Fixed 3 duplicate /gene - livH_1 livH_2 livH_3
[13:03:23] Fixed 2 duplicate /gene - pbsA1_1 pbsA1_2
[13:03:23] Fixed 3 duplicate /gene - bshA_1 bshA_2 bshA_3
[13:03:23] Fixed 3 duplicate /gene - dxs_1 dxs_2 dxs_3
[13:03:23] Fixed 3 duplicate /gene - petJ_1 petJ_2 petJ_3
[13:03:23] Fixed 15 duplicate /gene - COQ5_1 COQ5_2 COQ5_3 COQ5_4 COQ5_5 COQ5_6 COQ5_7 COQ5_8 COQ5_9 COQ5_10 COQ5_11 COQ5_12 COQ5_13 COQ5_14 COQ5_15
[13:03:23] Fixed 2 duplicate /gene - prmA_1 prmA_2
[13:03:23] Fixed 2 duplicate /gene - prk_1 prk_2
[13:03:23] Fixed 2 duplicate /gene - trxA_1 trxA_2
[13:03:23] Fixed 2 duplicate /gene - nfuA_1 nfuA_2
[13:03:23] Fixed 3 duplicate /gene - glgX_1 glgX_2 glgX_3
[13:03:23] Fixed 2 duplicate /gene - kdpA_1 kdpA_2
[13:03:23] Fixed 7 duplicate /gene - rssB_1 rssB_2 rssB_3 rssB_4 rssB_5 rssB_6 rssB_7
[13:03:23] Fixed 3 duplicate /gene - livQ_1 livQ_2 livQ_3
[13:03:23] Fixed 2 duplicate /gene - trpC_1 trpC_2
[13:03:23] Fixed 2 duplicate /gene - pyrC_1 pyrC_2
[13:03:23] Fixed 2 duplicate /gene - yhdG_1 yhdG_2
[13:03:23] Fixed 2 duplicate /gene - pacL_1 pacL_2
[13:03:23] Fixed 2 duplicate /gene - tkt_1 tkt_2
[13:03:23] Fixed 2 duplicate /gene - kmo_1 kmo_2
[13:03:23] Fixed 6 duplicate /gene - COQ3_1 COQ3_2 COQ3_3 COQ3_4 COQ3_5 COQ3_6
[13:03:23] Fixed 2 duplicate /gene - dpnM_1 dpnM_2
[13:03:23] Fixed 2 duplicate /gene - tolR_1 tolR_2
[13:03:23] Fixed 3 duplicate /gene - cugP_1 cugP_2 cugP_3
[13:03:23] Fixed 2 duplicate /gene - pstA_1 pstA_2
[13:03:23] Fixed 2 duplicate /gene - pfp_1 pfp_2
[13:03:23] Fixed 3 duplicate /gene - pcxA_1 pcxA_2 pcxA_3
[13:03:23] Fixed 3 duplicate /gene - leuA_1 leuA_2 leuA_3
[13:03:23] Fixed 4 duplicate /gene - pstS_1 pstS_2 pstS_3 pstS_4
[13:03:23] Fixed 2 duplicate /gene - srkA_1 srkA_2
[13:03:23] Fixed 2 duplicate /gene - mntB_1 mntB_2
[13:03:23] Fixed 3 duplicate /gene - der_1 der_2 der_3
[13:03:23] Fixed 2 duplicate /gene - araQ_1 araQ_2
[13:03:23] Fixed 2 duplicate /gene - metG_1 metG_2
[13:03:23] Fixed 2 duplicate /gene - crtNb_1 crtNb_2
[13:03:23] Fixed 2 duplicate /gene - ndhH_1 ndhH_2
[13:03:23] Fixed 4 duplicate /gene - ctaD_1 ctaD_2 ctaD_3 ctaD_4
[13:03:23] Fixed 4 duplicate /gene - dltA_1 dltA_2 dltA_3 dltA_4
[13:03:23] Fixed 2 duplicate /gene - lolD_1 lolD_2
[13:03:23] Fixed 3 duplicate /gene - dnaB_1 dnaB_2 dnaB_3
[13:03:23] Fixed 3 duplicate /gene - merA_1 merA_2 merA_3
[13:03:23] Fixed 2 duplicate /gene - glnA_1 glnA_2
[13:03:23] Fixed 3 duplicate /gene - tadA_1 tadA_2 tadA_3
[13:03:23] Fixed 3 duplicate /gene - arnT_1 arnT_2 arnT_3
[13:03:23] Fixed 11 duplicate /gene - arnC_1 arnC_2 arnC_3 arnC_4 arnC_5 arnC_6 arnC_7 arnC_8 arnC_9 arnC_10 arnC_11
[13:03:23] Fixed 3 duplicate /gene - metK_1 metK_2 metK_3
[13:03:23] Fixed 3 duplicate /gene - cmpB_1 cmpB_2 cmpB_3
[13:03:23] Fixed 11 duplicate /gene - egtB_1 egtB_2 egtB_3 egtB_4 egtB_5 egtB_6 egtB_7 egtB_8 egtB_9 egtB_10 egtB_11
[13:03:23] Fixed 2 duplicate /gene - apcD_1 apcD_2
[13:03:23] Fixed 2 duplicate /gene - lagD_1 lagD_2
[13:03:23] Fixed 2 duplicate /gene - pepP_1 pepP_2
[13:03:23] Fixed 2 duplicate /gene - bchE_1 bchE_2
[13:03:23] Fixed 3 duplicate /gene - ndhB_1 ndhB_2 ndhB_3
[13:03:23] Fixed 3 duplicate /gene - cysA_1 cysA_2 cysA_3
[13:03:23] Fixed 2 duplicate /gene - petF_1 petF_2
[13:03:23] Fixed 2 duplicate /gene - lnrK_1 lnrK_2
[13:03:23] Fixed 4 duplicate /gene - ndbB_1 ndbB_2 ndbB_3 ndbB_4
[13:03:23] Fixed 3 duplicate /gene - ppsA_1 ppsA_2 ppsA_3
[13:03:23] Fixed 2 duplicate /gene - ydbD_1 ydbD_2
[13:03:23] Fixed 5 duplicate /gene - moaA_1 moaA_2 moaA_3 moaA_4 moaA_5
[13:03:23] Fixed 2 duplicate /gene - mdtB_1 mdtB_2
[13:03:23] Fixed 5 duplicate /gene - pipB2_1 pipB2_2 pipB2_3 pipB2_4 pipB2_5
[13:03:23] Fixed 2 duplicate /gene - gpmB_1 gpmB_2
[13:03:23] Fixed 5 duplicate /gene - xerD_1 xerD_2 xerD_3 xerD_4 xerD_5
[13:03:23] Fixed 2 duplicate /gene - hcnC_1 hcnC_2
[13:03:23] Fixed 2 duplicate /gene - gyrA_1 gyrA_2
[13:03:23] Fixed 3 duplicate /gene - rpsU1_1 rpsU1_2 rpsU1_3
[13:03:23] Fixed 3 duplicate /gene - cph1_1 cph1_2 cph1_3
[13:03:23] Fixed 3 duplicate /gene - ltxD_1 ltxD_2 ltxD_3
[13:03:23] Fixed 3 duplicate /gene - sir_1 sir_2 sir_3
[13:03:23] Fixed 35 duplicate /gene - sasA_1 sasA_2 sasA_3 sasA_4 sasA_5 sasA_6 sasA_7 sasA_8 sasA_9 sasA_10 sasA_11 sasA_12 sasA_13 sasA_14 sasA_15 sasA_16 sasA_17 sasA_18 sasA_19 sasA_20 sasA_21 sasA_22 sasA_23 sasA_24 sasA_25 sasA_26 sasA_27 sasA_28 sasA_29 sasA_30 sasA_31 sasA_32 sasA_33 sasA_34 sasA_35
[13:03:23] Fixed 3 duplicate /gene - xynZ_1 xynZ_2 xynZ_3
[13:03:23] Fixed 2 duplicate /gene - adk_1 adk_2
[13:03:23] Fixed 2 duplicate /gene - ndhK1_1 ndhK1_2
[13:03:23] Fixed 2 duplicate /gene - resA_1 resA_2
[13:03:23] Fixed 2 duplicate /gene - mltF_1 mltF_2
[13:03:23] Fixed 2 duplicate /gene - stp_1 stp_2
[13:03:23] Fixed 2 duplicate /gene - pksE_1 pksE_2
[13:03:23] Fixed 2 duplicate /gene - lpxB_1 lpxB_2
[13:03:23] Fixed 3 duplicate /gene - petB_1 petB_2 petB_3
[13:03:23] Fixed 2 duplicate /gene - dapL_1 dapL_2
[13:03:23] Fixed 5 duplicate /gene - macB_1 macB_2 macB_3 macB_4 macB_5
[13:03:23] Fixed 2 duplicate /gene - gmd_1 gmd_2
[13:03:23] Fixed 3 duplicate /gene - lnrL_1 lnrL_2 lnrL_3
[13:03:23] Fixed 3 duplicate /gene - bacC_1 bacC_2 bacC_3
[13:03:23] Fixed 2 duplicate /gene - mntH_1 mntH_2
[13:03:23] Fixed 3 duplicate /gene - hspA_1 hspA_2 hspA_3
[13:03:23] Fixed 2 duplicate /gene - sppA_1 sppA_2
[13:03:23] Fixed 26 duplicate /gene - btuD_1 btuD_2 btuD_3 btuD_4 btuD_5 btuD_6 btuD_7 btuD_8 btuD_9 btuD_10 btuD_11 btuD_12 btuD_13 btuD_14 btuD_15 btuD_16 btuD_17 btuD_18 btuD_19 btuD_20 btuD_21 btuD_22 btuD_23 btuD_24 btuD_25 btuD_26
[13:03:23] Fixed 2 duplicate /gene - cbiM_1 cbiM_2
[13:03:23] Fixed 3 duplicate /gene - glpE_1 glpE_2 glpE_3
[13:03:23] Fixed 2 duplicate /gene - nucH_1 nucH_2
[13:03:23] Fixed 3 duplicate /gene - desV_1 desV_2 desV_3
[13:03:23] Fixed 2 duplicate /gene - relA_1 relA_2
[13:03:23] Fixed 2 duplicate /gene - pncB2_1 pncB2_2
[13:03:23] Fixed 4 duplicate /gene - bamA_1 bamA_2 bamA_3 bamA_4
[13:03:23] Fixed 2 duplicate /gene - dxr_1 dxr_2
[13:03:23] Fixed 2 duplicate /gene - def_1 def_2
[13:03:23] Fixed 2 duplicate /gene - coaE_1 coaE_2
[13:03:23] Fixed 5 duplicate /gene - ndhD1_1 ndhD1_2 ndhD1_3 ndhD1_4 ndhD1_5
[13:03:23] Fixed 3 duplicate /gene - tal_1 tal_2 tal_3
[13:03:23] Fixed 5 duplicate /gene - htrA_1 htrA_2 htrA_3 htrA_4 htrA_5
[13:03:23] Fixed 2 duplicate /gene - galE_1 galE_2
[13:03:23] Fixed 3 duplicate /gene - cmoM_1 cmoM_2 cmoM_3
[13:03:23] Fixed 2 duplicate /gene - menA_1 menA_2
[13:03:23] Fixed 2 duplicate /gene - fabF_1 fabF_2
[13:03:23] Fixed 2 duplicate /gene - hemH_1 hemH_2
[13:03:23] Fixed 2 duplicate /gene - yedY1_1 yedY1_2
[13:03:23] Fixed 55 duplicate /gene - rcsC_1 rcsC_2 rcsC_3 rcsC_4 rcsC_5 rcsC_6 rcsC_7 rcsC_8 rcsC_9 rcsC_10 rcsC_11 rcsC_12 rcsC_13 rcsC_14 rcsC_15 rcsC_16 rcsC_17 rcsC_18 rcsC_19 rcsC_20 rcsC_21 rcsC_22 rcsC_23 rcsC_24 rcsC_25 rcsC_26 rcsC_27 rcsC_28 rcsC_29 rcsC_30 rcsC_31 rcsC_32 rcsC_33 rcsC_34 rcsC_35 rcsC_36 rcsC_37 rcsC_38 rcsC_39 rcsC_40 rcsC_41 rcsC_42 rcsC_43 rcsC_44 rcsC_45 rcsC_46 rcsC_47 rcsC_48 rcsC_49 rcsC_50 rcsC_51 rcsC_52 rcsC_53 rcsC_54 rcsC_55
[13:03:23] Fixed 2 duplicate /gene - fcl_1 fcl_2
[13:03:23] Fixed 2 duplicate /gene - cobD_1 cobD_2
[13:03:23] Fixed 2 duplicate /gene - pal_1 pal_2
[13:03:23] Fixed 2 duplicate /gene - trpD2_1 trpD2_2
[13:03:23] Fixed 3 duplicate /gene - iscS_1 iscS_2 iscS_3
[13:03:23] Fixed 3 duplicate /gene - yqjG_1 yqjG_2 yqjG_3
[13:03:23] Fixed 2 duplicate /gene - vapC_1 vapC_2
[13:03:23] Fixed 5 duplicate /gene - htpX_1 htpX_2 htpX_3 htpX_4 htpX_5
[13:03:23] Fixed 2 duplicate /gene - ureG_1 ureG_2
[13:03:23] Fixed 2 duplicate /gene - cysR_1 cysR_2
[13:03:23] Fixed 2 duplicate /gene - pbpG_1 pbpG_2
[13:03:23] Fixed 3 duplicate /gene - degU_1 degU_2 degU_3
[13:03:23] Fixed 2 duplicate /gene - wbgU_1 wbgU_2
[13:03:23] Fixed 2 duplicate /gene - tagU_1 tagU_2
[13:03:23] Fixed 3 duplicate /gene - psbA3_1 psbA3_2 psbA3_3
[13:03:23] Fixed 2 duplicate /gene - icfA_1 icfA_2
[13:03:23] Fixed 7 duplicate /gene - dnaJ_1 dnaJ_2 dnaJ_3 dnaJ_4 dnaJ_5 dnaJ_6 dnaJ_7
[13:03:23] Fixed 3 duplicate /gene - livF_1 livF_2 livF_3
[13:03:23] Fixed 2 duplicate /gene - pdxH_1 pdxH_2
[13:03:23] Fixed 6 duplicate /gene - sigA2_1 sigA2_2 sigA2_3 sigA2_4 sigA2_5 sigA2_6
[13:03:23] Fixed 2 duplicate /gene - pyk_1 pyk_2
[13:03:23] Fixed 2 duplicate /gene - cpcG4_1 cpcG4_2
[13:03:23] Fixed 2 duplicate /gene - clcA_1 clcA_2
[13:03:23] Fixed 2 duplicate /gene - rhlE_1 rhlE_2
[13:03:23] Fixed 3 duplicate /gene - pds_1 pds_2 pds_3
[13:03:23] Fixed 44 duplicate /gene - pknD_1 pknD_2 pknD_3 pknD_4 pknD_5 pknD_6 pknD_7 pknD_8 pknD_9 pknD_10 pknD_11 pknD_12 pknD_13 pknD_14 pknD_15 pknD_16 pknD_17 pknD_18 pknD_19 pknD_20 pknD_21 pknD_22 pknD_23 pknD_24 pknD_25 pknD_26 pknD_27 pknD_28 pknD_29 pknD_30 pknD_31 pknD_32 pknD_33 pknD_34 pknD_35 pknD_36 pknD_37 pknD_38 pknD_39 pknD_40 pknD_41 pknD_42 pknD_43 pknD_44
[13:03:23] Fixed 3 duplicate /gene - fusA_1 fusA_2 fusA_3
[13:03:23] Fixed 3 duplicate /gene - pkwA_1 pkwA_2 pkwA_3
[13:03:23] Fixed 2 duplicate /gene - apaH_1 apaH_2
[13:03:23] Fixed 2 duplicate /gene - glgA_1 glgA_2
[13:03:23] Fixed 2 duplicate /gene - psbD1_1 psbD1_2
[13:03:23] Fixed 2 duplicate /gene - ykfA_1 ykfA_2
[13:03:23] Fixed 2 duplicate /gene - rpoD_1 rpoD_2
[13:03:23] Fixed 4 duplicate /gene - lptB_1 lptB_2 lptB_3 lptB_4
[13:03:23] Fixed 3 duplicate /gene - iolS_1 iolS_2 iolS_3
[13:03:23] Fixed 4 duplicate /gene - prnD_1 prnD_2 prnD_3 prnD_4
[13:03:23] Fixed 2 duplicate /gene - ybaQ_1 ybaQ_2
[13:03:23] Fixed 2 duplicate /gene - nemA_1 nemA_2
[13:03:23] Fixed 7 duplicate /gene - fabG_1 fabG_2 fabG_3 fabG_4 fabG_5 fabG_6 fabG_7
[13:03:23] Fixed 2 duplicate /gene - clpC_1 clpC_2
[13:03:23] Fixed 36 duplicate /gene - mshA_1 mshA_2 mshA_3 mshA_4 mshA_5 mshA_6 mshA_7 mshA_8 mshA_9 mshA_10 mshA_11 mshA_12 mshA_13 mshA_14 mshA_15 mshA_16 mshA_17 mshA_18 mshA_19 mshA_20 mshA_21 mshA_22 mshA_23 mshA_24 mshA_25 mshA_26 mshA_27 mshA_28 mshA_29 mshA_30 mshA_31 mshA_32 mshA_33 mshA_34 mshA_35 mshA_36
[13:03:23] Fixed 2 duplicate /gene - rnc_1 rnc_2
[13:03:23] Fixed 3 duplicate /gene - tldD_1 tldD_2 tldD_3
[13:03:23] Fixed 2 duplicate /gene - qmcA_1 qmcA_2
[13:03:23] Fixed 3 duplicate /gene - kdpB_1 kdpB_2 kdpB_3
[13:03:23] Fixed 2 duplicate /gene - htpG_1 htpG_2
[13:03:23] Fixed 2 duplicate /gene - hcaR_1 hcaR_2
[13:03:23] Fixed 5 duplicate /gene - smc_1 smc_2 smc_3 smc_4 smc_5
[13:03:23] Fixed 2 duplicate /gene - upp_1 upp_2
[13:03:23] Fixed 3 duplicate /gene - petD_1 petD_2 petD_3
[13:03:23] Fixed 3 duplicate /gene - nhaS3_1 nhaS3_2 nhaS3_3
[13:03:23] Fixed 3 duplicate /gene - cas1_1 cas1_2 cas1_3
[13:03:23] Fixed 2 duplicate /gene - nasF_1 nasF_2
[13:03:23] Fixed 3 duplicate /gene - lacF_1 lacF_2 lacF_3
[13:03:23] Fixed 3 duplicate /gene - mtgA_1 mtgA_2 mtgA_3
[13:03:23] Fixed 2 duplicate /gene - gnl_1 gnl_2
[13:03:23] Fixed 2 duplicate /gene - btuB_1 btuB_2
[13:03:23] Fixed 3 duplicate /gene - bepE_1 bepE_2 bepE_3
[13:03:23] Fixed 2 duplicate /gene - cheR_1 cheR_2
[13:03:23] Fixed 2 duplicate /gene - arnE_1 arnE_2
[13:03:23] Fixed 2 duplicate /gene - ispH_1 ispH_2
[13:03:23] Fixed 2 duplicate /gene - gloB_1 gloB_2
[13:03:23] Fixed 4 duplicate /gene - aroF_1 aroF_2 aroF_3 aroF_4
[13:03:23] Fixed 4 duplicate /gene - noc_1 noc_2 noc_3 noc_4
[13:03:23] Fixed 14 duplicate /gene - tolB_1 tolB_2 tolB_3 tolB_4 tolB_5 tolB_6 tolB_7 tolB_8 tolB_9 tolB_10 tolB_11 tolB_12 tolB_13 tolB_14
[13:03:23] Fixed 2 duplicate /gene - psaB1_1 psaB1_2
[13:03:23] Fixed 2 duplicate /gene - dapF_1 dapF_2
[13:03:23] Fixed 2 duplicate /gene - sphR_1 sphR_2
[13:03:23] Fixed 6 duplicate /gene - patA_1 patA_2 patA_3 patA_4 patA_5 patA_6
[13:03:23] Fixed 2 duplicate /gene - emrB_1 emrB_2
[13:03:23] Fixed 2 duplicate /gene - nhaP2_1 nhaP2_2
[13:03:23] Fixed 2 duplicate /gene - rsbW_1 rsbW_2
[13:03:23] Fixed 2 duplicate /gene - cefD_1 cefD_2
[13:03:23] Fixed 2 duplicate /gene - tycC_1 tycC_2
[13:03:23] Fixed 2 duplicate /gene - mlaE_1 mlaE_2
[13:03:23] Fixed 2 duplicate /gene - dnaN_1 dnaN_2
[13:03:23] Fixed 2 duplicate /gene - tcrA_1 tcrA_2
[13:03:23] Fixed 3 duplicate /gene - cmpC_1 cmpC_2 cmpC_3
[13:03:23] Fixed 2 duplicate /gene - wcaJ_1 wcaJ_2
[13:03:23] Fixed 2 duplicate /gene - infC_1 infC_2
[13:03:23] Fixed 3 duplicate /gene - liaR_1 liaR_2 liaR_3
[13:03:23] Fixed 3 duplicate /gene - ndhI_1 ndhI_2 ndhI_3
[13:03:23] Fixed 2 duplicate /gene - yhfK_1 yhfK_2
[13:03:23] Fixed 5 duplicate /gene - mprA_1 mprA_2 mprA_3 mprA_4 mprA_5
[13:03:23] Fixed 6 duplicate /gene - menH_1 menH_2 menH_3 menH_4 menH_5 menH_6
[13:03:23] Fixed 2 duplicate /gene - clpS_1 clpS_2
[13:03:23] Fixed 2 duplicate /gene - suhB_1 suhB_2
[13:03:23] Fixed 3 duplicate /gene - psaK_1 psaK_2 psaK_3
[13:03:23] Fixed 2 duplicate /gene - ppk_1 ppk_2
[13:03:23] Fixed 7 duplicate /gene - rcp1_1 rcp1_2 rcp1_3 rcp1_4 rcp1_5 rcp1_6 rcp1_7
[13:03:23] Fixed 3 duplicate /gene - hpnP_1 hpnP_2 hpnP_3
[13:03:23] Fixed 2 duplicate /gene - speA_1 speA_2
[13:03:23] Fixed 2 duplicate /gene - scmP_1 scmP_2
[13:03:23] Fixed 3 duplicate /gene - trpB_1 trpB_2 trpB_3
[13:03:23] Fixed 3 duplicate /gene - cmpR_1 cmpR_2 cmpR_3
[13:03:23] Fixed 2 duplicate /gene - acpP_1 acpP_2
[13:03:23] Fixed 2 duplicate /gene - arfB_1 arfB_2
[13:03:23] Fixed 4 duplicate /gene - betI_1 betI_2 betI_3 betI_4
[13:03:23] Fixed 2 duplicate /gene - pcrA_1 pcrA_2
[13:03:23] Fixed 2 duplicate /gene - spkA_1 spkA_2
[13:03:23] Fixed 2 duplicate /gene - spoVD_1 spoVD_2
[13:03:23] Fixed 2 duplicate /gene - ilvB_1 ilvB_2
[13:03:23] Fixed 5 duplicate /gene - cpdA_1 cpdA_2 cpdA_3 cpdA_4 cpdA_5
[13:03:23] Fixed 2 duplicate /gene - ribD_1 ribD_2
[13:03:23] Fixed 2 duplicate /gene - glnQ_1 glnQ_2
[13:03:23] Fixed 2 duplicate /gene - proC_1 proC_2
[13:03:23] Fixed 3 duplicate /gene - dps_1 dps_2 dps_3
[13:03:23] Fixed 2 duplicate /gene - hisD_1 hisD_2
[13:03:23] Fixed 4 duplicate /gene - soj_1 soj_2 soj_3 soj_4
[13:03:23] Fixed 3 duplicate /gene - dapH_1 dapH_2 dapH_3
[13:03:23] Fixed 2 duplicate /gene - rppH_1 rppH_2
[13:03:23] Fixed 2 duplicate /gene - rpsA_1 rpsA_2
[13:03:23] Fixed 2 duplicate /gene - nadK_1 nadK_2
[13:03:23] Fixed 4 duplicate /gene - iolG_1 iolG_2 iolG_3 iolG_4
[13:03:23] Fixed 2 duplicate /gene - dnaK2_1 dnaK2_2
[13:03:23] Fixed 2 duplicate /gene - mfd_1 mfd_2
[13:03:23] Fixed 2 duplicate /gene - cphB_1 cphB_2
[13:03:23] Fixed 2 duplicate /gene - apnhaP_1 apnhaP_2
[13:03:23] Fixed 2 duplicate /gene - menF_1 menF_2
[13:03:23] Fixed 2 duplicate /gene - malQ_1 malQ_2
[13:03:23] Fixed 2 duplicate /gene - cysE_1 cysE_2
[13:03:23] Fixed 2 duplicate /gene - recD2_1 recD2_2
[13:03:23] Fixed 2 duplicate /gene - dnaK_1 dnaK_2
[13:03:23] Fixed 3 duplicate /gene - ctaE_1 ctaE_2 ctaE_3
[13:03:23] Fixed 2 duplicate /gene - pyrH_1 pyrH_2
[13:03:23] Fixed 2 duplicate /gene - glgP_1 glgP_2
[13:03:23] Fixed 2 duplicate /gene - mnmE_1 mnmE_2
[13:03:23] Fixed 2 duplicate /gene - yhbO_1 yhbO_2
[13:03:23] Fixed 2 duplicate /gene - gsiA_1 gsiA_2
[13:03:23] Fixed 2 duplicate /gene - nifD_1 nifD_2
[13:03:23] Fixed 12 duplicate /gene - phoP_1 phoP_2 phoP_3 phoP_4 phoP_5 phoP_6 phoP_7 phoP_8 phoP_9 phoP_10 phoP_11 phoP_12
[13:03:23] Fixed 5 duplicate /gene - rapA_1 rapA_2 rapA_3 rapA_4 rapA_5
[13:03:23] Fixed 2 duplicate /gene - bcp_1 bcp_2
[13:03:23] Fixed 2 duplicate /gene - plsY_1 plsY_2
[13:03:23] Fixed 2 duplicate /gene - grpE_1 grpE_2
[13:03:23] Fixed 2 duplicate /gene - fosB_1 fosB_2
[13:03:23] Fixed 2 duplicate /gene - rnd_1 rnd_2
[13:03:23] Fixed 6 duplicate /gene - gph_1 gph_2 gph_3 gph_4 gph_5 gph_6
[13:03:23] Fixed 3 duplicate /gene - rhaS_1 rhaS_2 rhaS_3
[13:03:23] Fixed 2 duplicate /gene - ald_1 ald_2
[13:03:23] Fixed 3 duplicate /gene - bicA_1 bicA_2 bicA_3
[13:03:23] Fixed 2 duplicate /gene - mtcA2_1 mtcA2_2
[13:03:23] Fixed 2 duplicate /gene - topA_1 topA_2
[13:03:23] Fixed 3 duplicate /gene - cysK1_1 cysK1_2 cysK1_3
[13:03:23] Fixed 3 duplicate /gene - rhaR_1 rhaR_2 rhaR_3
[13:03:23] Fixed 2 duplicate /gene - gatA_1 gatA_2
[13:03:23] Fixed 2 duplicate /gene - treS_1 treS_2
[13:03:23] Fixed 3 duplicate /gene - dhaAF_1 dhaAF_2 dhaAF_3
[13:03:23] Fixed 2 duplicate /gene - macA_1 macA_2
[13:03:23] Fixed 2 duplicate /gene - yjiA_1 yjiA_2
[13:03:23] Fixed 6 duplicate /gene - kefB_1 kefB_2 kefB_3 kefB_4 kefB_5 kefB_6
[13:03:23] Fixed 2 duplicate /gene - tolQ_1 tolQ_2
[13:03:23] Fixed 3 duplicate /gene - hdc_1 hdc_2 hdc_3
[13:03:23] Fixed 4 duplicate /gene - walR_1 walR_2 walR_3 walR_4
[13:03:23] Fixed 7 duplicate /gene - lgrD_1 lgrD_2 lgrD_3 lgrD_4 lgrD_5 lgrD_6 lgrD_7
[13:03:23] Fixed 2 duplicate /gene - sbpA_1 sbpA_2
[13:03:23] Fixed 2 duplicate /gene - rip3_1 rip3_2
[13:03:23] Fixed 2 duplicate /gene - proA_1 proA_2
[13:03:23] Fixed 2 duplicate /gene - nifK_1 nifK_2
[13:03:23] Fixed 2 duplicate /gene - cas4-cas1_1 cas4-cas1_2
[13:03:23] Fixed 2 duplicate /gene - ecfA2_1 ecfA2_2
[13:03:23] Fixed 2 duplicate /gene - yhhT_1 yhhT_2
[13:03:23] Fixed 2 duplicate /gene - ctaB_1 ctaB_2
[13:03:23] Fixed 5 duplicate /gene - clpP_1 clpP_2 clpP_3 clpP_4 clpP_5
[13:03:23] Fixed 2 duplicate /gene - crtN_1 crtN_2
[13:03:23] Fixed 2 duplicate /gene - mrdA_1 mrdA_2
[13:03:23] Fixed 2 duplicate /gene - atpG_1 atpG_2
[13:03:23] Fixed 2 duplicate /gene - epsF_1 epsF_2
[13:03:23] Fixed 3 duplicate /gene - yfcG_1 yfcG_2 yfcG_3
[13:03:23] Fixed 3 duplicate /gene - gpmA_1 gpmA_2 gpmA_3
[13:03:23] Fixed 2 duplicate /gene - IMPDH_1 IMPDH_2
[13:03:23] Fixed 2 duplicate /gene - ftsW_1 ftsW_2
[13:03:23] Fixed 7 duplicate /gene - mdtA_1 mdtA_2 mdtA_3 mdtA_4 mdtA_5 mdtA_6 mdtA_7
[13:03:23] Fixed 3 duplicate /gene - dcd_1 dcd_2 dcd_3
[13:03:23] Fixed 2 duplicate /gene - minD_1 minD_2
[13:03:23] Fixed 2 duplicate /gene - rfaF_1 rfaF_2
[13:03:23] Fixed 2 duplicate /gene - surE_1 surE_2
[13:03:23] Fixed 2 duplicate /gene - psaA_1 psaA_2
[13:03:23] Fixed 2 duplicate /gene - eis_1 eis_2
[13:03:23] Fixed 19 duplicate /gene - cpoB_1 cpoB_2 cpoB_3 cpoB_4 cpoB_5 cpoB_6 cpoB_7 cpoB_8 cpoB_9 cpoB_10 cpoB_11 cpoB_12 cpoB_13 cpoB_14 cpoB_15 cpoB_16 cpoB_17 cpoB_18 cpoB_19
[13:03:23] Fixed 2 duplicate /gene - cmpD_1 cmpD_2
[13:03:23] Fixed 3 duplicate /gene - era_1 era_2 era_3
[13:03:23] Fixed 4 duplicate /gene - hemL_1 hemL_2 hemL_3 hemL_4
[13:03:23] Fixed 2 duplicate /gene - clpB1_1 clpB1_2
[13:03:23] Fixed 2 duplicate /gene - ilvE_1 ilvE_2
[13:03:23] Fixed 2 duplicate /gene - nadD_1 nadD_2
[13:03:23] Fixed 338 colliding /gene names.
[13:03:23] Adding /locus_tag identifiers
[13:03:23] Assigned 6092 locus_tags to CDS and RNA features.
[13:03:23] Writing outputs to prokka_out/
[13:03:38] Generating annotation statistics file
[13:03:38] Generating Genbank and Sequin files
[13:03:38] Running: tbl2asn -V b -a r10k -l paired-ends -M n -N 1 -y 'Annotated using prokka 1.14.6 from https://github.com/tseemann/prokka' -Z prokka_out\/F_welwii\.err -i prokka_out\/F_welwii\.fsa 2> /dev/null
[13:03:49] Deleting unwanted file: prokka_out/errorsummary.val
[13:03:49] Deleting unwanted file: prokka_out/F_welwii.dr
[13:03:49] Deleting unwanted file: prokka_out/F_welwii.fixedproducts
[13:03:49] Deleting unwanted file: prokka_out/F_welwii.ecn
[13:03:49] Deleting unwanted file: prokka_out/F_welwii.val
[13:03:49] Repairing broken .GBK output that tbl2asn produces...
[13:03:49] Running: sed 's/COORDINATES: profile/COORDINATES:profile/' < prokka_out\/F_welwii\.gbf > prokka_out\/F_welwii\.gbk
[13:03:52] Deleting unwanted file: prokka_out/F_welwii.gbf
[13:03:52] Output files:
[13:03:52] prokka_out/F_welwii.err
[13:03:52] prokka_out/F_welwii.faa
[13:03:52] prokka_out/F_welwii.ffn
[13:03:52] prokka_out/F_welwii.fna
[13:03:52] prokka_out/F_welwii.fsa
[13:03:52] prokka_out/F_welwii.gbk
[13:03:52] prokka_out/F_welwii.gff
[13:03:52] prokka_out/F_welwii.log
[13:03:52] prokka_out/F_welwii.sqn
[13:03:52] prokka_out/F_welwii.tbl
[13:03:52] prokka_out/F_welwii.tsv
[13:03:52] prokka_out/F_welwii.txt
[13:03:52] Annotation finished successfully.
[13:03:52] Walltime used: 2.80 minutes
[13:03:52] If you use this result please cite the Prokka paper:
[13:03:52] Seemann T (2014) Prokka: rapid prokaryotic genome annotation. Bioinformatics. 30(14):2068-9.
[13:03:52] Type 'prokka --citation' for more details.
[13:03:52] Thank you, come again.
