[17:04:14] This is prokka 1.14.6
[17:04:14] Written by Torsten Seemann <torsten.seemann@gmail.com>
[17:04:14] Homepage is https://github.com/tseemann/prokka
[17:04:14] Local time is Wed Apr 12 17:04:14 2023
[17:04:14] You are not telling me who you are!
[17:04:14] Operating system is linux
[17:04:14] You have BioPerl 1.7.8
[17:04:14] System has 16 cores.
[17:04:14] Will use maximum of 12 cores.
[17:04:14] Annotating as >>> Bacteria <<<
[17:04:14] Generating locus_tag from 'GCA_000317205.1_FisPCC7414_1.0_genomic.fna' contents.
[17:04:14] Setting --locustag MKGEGJIO from MD5 640e0328f694268988ac788709b8f3ce
[17:04:14] Creating new output folder: prokka_out
[17:04:14] Running: mkdir -p prokka_out
[17:04:14] Using filename prefix: F_musicola.XXX
[17:04:14] Setting HMMER_NCPU=1
[17:04:14] Writing log to: prokka_out/F_musicola.log
[17:04:14] Command: /root/anaconda3/envs/ulana/bin/prokka --outdir prokka_out --prefix F_musicola GCA_000317205.1_FisPCC7414_1.0_genomic.fna --cpus 12
[17:04:14] Appending to PATH: /root/anaconda3/envs/ulana/bin
[17:04:14] Looking for 'aragorn' - found /root/anaconda3/envs/ulana/bin/aragorn
[17:04:14] Determined aragorn version is 001002 from 'ARAGORN v1.2.41 Dean Laslett'
[17:04:14] Looking for 'barrnap' - found /root/anaconda3/envs/ulana/bin/barrnap
[17:04:14] Determined barrnap version is 000009 from 'barrnap 0.9'
[17:04:14] Looking for 'blastp' - found /root/anaconda3/envs/ulana/bin/blastp
[17:04:14] Determined blastp version is 002013 from 'blastp: 2.13.0+'
[17:04:14] Looking for 'cmpress' - found /root/anaconda3/envs/ulana/bin/cmpress
[17:04:14] Determined cmpress version is 001001 from '# INFERNAL 1.1.4 (Dec 2020)'
[17:04:14] Looking for 'cmscan' - found /root/anaconda3/envs/ulana/bin/cmscan
[17:04:14] Determined cmscan version is 001001 from '# INFERNAL 1.1.4 (Dec 2020)'
[17:04:14] Looking for 'egrep' - found /usr/bin/egrep
[17:04:14] Looking for 'find' - found /usr/bin/find
[17:04:14] Looking for 'grep' - found /usr/bin/grep
[17:04:14] Looking for 'hmmpress' - found /root/anaconda3/envs/ulana/bin/hmmpress
[17:04:14] Determined hmmpress version is 003003 from '# HMMER 3.3.2 (Nov 2020); http://hmmer.org/'
[17:04:14] Looking for 'hmmscan' - found /root/anaconda3/envs/ulana/bin/hmmscan
[17:04:14] Determined hmmscan version is 003003 from '# HMMER 3.3.2 (Nov 2020); http://hmmer.org/'
[17:04:14] Looking for 'java' - found /root/anaconda3/envs/ulana/bin/java
[17:04:14] Looking for 'makeblastdb' - found /root/anaconda3/envs/ulana/bin/makeblastdb
[17:04:14] Determined makeblastdb version is 002013 from 'makeblastdb: 2.13.0+'
[17:04:14] Looking for 'minced' - found /root/anaconda3/envs/ulana/bin/minced
[17:04:14] Determined minced version is 004002 from 'minced 0.4.2'
[17:04:14] Looking for 'parallel' - found /root/anaconda3/envs/ulana/bin/parallel
[17:04:14] Determined parallel version is 20230122 from 'GNU parallel 20230122'
[17:04:14] Looking for 'prodigal' - found /root/anaconda3/envs/ulana/bin/prodigal
[17:04:14] Determined prodigal version is 002006 from 'Prodigal V2.6.3: February, 2016'
[17:04:14] Looking for 'prokka-genbank_to_fasta_db' - found /root/anaconda3/envs/ulana/bin/prokka-genbank_to_fasta_db
[17:04:14] Looking for 'sed' - found /usr/bin/sed
[17:04:14] Looking for 'tbl2asn' - found /root/anaconda3/envs/ulana/bin/tbl2asn
[17:04:15] Determined tbl2asn version is 025007 from 'tbl2asn 25.7   arguments:'
[17:04:15] Using genetic code table 11.
[17:04:15] Loading and checking input file: GCA_000317205.1_FisPCC7414_1.0_genomic.fna
[17:04:15] Wrote 271 contigs totalling 6902954 bp.
[17:04:15] Predicting tRNAs and tmRNAs
[17:04:15] Running: aragorn -l -gc11  -w prokka_out\/F_musicola\.fna
[17:04:16] 1 tRNA-Gly [3341,3410] 32 (tcc)
[17:04:16] 1 tRNA-His c[16376,16449] 34 (gtg)
[17:04:16] 1 tRNA-Thr [377,448] 33 (cgt)
[17:04:16] 2 tRNA-Ala [1790,1862] 34 (ggc)
[17:04:16] 3 tRNA-Arg [9110,9183] 35 (acg)
[17:04:16] 4 tRNA-Ser c[19028,19121] 36 (gct)
[17:04:16] 1 tRNA-Asn c[45244,45317] 34 (att)
[17:04:16] 2 tRNA-Gly c[45785,45858] 35 (tcc)
[17:04:16] 1 tRNA-Glu c[19015,19087] 35 (ttc)
[17:04:16] 1 tRNA-Arg [1189,1263] 35 (tct)
[17:04:16] 1 tRNA-Leu [143,225] 35 (cag)
[17:04:16] 1 tRNA-Ser c[2830,2915] 35 (tga)
[17:04:16] 1 tmRNA c[12577,12963] 100,153 ANNIVKFARKEALVAA**
[17:04:16] 1 tRNA-Thr [84836,84907] 33 (tgt)
[17:04:16] 1 tRNA-Arg [97257,97330] 35 (ccg)
[17:04:16] 1 tRNA-Pro c[6014,6088] 35 (tgg)
[17:04:16] 1 tRNA-Met c[1444,1520] 35 (cat)
[17:04:16] 2 tRNA-Val [4591,4664] 35 (gac)
[17:04:16] 3 tRNA-Met c[23432,23506] 35 (cat)
[17:04:17] 1 tRNA-Met c[15328,15400] 34 (cat)
[17:04:17] 1 tRNA-Pro [180695,180787] 34 (tgg)
[17:04:17] 1 tRNA-Val c[34142,34216] 35 (tac)
[17:04:17] 1 tRNA-Gly [23979,24049] 33 (tcc)
[17:04:17] 1 tRNA-Trp c[82226,82297] 34 (cca)
[17:04:17] 1 tRNA-Ala c[18442,18516] 35 (tgc)
[17:04:17] 2 tRNA-Ala c[18526,18598] 34 (ggc)
[17:04:17] 3 tRNA-Thr c[18882,18955] 35 (tgt)
[17:04:17] 4 tRNA-Met c[18959,19036] 35 (cat)
[17:04:17] 5 tRNA-Leu c[19038,19112] 35 (taa)
[17:04:17] 6 tRNA-Lys c[19115,19189] 34 (ctt)
[17:04:17] 7 tRNA-Lys c[19193,19266] 34 (ttt)
[17:04:17] 8 tRNA-Leu c[19271,19348] 35 (gag)
[17:04:17] 9 tRNA-Leu c[19353,19427] 35 (tag)
[17:04:17] 10 tRNA-Pro c[19431,19507] 35 (tgg)
[17:04:17] 11 tRNA-Leu c[19509,19586] 35 (caa)
[17:04:17] 12 tRNA-Gln c[19591,19665] 35 (ttg)
[17:04:17] 13 tRNA-Asn c[19756,19831] 34 (gtt)
[17:04:17] 14 tRNA-Phe c[19840,19917] 38 (gaa)
[17:04:17] 15 tRNA-Glu c[20001,20077] 35 (ctc)
[17:04:17] 16 tRNA-Asp c[20080,20156] 37 (gtc)
[17:04:17] 17 tRNA-Thr c[59071,59142] 33 (ggt)
[17:04:17] 18 tRNA-Tyr c[59206,59290] 35 (gta)
[17:04:17] 1 tRNA-Cys [7773,7844] 33 (gca)
[17:04:17] 1 tRNA-Pro c[15389,15462] 35 (ggg)
[17:04:17] 1 tRNA-Gly [11869,11940] 33 (ccc)
[17:04:17] 1 tRNA-Lys [19627,19698] 33 (ttt)
[17:04:17] 1 tRNA-Leu [8018,8102] 35 (caa)
[17:04:17] 2 tRNA-Gln [46368,46439] 33 (ttg)
[17:04:17] 1 tRNA-Leu c[46521,46603] 35 (tag)
[17:04:17] 1 tRNA-Trp [2027,2100] 34 (cca)
[17:04:17] 1 tRNA-Leu [46790,46872] 36 (gag)
[17:04:17] 1 tRNA-Ser c[22816,22904] 36 (gga)
[17:04:17] 1 tRNA-Asp [11211,11284] 35 (gtc)
[17:04:17] 1 tRNA-Phe c[19524,19596] 34 (gaa)
[17:04:17] 1 tRNA-Asn c[1367,1440] 34 (gtt)
[17:04:17] 1 tRNA-Gly c[86846,86917] 33 (gcc)
[17:04:17] 2 tRNA-Ser c[95514,95600] 36 (cga)
[17:04:17] 1 tRNA-Pro [8352,8425] 35 (cgg)
[17:04:17] 1 tRNA-Ala c[1265,1339] 35 (cgc)
[17:04:17] 1 tRNA-Ala c[153,227] 34 (tgc)
[17:04:17] 2 tRNA-Ile c[314,389] 35 (gat)
[17:04:17] Found 61 tRNAs
[17:04:17] Predicting Ribosomal RNAs
[17:04:17] Running Barrnap with 12 threads
[17:04:19] 1 AJLK01000210.1 4 16S ribosomal RNA
[17:04:19] 2 AJLK01000211.1 161 23S ribosomal RNA
[17:04:19] 3 AJLK01000211.1 3119 5S ribosomal RNA
[17:04:19] Found 3 rRNAs
[17:04:19] Skipping ncRNA search, enable with --rfam if desired.
[17:04:19] Total of 63 tRNA + rRNA features
[17:04:19] Searching for CRISPR repeats
[17:04:19] CRISPR1 AJLK01000028.1 36243 with 83 spacers
[17:04:19] CRISPR2 AJLK01000058.1 13774 with 71 spacers
[17:04:19] CRISPR3 AJLK01000074.1 26120 with 8 spacers
[17:04:19] CRISPR4 AJLK01000075.1 51 with 65 spacers
[17:04:19] CRISPR5 AJLK01000131.1 74741 with 18 spacers
[17:04:19] CRISPR6 AJLK01000132.1 36 with 11 spacers
[17:04:19] CRISPR7 AJLK01000155.1 71 with 8 spacers
[17:04:19] CRISPR8 AJLK01000166.1 31 with 67 spacers
[17:04:19] CRISPR9 AJLK01000189.1 92739 with 30 spacers
[17:04:19] CRISPR10 AJLK01000204.1 7987 with 4 spacers
[17:04:19] CRISPR11 AJLK01000268.1 1 with 3 spacers
[17:04:19] Found 11 CRISPRs
[17:04:19] Predicting coding sequences
[17:04:19] Contigs total 6902954 bp, so using single mode
[17:04:19] Running: prodigal -i prokka_out\/F_musicola\.fna -c -m -g 11 -p single -f sco -q
[17:04:22] Excluding CDS which overlaps existing RNA (tRNA) at AJLK01000008.1:16385..16630 on + strand
[17:04:23] Excluding CDS which overlaps existing RNA (repeat_region) at AJLK01000028.1:36076..36276 on + strand
[17:04:23] Excluding CDS which overlaps existing RNA (tRNA) at AJLK01000028.1:45085..45306 on + strand
[17:04:23] Excluding CDS which overlaps existing RNA (repeat_region) at AJLK01000058.1:15012..15380 on - strand
[17:04:24] Excluding CDS which overlaps existing RNA (repeat_region) at AJLK01000155.1:271..480 on - strand
[17:04:24] Excluding CDS which overlaps existing RNA (repeat_region) at AJLK01000155.1:459..764 on - strand
[17:04:25] Excluding CDS which overlaps existing RNA (repeat_region) at AJLK01000166.1:4836..5090 on - strand
[17:04:25] Excluding CDS which overlaps existing RNA (repeat_region) at AJLK01000189.1:94865..95044 on - strand
[17:04:25] Excluding CDS which overlaps existing RNA (rRNA) at AJLK01000211.1:298..690 on - strand
[17:04:25] Found 5953 CDS
[17:04:25] Connecting features back to sequences
[17:04:25] Not using genus-specific database. Try --usegenus to enable it.
[17:04:25] Annotating CDS, please be patient.
[17:04:25] Will use 12 CPUs for similarity searching.
[17:04:26] There are still 5953 unannotated CDS left (started with 5953)
[17:04:26] Will use blast to search against /root/anaconda3/envs/ulana/db/kingdom/Bacteria/IS with 12 CPUs
[17:04:26] Running: cat prokka_out\/F_musicola\.IS\.tmp\.55\.faa | parallel --gnu --plain -j 12 --block 76686 --recstart '>' --pipe blastp -query - -db /root/anaconda3/envs/ulana/db/kingdom/Bacteria/IS -evalue 1e-30 -qcov_hsp_perc 90 -num_threads 1 -num_descriptions 1 -num_alignments 1 -seg no > prokka_out\/F_musicola\.IS\.tmp\.55\.blast 2> /dev/null
[17:04:38] Deleting unwanted file: prokka_out/F_musicola.IS.tmp.55.faa
[17:04:38] Deleting unwanted file: prokka_out/F_musicola.IS.tmp.55.blast
[17:04:39] There are still 5918 unannotated CDS left (started with 5953)
[17:04:39] Will use blast to search against /root/anaconda3/envs/ulana/db/kingdom/Bacteria/AMR with 12 CPUs
[17:04:39] Running: cat prokka_out\/F_musicola\.AMR\.tmp\.55\.faa | parallel --gnu --plain -j 12 --block 76316 --recstart '>' --pipe blastp -query - -db /root/anaconda3/envs/ulana/db/kingdom/Bacteria/AMR -evalue 1e-300 -qcov_hsp_perc 90 -num_threads 1 -num_descriptions 1 -num_alignments 1 -seg no > prokka_out\/F_musicola\.AMR\.tmp\.55\.blast 2> /dev/null
[17:04:48] Deleting unwanted file: prokka_out/F_musicola.AMR.tmp.55.faa
[17:04:48] Deleting unwanted file: prokka_out/F_musicola.AMR.tmp.55.blast
[17:04:50] There are still 5918 unannotated CDS left (started with 5953)
[17:04:50] Will use blast to search against /root/anaconda3/envs/ulana/db/kingdom/Bacteria/sprot with 12 CPUs
[17:04:50] Running: cat prokka_out\/F_musicola\.sprot\.tmp\.55\.faa | parallel --gnu --plain -j 12 --block 76316 --recstart '>' --pipe blastp -query - -db /root/anaconda3/envs/ulana/db/kingdom/Bacteria/sprot -evalue 1e-09 -qcov_hsp_perc 80 -num_threads 1 -num_descriptions 1 -num_alignments 1 -seg no > prokka_out\/F_musicola\.sprot\.tmp\.55\.blast 2> /dev/null
[17:05:39] Modify product: 1,4-alpha-glucan branching enzyme TTHA1902 => 1,4-alpha-glucan branching enzyme
[17:05:39] Modify product: Probable glutaredoxin ssr2061 => putative glutaredoxin
[17:05:39] Modify product: Pentapeptide repeat protein VPA0095 => Pentapeptide repeat protein
[17:05:39] Modify product: Putative anti-sigma factor antagonist TM_1442 => Putative anti-sigma factor antagonist
[17:05:39] Modify product: Uncharacterized protein slr1565 => putative protein
[17:05:39] Modify product: Uncharacterized sugar epimerase YhfK => putative sugar epimerase YhfK
[17:05:39] Modify product: Uncharacterized HTH-type transcriptional regulator Rv2887 => putative HTH-type transcriptional regulator
[17:05:39] Modify product: Uncharacterized protein Rv1829 => putative protein
[17:05:39] Modify product: Probable iron export permease protein FetB => putative iron export permease protein FetB
[17:05:39] Modify product: Probable iron export ATP-binding protein FetA => putative iron export ATP-binding protein FetA
[17:05:39] Modify product: Acetyltransferase PA3944 => Acetyltransferase
[17:05:39] Modify product: Acetyltransferase Atu2258 => Acetyltransferase
[17:05:39] Modify product: Thioredoxin-like protein slr0233 => Thioredoxin-like protein
[17:05:39] Modify product: Probable undecaprenyl-phosphate N-acetylglucosaminyl 1-phosphate transferase => putative undecaprenyl-phosphate N-acetylglucosaminyl 1-phosphate transferase
[17:05:39] Modify product: Putative transport protein Rv0205 => Putative transport protein
[17:05:39] Modify product: Vitamin K epoxide reductase homolog => Vitamin K epoxide reductase 
[17:05:39] Modify product: Uncharacterized oxidoreductase Rv2298 => putative oxidoreductase
[17:05:39] Modify product: Probable ferredoxin/ferredoxin--NADP reductase => putative ferredoxin/ferredoxin--NADP reductase
[17:05:39] Modify product: Probable cytochrome c oxidase subunit 3 => putative cytochrome c oxidase subunit 3
[17:05:39] Modify product: Uncharacterized protein Rv2030c => putative protein
[17:05:39] Modify product: Uncharacterized protein Rv2030c => putative protein
[17:05:39] Modify product: UPF0098 protein CT_736 => hypothetical protein
[17:05:39] Modify product: Thioredoxin-like protein slr0233 => Thioredoxin-like protein
[17:05:39] Modify product: Uncharacterized protein Rv2067c => putative protein
[17:05:39] Modify product: Probable peptidoglycan glycosyltransferase FtsW => putative peptidoglycan glycosyltransferase FtsW
[17:05:39] Modify product: Probable multidrug resistance ABC transporter ATP-binding/permease protein YheI => putative multidrug resistance ABC transporter ATP-binding/permease protein YheI
[17:05:39] Modify product: Putative hydro-lyase Atu3911 => Putative hydro-lyase
[17:05:39] Modify product: Putative low molecular weight protein-tyrosine-phosphatase slr0328 => Putative low molecular weight protein-tyrosine-phosphatase
[17:05:39] Modify product: Putative cystathionine beta-synthase Rv1077 => Putative cystathionine beta-synthase
[17:05:39] Modify product: Probable cation-transporting ATPase F => putative cation-transporting ATPase F
[17:05:39] Modify product: GTP cyclohydrolase 1 type 2 homolog => GTP cyclohydrolase 1 type 2 
[17:05:39] Modify product: Probable adenylyl-sulfate kinase => putative adenylyl-sulfate kinase
[17:05:39] Modify product: Probable adenylyl-sulfate kinase => putative adenylyl-sulfate kinase
[17:05:39] Modify product: Rqc2 homolog RqcH => Rqc2 RqcH
[17:05:39] Modify product: Putative multidrug export ATP-binding/permease protein SAV1866 => Putative multidrug export ATP-binding/permease protein
[17:05:39] Modify product: Uncharacterized protein DR_1314 => putative protein
[17:05:39] Modify product: Probable D,D-dipeptide transport system permease protein DdpC => putative D,D-dipeptide transport system permease protein DdpC
[17:05:39] Modify product: Probable ABC transporter-binding protein DR_1438 => putative ABC transporter-binding protein
[17:05:39] Modify product: Uncharacterized HTH-type transcriptional regulator YxaF => putative HTH-type transcriptional regulator YxaF
[17:05:39] Modify product: UPF0754 membrane protein SA1664 => hypothetical protein
[17:05:39] Modify product: Probable protein kinase UbiB => putative protein kinase UbiB
[17:05:39] Modify product: Uncharacterized inner membrane transporter YhbE => putative inner membrane transporter YhbE
[17:05:39] Modify product: Uncharacterized inner membrane transporter YhbE => putative inner membrane transporter YhbE
[17:05:39] Modify product: Probable adenylyl-sulfate kinase => putative adenylyl-sulfate kinase
[17:05:39] Modify product: Uncharacterized protein Rv2004c => putative protein
[17:05:39] Modify product: Carbon dioxide-concentrating mechanism protein CcmK homolog 1 => Carbon dioxide-concentrating mechanism protein CcmK 
[17:05:39] Modify product: Carbon dioxide-concentrating mechanism protein CcmK homolog 2 => Carbon dioxide-concentrating mechanism protein CcmK 
[17:05:39] Modify product: Probable sulfate transporter Rv1739c => putative sulfate transporter
[17:05:39] Modify product: Uncharacterized protein Rv0887c => putative protein
[17:05:39] Modify product: Probable cytosol aminopeptidase => putative cytosol aminopeptidase
[17:05:39] Modify product: Uncharacterized oxidoreductase MSMEG_1603/MSMEI_1564 => putative oxidoreductase/MSMEI_1564
[17:05:39] Modify product: Probable serine/threonine-protein kinase PkwA => putative serine/threonine-protein kinase PkwA
[17:05:39] Modify product: Uncharacterized protein RP812 => putative protein RP812
[17:05:39] Modify product: Probable glutaredoxin ssr2061 => putative glutaredoxin
[17:05:39] Modify product: Carbon dioxide-concentrating mechanism protein CcmK homolog 4 => Carbon dioxide-concentrating mechanism protein CcmK 
[17:05:39] Modify product: Uncharacterized protein HI_0933 => putative protein
[17:05:39] Modify product: Putative universal stress protein SA1532 => Putative universal stress protein
[17:05:39] Modify product: Uncharacterized protein YciO => putative protein YciO
[17:05:39] Modify product: Probable ABC transporter phosphite binding protein PhnD1 => putative ABC transporter phosphite binding protein PhnD1
[17:05:39] Modify product: Uncharacterized FAD-linked oxidoreductase Rv2280 => putative FAD-linked oxidoreductase
[17:05:39] Modify product: Uncharacterized ABC transporter ATP-binding protein YknY => putative ABC transporter ATP-binding protein YknY
[17:05:39] Modify product: Uncharacterized ABC transporter ATP-binding protein YknY => putative ABC transporter ATP-binding protein YknY
[17:05:39] Modify product: Uncharacterized protein alr4550 => putative protein
[17:05:40] Modify product: Putative multidrug export ATP-binding/permease protein SAV1866 => Putative multidrug export ATP-binding/permease protein
[17:05:40] Modify product: Uncharacterized protein HI_1349 => putative protein
[17:05:40] Modify product: Uncharacterized oxidoreductase Rv0484c => putative oxidoreductase
[17:05:40] Modify product: Carbon dioxide-concentrating mechanism protein CcmK homolog 1 => Carbon dioxide-concentrating mechanism protein CcmK 
[17:05:40] Modify product: Probable membrane transporter protein YfcA => putative membrane transporter protein YfcA
[17:05:40] Modify product: UPF0210 protein SP_0239 => hypothetical protein
[17:05:40] Modify product: Uncharacterized symporter YjmB => putative symporter YjmB
[17:05:40] Modify product: UPF0053 protein Rv1842c => hypothetical protein
[17:05:40] Modify product: Uncharacterized protein alr4550 => putative protein
[17:05:40] Modify product: Uncharacterized ABC transporter ATP-binding protein YbiT => putative ABC transporter ATP-binding protein YbiT
[17:05:40] Modify product: Uncharacterized protein alr4550 => putative protein
[17:05:40] Modify product: Uncharacterized protein alr4550 => putative protein
[17:05:40] Modify product: Probable lipid II flippase MurJ => putative lipid II flippase MurJ
[17:05:40] Modify product: Probable cytochrome c oxidase subunit 1 => putative cytochrome c oxidase subunit 1
[17:05:40] Modify product: Probable cytochrome c oxidase subunit 3 => putative cytochrome c oxidase subunit 3
[17:05:40] Modify product: Uncharacterized protein Rv1290c => putative protein
[17:05:40] Modify product: Tricorn protease homolog 1 => Tricorn protease 
[17:05:40] Modify product: Uncharacterized oxidoreductase Rv2298 => putative oxidoreductase
[17:05:40] Modify product: UPF0761 membrane protein YihY => hypothetical protein
[17:05:40] Modify product: Probable dual-specificity RNA methyltransferase RlmN => putative dual-specificity RNA methyltransferase RlmN
[17:05:40] Modify product: Probable flavin reductase => putative flavin reductase
[17:05:40] Modify product: Uncharacterized transporter Rv2685 => putative transporter
[17:05:40] Modify product: Probable ribonucleotide transport ATP-binding protein mkl => putative ribonucleotide transport ATP-binding protein mkl
[17:05:40] Modify product: Uncharacterized HTH-type transcriptional regulator Rv1556 => putative HTH-type transcriptional regulator
[17:05:40] Modify product: Uncharacterized protein alr4550 => putative protein
[17:05:40] Modify product: Peptidoglycan-N-acetylglucosamine deacetylase BC_3618 => Peptidoglycan-N-acetylglucosamine deacetylase
[17:05:40] Modify product: Uncharacterized N-acetyltransferase YafP => putative N-acetyltransferase YafP
[17:05:40] Modify product: Uncharacterized protein YyaP => putative protein YyaP
[17:05:40] Modify product: Acetyltransferase PA3944 => Acetyltransferase
[17:05:40] Modify product: Acetyltransferase PA3944 => Acetyltransferase
[17:05:40] Modify product: Uncharacterized ABC transporter ATP-binding protein TM_0288 => putative ABC transporter ATP-binding protein
[17:05:40] Modify product: Probable cation-transporting ATPase F => putative cation-transporting ATPase F
[17:05:40] Modify product: Uncharacterized protein Rv2715 => putative protein
[17:05:40] Modify product: Uncharacterized protein DR_1314 => putative protein
[17:05:40] Modify product: Uncharacterized transporter Rv2685 => putative transporter
[17:05:40] Modify product: Probable adenylyltransferase/sulfurtransferase MoeZ => putative adenylyltransferase/sulfurtransferase MoeZ
[17:05:40] Modify product: Probable copper-transporting ATPase PacS => putative copper-transporting ATPase PacS
[17:05:40] Modify product: Uncharacterized ABC transporter ATP-binding protein TM_0288 => putative ABC transporter ATP-binding protein
[17:05:40] Modify product: Probable siderophore-binding lipoprotein YfiY => putative siderophore-binding lipoprotein YfiY
[17:05:40] Modify product: Probable siderophore transport system permease protein YfiZ => putative siderophore transport system permease protein YfiZ
[17:05:40] Modify product: Probable siderophore transport system permease protein YfhA => putative siderophore transport system permease protein YfhA
[17:05:40] Modify product: Probable siderophore transport system ATP-binding protein YusV => putative siderophore transport system ATP-binding protein YusV
[17:05:40] Modify product: Probable fused nickel transport protein LarMN => putative fused nickel transport protein LarMN
[17:05:40] Modify product: Probable transcriptional regulatory protein aq_1575 => putative transcriptional regulatory protein
[17:05:40] Modify product: Probable cytochrome c oxidase subunit 1 => putative cytochrome c oxidase subunit 1
[17:05:40] Modify product: Probable serine/threonine-protein kinase PkwA => putative serine/threonine-protein kinase PkwA
[17:05:40] Modify product: Uncharacterized protein alr4550 => putative protein
[17:05:40] Modify product: Acetyltransferase PA3944 => Acetyltransferase
[17:05:40] Modify product: Probable membrane transporter protein YfcA => putative membrane transporter protein YfcA
[17:05:40] Modify product: Uncharacterized protein alr4550 => putative protein
[17:05:40] Modify product: Probable FMNH2-dependent monooxygenase SfnC => putative FMNH2-dependent monooxygenase SfnC
[17:05:40] Modify product: Probable zinc-binding alcohol dehydrogenase Rv1895 => putative zinc-binding alcohol dehydrogenase
[17:05:40] Modify product: Probable RNA 2'-phosphotransferase => putative RNA 2'-phosphotransferase
[17:05:40] Modify product: NADH dehydrogenase-like protein SAOUHSC_00878 => NADH dehydrogenase-like protein
[17:05:40] Modify product: Uncharacterized FAD-linked oxidoreductase Rv2280 => putative FAD-linked oxidoreductase
[17:05:40] Modify product: Putative monooxygenase Rv0793 => Putative monooxygenase
[17:05:40] Modify product: Probable serine/threonine-protein kinase PkwA => putative serine/threonine-protein kinase PkwA
[17:05:40] Modify product: Protease HtpX homolog => Protease HtpX 
[17:05:40] Modify product: UPF0145 protein YbjQ => hypothetical protein
[17:05:40] Modify product: Probable ATP-dependent transporter SufC => putative ATP-dependent transporter SufC
[17:05:40] Modify product: Probable cysteine desulfurase => putative cysteine desulfurase
[17:05:40] Modify product: Epimerase family protein SA0724 => Epimerase family protein
[17:05:41] Modify product: Probable siderophore transport system ATP-binding protein YusV => putative siderophore transport system ATP-binding protein YusV
[17:05:41] Modify product: Putative transport protein Rv0205 => Putative transport protein
[17:05:41] Modify product: Uncharacterized protein Rv2307c => putative protein
[17:05:41] Modify product: Putative phosphoribosyl transferase Rv0571c => Putative phosphoribosyl transferase
[17:05:41] Modify product: UPF0053 inner membrane protein YtfL => hypothetical protein
[17:05:41] Modify product: Putative serine esterase Rv1835c => Putative serine esterase
[17:05:41] Modify product: Uncharacterized transporter Rv1999c => putative transporter
[17:05:41] Modify product: Uncharacterized amino acid permease YhdG => putative amino acid permease YhdG
[17:05:41] Modify product: Purine-binding protein BAB2_0673 => Purine-binding protein
[17:05:41] Modify product: Probable cytochrome c oxidase subunit 3 => putative cytochrome c oxidase subunit 3
[17:05:41] Modify product: Uncharacterized zinc protease Rv2782c => putative zinc protease
[17:05:41] Modify product: Probable ketoamine kinase HMPREF0351_12196 => putative ketoamine kinase
[17:05:41] Modify product: Carbon dioxide-concentrating mechanism protein CcmK homolog 2 => Carbon dioxide-concentrating mechanism protein CcmK 
[17:05:41] Modify product: Uncharacterized oxidoreductase SA2266 => putative oxidoreductase
[17:05:41] Modify product: Probable 3-hydroxyacyl-CoA dehydrogenase => putative 3-hydroxyacyl-CoA dehydrogenase
[17:05:41] Modify product: Probable nicotinate-nucleotide pyrophosphorylase [carboxylating] => putative nicotinate-nucleotide pyrophosphorylase [carboxylating]
[17:05:41] Modify product: Probable sporulation protein YtaF => putative sporulation protein YtaF
[17:05:41] Modify product: Putative universal stress protein SA1532 => Putative universal stress protein
[17:05:41] Modify product: Putative glutamine amidotransferase Rv2859c => Putative glutamine amidotransferase
[17:05:41] Modify product: UPF0234 protein Rv0566c => hypothetical protein
[17:05:41] Modify product: Sulfurtransferase Alvin_2599 => Sulfurtransferase
[17:05:41] Modify product: Uncharacterized ABC transporter ATP-binding protein TM_0288 => putative ABC transporter ATP-binding protein
[17:05:41] Modify product: Putative universal stress protein SA1532 => Putative universal stress protein
[17:05:41] Modify product: Uncharacterized PIN and TRAM-domain containing protein YacL => putative PIN and TRAM-domain containing protein YacL
[17:05:41] Modify product: Probable murein peptide carboxypeptidase => putative murein peptide carboxypeptidase
[17:05:41] Modify product: UPF0382 membrane protein YwdK => hypothetical protein
[17:05:41] Modify product: Glycogen operon protein GlgX homolog => Glycogen operon protein GlgX 
[17:05:41] Modify product: Putative universal stress protein SA1532 => Putative universal stress protein
[17:05:41] Modify product: Uncharacterized protein Rv1290c => putative protein
[17:05:41] Modify product: Transcriptional repressor SmtB homolog => Transcriptional repressor SmtB 
[17:05:41] Modify product: Uncharacterized protein alr4550 => putative protein
[17:05:41] Modify product: Phosphate-specific transport system accessory protein PhoU homolog => Phosphate-specific transport system accessory protein PhoU 
[17:05:41] Modify product: Uncharacterized protein alr4550 => putative protein
[17:05:41] Modify product: Uncharacterized zinc protease Rv2782c => putative zinc protease
[17:05:41] Modify product: Uncharacterized zinc protease Rv2782c => putative zinc protease
[17:05:41] Modify product: Uncharacterized sugar epimerase YhfK => putative sugar epimerase YhfK
[17:05:41] Modify product: Probable cyclic di-GMP phosphodiesterase VC_1348 => putative cyclic di-GMP phosphodiesterase
[17:05:41] Modify product: Probable peptidoglycan glycosyltransferase FtsW => putative peptidoglycan glycosyltransferase FtsW
[17:05:41] Modify product: Phycocyanobilin lyase CpcT homolog => Phycocyanobilin lyase CpcT 
[17:05:41] Modify product: Probable iron export permease protein FetB => putative iron export permease protein FetB
[17:05:41] Modify product: Putative transport protein Rv0205 => Putative transport protein
[17:05:41] Modify product: Bifunctional protein FolD => Bifunctional protein FolD protein
[17:05:41] Modify product: Probable diguanylate cyclase DgcE => putative diguanylate cyclase DgcE
[17:05:41] Modify product: Uncharacterized protein Rv0628c => putative protein
[17:05:41] Modify product: Probable dolichyl-phosphate-mannose--protein mannosyltransferase => putative dolichyl-phosphate-mannose--protein mannosyltransferase
[17:05:41] Modify product: Probable xanthine dehydrogenase subunit A => putative xanthine dehydrogenase subunit A
[17:05:41] Modify product: UPF0758 protein YsxA => hypothetical protein
[17:05:41] Modify product: Transcriptional repressor SmtB homolog => Transcriptional repressor SmtB 
[17:05:41] Modify product: Uncharacterized protein DR_1314 => putative protein
[17:05:41] Modify product: Probable sensor histidine kinase TcrY => putative sensor histidine kinase TcrY
[17:05:41] Modify product: Uncharacterized protein alr4550 => putative protein
[17:05:41] Modify product: Phage shock protein A homolog => Phage shock protein A 
[17:05:41] Modify product: Phage shock protein A homolog => Phage shock protein A 
[17:05:41] Modify product: Putative acetyltransferase Rv3034c => Putative acetyltransferase
[17:05:41] Modify product: N-glycosidase Npun_R5314 => N-glycosidase
[17:05:41] Modify product: Uncharacterized protein YciH => putative protein YciH
[17:05:41] Modify product: UPF0176 protein lpg2838 => hypothetical protein
[17:05:41] Modify product: Uncharacterized protein Rv0502 => putative protein
[17:05:41] Modify product: Uncharacterized protein alr4550 => putative protein
[17:05:41] Modify product: Probable serine/threonine-protein kinase PkwA => putative serine/threonine-protein kinase PkwA
[17:05:41] Modify product: Uncharacterized protein alr4550 => putative protein
[17:05:41] Modify product: Uncharacterized protein YqeN => putative protein YqeN
[17:05:41] Modify product: GTP-binding protein TypA/BipA homolog => GTP-binding protein TypA/BipA 
[17:05:42] Modify product: UPF0702 transmembrane protein YetF => hypothetical protein
[17:05:42] Modify product: Probable ABC transporter-binding protein DR_1571 => putative ABC transporter-binding protein
[17:05:42] Modify product: Uncharacterized protein alr4550 => putative protein
[17:05:42] Modify product: Probable 30S ribosomal protein PSRP-3 => putative 30S ribosomal protein PSRP-3
[17:05:42] Modify product: Probable alcohol dehydrogenase AdhA => putative alcohol dehydrogenase AdhA
[17:05:42] Modify product: Probable multidrug ABC transporter permease YbhR => putative multidrug ABC transporter permease YbhR
[17:05:42] Modify product: Probable multidrug ABC transporter permease YbhS => putative multidrug ABC transporter permease YbhS
[17:05:42] Modify product: Probable multidrug ABC transporter ATP-binding protein YbhF => putative multidrug ABC transporter ATP-binding protein YbhF
[17:05:42] Modify product: UPF0194 membrane protein YbhG => hypothetical protein
[17:05:42] Modify product: Probable transcriptional regulatory protein TcrX => putative transcriptional regulatory protein TcrX
[17:05:42] Modify product: UPF0056 inner membrane protein YhgN => hypothetical protein
[17:05:42] Modify product: Acetyltransferase SACOL1063 => Acetyltransferase
[17:05:42] Modify product: Putative multidrug export ATP-binding/permease protein SAV1866 => Putative multidrug export ATP-binding/permease protein
[17:05:42] Modify product: Uncharacterized HTH-type transcriptional regulator Rv0081 => putative HTH-type transcriptional regulator
[17:05:42] Modify product: Probable membrane transporter protein XF_0764 => putative membrane transporter protein
[17:05:42] Modify product: UPF0056 inner membrane protein YhgN => hypothetical protein
[17:05:42] Modify product: Uncharacterized protein alr4550 => putative protein
[17:05:42] Modify product: Uncharacterized cysteine-rich protein YhjQ => putative cysteine-rich protein YhjQ
[17:05:42] Modify product: Transcriptional repressor SmtB homolog => Transcriptional repressor SmtB 
[17:05:42] Modify product: UPF0166 protein TM_0021 => hypothetical protein
[17:05:42] Cleaned 208 /product names
[17:05:42] Deleting unwanted file: prokka_out/F_musicola.sprot.tmp.55.faa
[17:05:42] Deleting unwanted file: prokka_out/F_musicola.sprot.tmp.55.blast
[17:05:42] There are still 3964 unannotated CDS left (started with 5953)
[17:05:42] Will use hmmer3 to search against /root/anaconda3/envs/ulana/db/hmm/HAMAP.hmm with 12 CPUs
[17:05:42] Running: cat prokka_out\/F_musicola\.HAMAP\.hmm\.tmp\.55\.faa | parallel --gnu --plain -j 12 --block 47904 --recstart '>' --pipe hmmscan --noali --notextw --acc -E 1e-09 --cpu 1 /root/anaconda3/envs/ulana/db/hmm/HAMAP.hmm /dev/stdin > prokka_out\/F_musicola\.HAMAP\.hmm\.tmp\.55\.hmmer3 2> /dev/null
[17:06:08] Deleting unwanted file: prokka_out/F_musicola.HAMAP.hmm.tmp.55.faa
[17:06:08] Deleting unwanted file: prokka_out/F_musicola.HAMAP.hmm.tmp.55.hmmer3
[17:06:08] Labelling remaining 3313 proteins as 'hypothetical protein'
[17:06:08] Possible /pseudo 'Sensor histidine kinase RcsC' at AJLK01000004.1 position 22901
[17:06:08] Possible /pseudo 'Serine/threonine-protein kinase PknD' at AJLK01000004.1 position 54826
[17:06:08] Possible /pseudo 'Sensor histidine kinase RcsC' at AJLK01000006.1 position 41179
[17:06:08] Possible /pseudo 'Serine/threonine-protein kinase PknD' at AJLK01000010.1 position 3811
[17:06:08] Possible /pseudo 'DNA-directed RNA polymerase subunit beta'' at AJLK01000011.1 position 39922
[17:06:08] Possible /pseudo 'Carbon dioxide-concentrating mechanism protein CcmK ' at AJLK01000013.1 position 39287
[17:06:08] Possible /pseudo 'Sensor histidine kinase RcsC' at AJLK01000029.1 position 1325
[17:06:08] Possible /pseudo 'Acetyltransferase' at AJLK01000033.1 position 73333
[17:06:08] Possible /pseudo 'Orange carotenoid-binding protein' at AJLK01000040.1 position 47665
[17:06:08] Possible /pseudo 'Sensor histidine kinase RcsC' at AJLK01000042.1 position 3906
[17:06:08] Possible /pseudo 'Sensor histidine kinase RcsC' at AJLK01000048.1 position 3148
[17:06:08] Possible /pseudo 'Sensor histidine kinase RcsC' at AJLK01000052.1 position 6768
[17:06:08] Possible /pseudo 'Putative protein-methionine-sulfoxide reductase subunit YedZ1' at AJLK01000057.1 position 39489
[17:06:08] Possible /pseudo 'D-inositol-3-phosphate glycosyltransferase' at AJLK01000058.1 position 31108
[17:06:08] Possible /pseudo 'Sensor histidine kinase RcsC' at AJLK01000058.1 position 93239
[17:06:08] Possible /pseudo 'putative protein' at AJLK01000059.1 position 6008
[17:06:08] Possible /pseudo 'Photosystem I reaction center subunit PsaK' at AJLK01000069.1 position 16524
[17:06:08] Possible /pseudo 'Phycobilisome rod-core linker polypeptide CpcG4' at AJLK01000076.1 position 1240
[17:06:08] Possible /pseudo 'Putative cytochrome P450 135B1' at AJLK01000086.1 position 101898
[17:06:08] Possible /pseudo 'D-inositol-3-phosphate glycosyltransferase' at AJLK01000087.1 position 80629
[17:06:08] Possible /pseudo 'putative adenylyl-sulfate kinase' at AJLK01000087.1 position 141397
[17:06:08] Possible /pseudo 'IS630 family transposase IS895' at AJLK01000115.1 position 16929
[17:06:08] Possible /pseudo 'Regulator of RpoS' at AJLK01000118.1 position 33569
[17:06:08] Possible /pseudo 'putative zinc protease' at AJLK01000118.1 position 62326
[17:06:08] Possible /pseudo 'Adaptive-response sensory-kinase SasA' at AJLK01000131.1 position 55567
[17:06:08] Possible /pseudo 'Photosystem I P700 chlorophyll a apoprotein A2 1' at AJLK01000131.1 position 71970
[17:06:08] Possible /pseudo 'D-inositol-3-phosphate glycosyltransferase' at AJLK01000134.1 position 2329
[17:06:08] Possible /pseudo 'Undecaprenyl-phosphate 4-deoxy-4-formamido-L-arabinose transferase' at AJLK01000134.1 position 13417
[17:06:08] Possible /pseudo 'D-inositol-3-phosphate glycosyltransferase' at AJLK01000134.1 position 20259
[17:06:08] Possible /pseudo 'Sensor histidine kinase RcsC' at AJLK01000140.1 position 23870
[17:06:08] Possible /pseudo 'Chaperone protein DnaJ' at AJLK01000146.1 position 37572
[17:06:08] Possible /pseudo 'Alkaline phosphatase synthesis transcriptional regulatory protein PhoP' at AJLK01000152.1 position 28644
[17:06:08] Possible /pseudo 'Undecaprenyl-phosphate 4-deoxy-4-formamido-L-arabinose transferase' at AJLK01000153.1 position 16930
[17:06:08] Possible /pseudo 'Undecaprenyl-phosphate 4-deoxy-4-formamido-L-arabinose transferase' at AJLK01000153.1 position 25261
[17:06:08] Possible /pseudo 'D-inositol-3-phosphate glycosyltransferase' at AJLK01000153.1 position 29093
[17:06:08] Possible /pseudo 'D-inositol-3-phosphate glycosyltransferase' at AJLK01000153.1 position 30379
[17:06:08] Possible /pseudo 'Protein-glutamate methylesterase/protein-glutamine glutaminase' at AJLK01000158.1 position 31323
[17:06:08] Possible /pseudo 'Serine/threonine-protein kinase PknD' at AJLK01000161.1 position 8185
[17:06:08] Possible /pseudo 'Tol-Pal system protein TolB' at AJLK01000163.1 position 41933
[17:06:08] Possible /pseudo 'Phage shock protein A ' at AJLK01000169.1 position 3906
[17:06:08] Possible /pseudo 'Photosystem II CP43 reaction center protein' at AJLK01000173.1 position 23914
[17:06:08] Possible /pseudo 'Acetyl-coenzyme A synthetase' at AJLK01000174.1 position 1966
[17:06:08] Possible /pseudo 'UDP-N-acetylglucosamine--N-acetylmuramyl-(pentapeptide) pyrophosphoryl-undecaprenol N-acetylglucosamine transferase' at AJLK01000188.1 position 12220
[17:06:08] Possible /pseudo 'D-inositol-3-phosphate glycosyltransferase' at AJLK01000190.1 position 11592
[17:06:08] Possible /pseudo 'ATP-dependent Clp protease proteolytic subunit' at AJLK01000201.1 position 7901
[17:06:08] Possible /pseudo 'RNA polymerase sigma factor SigA2' at AJLK01000207.1 position 9687
[17:06:08] Possible /pseudo 'IS701 family transposase ISAcma37' at AJLK01000207.1 position 33353
[17:06:08] Possible /pseudo 'RNA polymerase sigma factor SigA2' at AJLK01000207.1 position 34576
[17:06:08] Found 1500 unique /gene codes.
[17:06:08] Fixed 2 duplicate /gene - gloB_1 gloB_2
[17:06:08] Fixed 2 duplicate /gene - clpC_1 clpC_2
[17:06:08] Fixed 2 duplicate /gene - hemB_1 hemB_2
[17:06:08] Fixed 2 duplicate /gene - tuaD_1 tuaD_2
[17:06:08] Fixed 2 duplicate /gene - mtcA2_1 mtcA2_2
[17:06:08] Fixed 2 duplicate /gene - pacL_1 pacL_2
[17:06:08] Fixed 2 duplicate /gene - crtN_1 crtN_2
[17:06:08] Fixed 2 duplicate /gene - leuA_1 leuA_2
[17:06:08] Fixed 2 duplicate /gene - atpG_1 atpG_2
[17:06:08] Fixed 2 duplicate /gene - malQ_1 malQ_2
[17:06:08] Fixed 5 duplicate /gene - macB_1 macB_2 macB_3 macB_4 macB_5
[17:06:08] Fixed 2 duplicate /gene - ispU_1 ispU_2
[17:06:08] Fixed 2 duplicate /gene - mprF_1 mprF_2
[17:06:08] Fixed 2 duplicate /gene - nadD_1 nadD_2
[17:06:08] Fixed 3 duplicate /gene - pstS_1 pstS_2 pstS_3
[17:06:08] Fixed 7 duplicate /gene - cheB_1 cheB_2 cheB_3 cheB_4 cheB_5 cheB_6 cheB_7
[17:06:08] Fixed 2 duplicate /gene - rfbD_1 rfbD_2
[17:06:08] Fixed 2 duplicate /gene - der_1 der_2
[17:06:08] Fixed 2 duplicate /gene - gmd_1 gmd_2
[17:06:08] Fixed 17 duplicate /gene - cpoB_1 cpoB_2 cpoB_3 cpoB_4 cpoB_5 cpoB_6 cpoB_7 cpoB_8 cpoB_9 cpoB_10 cpoB_11 cpoB_12 cpoB_13 cpoB_14 cpoB_15 cpoB_16 cpoB_17
[17:06:08] Fixed 2 duplicate /gene - prk_1 prk_2
[17:06:08] Fixed 2 duplicate /gene - ctpF_1 ctpF_2
[17:06:08] Fixed 8 duplicate /gene - rcp1_1 rcp1_2 rcp1_3 rcp1_4 rcp1_5 rcp1_6 rcp1_7 rcp1_8
[17:06:08] Fixed 2 duplicate /gene - kmo_1 kmo_2
[17:06:08] Fixed 4 duplicate /gene - tal_1 tal_2 tal_3 tal_4
[17:06:08] Fixed 2 duplicate /gene - clcB_1 clcB_2
[17:06:08] Fixed 5 duplicate /gene - hspA_1 hspA_2 hspA_3 hspA_4 hspA_5
[17:06:08] Fixed 2 duplicate /gene - walK_1 walK_2
[17:06:08] Fixed 2 duplicate /gene - kdpA_1 kdpA_2
[17:06:08] Fixed 2 duplicate /gene - apbC_1 apbC_2
[17:06:08] Fixed 2 duplicate /gene - hisD_1 hisD_2
[17:06:08] Fixed 3 duplicate /gene - dapL_1 dapL_2 dapL_3
[17:06:08] Fixed 2 duplicate /gene - argD_1 argD_2
[17:06:08] Fixed 2 duplicate /gene - ucpA_1 ucpA_2
[17:06:08] Fixed 3 duplicate /gene - pal_1 pal_2 pal_3
[17:06:08] Fixed 3 duplicate /gene - livF_1 livF_2 livF_3
[17:06:08] Fixed 2 duplicate /gene - mnmE_1 mnmE_2
[17:06:08] Fixed 3 duplicate /gene - sir_1 sir_2 sir_3
[17:06:08] Fixed 2 duplicate /gene - btuB_1 btuB_2
[17:06:08] Fixed 8 duplicate /gene - mdtA_1 mdtA_2 mdtA_3 mdtA_4 mdtA_5 mdtA_6 mdtA_7 mdtA_8
[17:06:08] Fixed 2 duplicate /gene - fur_1 fur_2
[17:06:08] Fixed 2 duplicate /gene - cphB_1 cphB_2
[17:06:08] Fixed 3 duplicate /gene - ndhB_1 ndhB_2 ndhB_3
[17:06:08] Fixed 2 duplicate /gene - ribD_1 ribD_2
[17:06:08] Fixed 2 duplicate /gene - yciC_1 yciC_2
[17:06:08] Fixed 3 duplicate /gene - hepA_1 hepA_2 hepA_3
[17:06:08] Fixed 5 duplicate /gene - egtB_1 egtB_2 egtB_3 egtB_4 egtB_5
[17:06:08] Fixed 2 duplicate /gene - minD_1 minD_2
[17:06:08] Fixed 3 duplicate /gene - desV_1 desV_2 desV_3
[17:06:08] Fixed 4 duplicate /gene - nifD_1 nifD_2 nifD_3 nifD_4
[17:06:08] Fixed 3 duplicate /gene - psaB1_1 psaB1_2 psaB1_3
[17:06:08] Fixed 2 duplicate /gene - rapA_1 rapA_2
[17:06:08] Fixed 2 duplicate /gene - mntB_1 mntB_2
[17:06:08] Fixed 2 duplicate /gene - betI_1 betI_2
[17:06:08] Fixed 2 duplicate /gene - pntB_1 pntB_2
[17:06:08] Fixed 2 duplicate /gene - rpoD_1 rpoD_2
[17:06:08] Fixed 2 duplicate /gene - mgtA_1 mgtA_2
[17:06:08] Fixed 2 duplicate /gene - nasF_1 nasF_2
[17:06:08] Fixed 2 duplicate /gene - tri1_1 tri1_2
[17:06:08] Fixed 2 duplicate /gene - qmcA_1 qmcA_2
[17:06:08] Fixed 2 duplicate /gene - psbH_1 psbH_2
[17:06:08] Fixed 2 duplicate /gene - nuoL_1 nuoL_2
[17:06:08] Fixed 2 duplicate /gene - glgP_1 glgP_2
[17:06:08] Fixed 5 duplicate /gene - sphR_1 sphR_2 sphR_3 sphR_4 sphR_5
[17:06:08] Fixed 2 duplicate /gene - ctaB_1 ctaB_2
[17:06:08] Fixed 7 duplicate /gene - fabG_1 fabG_2 fabG_3 fabG_4 fabG_5 fabG_6 fabG_7
[17:06:08] Fixed 3 duplicate /gene - sipT_1 sipT_2 sipT_3
[17:06:08] Fixed 4 duplicate /gene - hlyD_1 hlyD_2 hlyD_3 hlyD_4
[17:06:08] Fixed 5 duplicate /gene - clpP_1 clpP_2 clpP_3 clpP_4 clpP_5
[17:06:08] Fixed 2 duplicate /gene - yojI_1 yojI_2
[17:06:08] Fixed 2 duplicate /gene - yusV_1 yusV_2
[17:06:08] Fixed 3 duplicate /gene - susA_1 susA_2 susA_3
[17:06:08] Fixed 2 duplicate /gene - ppsA_1 ppsA_2
[17:06:08] Fixed 3 duplicate /gene - yqjG_1 yqjG_2 yqjG_3
[17:06:08] Fixed 3 duplicate /gene - xynZ_1 xynZ_2 xynZ_3
[17:06:08] Fixed 2 duplicate /gene - grpE_1 grpE_2
[17:06:08] Fixed 3 duplicate /gene - tadA_1 tadA_2 tadA_3
[17:06:08] Fixed 2 duplicate /gene - rtcB_1 rtcB_2
[17:06:08] Fixed 2 duplicate /gene - iscS_1 iscS_2
[17:06:08] Fixed 2 duplicate /gene - prsA_1 prsA_2
[17:06:08] Fixed 3 duplicate /gene - cymR_1 cymR_2 cymR_3
[17:06:08] Fixed 3 duplicate /gene - livH_1 livH_2 livH_3
[17:06:08] Fixed 2 duplicate /gene - clcA_1 clcA_2
[17:06:08] Fixed 3 duplicate /gene - nhaP2_1 nhaP2_2 nhaP2_3
[17:06:08] Fixed 2 duplicate /gene - merR1_1 merR1_2
[17:06:08] Fixed 2 duplicate /gene - clpS_1 clpS_2
[17:06:08] Fixed 2 duplicate /gene - ilvE_1 ilvE_2
[17:06:08] Fixed 3 duplicate /gene - patA_1 patA_2 patA_3
[17:06:08] Fixed 2 duplicate /gene - dltA_1 dltA_2
[17:06:08] Fixed 2 duplicate /gene - infC_1 infC_2
[17:06:08] Fixed 6 duplicate /gene - bepA_1 bepA_2 bepA_3 bepA_4 bepA_5 bepA_6
[17:06:08] Fixed 4 duplicate /gene - gph_1 gph_2 gph_3 gph_4
[17:06:08] Fixed 2 duplicate /gene - hemN_1 hemN_2
[17:06:08] Fixed 5 duplicate /gene - kdpB_1 kdpB_2 kdpB_3 kdpB_4 kdpB_5
[17:06:08] Fixed 2 duplicate /gene - ftsH2_1 ftsH2_2
[17:06:08] Fixed 2 duplicate /gene - pstC_1 pstC_2
[17:06:08] Fixed 2 duplicate /gene - norV_1 norV_2
[17:06:08] Fixed 2 duplicate /gene - cobN_1 cobN_2
[17:06:08] Fixed 3 duplicate /gene - murG_1 murG_2 murG_3
[17:06:08] Fixed 26 duplicate /gene - btuD_1 btuD_2 btuD_3 btuD_4 btuD_5 btuD_6 btuD_7 btuD_8 btuD_9 btuD_10 btuD_11 btuD_12 btuD_13 btuD_14 btuD_15 btuD_16 btuD_17 btuD_18 btuD_19 btuD_20 btuD_21 btuD_22 btuD_23 btuD_24 btuD_25 btuD_26
[17:06:08] Fixed 2 duplicate /gene - upp_1 upp_2
[17:06:08] Fixed 2 duplicate /gene - mtgA_1 mtgA_2
[17:06:08] Fixed 2 duplicate /gene - serA_1 serA_2
[17:06:08] Fixed 2 duplicate /gene - rip3_1 rip3_2
[17:06:08] Fixed 2 duplicate /gene - pcxA_1 pcxA_2
[17:06:08] Fixed 2 duplicate /gene - cobD_1 cobD_2
[17:06:08] Fixed 2 duplicate /gene - cheR_1 cheR_2
[17:06:08] Fixed 3 duplicate /gene - lnrL_1 lnrL_2 lnrL_3
[17:06:08] Fixed 2 duplicate /gene - crcB_1 crcB_2
[17:06:08] Fixed 4 duplicate /gene - smc_1 smc_2 smc_3 smc_4
[17:06:08] Fixed 2 duplicate /gene - trxA_1 trxA_2
[17:06:08] Fixed 2 duplicate /gene - acs_1 acs_2
[17:06:08] Fixed 2 duplicate /gene - apcE_1 apcE_2
[17:06:08] Fixed 3 duplicate /gene - bcp_1 bcp_2 bcp_3
[17:06:08] Fixed 2 duplicate /gene - menA_1 menA_2
[17:06:08] Fixed 5 duplicate /gene - lgrD_1 lgrD_2 lgrD_3 lgrD_4 lgrD_5
[17:06:08] Fixed 4 duplicate /gene - psbC_1 psbC_2 psbC_3 psbC_4
[17:06:08] Fixed 3 duplicate /gene - nifK_1 nifK_2 nifK_3
[17:06:08] Fixed 2 duplicate /gene - trpB_1 trpB_2
[17:06:08] Fixed 4 duplicate /gene - cmpC_1 cmpC_2 cmpC_3 cmpC_4
[17:06:08] Fixed 2 duplicate /gene - IMPDH_1 IMPDH_2
[17:06:08] Fixed 4 duplicate /gene - pkwA_1 pkwA_2 pkwA_3 pkwA_4
[17:06:08] Fixed 6 duplicate /gene - rhaS_1 rhaS_2 rhaS_3 rhaS_4 rhaS_5 rhaS_6
[17:06:08] Fixed 2 duplicate /gene - psaF_1 psaF_2
[17:06:08] Fixed 2 duplicate /gene - ccmK2_1 ccmK2_2
[17:06:08] Fixed 2 duplicate /gene - dxs_1 dxs_2
[17:06:08] Fixed 2 duplicate /gene - fbiC_1 fbiC_2
[17:06:08] Fixed 2 duplicate /gene - phnE_1 phnE_2
[17:06:08] Fixed 2 duplicate /gene - gsiA_1 gsiA_2
[17:06:08] Fixed 3 duplicate /gene - nhaS3_1 nhaS3_2 nhaS3_3
[17:06:08] Fixed 3 duplicate /gene - walR_1 walR_2 walR_3
[17:06:08] Fixed 4 duplicate /gene - ctaD_1 ctaD_2 ctaD_3 ctaD_4
[17:06:08] Fixed 4 duplicate /gene - dnaK2_1 dnaK2_2 dnaK2_3 dnaK2_4
[17:06:08] Fixed 2 duplicate /gene - psb28_1 psb28_2
[17:06:08] Fixed 3 duplicate /gene - divK_1 divK_2 divK_3
[17:06:08] Fixed 2 duplicate /gene - murJ_1 murJ_2
[17:06:08] Fixed 2 duplicate /gene - cpcG4_1 cpcG4_2
[17:06:08] Fixed 3 duplicate /gene - cpdA_1 cpdA_2 cpdA_3
[17:06:08] Fixed 2 duplicate /gene - frbC_1 frbC_2
[17:06:08] Fixed 4 duplicate /gene - rpsU1_1 rpsU1_2 rpsU1_3 rpsU1_4
[17:06:08] Fixed 2 duplicate /gene - ppk_1 ppk_2
[17:06:08] Fixed 2 duplicate /gene - vte5_1 vte5_2
[17:06:08] Fixed 2 duplicate /gene - ccmK1_1 ccmK1_2
[17:06:08] Fixed 2 duplicate /gene - acsA_1 acsA_2
[17:06:08] Fixed 43 duplicate /gene - sasA_1 sasA_2 sasA_3 sasA_4 sasA_5 sasA_6 sasA_7 sasA_8 sasA_9 sasA_10 sasA_11 sasA_12 sasA_13 sasA_14 sasA_15 sasA_16 sasA_17 sasA_18 sasA_19 sasA_20 sasA_21 sasA_22 sasA_23 sasA_24 sasA_25 sasA_26 sasA_27 sasA_28 sasA_29 sasA_30 sasA_31 sasA_32 sasA_33 sasA_34 sasA_35 sasA_36 sasA_37 sasA_38 sasA_39 sasA_40 sasA_41 sasA_42 sasA_43
[17:06:08] Fixed 3 duplicate /gene - pstB3_1 pstB3_2 pstB3_3
[17:06:08] Fixed 2 duplicate /gene - psbA1_1 psbA1_2
[17:06:08] Fixed 4 duplicate /gene - trmR_1 trmR_2 trmR_3 trmR_4
[17:06:08] Fixed 2 duplicate /gene - lgt_1 lgt_2
[17:06:08] Fixed 62 duplicate /gene - rcsC_1 rcsC_2 rcsC_3 rcsC_4 rcsC_5 rcsC_6 rcsC_7 rcsC_8 rcsC_9 rcsC_10 rcsC_11 rcsC_12 rcsC_13 rcsC_14 rcsC_15 rcsC_16 rcsC_17 rcsC_18 rcsC_19 rcsC_20 rcsC_21 rcsC_22 rcsC_23 rcsC_24 rcsC_25 rcsC_26 rcsC_27 rcsC_28 rcsC_29 rcsC_30 rcsC_31 rcsC_32 rcsC_33 rcsC_34 rcsC_35 rcsC_36 rcsC_37 rcsC_38 rcsC_39 rcsC_40 rcsC_41 rcsC_42 rcsC_43 rcsC_44 rcsC_45 rcsC_46 rcsC_47 rcsC_48 rcsC_49 rcsC_50 rcsC_51 rcsC_52 rcsC_53 rcsC_54 rcsC_55 rcsC_56 rcsC_57 rcsC_58 rcsC_59 rcsC_60 rcsC_61 rcsC_62
[17:06:08] Fixed 3 duplicate /gene - nfuA_1 nfuA_2 nfuA_3
[17:06:08] Fixed 41 duplicate /gene - pknD_1 pknD_2 pknD_3 pknD_4 pknD_5 pknD_6 pknD_7 pknD_8 pknD_9 pknD_10 pknD_11 pknD_12 pknD_13 pknD_14 pknD_15 pknD_16 pknD_17 pknD_18 pknD_19 pknD_20 pknD_21 pknD_22 pknD_23 pknD_24 pknD_25 pknD_26 pknD_27 pknD_28 pknD_29 pknD_30 pknD_31 pknD_32 pknD_33 pknD_34 pknD_35 pknD_36 pknD_37 pknD_38 pknD_39 pknD_40 pknD_41
[17:06:08] Fixed 2 duplicate /gene - scmP_1 scmP_2
[17:06:08] Fixed 2 duplicate /gene - cysR_1 cysR_2
[17:06:08] Fixed 2 duplicate /gene - surE_1 surE_2
[17:06:08] Fixed 2 duplicate /gene - hpf_1 hpf_2
[17:06:08] Fixed 2 duplicate /gene - dmlR_1 dmlR_2
[17:06:08] Fixed 4 duplicate /gene - aroF_1 aroF_2 aroF_3 aroF_4
[17:06:08] Fixed 2 duplicate /gene - nadK_1 nadK_2
[17:06:08] Fixed 2 duplicate /gene - petC_1 petC_2
[17:06:08] Fixed 5 duplicate /gene - iolS_1 iolS_2 iolS_3 iolS_4 iolS_5
[17:06:08] Fixed 2 duplicate /gene - psbA2_1 psbA2_2
[17:06:08] Fixed 2 duplicate /gene - pdxH_1 pdxH_2
[17:06:08] Fixed 2 duplicate /gene - pntA_1 pntA_2
[17:06:08] Fixed 10 duplicate /gene - sigA2_1 sigA2_2 sigA2_3 sigA2_4 sigA2_5 sigA2_6 sigA2_7 sigA2_8 sigA2_9 sigA2_10
[17:06:08] Fixed 2 duplicate /gene - cysA_1 cysA_2
[17:06:08] Fixed 2 duplicate /gene - apaH_1 apaH_2
[17:06:08] Fixed 2 duplicate /gene - glpE_1 glpE_2
[17:06:08] Fixed 3 duplicate /gene - clpB1_1 clpB1_2 clpB1_3
[17:06:08] Fixed 2 duplicate /gene - ghrB_1 ghrB_2
[17:06:08] Fixed 2 duplicate /gene - ecfT_1 ecfT_2
[17:06:08] Fixed 3 duplicate /gene - czcA_1 czcA_2 czcA_3
[17:06:08] Fixed 3 duplicate /gene - bacC_1 bacC_2 bacC_3
[17:06:08] Fixed 3 duplicate /gene - cysE_1 cysE_2 cysE_3
[17:06:08] Fixed 6 duplicate /gene - COQ3_1 COQ3_2 COQ3_3 COQ3_4 COQ3_5 COQ3_6
[17:06:08] Fixed 2 duplicate /gene - gutB_1 gutB_2
[17:06:08] Fixed 10 duplicate /gene - menH_1 menH_2 menH_3 menH_4 menH_5 menH_6 menH_7 menH_8 menH_9 menH_10
[17:06:08] Fixed 3 duplicate /gene - pds_1 pds_2 pds_3
[17:06:08] Fixed 2 duplicate /gene - yhfK_1 yhfK_2
[17:06:08] Fixed 7 duplicate /gene - tolB_1 tolB_2 tolB_3 tolB_4 tolB_5 tolB_6 tolB_7
[17:06:08] Fixed 14 duplicate /gene - rssB_1 rssB_2 rssB_3 rssB_4 rssB_5 rssB_6 rssB_7 rssB_8 rssB_9 rssB_10 rssB_11 rssB_12 rssB_13 rssB_14
[17:06:08] Fixed 2 duplicate /gene - gcvT_1 gcvT_2
[17:06:08] Fixed 2 duplicate /gene - ruvB_1 ruvB_2
[17:06:08] Fixed 3 duplicate /gene - hpnP_1 hpnP_2 hpnP_3
[17:06:08] Fixed 2 duplicate /gene - pyrC_1 pyrC_2
[17:06:08] Fixed 2 duplicate /gene - arcB_1 arcB_2
[17:06:08] Fixed 2 duplicate /gene - trpF_1 trpF_2
[17:06:08] Fixed 3 duplicate /gene - cas1_1 cas1_2 cas1_3
[17:06:08] Fixed 5 duplicate /gene - mprA_1 mprA_2 mprA_3 mprA_4 mprA_5
[17:06:08] Fixed 3 duplicate /gene - ftsH4_1 ftsH4_2 ftsH4_3
[17:06:08] Fixed 3 duplicate /gene - spkB_1 spkB_2 spkB_3
[17:06:08] Fixed 2 duplicate /gene - hemH_1 hemH_2
[17:06:08] Fixed 2 duplicate /gene - ftsW_1 ftsW_2
[17:06:08] Fixed 2 duplicate /gene - sphX_1 sphX_2
[17:06:08] Fixed 3 duplicate /gene - htrA_1 htrA_2 htrA_3
[17:06:08] Fixed 2 duplicate /gene - tagA_1 tagA_2
[17:06:08] Fixed 3 duplicate /gene - psaK_1 psaK_2 psaK_3
[17:06:08] Fixed 3 duplicate /gene - lapB_1 lapB_2 lapB_3
[17:06:08] Fixed 3 duplicate /gene - crtI_1 crtI_2 crtI_3
[17:06:08] Fixed 2 duplicate /gene - rutD_1 rutD_2
[17:06:08] Fixed 3 duplicate /gene - cnrA_1 cnrA_2 cnrA_3
[17:06:08] Fixed 3 duplicate /gene - dfa5_1 dfa5_2 dfa5_3
[17:06:08] Fixed 4 duplicate /gene - cysK1_1 cysK1_2 cysK1_3 cysK1_4
[17:06:08] Fixed 14 duplicate /gene - ycf3_1 ycf3_2 ycf3_3 ycf3_4 ycf3_5 ycf3_6 ycf3_7 ycf3_8 ycf3_9 ycf3_10 ycf3_11 ycf3_12 ycf3_13 ycf3_14
[17:06:08] Fixed 2 duplicate /gene - petB_1 petB_2
[17:06:08] Fixed 2 duplicate /gene - ndhK1_1 ndhK1_2
[17:06:08] Fixed 2 duplicate /gene - galK_1 galK_2
[17:06:08] Fixed 4 duplicate /gene - ctaE_1 ctaE_2 ctaE_3 ctaE_4
[17:06:08] Fixed 2 duplicate /gene - yidA_1 yidA_2
[17:06:08] Fixed 2 duplicate /gene - yidD_1 yidD_2
[17:06:08] Fixed 5 duplicate /gene - pipB2_1 pipB2_2 pipB2_3 pipB2_4 pipB2_5
[17:06:08] Fixed 2 duplicate /gene - fusA_1 fusA_2
[17:06:08] Fixed 3 duplicate /gene - aqpZ_1 aqpZ_2 aqpZ_3
[17:06:08] Fixed 2 duplicate /gene - pbsA1_1 pbsA1_2
[17:06:08] Fixed 2 duplicate /gene - map_1 map_2
[17:06:08] Fixed 2 duplicate /gene - era_1 era_2
[17:06:08] Fixed 2 duplicate /gene - rhaR_1 rhaR_2
[17:06:08] Fixed 2 duplicate /gene - dapH_1 dapH_2
[17:06:08] Fixed 6 duplicate /gene - hcaB_1 hcaB_2 hcaB_3 hcaB_4 hcaB_5 hcaB_6
[17:06:08] Fixed 2 duplicate /gene - kaiB_1 kaiB_2
[17:06:08] Fixed 3 duplicate /gene - vapC_1 vapC_2 vapC_3
[17:06:08] Fixed 2 duplicate /gene - pepP_1 pepP_2
[17:06:08] Fixed 2 duplicate /gene - isiB_1 isiB_2
[17:06:08] Fixed 3 duplicate /gene - arlR_1 arlR_2 arlR_3
[17:06:08] Fixed 2 duplicate /gene - yfcA_1 yfcA_2
[17:06:08] Fixed 2 duplicate /gene - mobA_1 mobA_2
[17:06:08] Fixed 4 duplicate /gene - apcD_1 apcD_2 apcD_3 apcD_4
[17:06:08] Fixed 2 duplicate /gene - menE_1 menE_2
[17:06:08] Fixed 4 duplicate /gene - dbpA_1 dbpA_2 dbpA_3 dbpA_4
[17:06:08] Fixed 2 duplicate /gene - rmlC_1 rmlC_2
[17:06:08] Fixed 2 duplicate /gene - kdpC_1 kdpC_2
[17:06:08] Fixed 3 duplicate /gene - tldD_1 tldD_2 tldD_3
[17:06:08] Fixed 3 duplicate /gene - acpP_1 acpP_2 acpP_3
[17:06:08] Fixed 2 duplicate /gene - fabH_1 fabH_2
[17:06:08] Fixed 3 duplicate /gene - lptB_1 lptB_2 lptB_3
[17:06:08] Fixed 2 duplicate /gene - ileS_1 ileS_2
[17:06:08] Fixed 2 duplicate /gene - sodA2_1 sodA2_2
[17:06:08] Fixed 3 duplicate /gene - pvuIIM_1 pvuIIM_2 pvuIIM_3
[17:06:08] Fixed 2 duplicate /gene - hemE_1 hemE_2
[17:06:08] Fixed 3 duplicate /gene - petJ_1 petJ_2 petJ_3
[17:06:08] Fixed 2 duplicate /gene - mdtC_1 mdtC_2
[17:06:08] Fixed 6 duplicate /gene - kefB_1 kefB_2 kefB_3 kefB_4 kefB_5 kefB_6
[17:06:08] Fixed 2 duplicate /gene - hpd_1 hpd_2
[17:06:08] Fixed 5 duplicate /gene - moaA_1 moaA_2 moaA_3 moaA_4 moaA_5
[17:06:08] Fixed 2 duplicate /gene - emrA_1 emrA_2
[17:06:08] Fixed 3 duplicate /gene - lacF_1 lacF_2 lacF_3
[17:06:08] Fixed 2 duplicate /gene - pksE_1 pksE_2
[17:06:08] Fixed 6 duplicate /gene - bamA_1 bamA_2 bamA_3 bamA_4 bamA_5 bamA_6
[17:06:08] Fixed 2 duplicate /gene - yajO_1 yajO_2
[17:06:08] Fixed 12 duplicate /gene - phoP_1 phoP_2 phoP_3 phoP_4 phoP_5 phoP_6 phoP_7 phoP_8 phoP_9 phoP_10 phoP_11 phoP_12
[17:06:08] Fixed 2 duplicate /gene - speA_1 speA_2
[17:06:08] Fixed 2 duplicate /gene - yjiA_1 yjiA_2
[17:06:08] Fixed 2 duplicate /gene - degU_1 degU_2
[17:06:08] Fixed 2 duplicate /gene - rlmD_1 rlmD_2
[17:06:08] Fixed 2 duplicate /gene - glgA_1 glgA_2
[17:06:08] Fixed 2 duplicate /gene - psaB_1 psaB_2
[17:06:08] Fixed 2 duplicate /gene - cas2_1 cas2_2
[17:06:08] Fixed 3 duplicate /gene - modA_1 modA_2 modA_3
[17:06:08] Fixed 2 duplicate /gene - sigB_1 sigB_2
[17:06:08] Fixed 3 duplicate /gene - arnT_1 arnT_2 arnT_3
[17:06:08] Fixed 3 duplicate /gene - ziaR_1 ziaR_2 ziaR_3
[17:06:08] Fixed 4 duplicate /gene - bshA_1 bshA_2 bshA_3 bshA_4
[17:06:08] Fixed 3 duplicate /gene - cugP_1 cugP_2 cugP_3
[17:06:08] Fixed 5 duplicate /gene - ubiB_1 ubiB_2 ubiB_3 ubiB_4 ubiB_5
[17:06:08] Fixed 2 duplicate /gene - novR_1 novR_2
[17:06:08] Fixed 2 duplicate /gene - fetB_1 fetB_2
[17:06:08] Fixed 2 duplicate /gene - psbB_1 psbB_2
[17:06:08] Fixed 2 duplicate /gene - psaL_1 psaL_2
[17:06:08] Fixed 2 duplicate /gene - metK_1 metK_2
[17:06:08] Fixed 2 duplicate /gene - rpsA_1 rpsA_2
[17:06:08] Fixed 2 duplicate /gene - cmpB_1 cmpB_2
[17:06:08] Fixed 2 duplicate /gene - rlpA_1 rlpA_2
[17:06:08] Fixed 3 duplicate /gene - rnd_1 rnd_2 rnd_3
[17:06:08] Fixed 3 duplicate /gene - bicA_1 bicA_2 bicA_3
[17:06:08] Fixed 2 duplicate /gene - choA_1 choA_2
[17:06:08] Fixed 2 duplicate /gene - sbpA_1 sbpA_2
[17:06:08] Fixed 2 duplicate /gene - pyrE_1 pyrE_2
[17:06:08] Fixed 2 duplicate /gene - prmC_1 prmC_2
[17:06:08] Fixed 2 duplicate /gene - dapF_1 dapF_2
[17:06:08] Fixed 2 duplicate /gene - dppB_1 dppB_2
[17:06:08] Fixed 3 duplicate /gene - rutB_1 rutB_2 rutB_3
[17:06:08] Fixed 2 duplicate /gene - yhbE_1 yhbE_2
[17:06:08] Fixed 2 duplicate /gene - msrQ_1 msrQ_2
[17:06:08] Fixed 2 duplicate /gene - def_1 def_2
[17:06:08] Fixed 4 duplicate /gene - liaR_1 liaR_2 liaR_3 liaR_4
[17:06:08] Fixed 2 duplicate /gene - btuF_1 btuF_2
[17:06:08] Fixed 2 duplicate /gene - sfnG_1 sfnG_2
[17:06:08] Fixed 4 duplicate /gene - htpX_1 htpX_2 htpX_3 htpX_4
[17:06:08] Fixed 3 duplicate /gene - cysC_1 cysC_2 cysC_3
[17:06:08] Fixed 2 duplicate /gene - garB_1 garB_2
[17:06:08] Fixed 3 duplicate /gene - xerC_1 xerC_2 xerC_3
[17:06:08] Fixed 2 duplicate /gene - adk_1 adk_2
[17:06:08] Fixed 5 duplicate /gene - iolG_1 iolG_2 iolG_3 iolG_4 iolG_5
[17:06:08] Fixed 2 duplicate /gene - proA_1 proA_2
[17:06:08] Fixed 2 duplicate /gene - rnr_1 rnr_2
[17:06:08] Fixed 3 duplicate /gene - entS_1 entS_2 entS_3
[17:06:08] Fixed 2 duplicate /gene - merA_1 merA_2
[17:06:08] Fixed 2 duplicate /gene - rnc_1 rnc_2
[17:06:08] Fixed 2 duplicate /gene - ssuD_1 ssuD_2
[17:06:08] Fixed 2 duplicate /gene - ssuA_1 ssuA_2
[17:06:08] Fixed 2 duplicate /gene - groL1_1 groL1_2
[17:06:08] Fixed 2 duplicate /gene - recF_1 recF_2
[17:06:08] Fixed 2 duplicate /gene - hemF_1 hemF_2
[17:06:08] Fixed 2 duplicate /gene - yedY1_1 yedY1_2
[17:06:08] Fixed 2 duplicate /gene - srpB_1 srpB_2
[17:06:08] Fixed 2 duplicate /gene - mshD_1 mshD_2
[17:06:08] Fixed 41 duplicate /gene - mshA_1 mshA_2 mshA_3 mshA_4 mshA_5 mshA_6 mshA_7 mshA_8 mshA_9 mshA_10 mshA_11 mshA_12 mshA_13 mshA_14 mshA_15 mshA_16 mshA_17 mshA_18 mshA_19 mshA_20 mshA_21 mshA_22 mshA_23 mshA_24 mshA_25 mshA_26 mshA_27 mshA_28 mshA_29 mshA_30 mshA_31 mshA_32 mshA_33 mshA_34 mshA_35 mshA_36 mshA_37 mshA_38 mshA_39 mshA_40 mshA_41
[17:06:08] Fixed 2 duplicate /gene - tkt_1 tkt_2
[17:06:08] Fixed 2 duplicate /gene - cydA_1 cydA_2
[17:06:08] Fixed 2 duplicate /gene - nudF_1 nudF_2
[17:06:08] Fixed 3 duplicate /gene - glnQ_1 glnQ_2 glnQ_3
[17:06:08] Fixed 2 duplicate /gene - gltC_1 gltC_2
[17:06:08] Fixed 2 duplicate /gene - pyk_1 pyk_2
[17:06:08] Fixed 2 duplicate /gene - tolR_1 tolR_2
[17:06:08] Fixed 2 duplicate /gene - noc_1 noc_2
[17:06:08] Fixed 2 duplicate /gene - spkA_1 spkA_2
[17:06:08] Fixed 5 duplicate /gene - ftsH_1 ftsH_2 ftsH_3 ftsH_4 ftsH_5
[17:06:08] Fixed 2 duplicate /gene - tagU_1 tagU_2
[17:06:08] Fixed 4 duplicate /gene - cph1_1 cph1_2 cph1_3 cph1_4
[17:06:08] Fixed 3 duplicate /gene - dps_1 dps_2 dps_3
[17:06:08] Fixed 2 duplicate /gene - dfa3_1 dfa3_2
[17:06:08] Fixed 13 duplicate /gene - arnC_1 arnC_2 arnC_3 arnC_4 arnC_5 arnC_6 arnC_7 arnC_8 arnC_9 arnC_10 arnC_11 arnC_12 arnC_13
[17:06:08] Fixed 2 duplicate /gene - cph2_1 cph2_2
[17:06:08] Fixed 2 duplicate /gene - groS_1 groS_2
[17:06:08] Fixed 3 duplicate /gene - cmpR_1 cmpR_2 cmpR_3
[17:06:08] Fixed 2 duplicate /gene - psaA_1 psaA_2
[17:06:08] Fixed 2 duplicate /gene - cefD_1 cefD_2
[17:06:08] Fixed 2 duplicate /gene - lon2_1 lon2_2
[17:06:08] Fixed 4 duplicate /gene - yfcG_1 yfcG_2 yfcG_3 yfcG_4
[17:06:08] Fixed 2 duplicate /gene - resA_1 resA_2
[17:06:08] Fixed 2 duplicate /gene - tam_1 tam_2
[17:06:08] Fixed 2 duplicate /gene - thrS_1 thrS_2
[17:06:08] Fixed 2 duplicate /gene - xfp_1 xfp_2
[17:06:08] Fixed 3 duplicate /gene - cmpD_1 cmpD_2 cmpD_3
[17:06:08] Fixed 2 duplicate /gene - azoR1_1 azoR1_2
[17:06:08] Fixed 9 duplicate /gene - dnaJ_1 dnaJ_2 dnaJ_3 dnaJ_4 dnaJ_5 dnaJ_6 dnaJ_7 dnaJ_8 dnaJ_9
[17:06:08] Fixed 5 duplicate /gene - ndhD1_1 ndhD1_2 ndhD1_3 ndhD1_4 ndhD1_5
[17:06:08] Fixed 2 duplicate /gene - suhB_1 suhB_2
[17:06:08] Fixed 2 duplicate /gene - tolQ_1 tolQ_2
[17:06:08] Fixed 2 duplicate /gene - estB_1 estB_2
[17:06:08] Fixed 2 duplicate /gene - fabF_1 fabF_2
[17:06:08] Fixed 2 duplicate /gene - apcB_1 apcB_2
[17:06:08] Fixed 3 duplicate /gene - lagD_1 lagD_2 lagD_3
[17:06:08] Fixed 14 duplicate /gene - COQ5_1 COQ5_2 COQ5_3 COQ5_4 COQ5_5 COQ5_6 COQ5_7 COQ5_8 COQ5_9 COQ5_10 COQ5_11 COQ5_12 COQ5_13 COQ5_14
[17:06:08] Fixed 2 duplicate /gene - nifH_1 nifH_2
[17:06:08] Fixed 2 duplicate /gene - pcrA_1 pcrA_2
[17:06:08] Fixed 4 duplicate /gene - auaH_1 auaH_2 auaH_3 auaH_4
[17:06:08] Fixed 2 duplicate /gene - pstA_1 pstA_2
[17:06:08] Fixed 2 duplicate /gene - araQ_1 araQ_2
[17:06:08] Fixed 2 duplicate /gene - anfK_1 anfK_2
[17:06:08] Fixed 2 duplicate /gene - gyrA_1 gyrA_2
[17:06:08] Fixed 3 duplicate /gene - ndhI_1 ndhI_2 ndhI_3
[17:06:08] Fixed 2 duplicate /gene - yknY_1 yknY_2
[17:06:08] Fixed 2 duplicate /gene - sppA_1 sppA_2
[17:06:08] Fixed 2 duplicate /gene - hcaR_1 hcaR_2
[17:06:08] Fixed 2 duplicate /gene - tcrA_1 tcrA_2
[17:06:08] Fixed 2 duplicate /gene - dnaK_1 dnaK_2
[17:06:08] Fixed 2 duplicate /gene - ecfA2_1 ecfA2_2
[17:06:08] Fixed 2 duplicate /gene - nrtB_1 nrtB_2
[17:06:08] Fixed 2 duplicate /gene - glnA_1 glnA_2
[17:06:08] Fixed 2 duplicate /gene - gpsA_1 gpsA_2
[17:06:08] Fixed 2 duplicate /gene - bchB_1 bchB_2
[17:06:08] Fixed 2 duplicate /gene - dhaA_1 dhaA_2
[17:06:08] Fixed 2 duplicate /gene - dpnM_1 dpnM_2
[17:06:08] Fixed 364 colliding /gene names.
[17:06:08] Adding /locus_tag identifiers
[17:06:08] Assigned 6017 locus_tags to CDS and RNA features.
[17:06:08] Writing outputs to prokka_out/
[17:06:17] Generating annotation statistics file
[17:06:17] Generating Genbank and Sequin files
[17:06:17] Running: tbl2asn -V b -a r10k -l paired-ends -M n -N 1 -y 'Annotated using prokka 1.14.6 from https://github.com/tseemann/prokka' -Z prokka_out\/F_musicola\.err -i prokka_out\/F_musicola\.fsa 2> /dev/null
[17:06:28] Deleting unwanted file: prokka_out/errorsummary.val
[17:06:28] Deleting unwanted file: prokka_out/F_musicola.dr
[17:06:28] Deleting unwanted file: prokka_out/F_musicola.fixedproducts
[17:06:28] Deleting unwanted file: prokka_out/F_musicola.ecn
[17:06:28] Deleting unwanted file: prokka_out/F_musicola.val
[17:06:28] Repairing broken .GBK output that tbl2asn produces...
[17:06:28] Running: sed 's/COORDINATES: profile/COORDINATES:profile/' < prokka_out\/F_musicola\.gbf > prokka_out\/F_musicola\.gbk
[17:06:30] Deleting unwanted file: prokka_out/F_musicola.gbf
[17:06:30] Output files:
[17:06:30] prokka_out/F_musicola.err
[17:06:30] prokka_out/F_musicola.faa
[17:06:30] prokka_out/F_musicola.ffn
[17:06:30] prokka_out/F_musicola.fna
[17:06:30] prokka_out/F_musicola.fsa
[17:06:30] prokka_out/F_musicola.gbk
[17:06:30] prokka_out/F_musicola.gff
[17:06:30] prokka_out/F_musicola.log
[17:06:30] prokka_out/F_musicola.sqn
[17:06:30] prokka_out/F_musicola.tbl
[17:06:30] prokka_out/F_musicola.tsv
[17:06:30] prokka_out/F_musicola.txt
[17:06:30] Annotation finished successfully.
[17:06:30] Walltime used: 2.27 minutes
[17:06:30] If you use this result please cite the Prokka paper:
[17:06:30] Seemann T (2014) Prokka: rapid prokaryotic genome annotation. Bioinformatics. 30(14):2068-9.
[17:06:30] Type 'prokka --citation' for more details.
[17:06:30] Thank you, come again.
