[12:59:13] This is prokka 1.14.6
[12:59:13] Written by Torsten Seemann <torsten.seemann@gmail.com>
[12:59:13] Homepage is https://github.com/tseemann/prokka
[12:59:13] Local time is Tue Apr 25 12:59:13 2023
[12:59:13] You are not telling me who you are!
[12:59:13] Operating system is linux
[12:59:13] You have BioPerl 1.7.8
[12:59:13] System has 16 cores.
[12:59:13] Will use maximum of 12 cores.
[12:59:13] Annotating as >>> Bacteria <<<
[12:59:13] Generating locus_tag from 'GCF_000231365.1_ASM23136v1_genomic.fna' contents.
[12:59:13] Setting --locustag JBLNCBMD from MD5 3b57cb6daa3ba4d0b84df60808917891
[12:59:13] Creating new output folder: prokka_thermalis
[12:59:13] Running: mkdir -p prokka_thermalis
[12:59:13] Using filename prefix: F.thermalis.XXX
[12:59:13] Setting HMMER_NCPU=1
[12:59:13] Writing log to: prokka_thermalis/F.thermalis.log
[12:59:13] Command: /root/anaconda3/envs/ulana/bin/prokka --outdir prokka_thermalis --prefix F.thermalis GCF_000231365.1_ASM23136v1_genomic.fna --cpus 12
[12:59:13] Appending to PATH: /root/anaconda3/envs/ulana/bin
[12:59:13] Looking for 'aragorn' - found /root/anaconda3/envs/ulana/bin/aragorn
[12:59:13] Determined aragorn version is 001002 from 'ARAGORN v1.2.41 Dean Laslett'
[12:59:13] Looking for 'barrnap' - found /root/anaconda3/envs/ulana/bin/barrnap
[12:59:13] Determined barrnap version is 000009 from 'barrnap 0.9'
[12:59:13] Looking for 'blastp' - found /root/anaconda3/envs/ulana/bin/blastp
[12:59:13] Determined blastp version is 002013 from 'blastp: 2.13.0+'
[12:59:13] Looking for 'cmpress' - found /root/anaconda3/envs/ulana/bin/cmpress
[12:59:13] Determined cmpress version is 001001 from '# INFERNAL 1.1.4 (Dec 2020)'
[12:59:13] Looking for 'cmscan' - found /root/anaconda3/envs/ulana/bin/cmscan
[12:59:13] Determined cmscan version is 001001 from '# INFERNAL 1.1.4 (Dec 2020)'
[12:59:13] Looking for 'egrep' - found /usr/bin/egrep
[12:59:13] Looking for 'find' - found /usr/bin/find
[12:59:13] Looking for 'grep' - found /usr/bin/grep
[12:59:13] Looking for 'hmmpress' - found /root/anaconda3/envs/ulana/bin/hmmpress
[12:59:13] Determined hmmpress version is 003003 from '# HMMER 3.3.2 (Nov 2020); http://hmmer.org/'
[12:59:13] Looking for 'hmmscan' - found /root/anaconda3/envs/ulana/bin/hmmscan
[12:59:13] Determined hmmscan version is 003003 from '# HMMER 3.3.2 (Nov 2020); http://hmmer.org/'
[12:59:13] Looking for 'java' - found /root/anaconda3/envs/ulana/bin/java
[12:59:13] Looking for 'makeblastdb' - found /root/anaconda3/envs/ulana/bin/makeblastdb
[12:59:13] Determined makeblastdb version is 002013 from 'makeblastdb: 2.13.0+'
[12:59:13] Looking for 'minced' - found /root/anaconda3/envs/ulana/bin/minced
[12:59:13] Determined minced version is 004002 from 'minced 0.4.2'
[12:59:13] Looking for 'parallel' - found /root/anaconda3/envs/ulana/bin/parallel
[12:59:13] Determined parallel version is 20230122 from 'GNU parallel 20230122'
[12:59:13] Looking for 'prodigal' - found /root/anaconda3/envs/ulana/bin/prodigal
[12:59:13] Determined prodigal version is 002006 from 'Prodigal V2.6.3: February, 2016'
[12:59:13] Looking for 'prokka-genbank_to_fasta_db' - found /root/anaconda3/envs/ulana/bin/prokka-genbank_to_fasta_db
[12:59:13] Looking for 'sed' - found /usr/bin/sed
[12:59:13] Looking for 'tbl2asn' - found /root/anaconda3/envs/ulana/bin/tbl2asn
[12:59:13] Determined tbl2asn version is 025007 from 'tbl2asn 25.7   arguments:'
[12:59:13] Using genetic code table 11.
[12:59:13] Loading and checking input file: GCF_000231365.1_ASM23136v1_genomic.fna
[12:59:14] Wrote 1 contigs totalling 5382461 bp.
[12:59:14] Predicting tRNAs and tmRNAs
[12:59:14] Running: aragorn -l -gc11  -w prokka_thermalis\/F\.thermalis\.fna
[12:59:16] 1 tRNA-Ala c[5262,5336] 34 (tgc)
[12:59:16] 2 tRNA-Ile c[5419,5494] 35 (gat)
[12:59:16] 3 tRNA-Asp [289555,289628] 35 (gtc)
[12:59:16] 4 tRNA-Met c[503815,503887] 34 (cat)
[12:59:16] 5 tRNA-Gly c[799756,799827] 33 (gcc)
[12:59:16] 6 tRNA-Tyr [821937,822021] 35 (gta)
[12:59:16] 7 tRNA-Thr [822085,822156] 33 (ggt)
[12:59:16] 8 tRNA-Gly c[840875,840946] 33 (ccc)
[12:59:16] 9 tRNA-Asn [1100424,1100497] 34 (gtt)
[12:59:16] 10 tRNA-Pro c[1184924,1184998] 35 (tgg)
[12:59:16] 11 tRNA-Pro [1301610,1301683] 35 (cgg)
[12:59:16] 12 tRNA-Gln [1464300,1464370] 32 (ttg)
[12:59:16] 13 tRNA-Ser c[1626319,1626412] 36 (gct)
[12:59:16] 14 tRNA-Ser [1762952,1763038] 36 (tga)
[12:59:16] 15 tRNA-Ser c[1903622,1903708] 36 (cga)
[12:59:16] 16 tRNA-Arg [2122524,2122597] 35 (ccg)
[12:59:16] 17 tRNA-Trp [2167054,2167127] 34 (cca)
[12:59:16] 18 tRNA-Leu c[2274035,2274118] 36 (tag)
[12:59:16] 19 tRNA-Ala [2427338,2427412] 35 (cgc)
[12:59:16] 20 tRNA-Leu [2453212,2453294] 35 (cag)
[12:59:16] 21 tRNA-Pro [2761891,2761964] 35 (ggg)
[12:59:16] 22 tRNA-Thr [2883514,2883585] 33 (cgt)
[12:59:16] 23 tRNA-Ala [2885707,2885780] 34 (ggc)
[12:59:16] 24 tRNA-Arg [2890672,2890745] 35 (acg)
[12:59:16] 25 tmRNA c[2983790,2984176] 100,150 ANNIVKFARKEALVAA*
[12:59:16] 26 tRNA-Gly [3090385,3090455] 33 (tcc)
[12:59:16] 27 tRNA-Cys [3141907,3141978] 33 (gca)
[12:59:16] 28 tRNA-Gln c[3166121,3166192] 33 (ttg)
[12:59:16] 29 tRNA-Leu c[3199564,3199648] 35 (caa)
[12:59:16] 30 tRNA-Arg c[3464196,3464271] 36 (cct)
[12:59:16] 31 tRNA-Ser c[3530087,3530175] 36 (gga)
[12:59:16] 32 tRNA-Lys [3818461,3818534] 34 (ttt)
[12:59:16] 33 tRNA-Arg [3953460,3953534] 35 (tct)
[12:59:16] 34 tRNA-Met [3978338,3978413] 36 (cat)
[12:59:16] 35 tRNA-Phe c[4017246,4017318] 34 (gaa)
[12:59:16] 36 tRNA-Val [4024721,4024793] 34 (tac)
[12:59:16] 37 tRNA-Val c[4223816,4223889] 35 (gac)
[12:59:16] 38 tRNA-Met [4228569,4228645] 35 (cat)
[12:59:16] 39 tRNA-Thr [4369221,4369292] 33 (tgt)
[12:59:16] 40 tRNA-His [4680297,4680370] 34 (gtg)
[12:59:16] 41 tRNA-Glu [4844102,4844174] 35 (ttc)
[12:59:16] 42 tRNA-Arg [4862085,4862157] 34 (tcg)
[12:59:16] 43 tRNA-Asn [4862828,4862901] 34 (att)
[12:59:16] 44 tRNA-Leu c[5275837,5275919] 36 (gag)
[12:59:16] Found 44 tRNAs
[12:59:16] Predicting Ribosomal RNAs
[12:59:16] Running Barrnap with 12 threads
[12:59:17] 1 NZ_AGIZ01000034.1 197154 5S ribosomal RNA
[12:59:17] 2 NZ_AGIZ01000034.1 1204056 5S ribosomal RNA
[12:59:17] 3 NZ_AGIZ01000034.1 1908321 16S ribosomal RNA
[12:59:17] 4 NZ_AGIZ01000034.1 1910160 23S ribosomal RNA
[12:59:17] 5 NZ_AGIZ01000034.1 1913099 5S ribosomal RNA
[12:59:17] Found 5 rRNAs
[12:59:17] Skipping ncRNA search, enable with --rfam if desired.
[12:59:17] Total of 48 tRNA + rRNA features
[12:59:17] Searching for CRISPR repeats
[12:59:17] CRISPR1 NZ_AGIZ01000034.1 988978 with 24 spacers
[12:59:17] CRISPR2 NZ_AGIZ01000034.1 1417789 with 86 spacers
[12:59:17] CRISPR3 NZ_AGIZ01000034.1 2274360 with 4 spacers
[12:59:17] CRISPR4 NZ_AGIZ01000034.1 2603062 with 16 spacers
[12:59:17] CRISPR5 NZ_AGIZ01000034.1 2604909 with 24 spacers
[12:59:17] CRISPR6 NZ_AGIZ01000034.1 3607797 with 44 spacers
[12:59:17] CRISPR7 NZ_AGIZ01000034.1 3611924 with 14 spacers
[12:59:17] CRISPR8 NZ_AGIZ01000034.1 5028984 with 61 spacers
[12:59:17] Found 8 CRISPRs
[12:59:17] Predicting coding sequences
[12:59:17] Contigs total 5382461 bp, so using single mode
[12:59:17] Running: prodigal -i prokka_thermalis\/F\.thermalis\.fna -c -m -g 11 -p single -f sco -q
[12:59:22] Excluding CDS which overlaps existing RNA (tRNA) at NZ_AGIZ01000034.1:1100298..1101737 on + strand
[12:59:22] Excluding CDS which overlaps existing RNA (rRNA) at NZ_AGIZ01000034.1:1204137..1204295 on - strand
[12:59:22] Excluding CDS which overlaps existing RNA (tRNA) at NZ_AGIZ01000034.1:1903592..1903720 on - strand
[12:59:22] Excluding CDS which overlaps existing RNA (rRNA) at NZ_AGIZ01000034.1:1910555..1910734 on + strand
[12:59:23] Excluding CDS which overlaps existing RNA (tRNA) at NZ_AGIZ01000034.1:2890117..2890788 on - strand
[12:59:24] Excluding CDS which overlaps existing RNA (repeat_region) at NZ_AGIZ01000034.1:5030278..5030454 on - strand
[12:59:24] Found 4630 CDS
[12:59:24] Connecting features back to sequences
[12:59:24] Not using genus-specific database. Try --usegenus to enable it.
[12:59:24] Annotating CDS, please be patient.
[12:59:24] Will use 12 CPUs for similarity searching.
[12:59:27] There are still 4630 unannotated CDS left (started with 4630)
[12:59:27] Will use blast to search against /root/anaconda3/envs/ulana/db/kingdom/Bacteria/IS with 12 CPUs
[12:59:27] Running: cat prokka_thermalis\/F\.thermalis\.IS\.tmp\.133\.faa | parallel --gnu --plain -j 12 --block 60471 --recstart '>' --pipe blastp -query - -db /root/anaconda3/envs/ulana/db/kingdom/Bacteria/IS -evalue 1e-30 -qcov_hsp_perc 90 -num_threads 1 -num_descriptions 1 -num_alignments 1 -seg no > prokka_thermalis\/F\.thermalis\.IS\.tmp\.133\.blast 2> /dev/null
[12:59:37] Deleting unwanted file: prokka_thermalis/F.thermalis.IS.tmp.133.faa
[12:59:37] Deleting unwanted file: prokka_thermalis/F.thermalis.IS.tmp.133.blast
[12:59:41] There are still 4558 unannotated CDS left (started with 4630)
[12:59:41] Will use blast to search against /root/anaconda3/envs/ulana/db/kingdom/Bacteria/AMR with 12 CPUs
[12:59:41] Running: cat prokka_thermalis\/F\.thermalis\.AMR\.tmp\.133\.faa | parallel --gnu --plain -j 12 --block 60003 --recstart '>' --pipe blastp -query - -db /root/anaconda3/envs/ulana/db/kingdom/Bacteria/AMR -evalue 1e-300 -qcov_hsp_perc 90 -num_threads 1 -num_descriptions 1 -num_alignments 1 -seg no > prokka_thermalis\/F\.thermalis\.AMR\.tmp\.133\.blast 2> /dev/null
[12:59:49] Deleting unwanted file: prokka_thermalis/F.thermalis.AMR.tmp.133.faa
[12:59:49] Deleting unwanted file: prokka_thermalis/F.thermalis.AMR.tmp.133.blast
[12:59:53] There are still 4558 unannotated CDS left (started with 4630)
[12:59:53] Will use blast to search against /root/anaconda3/envs/ulana/db/kingdom/Bacteria/sprot with 12 CPUs
[12:59:53] Running: cat prokka_thermalis\/F\.thermalis\.sprot\.tmp\.133\.faa | parallel --gnu --plain -j 12 --block 60003 --recstart '>' --pipe blastp -query - -db /root/anaconda3/envs/ulana/db/kingdom/Bacteria/sprot -evalue 1e-09 -qcov_hsp_perc 80 -num_threads 1 -num_descriptions 1 -num_alignments 1 -seg no > prokka_thermalis\/F\.thermalis\.sprot\.tmp\.133\.blast 2> /dev/null
[13:00:33] Modify product: Putative phosphoribosyl transferase Rv0571c => Putative phosphoribosyl transferase
[13:00:33] Modify product: Uncharacterized protein Rv2307c => putative protein
[13:00:33] Modify product: Uncharacterized protein Rv2715 => putative protein
[13:00:33] Modify product: Probable murein peptide carboxypeptidase => putative murein peptide carboxypeptidase
[13:00:33] Modify product: GTP cyclohydrolase 1 type 2 homolog => GTP cyclohydrolase 1 type 2 
[13:00:33] Modify product: Probable serine/threonine-protein kinase PkwA => putative serine/threonine-protein kinase PkwA
[13:00:33] Modify product: UPF0145 protein YbjQ => hypothetical protein
[13:00:33] Modify product: Probable ATP-dependent transporter SufC => putative ATP-dependent transporter SufC
[13:00:33] Modify product: Probable cysteine desulfurase => putative cysteine desulfurase
[13:00:33] Modify product: Epimerase family protein SA0724 => Epimerase family protein
[13:00:33] Modify product: Uncharacterized protein slr1565 => putative protein
[13:00:33] Modify product: UPF0210 protein SP_0239 => hypothetical protein
[13:00:33] Modify product: Phage shock protein A homolog => Phage shock protein A 
[13:00:33] Modify product: Phage shock protein A homolog => Phage shock protein A 
[13:00:33] Modify product: Rqc2 homolog RqcH => Rqc2 RqcH
[13:00:33] Modify product: Probable D,D-dipeptide transport system permease protein DdpC => putative D,D-dipeptide transport system permease protein DdpC
[13:00:33] Modify product: Uncharacterized zinc protease Rv2782c => putative zinc protease
[13:00:33] Modify product: Probable iron export permease protein FetB => putative iron export permease protein FetB
[13:00:33] Modify product: UPF0754 membrane protein SA1664 => hypothetical protein
[13:00:33] Modify product: Putative glutamine amidotransferase Rv2859c => Putative glutamine amidotransferase
[13:00:33] Modify product: UPF0234 protein Rv0566c => hypothetical protein
[13:00:33] Modify product: Thioredoxin-like protein slr0233 => Thioredoxin-like protein
[13:00:33] Modify product: Uncharacterized protein alr4550 => putative protein
[13:00:33] Modify product: UPF0053 protein Rv1842c => hypothetical protein
[13:00:33] Modify product: UPF0382 membrane protein YwdK => hypothetical protein
[13:00:33] Modify product: Putative cystathionine beta-synthase Rv1077 => Putative cystathionine beta-synthase
[13:00:33] Modify product: Uncharacterized signaling protein PA1727 => putative signaling protein
[13:00:33] Modify product: Uncharacterized zinc protease Rv2782c => putative zinc protease
[13:00:33] Modify product: Uncharacterized zinc protease Rv2782c => putative zinc protease
[13:00:33] Modify product: Uncharacterized sugar epimerase YhfK => putative sugar epimerase YhfK
[13:00:33] Modify product: Putative monooxygenase Rv0793 => Putative monooxygenase
[13:00:33] Modify product: Probable ABC transporter phosphite binding protein PhnD1 => putative ABC transporter phosphite binding protein PhnD1
[13:00:33] Modify product: Probable cytochrome c oxidase subunit 3 => putative cytochrome c oxidase subunit 3
[13:00:33] Modify product: Probable cytochrome c oxidase subunit 1 => putative cytochrome c oxidase subunit 1
[13:00:33] Modify product: Putative hydro-lyase Atu3911 => Putative hydro-lyase
[13:00:33] Modify product: Uncharacterized protein DR_1314 => putative protein
[13:00:33] Modify product: Probable copper-transporting ATPase PacS => putative copper-transporting ATPase PacS
[13:00:33] Modify product: Probable cation-transporting ATPase F => putative cation-transporting ATPase F
[13:00:33] Modify product: Probable undecaprenyl-phosphate N-acetylglucosaminyl 1-phosphate transferase => putative undecaprenyl-phosphate N-acetylglucosaminyl 1-phosphate transferase
[13:00:33] Modify product: Uncharacterized ABC transporter ATP-binding protein TM_0288 => putative ABC transporter ATP-binding protein
[13:00:33] Modify product: Probable peptidoglycan glycosyltransferase FtsW => putative peptidoglycan glycosyltransferase FtsW
[13:00:33] Modify product: Probable cytosol aminopeptidase => putative cytosol aminopeptidase
[13:00:33] Modify product: Uncharacterized oxidoreductase MSMEG_1603/MSMEI_1564 => putative oxidoreductase/MSMEI_1564
[13:00:33] Modify product: Probable ABC transporter-binding protein DR_1438 => putative ABC transporter-binding protein
[13:00:33] Modify product: Acetyltransferase SACOL1063 => Acetyltransferase
[13:00:33] Modify product: Putative multidrug export ATP-binding/permease protein SAV1866 => Putative multidrug export ATP-binding/permease protein
[13:00:33] Modify product: Phycocyanobilin lyase CpcT homolog => Phycocyanobilin lyase CpcT 
[13:00:33] Modify product: Putative multidrug export ATP-binding/permease protein SAV1866 => Putative multidrug export ATP-binding/permease protein
[13:00:33] Modify product: Uncharacterized HTH-type transcriptional regulator Rv0081 => putative HTH-type transcriptional regulator
[13:00:33] Modify product: Uncharacterized protein Rv1829 => putative protein
[13:00:33] Modify product: Uncharacterized protein Rv2004c => putative protein
[13:00:33] Modify product: Probable siderophore transport system ATP-binding protein YusV => putative siderophore transport system ATP-binding protein YusV
[13:00:33] Modify product: Probable siderophore transport system permease protein YfhA => putative siderophore transport system permease protein YfhA
[13:00:33] Modify product: Probable siderophore transport system permease protein YfiZ => putative siderophore transport system permease protein YfiZ
[13:00:33] Modify product: Uncharacterized ABC transporter ATP-binding protein YknY => putative ABC transporter ATP-binding protein YknY
[13:00:33] Modify product: Putative low molecular weight protein-tyrosine-phosphatase slr0328 => Putative low molecular weight protein-tyrosine-phosphatase
[13:00:33] Modify product: Probable ribonucleotide transport ATP-binding protein mkl => putative ribonucleotide transport ATP-binding protein mkl
[13:00:33] Modify product: Uncharacterized protein Rv2715 => putative protein
[13:00:33] Modify product: Uncharacterized transporter Rv2685 => putative transporter
[13:00:33] Modify product: Uncharacterized FAD-linked oxidoreductase Rv2280 => putative FAD-linked oxidoreductase
[13:00:33] Modify product: Carbon dioxide-concentrating mechanism protein CcmK homolog 1 => Carbon dioxide-concentrating mechanism protein CcmK 
[13:00:33] Modify product: Carbon dioxide-concentrating mechanism protein CcmK homolog 2 => Carbon dioxide-concentrating mechanism protein CcmK 
[13:00:34] Modify product: UPF0182 protein MSMEG_1959/MSMEI_1915 => hypothetical protein
[13:00:34] Modify product: N-glycosidase Npun_R5314 => N-glycosidase
[13:00:34] Modify product: Uncharacterized ABC transporter ATP-binding protein YbiT => putative ABC transporter ATP-binding protein YbiT
[13:00:34] Modify product: Probable diguanylate cyclase DgcE => putative diguanylate cyclase DgcE
[13:00:34] Modify product: Putative transport protein Rv0205 => Putative transport protein
[13:00:34] Modify product: Bifunctional protein FolD => Bifunctional protein FolD protein
[13:00:34] Modify product: Uncharacterized protein alr4550 => putative protein
[13:00:34] Modify product: Uncharacterized signaling protein PA1727 => putative signaling protein
[13:00:34] Modify product: UPF0761 membrane protein YihY => hypothetical protein
[13:00:34] Modify product: Uncharacterized PIN and TRAM-domain containing protein YacL => putative PIN and TRAM-domain containing protein YacL
[13:00:34] Modify product: 1,4-alpha-glucan branching enzyme TTHA1902 => 1,4-alpha-glucan branching enzyme
[13:00:34] Modify product: Probable glutaredoxin ssr2061 => putative glutaredoxin
[13:00:34] Modify product: Uncharacterized protein YciO => putative protein YciO
[13:00:34] Modify product: Uncharacterized protein alr4550 => putative protein
[13:00:34] Modify product: Probable cytochrome c oxidase subunit 3 => putative cytochrome c oxidase subunit 3
[13:00:34] Modify product: Uncharacterized transporter Rv2685 => putative transporter
[13:00:34] Modify product: Uncharacterized protein alr4550 => putative protein
[13:00:34] Modify product: Probable lipid II flippase MurJ => putative lipid II flippase MurJ
[13:00:34] Modify product: Uncharacterized oxidoreductase SA2266 => putative oxidoreductase
[13:00:34] Modify product: UPF0166 protein TM_0021 => hypothetical protein
[13:00:34] Modify product: Probable multidrug resistance ABC transporter ATP-binding/permease protein YheI => putative multidrug resistance ABC transporter ATP-binding/permease protein YheI
[13:00:34] Modify product: Probable peptidoglycan glycosyltransferase FtsW => putative peptidoglycan glycosyltransferase FtsW
[13:00:34] Modify product: Probable nicotinate-nucleotide pyrophosphorylase [carboxylating] => putative nicotinate-nucleotide pyrophosphorylase [carboxylating]
[13:00:34] Modify product: Putative universal stress protein SA1532 => Putative universal stress protein
[13:00:34] Modify product: Probable dual-specificity RNA methyltransferase RlmN => putative dual-specificity RNA methyltransferase RlmN
[13:00:34] Modify product: Probable flavin reductase => putative flavin reductase
[13:00:34] Modify product: UPF0056 inner membrane protein YhgN => hypothetical protein
[13:00:34] Modify product: Putative transport protein Rv0205 => Putative transport protein
[13:00:34] Modify product: Probable 3-hydroxyacyl-CoA dehydrogenase => putative 3-hydroxyacyl-CoA dehydrogenase
[13:00:34] Modify product: UPF0758 protein YsxA => hypothetical protein
[13:00:34] Modify product: Transcriptional repressor SmtB homolog => Transcriptional repressor SmtB 
[13:00:34] Modify product: Probable alcohol dehydrogenase AdhA => putative alcohol dehydrogenase AdhA
[13:00:34] Modify product: UPF0056 inner membrane protein YhgN => hypothetical protein
[13:00:34] Modify product: Probable adenylyl-sulfate kinase => putative adenylyl-sulfate kinase
[13:00:34] Modify product: Uncharacterized protein HI_1349 => putative protein
[13:00:34] Modify product: Tricorn protease homolog 1 => Tricorn protease 
[13:00:34] Modify product: Uncharacterized FAD-linked oxidoreductase Rv2280 => putative FAD-linked oxidoreductase
[13:00:34] Modify product: GTP-binding protein TypA/BipA homolog => GTP-binding protein TypA/BipA 
[13:00:34] Modify product: Probable molybdenum cofactor guanylyltransferase => putative molybdenum cofactor guanylyltransferase
[13:00:34] Modify product: Uncharacterized protein alr4550 => putative protein
[13:00:34] Modify product: Uncharacterized protein Rv0502 => putative protein
[13:00:34] Modify product: Glycogen operon protein GlgX homolog => Glycogen operon protein GlgX 
[13:00:34] Modify product: Transcriptional repressor SmtB homolog => Transcriptional repressor SmtB 
[13:00:34] Modify product: Uncharacterized protein DR_1314 => putative protein
[13:00:34] Modify product: Probable ABC transporter-binding protein DR_1571 => putative ABC transporter-binding protein
[13:00:34] Modify product: Uncharacterized sugar epimerase YhfK => putative sugar epimerase YhfK
[13:00:34] Modify product: Uncharacterized protein slr1565 => putative protein
[13:00:34] Modify product: Putative anti-sigma factor antagonist TM_1442 => Putative anti-sigma factor antagonist
[13:00:34] Modify product: Pentapeptide repeat protein VPA0095 => Pentapeptide repeat protein
[13:00:34] Modify product: Uncharacterized protein RP812 => putative protein RP812
[13:00:34] Modify product: Purine-binding protein BAB2_0673 => Purine-binding protein
[13:00:34] Modify product: Uncharacterized protein YciH => putative protein YciH
[13:00:34] Modify product: Uncharacterized protein YqeN => putative protein YqeN
[13:00:34] Modify product: Probable cation-transporting ATPase F => putative cation-transporting ATPase F
[13:00:34] Modify product: Uncharacterized transporter Rv1999c => putative transporter
[13:00:34] Modify product: Uncharacterized protein Rv2067c => putative protein
[13:00:34] Modify product: Probable siderophore-binding lipoprotein YfiY => putative siderophore-binding lipoprotein YfiY
[13:00:34] Modify product: Uncharacterized protein alr4550 => putative protein
[13:00:34] Modify product: PKHD-type hydroxylase Sbal_3634 => PKHD-type hydroxylase
[13:00:34] Modify product: Uncharacterized symporter YjmB => putative symporter YjmB
[13:00:34] Modify product: Probable serine/threonine-protein kinase PkwA => putative serine/threonine-protein kinase PkwA
[13:00:34] Modify product: Probable siderophore transport system ATP-binding protein YusV => putative siderophore transport system ATP-binding protein YusV
[13:00:34] Modify product: Acetyltransferase PA3944 => Acetyltransferase
[13:00:34] Modify product: Probable protein kinase UbiB => putative protein kinase UbiB
[13:00:34] Modify product: Uncharacterized inner membrane transporter YhbE => putative inner membrane transporter YhbE
[13:00:34] Modify product: Protease HtpX homolog => Protease HtpX 
[13:00:34] Modify product: Uncharacterized protein Rv2030c => putative protein
[13:00:34] Modify product: UPF0098 protein CT_736 => hypothetical protein
[13:00:34] Modify product: Probable 2-phosphosulfolactate phosphatase => putative 2-phosphosulfolactate phosphatase
[13:00:34] Modify product: Uncharacterized protein HI_0933 => putative protein
[13:00:34] Modify product: Carbon dioxide-concentrating mechanism protein CcmK homolog 4 => Carbon dioxide-concentrating mechanism protein CcmK 
[13:00:34] Modify product: Putative anti-sigma factor antagonist TM_1442 => Putative anti-sigma factor antagonist
[13:00:34] Modify product: Peptidoglycan-N-acetylglucosamine deacetylase BC_3618 => Peptidoglycan-N-acetylglucosamine deacetylase
[13:00:34] Modify product: Uncharacterized ABC transporter ATP-binding protein TM_0288 => putative ABC transporter ATP-binding protein
[13:00:34] Modify product: Probable dolichyl-phosphate-mannose--protein mannosyltransferase => putative dolichyl-phosphate-mannose--protein mannosyltransferase
[13:00:34] Modify product: Uncharacterized protein Rv0628c => putative protein
[13:00:34] Modify product: Uncharacterized protein alr4550 => putative protein
[13:00:34] Modify product: Probable cytochrome c oxidase subunit 3 => putative cytochrome c oxidase subunit 3
[13:00:35] Modify product: Probable ferredoxin/ferredoxin--NADP reductase => putative ferredoxin/ferredoxin--NADP reductase
[13:00:35] Modify product: Putative universal stress protein SA1532 => Putative universal stress protein
[13:00:35] Modify product: UPF0053 inner membrane protein YtfL => hypothetical protein
[13:00:35] Modify product: Uncharacterized oxidoreductase Rv2298 => putative oxidoreductase
[13:00:35] Modify product: Uncharacterized zinc protease Rv2782c => putative zinc protease
[13:00:35] Modify product: Probable ketoamine kinase HMPREF0351_12196 => putative ketoamine kinase
[13:00:35] Modify product: UPF0394 membrane protein XF_0766 => hypothetical protein
[13:00:35] Modify product: UPF0394 membrane protein XF_0765 => hypothetical protein
[13:00:35] Modify product: Probable sulfate transporter Rv1739c => putative sulfate transporter
[13:00:35] Modify product: Probable adenylyltransferase/sulfurtransferase MoeZ => putative adenylyltransferase/sulfurtransferase MoeZ
[13:00:35] Modify product: Probable adenylyl-sulfate kinase => putative adenylyl-sulfate kinase
[13:00:35] Modify product: Probable 30S ribosomal protein PSRP-3 => putative 30S ribosomal protein PSRP-3
[13:00:35] Modify product: Putative multidrug export ATP-binding/permease protein SAV1866 => Putative multidrug export ATP-binding/permease protein
[13:00:35] Modify product: Vitamin K epoxide reductase homolog => Vitamin K epoxide reductase 
[13:00:35] Modify product: Probable serine/threonine-protein kinase PkwA => putative serine/threonine-protein kinase PkwA
[13:00:35] Modify product: Uncharacterized protein YqgN => putative protein YqgN
[13:00:35] Modify product: Uncharacterized protein alr4550 => putative protein
[13:00:35] Modify product: Phosphate-specific transport system accessory protein PhoU homolog => Phosphate-specific transport system accessory protein PhoU 
[13:00:35] Cleaned 158 /product names
[13:00:35] Deleting unwanted file: prokka_thermalis/F.thermalis.sprot.tmp.133.faa
[13:00:35] Deleting unwanted file: prokka_thermalis/F.thermalis.sprot.tmp.133.blast
[13:00:37] There are still 2931 unannotated CDS left (started with 4630)
[13:00:37] Will use hmmer3 to search against /root/anaconda3/envs/ulana/db/hmm/HAMAP.hmm with 12 CPUs
[13:00:37] Running: cat prokka_thermalis\/F\.thermalis\.HAMAP\.hmm\.tmp\.133\.faa | parallel --gnu --plain -j 12 --block 35723 --recstart '>' --pipe hmmscan --noali --notextw --acc -E 1e-09 --cpu 1 /root/anaconda3/envs/ulana/db/hmm/HAMAP.hmm /dev/stdin > prokka_thermalis\/F\.thermalis\.HAMAP\.hmm\.tmp\.133\.hmmer3 2> /dev/null
[13:01:00] Deleting unwanted file: prokka_thermalis/F.thermalis.HAMAP.hmm.tmp.133.faa
[13:01:00] Deleting unwanted file: prokka_thermalis/F.thermalis.HAMAP.hmm.tmp.133.hmmer3
[13:01:00] Labelling remaining 2422 proteins as 'hypothetical protein'
[13:01:00] Possible /pseudo 'Serine/threonine-protein kinase PknD' at NZ_AGIZ01000034.1 position 256547
[13:01:00] Possible /pseudo 'CRISPR-associated endonuclease Cas1' at NZ_AGIZ01000034.1 position 1071911
[13:01:00] Possible /pseudo 'Phage shock protein A ' at NZ_AGIZ01000034.1 position 1134645
[13:01:00] Possible /pseudo 'D-inositol-3-phosphate glycosyltransferase' at NZ_AGIZ01000034.1 position 1350261
[13:01:00] Possible /pseudo 'D-inositol-3-phosphate glycosyltransferase' at NZ_AGIZ01000034.1 position 1366012
[13:01:00] Possible /pseudo 'Orange carotenoid-binding protein' at NZ_AGIZ01000034.1 position 1671811
[13:01:00] Possible /pseudo 'D-inositol-3-phosphate glycosyltransferase' at NZ_AGIZ01000034.1 position 1697510
[13:01:00] Possible /pseudo 'Sensor histidine kinase RcsC' at NZ_AGIZ01000034.1 position 1727791
[13:01:00] Possible /pseudo 'Alkaline phosphatase synthesis transcriptional regulatory protein PhoP' at NZ_AGIZ01000034.1 position 1847572
[13:01:00] Possible /pseudo 'Photosystem I reaction center subunit PsaK' at NZ_AGIZ01000034.1 position 1989958
[13:01:00] Possible /pseudo 'ATP-dependent Clp protease proteolytic subunit' at NZ_AGIZ01000034.1 position 2221212
[13:01:00] Possible /pseudo 'putative zinc protease' at NZ_AGIZ01000034.1 position 2321347
[13:01:00] Possible /pseudo 'Carbon dioxide-concentrating mechanism protein CcmK ' at NZ_AGIZ01000034.1 position 2560152
[13:01:00] Possible /pseudo 'Sensor histidine kinase RcsC' at NZ_AGIZ01000034.1 position 2753920
[13:01:00] Possible /pseudo 'DNA-directed RNA polymerase subunit beta'' at NZ_AGIZ01000034.1 position 2861129
[13:01:00] Possible /pseudo 'Sensor histidine kinase RcsC' at NZ_AGIZ01000034.1 position 3087460
[13:01:00] Possible /pseudo 'D-inositol-3-phosphate glycosyltransferase' at NZ_AGIZ01000034.1 position 3099605
[13:01:00] Possible /pseudo 'D-inositol-3-phosphate glycosyltransferase' at NZ_AGIZ01000034.1 position 3109158
[13:01:00] Possible /pseudo 'D-inositol-3-phosphate glycosyltransferase' at NZ_AGIZ01000034.1 position 3125198
[13:01:00] Possible /pseudo 'D-inositol-3-phosphate glycosyltransferase' at NZ_AGIZ01000034.1 position 3178121
[13:01:00] Possible /pseudo 'D-inositol-3-phosphate glycosyltransferase' at NZ_AGIZ01000034.1 position 3179377
[13:01:00] Possible /pseudo 'D-inositol-3-phosphate glycosyltransferase' at NZ_AGIZ01000034.1 position 3180536
[13:01:00] Possible /pseudo 'Undecaprenyl-phosphate 4-deoxy-4-formamido-L-arabinose transferase' at NZ_AGIZ01000034.1 position 3184437
[13:01:00] Possible /pseudo 'Serine/threonine-protein kinase PknD' at NZ_AGIZ01000034.1 position 3394539
[13:01:00] Possible /pseudo 'Photosystem II CP43 reaction center protein' at NZ_AGIZ01000034.1 position 3518651
[13:01:00] Possible /pseudo 'IS701 family transposase ISNpu7' at NZ_AGIZ01000034.1 position 3525445
[13:01:00] Possible /pseudo 'Sensor histidine kinase RcsC' at NZ_AGIZ01000034.1 position 3557414
[13:01:00] Possible /pseudo 'Spore protein SP21' at NZ_AGIZ01000034.1 position 3923815
[13:01:00] Possible /pseudo 'Serine/threonine-protein kinase PknD' at NZ_AGIZ01000034.1 position 4609833
[13:01:00] Possible /pseudo 'Phycobilisome rod-core linker polypeptide CpcG4' at NZ_AGIZ01000034.1 position 4655265
[13:01:00] Possible /pseudo 'Sensor histidine kinase RcsC' at NZ_AGIZ01000034.1 position 4858368
[13:01:00] Possible /pseudo 'UDP-N-acetylglucosamine--N-acetylmuramyl-(pentapeptide) pyrophosphoryl-undecaprenol N-acetylglucosamine transferase' at NZ_AGIZ01000034.1 position 4999006
[13:01:00] Possible /pseudo 'Tol-Pal system protein TolB' at NZ_AGIZ01000034.1 position 5280735
[13:01:00] Possible /pseudo 'Sensor histidine kinase RcsC' at NZ_AGIZ01000034.1 position 5297793
[13:01:00] Possible /pseudo 'Sensor histidine kinase RcsC' at NZ_AGIZ01000034.1 position 5299218
[13:01:00] Possible /pseudo 'Sensor histidine kinase RcsC' at NZ_AGIZ01000034.1 position 5301618
[13:01:00] Found 1341 unique /gene codes.
[13:01:00] Fixed 2 duplicate /gene - rlpA_1 rlpA_2
[13:01:00] Fixed 3 duplicate /gene - acpP_1 acpP_2 acpP_3
[13:01:00] Fixed 2 duplicate /gene - apcB_1 apcB_2
[13:01:00] Fixed 2 duplicate /gene - eno_1 eno_2
[13:01:00] Fixed 2 duplicate /gene - nifK_1 nifK_2
[13:01:00] Fixed 4 duplicate /gene - clpP_1 clpP_2 clpP_3 clpP_4
[13:01:00] Fixed 2 duplicate /gene - prk_1 prk_2
[13:01:00] Fixed 5 duplicate /gene - rcp1_1 rcp1_2 rcp1_3 rcp1_4 rcp1_5
[13:01:00] Fixed 2 duplicate /gene - glgA_1 glgA_2
[13:01:00] Fixed 3 duplicate /gene - tadA_1 tadA_2 tadA_3
[13:01:00] Fixed 2 duplicate /gene - yciC_1 yciC_2
[13:01:00] Fixed 2 duplicate /gene - gcvT_1 gcvT_2
[13:01:00] Fixed 2 duplicate /gene - nadD_1 nadD_2
[13:01:00] Fixed 2 duplicate /gene - hcaB_1 hcaB_2
[13:01:00] Fixed 2 duplicate /gene - desV_1 desV_2
[13:01:00] Fixed 2 duplicate /gene - nasF_1 nasF_2
[13:01:00] Fixed 3 duplicate /gene - pds_1 pds_2 pds_3
[13:01:00] Fixed 3 duplicate /gene - psaK_1 psaK_2 psaK_3
[13:01:00] Fixed 2 duplicate /gene - cmpD_1 cmpD_2
[13:01:00] Fixed 2 duplicate /gene - sphR_1 sphR_2
[13:01:00] Fixed 2 duplicate /gene - spkA_1 spkA_2
[13:01:00] Fixed 2 duplicate /gene - hetR_1 hetR_2
[13:01:00] Fixed 3 duplicate /gene - sigA2_1 sigA2_2 sigA2_3
[13:01:00] Fixed 4 duplicate /gene - glpE_1 glpE_2 glpE_3 glpE_4
[13:01:00] Fixed 2 duplicate /gene - mntB_1 mntB_2
[13:01:00] Fixed 2 duplicate /gene - clpC_1 clpC_2
[13:01:00] Fixed 3 duplicate /gene - metK_1 metK_2 metK_3
[13:01:00] Fixed 3 duplicate /gene - dps_1 dps_2 dps_3
[13:01:00] Fixed 2 duplicate /gene - tagU_1 tagU_2
[13:01:00] Fixed 2 duplicate /gene - estB_1 estB_2
[13:01:00] Fixed 2 duplicate /gene - rip3_1 rip3_2
[13:01:00] Fixed 3 duplicate /gene - patA_1 patA_2 patA_3
[13:01:00] Fixed 2 duplicate /gene - cobN_1 cobN_2
[13:01:00] Fixed 2 duplicate /gene - egtB_1 egtB_2
[13:01:00] Fixed 5 duplicate /gene - smc_1 smc_2 smc_3 smc_4 smc_5
[13:01:00] Fixed 2 duplicate /gene - pntA_1 pntA_2
[13:01:00] Fixed 2 duplicate /gene - cugP_1 cugP_2
[13:01:00] Fixed 2 duplicate /gene - hypB_1 hypB_2
[13:01:00] Fixed 2 duplicate /gene - ilvE_1 ilvE_2
[13:01:00] Fixed 2 duplicate /gene - cobD_1 cobD_2
[13:01:00] Fixed 2 duplicate /gene - psbB_1 psbB_2
[13:01:00] Fixed 2 duplicate /gene - dnaK_1 dnaK_2
[13:01:00] Fixed 2 duplicate /gene - psaF_1 psaF_2
[13:01:00] Fixed 4 duplicate /gene - cas1_1 cas1_2 cas1_3 cas1_4
[13:01:00] Fixed 4 duplicate /gene - liaR_1 liaR_2 liaR_3 liaR_4
[13:01:00] Fixed 2 duplicate /gene - glgP_1 glgP_2
[13:01:00] Fixed 11 duplicate /gene - COQ5_1 COQ5_2 COQ5_3 COQ5_4 COQ5_5 COQ5_6 COQ5_7 COQ5_8 COQ5_9 COQ5_10 COQ5_11
[13:01:00] Fixed 3 duplicate /gene - dfa5_1 dfa5_2 dfa5_3
[13:01:00] Fixed 2 duplicate /gene - rpoD_1 rpoD_2
[13:01:00] Fixed 2 duplicate /gene - menA_1 menA_2
[13:01:00] Fixed 2 duplicate /gene - nudF_1 nudF_2
[13:01:00] Fixed 2 duplicate /gene - groL1_1 groL1_2
[13:01:00] Fixed 2 duplicate /gene - nhaS3_1 nhaS3_2
[13:01:00] Fixed 2 duplicate /gene - mgtA_1 mgtA_2
[13:01:00] Fixed 2 duplicate /gene - psbH_1 psbH_2
[13:01:00] Fixed 2 duplicate /gene - adk_1 adk_2
[13:01:00] Fixed 2 duplicate /gene - hemF_1 hemF_2
[13:01:00] Fixed 2 duplicate /gene - minD_1 minD_2
[13:01:00] Fixed 2 duplicate /gene - gsiA_1 gsiA_2
[13:01:00] Fixed 3 duplicate /gene - hepA_1 hepA_2 hepA_3
[13:01:00] Fixed 2 duplicate /gene - nrtB_1 nrtB_2
[13:01:00] Fixed 2 duplicate /gene - yqjG_1 yqjG_2
[13:01:00] Fixed 2 duplicate /gene - ruvB_1 ruvB_2
[13:01:00] Fixed 2 duplicate /gene - proA_1 proA_2
[13:01:00] Fixed 2 duplicate /gene - lagD_1 lagD_2
[13:01:00] Fixed 3 duplicate /gene - cmpC_1 cmpC_2 cmpC_3
[13:01:00] Fixed 3 duplicate /gene - livF_1 livF_2 livF_3
[13:01:00] Fixed 2 duplicate /gene - rnc_1 rnc_2
[13:01:00] Fixed 2 duplicate /gene - ppk_1 ppk_2
[13:01:00] Fixed 2 duplicate /gene - clcB_1 clcB_2
[13:01:00] Fixed 2 duplicate /gene - speA_1 speA_2
[13:01:00] Fixed 2 duplicate /gene - cph1_1 cph1_2
[13:01:00] Fixed 3 duplicate /gene - arnT_1 arnT_2 arnT_3
[13:01:00] Fixed 32 duplicate /gene - pknD_1 pknD_2 pknD_3 pknD_4 pknD_5 pknD_6 pknD_7 pknD_8 pknD_9 pknD_10 pknD_11 pknD_12 pknD_13 pknD_14 pknD_15 pknD_16 pknD_17 pknD_18 pknD_19 pknD_20 pknD_21 pknD_22 pknD_23 pknD_24 pknD_25 pknD_26 pknD_27 pknD_28 pknD_29 pknD_30 pknD_31 pknD_32
[13:01:00] Fixed 2 duplicate /gene - cysK1_1 cysK1_2
[13:01:00] Fixed 5 duplicate /gene - apcD_1 apcD_2 apcD_3 apcD_4 apcD_5
[13:01:00] Fixed 13 duplicate /gene - cpoB_1 cpoB_2 cpoB_3 cpoB_4 cpoB_5 cpoB_6 cpoB_7 cpoB_8 cpoB_9 cpoB_10 cpoB_11 cpoB_12 cpoB_13
[13:01:00] Fixed 3 duplicate /gene - bcp_1 bcp_2 bcp_3
[13:01:00] Fixed 2 duplicate /gene - der_1 der_2
[13:01:00] Fixed 3 duplicate /gene - btuF_1 btuF_2 btuF_3
[13:01:00] Fixed 3 duplicate /gene - cmpB_1 cmpB_2 cmpB_3
[13:01:00] Fixed 3 duplicate /gene - rnd_1 rnd_2 rnd_3
[13:01:00] Fixed 3 duplicate /gene - tal_1 tal_2 tal_3
[13:01:00] Fixed 2 duplicate /gene - clpB1_1 clpB1_2
[13:01:00] Fixed 3 duplicate /gene - spkB_1 spkB_2 spkB_3
[13:01:00] Fixed 2 duplicate /gene - lpxD_1 lpxD_2
[13:01:00] Fixed 2 duplicate /gene - apcE_1 apcE_2
[13:01:00] Fixed 2 duplicate /gene - ndhI_1 ndhI_2
[13:01:00] Fixed 2 duplicate /gene - cpdA_1 cpdA_2
[13:01:00] Fixed 2 duplicate /gene - apaH_1 apaH_2
[13:01:00] Fixed 7 duplicate /gene - menH_1 menH_2 menH_3 menH_4 menH_5 menH_6 menH_7
[13:01:00] Fixed 2 duplicate /gene - pepP_1 pepP_2
[13:01:00] Fixed 2 duplicate /gene - norV_1 norV_2
[13:01:00] Fixed 2 duplicate /gene - surE_1 surE_2
[13:01:00] Fixed 2 duplicate /gene - tagA_1 tagA_2
[13:01:00] Fixed 2 duplicate /gene - tolQ_1 tolQ_2
[13:01:00] Fixed 9 duplicate /gene - rssB_1 rssB_2 rssB_3 rssB_4 rssB_5 rssB_6 rssB_7 rssB_8 rssB_9
[13:01:00] Fixed 2 duplicate /gene - argD_1 argD_2
[13:01:00] Fixed 2 duplicate /gene - crcB_1 crcB_2
[13:01:00] Fixed 2 duplicate /gene - carC_1 carC_2
[13:01:00] Fixed 2 duplicate /gene - pntB_1 pntB_2
[13:01:00] Fixed 2 duplicate /gene - ctpF_1 ctpF_2
[13:01:00] Fixed 5 duplicate /gene - iolG_1 iolG_2 iolG_3 iolG_4 iolG_5
[13:01:00] Fixed 4 duplicate /gene - htpX_1 htpX_2 htpX_3 htpX_4
[13:01:00] Fixed 2 duplicate /gene - cusR_1 cusR_2
[13:01:00] Fixed 2 duplicate /gene - iscS_1 iscS_2
[13:01:00] Fixed 2 duplicate /gene - ompA_1 ompA_2
[13:01:00] Fixed 2 duplicate /gene - lgt_1 lgt_2
[13:01:00] Fixed 2 duplicate /gene - pfp_1 pfp_2
[13:01:00] Fixed 4 duplicate /gene - lptB_1 lptB_2 lptB_3 lptB_4
[13:01:00] Fixed 2 duplicate /gene - pstA_1 pstA_2
[13:01:00] Fixed 4 duplicate /gene - psbC_1 psbC_2 psbC_3 psbC_4
[13:01:00] Fixed 2 duplicate /gene - scmP_1 scmP_2
[13:01:00] Fixed 2 duplicate /gene - leuA_1 leuA_2
[13:01:00] Fixed 4 duplicate /gene - htrA_1 htrA_2 htrA_3 htrA_4
[13:01:00] Fixed 3 duplicate /gene - ftsH_1 ftsH_2 ftsH_3
[13:01:00] Fixed 2 duplicate /gene - tolR_1 tolR_2
[13:01:00] Fixed 3 duplicate /gene - bshA_1 bshA_2 bshA_3
[13:01:00] Fixed 2 duplicate /gene - dpnM_1 dpnM_2
[13:01:00] Fixed 2 duplicate /gene - ileS_1 ileS_2
[13:01:00] Fixed 2 duplicate /gene - cheB_1 cheB_2
[13:01:00] Fixed 3 duplicate /gene - yfcG_1 yfcG_2 yfcG_3
[13:01:00] Fixed 4 duplicate /gene - auaH_1 auaH_2 auaH_3 auaH_4
[13:01:00] Fixed 2 duplicate /gene - psbD1_1 psbD1_2
[13:01:00] Fixed 3 duplicate /gene - susA_1 susA_2 susA_3
[13:01:00] Fixed 3 duplicate /gene - walR_1 walR_2 walR_3
[13:01:00] Fixed 2 duplicate /gene - crtI_1 crtI_2
[13:01:00] Fixed 6 duplicate /gene - hlyD_1 hlyD_2 hlyD_3 hlyD_4 hlyD_5 hlyD_6
[13:01:00] Fixed 8 duplicate /gene - arnC_1 arnC_2 arnC_3 arnC_4 arnC_5 arnC_6 arnC_7 arnC_8
[13:01:00] Fixed 2 duplicate /gene - sphX_1 sphX_2
[13:01:00] Fixed 2 duplicate /gene - map_1 map_2
[13:01:00] Fixed 2 duplicate /gene - nrtA_1 nrtA_2
[13:01:00] Fixed 2 duplicate /gene - psbA1_1 psbA1_2
[13:01:00] Fixed 2 duplicate /gene - hpnP_1 hpnP_2
[13:01:00] Fixed 2 duplicate /gene - mnmC_1 mnmC_2
[13:01:00] Fixed 2 duplicate /gene - infC_1 infC_2
[13:01:00] Fixed 3 duplicate /gene - prsA_1 prsA_2 prsA_3
[13:01:00] Fixed 2 duplicate /gene - malQ_1 malQ_2
[13:01:00] Fixed 3 duplicate /gene - dapL_1 dapL_2 dapL_3
[13:01:00] Fixed 2 duplicate /gene - hisD_1 hisD_2
[13:01:00] Fixed 2 duplicate /gene - nuoL_1 nuoL_2
[13:01:00] Fixed 2 duplicate /gene - ziaR_1 ziaR_2
[13:01:00] Fixed 2 duplicate /gene - ribD_1 ribD_2
[13:01:00] Fixed 3 duplicate /gene - era_1 era_2 era_3
[13:01:00] Fixed 2 duplicate /gene - hemB_1 hemB_2
[13:01:00] Fixed 2 duplicate /gene - wbgU_1 wbgU_2
[13:01:00] Fixed 2 duplicate /gene - rnr_1 rnr_2
[13:01:00] Fixed 2 duplicate /gene - clpS_1 clpS_2
[13:01:00] Fixed 2 duplicate /gene - pdxH_1 pdxH_2
[13:01:00] Fixed 2 duplicate /gene - qmcA_1 qmcA_2
[13:01:00] Fixed 2 duplicate /gene - hmp_1 hmp_2
[13:01:00] Fixed 3 duplicate /gene - pkwA_1 pkwA_2 pkwA_3
[13:01:00] Fixed 2 duplicate /gene - sipT_1 sipT_2
[13:01:00] Fixed 2 duplicate /gene - lon2_1 lon2_2
[13:01:00] Fixed 2 duplicate /gene - entS_1 entS_2
[13:01:00] Fixed 6 duplicate /gene - kefB_1 kefB_2 kefB_3 kefB_4 kefB_5 kefB_6
[13:01:00] Fixed 2 duplicate /gene - xynZ_1 xynZ_2
[13:01:00] Fixed 2 duplicate /gene - kaiB_1 kaiB_2
[13:01:00] Fixed 2 duplicate /gene - cysC_1 cysC_2
[13:01:00] Fixed 5 duplicate /gene - ubiB_1 ubiB_2 ubiB_3 ubiB_4 ubiB_5
[13:01:00] Fixed 2 duplicate /gene - msmX_1 msmX_2
[13:01:00] Fixed 3 duplicate /gene - petJ_1 petJ_2 petJ_3
[13:01:00] Fixed 2 duplicate /gene - kdpB_1 kdpB_2
[13:01:00] Fixed 2 duplicate /gene - ssuC_1 ssuC_2
[13:01:00] Fixed 2 duplicate /gene - rpsA_1 rpsA_2
[13:01:00] Fixed 2 duplicate /gene - fusA_1 fusA_2
[13:01:00] Fixed 2 duplicate /gene - hpf_1 hpf_2
[13:01:00] Fixed 4 duplicate /gene - dnaK2_1 dnaK2_2 dnaK2_3 dnaK2_4
[13:01:00] Fixed 2 duplicate /gene - cysA_1 cysA_2
[13:01:00] Fixed 2 duplicate /gene - cpcG4_1 cpcG4_2
[13:01:00] Fixed 2 duplicate /gene - gyrA_1 gyrA_2
[13:01:00] Fixed 19 duplicate /gene - btuD_1 btuD_2 btuD_3 btuD_4 btuD_5 btuD_6 btuD_7 btuD_8 btuD_9 btuD_10 btuD_11 btuD_12 btuD_13 btuD_14 btuD_15 btuD_16 btuD_17 btuD_18 btuD_19
[13:01:00] Fixed 2 duplicate /gene - cysE_1 cysE_2
[13:01:00] Fixed 2 duplicate /gene - merA_1 merA_2
[13:01:00] Fixed 3 duplicate /gene - psbA3_1 psbA3_2 psbA3_3
[13:01:00] Fixed 2 duplicate /gene - suhB_1 suhB_2
[13:01:00] Fixed 3 duplicate /gene - livH_1 livH_2 livH_3
[13:01:00] Fixed 2 duplicate /gene - yhfK_1 yhfK_2
[13:01:00] Fixed 33 duplicate /gene - sasA_1 sasA_2 sasA_3 sasA_4 sasA_5 sasA_6 sasA_7 sasA_8 sasA_9 sasA_10 sasA_11 sasA_12 sasA_13 sasA_14 sasA_15 sasA_16 sasA_17 sasA_18 sasA_19 sasA_20 sasA_21 sasA_22 sasA_23 sasA_24 sasA_25 sasA_26 sasA_27 sasA_28 sasA_29 sasA_30 sasA_31 sasA_32 sasA_33
[13:01:00] Fixed 2 duplicate /gene - dhaA_1 dhaA_2
[13:01:00] Fixed 2 duplicate /gene - yedY1_1 yedY1_2
[13:01:00] Fixed 2 duplicate /gene - groS_1 groS_2
[13:01:00] Fixed 2 duplicate /gene - divK_1 divK_2
[13:01:00] Fixed 2 duplicate /gene - gmd_1 gmd_2
[13:01:00] Fixed 3 duplicate /gene - ndhB_1 ndhB_2 ndhB_3
[13:01:00] Fixed 2 duplicate /gene - pyrC_1 pyrC_2
[13:01:00] Fixed 6 duplicate /gene - bepA_1 bepA_2 bepA_3 bepA_4 bepA_5 bepA_6
[13:01:00] Fixed 9 duplicate /gene - phoP_1 phoP_2 phoP_3 phoP_4 phoP_5 phoP_6 phoP_7 phoP_8 phoP_9
[13:01:00] Fixed 2 duplicate /gene - ppsA_1 ppsA_2
[13:01:00] Fixed 2 duplicate /gene - gutB_1 gutB_2
[13:01:00] Fixed 2 duplicate /gene - hemH_1 hemH_2
[13:01:00] Fixed 3 duplicate /gene - lnrL_1 lnrL_2 lnrL_3
[13:01:00] Fixed 6 duplicate /gene - pipB2_1 pipB2_2 pipB2_3 pipB2_4 pipB2_5 pipB2_6
[13:01:00] Fixed 2 duplicate /gene - aroF_1 aroF_2
[13:01:00] Fixed 2 duplicate /gene - rutB_1 rutB_2
[13:01:00] Fixed 2 duplicate /gene - def_1 def_2
[13:01:00] Fixed 2 duplicate /gene - rmlC_1 rmlC_2
[13:01:00] Fixed 4 duplicate /gene - hspA_1 hspA_2 hspA_3 hspA_4
[13:01:00] Fixed 2 duplicate /gene - psaA_1 psaA_2
[13:01:00] Fixed 2 duplicate /gene - pimB_1 pimB_2
[13:01:00] Fixed 2 duplicate /gene - hemE_1 hemE_2
[13:01:00] Fixed 4 duplicate /gene - gph_1 gph_2 gph_3 gph_4
[13:01:00] Fixed 2 duplicate /gene - nadK_1 nadK_2
[13:01:00] Fixed 2 duplicate /gene - hemN_1 hemN_2
[13:01:00] Fixed 2 duplicate /gene - atpG_1 atpG_2
[13:01:00] Fixed 2 duplicate /gene - nifD_1 nifD_2
[13:01:00] Fixed 3 duplicate /gene - bamA_1 bamA_2 bamA_3
[13:01:00] Fixed 2 duplicate /gene - nifJ_1 nifJ_2
[13:01:00] Fixed 3 duplicate /gene - COQ3_1 COQ3_2 COQ3_3
[13:01:00] Fixed 3 duplicate /gene - pacL_1 pacL_2 pacL_3
[13:01:00] Fixed 2 duplicate /gene - dfa3_1 dfa3_2
[13:01:00] Fixed 4 duplicate /gene - moaA_1 moaA_2 moaA_3 moaA_4
[13:01:00] Fixed 2 duplicate /gene - IMPDH_1 IMPDH_2
[13:01:00] Fixed 7 duplicate /gene - dnaJ_1 dnaJ_2 dnaJ_3 dnaJ_4 dnaJ_5 dnaJ_6 dnaJ_7
[13:01:00] Fixed 2 duplicate /gene - cbiM_1 cbiM_2
[13:01:00] Fixed 2 duplicate /gene - petB_1 petB_2
[13:01:00] Fixed 2 duplicate /gene - yusV_1 yusV_2
[13:01:00] Fixed 2 duplicate /gene - nhaP2_1 nhaP2_2
[13:01:00] Fixed 4 duplicate /gene - macB_1 macB_2 macB_3 macB_4
[13:01:00] Fixed 2 duplicate /gene - hmuU_1 hmuU_2
[13:01:00] Fixed 2 duplicate /gene - tuaD_1 tuaD_2
[13:01:00] Fixed 4 duplicate /gene - lgrD_1 lgrD_2 lgrD_3 lgrD_4
[13:01:00] Fixed 2 duplicate /gene - ald_1 ald_2
[13:01:00] Fixed 2 duplicate /gene - pcrA_1 pcrA_2
[13:01:00] Fixed 2 duplicate /gene - trpB_1 trpB_2
[13:01:00] Fixed 2 duplicate /gene - dxs_1 dxs_2
[13:01:00] Fixed 2 duplicate /gene - tkt_1 tkt_2
[13:01:00] Fixed 3 duplicate /gene - cmpR_1 cmpR_2 cmpR_3
[13:01:00] Fixed 2 duplicate /gene - psaL_1 psaL_2
[13:01:00] Fixed 5 duplicate /gene - ndhD1_1 ndhD1_2 ndhD1_3 ndhD1_4 ndhD1_5
[13:01:00] Fixed 2 duplicate /gene - cas2_1 cas2_2
[13:01:00] Fixed 2 duplicate /gene - pbsA1_1 pbsA1_2
[13:01:00] Fixed 2 duplicate /gene - fabF_1 fabF_2
[13:01:00] Fixed 2 duplicate /gene - crtN_1 crtN_2
[13:01:00] Fixed 3 duplicate /gene - tldD_1 tldD_2 tldD_3
[13:01:00] Fixed 2 duplicate /gene - vte5_1 vte5_2
[13:01:00] Fixed 6 duplicate /gene - mprA_1 mprA_2 mprA_3 mprA_4 mprA_5 mprA_6
[13:01:00] Fixed 2 duplicate /gene - upp_1 upp_2
[13:01:00] Fixed 2 duplicate /gene - rapA_1 rapA_2
[13:01:00] Fixed 3 duplicate /gene - sir_1 sir_2 sir_3
[13:01:00] Fixed 3 duplicate /gene - mdtA_1 mdtA_2 mdtA_3
[13:01:00] Fixed 2 duplicate /gene - xerC_1 xerC_2
[13:01:00] Fixed 2 duplicate /gene - murJ_1 murJ_2
[13:01:00] Fixed 2 duplicate /gene - pal_1 pal_2
[13:01:00] Fixed 2 duplicate /gene - fbiC_1 fbiC_2
[13:01:00] Fixed 2 duplicate /gene - ecfA2_1 ecfA2_2
[13:01:00] Fixed 2 duplicate /gene - iolS_1 iolS_2
[13:01:00] Fixed 10 duplicate /gene - ycf3_1 ycf3_2 ycf3_3 ycf3_4 ycf3_5 ycf3_6 ycf3_7 ycf3_8 ycf3_9 ycf3_10
[13:01:00] Fixed 3 duplicate /gene - dapH_1 dapH_2 dapH_3
[13:01:00] Fixed 2 duplicate /gene - mdtC_1 mdtC_2
[13:01:00] Fixed 2 duplicate /gene - ftsH2_1 ftsH2_2
[13:01:00] Fixed 2 duplicate /gene - resA_1 resA_2
[13:01:00] Fixed 2 duplicate /gene - pksE_1 pksE_2
[13:01:00] Fixed 4 duplicate /gene - btuB_1 btuB_2 btuB_3 btuB_4
[13:01:00] Fixed 45 duplicate /gene - rcsC_1 rcsC_2 rcsC_3 rcsC_4 rcsC_5 rcsC_6 rcsC_7 rcsC_8 rcsC_9 rcsC_10 rcsC_11 rcsC_12 rcsC_13 rcsC_14 rcsC_15 rcsC_16 rcsC_17 rcsC_18 rcsC_19 rcsC_20 rcsC_21 rcsC_22 rcsC_23 rcsC_24 rcsC_25 rcsC_26 rcsC_27 rcsC_28 rcsC_29 rcsC_30 rcsC_31 rcsC_32 rcsC_33 rcsC_34 rcsC_35 rcsC_36 rcsC_37 rcsC_38 rcsC_39 rcsC_40 rcsC_41 rcsC_42 rcsC_43 rcsC_44 rcsC_45
[13:01:00] Fixed 36 duplicate /gene - mshA_1 mshA_2 mshA_3 mshA_4 mshA_5 mshA_6 mshA_7 mshA_8 mshA_9 mshA_10 mshA_11 mshA_12 mshA_13 mshA_14 mshA_15 mshA_16 mshA_17 mshA_18 mshA_19 mshA_20 mshA_21 mshA_22 mshA_23 mshA_24 mshA_25 mshA_26 mshA_27 mshA_28 mshA_29 mshA_30 mshA_31 mshA_32 mshA_33 mshA_34 mshA_35 mshA_36
[13:01:00] Fixed 2 duplicate /gene - ftsW_1 ftsW_2
[13:01:00] Fixed 2 duplicate /gene - cheR_1 cheR_2
[13:01:00] Fixed 3 duplicate /gene - rpsU1_1 rpsU1_2 rpsU1_3
[13:01:00] Fixed 3 duplicate /gene - murG_1 murG_2 murG_3
[13:01:00] Fixed 3 duplicate /gene - glnQ_1 glnQ_2 glnQ_3
[13:01:00] Fixed 2 duplicate /gene - araQ_1 araQ_2
[13:01:00] Fixed 3 duplicate /gene - ctaE_1 ctaE_2 ctaE_3
[13:01:00] Fixed 2 duplicate /gene - mtgA_1 mtgA_2
[13:01:00] Fixed 2 duplicate /gene - sppA_1 sppA_2
[13:01:00] Fixed 9 duplicate /gene - tolB_1 tolB_2 tolB_3 tolB_4 tolB_5 tolB_6 tolB_7 tolB_8 tolB_9
[13:01:00] Fixed 2 duplicate /gene - rtcB_1 rtcB_2
[13:01:00] Fixed 3 duplicate /gene - lacF_1 lacF_2 lacF_3
[13:01:00] Fixed 2 duplicate /gene - ftsH4_1 ftsH4_2
[13:01:00] Fixed 3 duplicate /gene - ctaD_1 ctaD_2 ctaD_3
[13:01:00] Fixed 270 colliding /gene names.
[13:01:00] Adding /locus_tag identifiers
[13:01:00] Assigned 4679 locus_tags to CDS and RNA features.
[13:01:00] Writing outputs to prokka_thermalis/
[13:01:11] Generating annotation statistics file
[13:01:11] Generating Genbank and Sequin files
[13:01:11] Running: tbl2asn -V b -a r10k -l paired-ends -M n -N 1 -y 'Annotated using prokka 1.14.6 from https://github.com/tseemann/prokka' -Z prokka_thermalis\/F\.thermalis\.err -i prokka_thermalis\/F\.thermalis\.fsa 2> /dev/null
[13:01:19] Deleting unwanted file: prokka_thermalis/errorsummary.val
[13:01:19] Deleting unwanted file: prokka_thermalis/F.thermalis.dr
[13:01:19] Deleting unwanted file: prokka_thermalis/F.thermalis.fixedproducts
[13:01:19] Deleting unwanted file: prokka_thermalis/F.thermalis.ecn
[13:01:19] Deleting unwanted file: prokka_thermalis/F.thermalis.val
[13:01:19] Repairing broken .GBK output that tbl2asn produces...
[13:01:19] Running: sed 's/COORDINATES: profile/COORDINATES:profile/' < prokka_thermalis\/F\.thermalis\.gbf > prokka_thermalis\/F\.thermalis\.gbk
[13:01:20] Deleting unwanted file: prokka_thermalis/F.thermalis.gbf
[13:01:20] Output files:
[13:01:20] prokka_thermalis/F.thermalis.err
[13:01:20] prokka_thermalis/F.thermalis.faa
[13:01:20] prokka_thermalis/F.thermalis.ffn
[13:01:20] prokka_thermalis/F.thermalis.fna
[13:01:20] prokka_thermalis/F.thermalis.fsa
[13:01:20] prokka_thermalis/F.thermalis.gbk
[13:01:20] prokka_thermalis/F.thermalis.gff
[13:01:20] prokka_thermalis/F.thermalis.log
[13:01:20] prokka_thermalis/F.thermalis.sqn
[13:01:20] prokka_thermalis/F.thermalis.tbl
[13:01:20] prokka_thermalis/F.thermalis.tsv
[13:01:20] prokka_thermalis/F.thermalis.txt
[13:01:20] Annotation finished successfully.
[13:01:20] Walltime used: 2.12 minutes
[13:01:20] If you use this result please cite the Prokka paper:
[13:01:20] Seemann T (2014) Prokka: rapid prokaryotic genome annotation. Bioinformatics. 30(14):2068-9.
[13:01:20] Type 'prokka --citation' for more details.
[13:01:20] Share and enjoy!
