[12:27:52] This is prokka 1.14.6
[12:27:52] Written by Torsten Seemann <torsten.seemann@gmail.com>
[12:27:52] Homepage is https://github.com/tseemann/prokka
[12:27:52] Local time is Fri Apr 21 12:27:52 2023
[12:27:52] You are not telling me who you are!
[12:27:52] Operating system is linux
[12:27:52] You have BioPerl 1.7.8
[12:27:52] System has 16 cores.
[12:27:52] Will use maximum of 12 cores.
[12:27:52] Annotating as >>> Bacteria <<<
[12:27:52] Generating locus_tag from 'GCF_000315585.1_ASM31558v1_genomic.fna' contents.
[12:27:53] Setting --locustag JIDGJOLD from MD5 32d0385daf65073ea14daf650f8fc185
[12:27:53] Creating new output folder: prokka_out
[12:27:53] Running: mkdir -p prokka_out
[12:27:53] Using filename prefix: F_halapii.XXX
[12:27:53] Setting HMMER_NCPU=1
[12:27:53] Writing log to: prokka_out/F_halapii.log
[12:27:53] Command: /root/anaconda3/envs/ulana/bin/prokka --outdir prokka_out --prefix F_halapii GCF_000315585.1_ASM31558v1_genomic.fna --cpus 12
[12:27:53] Appending to PATH: /root/anaconda3/envs/ulana/bin
[12:27:53] Looking for 'aragorn' - found /root/anaconda3/envs/ulana/bin/aragorn
[12:27:53] Determined aragorn version is 001002 from 'ARAGORN v1.2.41 Dean Laslett'
[12:27:53] Looking for 'barrnap' - found /root/anaconda3/envs/ulana/bin/barrnap
[12:27:53] Determined barrnap version is 000009 from 'barrnap 0.9'
[12:27:53] Looking for 'blastp' - found /root/anaconda3/envs/ulana/bin/blastp
[12:27:53] Determined blastp version is 002013 from 'blastp: 2.13.0+'
[12:27:53] Looking for 'cmpress' - found /root/anaconda3/envs/ulana/bin/cmpress
[12:27:53] Determined cmpress version is 001001 from '# INFERNAL 1.1.4 (Dec 2020)'
[12:27:53] Looking for 'cmscan' - found /root/anaconda3/envs/ulana/bin/cmscan
[12:27:53] Determined cmscan version is 001001 from '# INFERNAL 1.1.4 (Dec 2020)'
[12:27:53] Looking for 'egrep' - found /usr/bin/egrep
[12:27:53] Looking for 'find' - found /usr/bin/find
[12:27:53] Looking for 'grep' - found /usr/bin/grep
[12:27:53] Looking for 'hmmpress' - found /root/anaconda3/envs/ulana/bin/hmmpress
[12:27:53] Determined hmmpress version is 003003 from '# HMMER 3.3.2 (Nov 2020); http://hmmer.org/'
[12:27:53] Looking for 'hmmscan' - found /root/anaconda3/envs/ulana/bin/hmmscan
[12:27:53] Determined hmmscan version is 003003 from '# HMMER 3.3.2 (Nov 2020); http://hmmer.org/'
[12:27:53] Looking for 'java' - found /root/anaconda3/envs/ulana/bin/java
[12:27:53] Looking for 'makeblastdb' - found /root/anaconda3/envs/ulana/bin/makeblastdb
[12:27:53] Determined makeblastdb version is 002013 from 'makeblastdb: 2.13.0+'
[12:27:53] Looking for 'minced' - found /root/anaconda3/envs/ulana/bin/minced
[12:27:53] Determined minced version is 004002 from 'minced 0.4.2'
[12:27:53] Looking for 'parallel' - found /root/anaconda3/envs/ulana/bin/parallel
[12:27:53] Determined parallel version is 20230122 from 'GNU parallel 20230122'
[12:27:53] Looking for 'prodigal' - found /root/anaconda3/envs/ulana/bin/prodigal
[12:27:53] Determined prodigal version is 002006 from 'Prodigal V2.6.3: February, 2016'
[12:27:53] Looking for 'prokka-genbank_to_fasta_db' - found /root/anaconda3/envs/ulana/bin/prokka-genbank_to_fasta_db
[12:27:53] Looking for 'sed' - found /usr/bin/sed
[12:27:53] Looking for 'tbl2asn' - found /root/anaconda3/envs/ulana/bin/tbl2asn
[12:27:53] Determined tbl2asn version is 025007 from 'tbl2asn 25.7   arguments:'
[12:27:53] Using genetic code table 11.
[12:27:53] Loading and checking input file: GCF_000315585.1_ASM31558v1_genomic.fna
[12:27:53] Wrote 13 contigs totalling 8008257 bp.
[12:27:53] Predicting tRNAs and tmRNAs
[12:27:53] Running: aragorn -l -gc11  -w prokka_out\/F_halapii\.fna
[12:27:56] 1 tRNA-Trp c[417173,417247] 35 (cca)
[12:27:56] 1 tRNA-Thr c[278568,278639] 33 (ggt)
[12:27:56] 2 tRNA-Tyr c[278717,278801] 35 (gta)
[12:27:56] 3 tRNA-Gln c[546883,546954] 33 (ttg)
[12:27:56] 4 tRNA-Leu c[581818,581902] 35 (caa)
[12:27:56] 5 tRNA-Ala c[648794,648866] 34 (cgc)
[12:27:56] 6 tRNA-Phe [848775,848848] 35 (gaa)
[12:27:56] 7 tRNA-Asn [849219,849292] 34 (att)
[12:27:56] 8 tRNA-Ser [1037261,1037347] 36 (cga)
[12:27:56] 9 tRNA-Pro c[1205422,1205495] 35 (cgg)
[12:27:56] 10 tRNA-Asp c[1306144,1306217] 35 (gtc)
[12:27:56] 11 tRNA-Ser c[1309247,1309335] 36 (gga)
[12:27:56] 12 tRNA-Pro [1493412,1493485] 35 (tgg)
[12:27:56] 13 tRNA-Phe [1524843,1524915] 34 (gaa)
[12:27:56] 14 tRNA-Ser c[1706193,1706278] 35 (tga)
[12:27:56] 15 tRNA-His [2085922,2085995] 34 (gtg)
[12:27:56] 16 tRNA-Arg c[2221861,2221937] 36 (cct)
[12:27:56] 17 tRNA-Met [2305274,2305349] 36 (cat)
[12:27:56] 18 tRNA-Asn c[2418651,2418724] 34 (gtt)
[12:27:56] 19 tRNA-Val c[2518808,2518880] 34 (tac)
[12:27:56] 20 tRNA-Val c[2627331,2627404] 35 (gac)
[12:27:56] 21 tRNA-Met [2630425,2630501] 35 (cat)
[12:27:56] 22 tmRNA [2688887,2689273] 100,153 ANNIVKFARKEALVAA**
[12:27:56] 23 tRNA-Gly c[2710643,2710714] 33 (ccc)
[12:27:56] 24 tRNA-Lys [3171871,3171943] 33 (ctt)
[12:27:56] 25 tRNA-Arg [3295166,3295239] 35 (acg)
[12:27:56] 26 tRNA-Ser c[3305568,3305661] 36 (gct)
[12:27:56] 27 tRNA-Cys c[3363296,3363367] 33 (gca)
[12:27:56] 28 tRNA-Ile [3370903,3370978] 35 (gat)
[12:27:56] 29 tRNA-Ala [3371065,3371139] 34 (tgc)
[12:27:56] 30 tRNA-Arg [3902016,3902090] 35 (tct)
[12:27:56] 31 tRNA-Ala c[3940668,3940742] 34 (tgc)
[12:27:56] 32 tRNA-Ile c[3940829,3940904] 35 (gat)
[12:27:56] 33 tRNA-Met [3951459,3951532] 34 (cat)
[12:27:56] 34 tRNA-Pro [4197659,4197732] 35 (ggg)
[12:27:56] 35 tRNA-Thr [4295963,4296034] 33 (tgt)
[12:27:56] 36 tRNA-Ala [4316278,4316352] 35 (ggc)
[12:27:56] 37 tRNA-Gly [4365594,4365664] 33 (tcc)
[12:27:56] 38 tRNA-Lys c[4554118,4554189] 33 (ttt)
[12:27:56] 39 tRNA-Gly c[4647086,4647157] 33 (gcc)
[12:27:56] 40 tRNA-Ala c[4808316,4808390] 34 (tgc)
[12:27:56] 41 tRNA-Ile c[4808477,4808552] 35 (gat)
[12:27:56] 42 tRNA-Thr c[4942808,4942879] 33 (cgt)
[12:27:56] 43 tRNA-Leu c[5068731,5068813] 36 (gag)
[12:27:56] 44 tRNA-Arg [5253246,5253318] 34 (ccg)
[12:27:56] 45 tRNA-Ala c[5286982,5287056] 34 (tgc)
[12:27:56] 46 tRNA-Ile c[5287143,5287218] 35 (gat)
[12:27:56] 47 tRNA-Glu c[5331752,5331824] 35 (ttc)
[12:27:56] 48 tRNA-Leu [5486266,5486349] 36 (tag)
[12:27:56] 49 tRNA-Leu [5715769,5715851] 35 (cag)
[12:27:56] 50 tRNA-Trp [5874785,5874858] 34 (cca)
[12:27:56] Found 51 tRNAs
[12:27:56] Predicting Ribosomal RNAs
[12:27:56] Running Barrnap with 12 threads
[12:27:57] 1 NZ_JH992898.1 3369285 16S ribosomal RNA
[12:27:57] 2 NZ_JH992898.1 3371345 23S ribosomal RNA
[12:27:57] 3 NZ_JH992898.1 3937577 23S ribosomal RNA
[12:27:57] 4 NZ_JH992898.1 3941033 16S ribosomal RNA
[12:27:57] 5 NZ_JH992898.1 4805225 23S ribosomal RNA
[12:27:57] 6 NZ_JH992898.1 4808681 16S ribosomal RNA
[12:27:57] 7 NZ_JH992898.1 5283891 23S ribosomal RNA
[12:27:57] 8 NZ_JH992898.1 5287347 16S ribosomal RNA
[12:27:57] Found 8 rRNAs
[12:27:57] Skipping ncRNA search, enable with --rfam if desired.
[12:27:57] Total of 58 tRNA + rRNA features
[12:27:57] Searching for CRISPR repeats
[12:27:57] CRISPR1 NZ_JH992887.1 23503 with 16 spacers
[12:27:57] CRISPR2 NZ_JH992890.1 41671 with 12 spacers
[12:27:57] CRISPR3 NZ_JH992891.1 83169 with 8 spacers
[12:27:57] CRISPR4 NZ_JH992891.1 90035 with 10 spacers
[12:27:58] CRISPR5 NZ_JH992893.1 23912 with 4 spacers
[12:27:58] CRISPR6 NZ_JH992893.1 24203 with 3 spacers
[12:27:58] CRISPR7 NZ_JH992898.1 2935982 with 4 spacers
[12:27:58] CRISPR8 NZ_JH992898.1 3100802 with 17 spacers
[12:27:58] CRISPR9 NZ_JH992898.1 3251966 with 10 spacers
[12:27:58] CRISPR10 NZ_JH992898.1 3258292 with 19 spacers
[12:27:58] CRISPR11 NZ_JH992898.1 3431354 with 15 spacers
[12:27:58] CRISPR12 NZ_JH992898.1 4565310 with 25 spacers
[12:27:58] CRISPR13 NZ_JH992898.1 4570918 with 9 spacers
[12:27:58] CRISPR14 NZ_JH992898.1 4607990 with 13 spacers
[12:27:58] CRISPR15 NZ_JH992898.1 4653830 with 13 spacers
[12:27:58] CRISPR16 NZ_JH992898.1 4774756 with 8 spacers
[12:27:58] Found 16 CRISPRs
[12:27:58] Predicting coding sequences
[12:27:58] Contigs total 8008257 bp, so using single mode
[12:27:58] Running: prodigal -i prokka_out\/F_halapii\.fna -c -m -g 11 -p single -f sco -q
[12:28:01] Excluding CDS which overlaps existing RNA (repeat_region) at NZ_JH992890.1:41523..41699 on + strand
[12:28:04] Excluding CDS which overlaps existing RNA (tRNA) at NZ_JH992898.1:546794..547072 on - strand
[12:28:04] Excluding CDS which overlaps existing RNA (tRNA) at NZ_JH992898.1:648100..648855 on + strand
[12:28:06] Excluding CDS which overlaps existing RNA (repeat_region) at NZ_JH992898.1:2935409..2937874 on + strand
[12:28:06] Excluding CDS which overlaps existing RNA (rRNA) at NZ_JH992898.1:3373769..3373945 on - strand
[12:28:06] Excluding CDS which overlaps existing RNA (repeat_region) at NZ_JH992898.1:3432376..3432555 on - strand
[12:28:06] Excluding CDS which overlaps existing RNA (rRNA) at NZ_JH992898.1:3937862..3938038 on + strand
[12:28:06] Excluding CDS which overlaps existing RNA (repeat_region) at NZ_JH992898.1:4565125..4565343 on + strand
[12:28:06] Excluding CDS which overlaps existing RNA (repeat_region) at NZ_JH992898.1:4608691..4608948 on + strand
[12:28:06] Excluding CDS which overlaps existing RNA (repeat_region) at NZ_JH992898.1:4654707..4654886 on - strand
[12:28:06] Excluding CDS which overlaps existing RNA (rRNA) at NZ_JH992898.1:4805510..4805686 on + strand
[12:28:07] Excluding CDS which overlaps existing RNA (rRNA) at NZ_JH992898.1:5284176..5284352 on + strand
[12:28:07] Excluding CDS which overlaps existing RNA (tRNA) at NZ_JH992898.1:5486246..5486422 on + strand
[12:28:07] Found 6666 CDS
[12:28:07] Connecting features back to sequences
[12:28:07] Not using genus-specific database. Try --usegenus to enable it.
[12:28:07] Annotating CDS, please be patient.
[12:28:07] Will use 12 CPUs for similarity searching.
[12:28:12] There are still 6666 unannotated CDS left (started with 6666)
[12:28:12] Will use blast to search against /root/anaconda3/envs/ulana/db/kingdom/Bacteria/IS with 12 CPUs
[12:28:12] Running: cat prokka_out\/F_halapii\.IS\.tmp\.56\.faa | parallel --gnu --plain -j 12 --block 90532 --recstart '>' --pipe blastp -query - -db /root/anaconda3/envs/ulana/db/kingdom/Bacteria/IS -evalue 1e-30 -qcov_hsp_perc 90 -num_threads 1 -num_descriptions 1 -num_alignments 1 -seg no > prokka_out\/F_halapii\.IS\.tmp\.56\.blast 2> /dev/null
[12:28:26] Deleting unwanted file: prokka_out/F_halapii.IS.tmp.56.faa
[12:28:26] Deleting unwanted file: prokka_out/F_halapii.IS.tmp.56.blast
[12:28:31] There are still 6530 unannotated CDS left (started with 6666)
[12:28:31] Will use blast to search against /root/anaconda3/envs/ulana/db/kingdom/Bacteria/AMR with 12 CPUs
[12:28:31] Running: cat prokka_out\/F_halapii\.AMR\.tmp\.56\.faa | parallel --gnu --plain -j 12 --block 88994 --recstart '>' --pipe blastp -query - -db /root/anaconda3/envs/ulana/db/kingdom/Bacteria/AMR -evalue 1e-300 -qcov_hsp_perc 90 -num_threads 1 -num_descriptions 1 -num_alignments 1 -seg no > prokka_out\/F_halapii\.AMR\.tmp\.56\.blast 2> /dev/null
[12:28:42] Deleting unwanted file: prokka_out/F_halapii.AMR.tmp.56.faa
[12:28:42] Deleting unwanted file: prokka_out/F_halapii.AMR.tmp.56.blast
[12:28:46] There are still 6530 unannotated CDS left (started with 6666)
[12:28:46] Will use blast to search against /root/anaconda3/envs/ulana/db/kingdom/Bacteria/sprot with 12 CPUs
[12:28:46] Running: cat prokka_out\/F_halapii\.sprot\.tmp\.56\.faa | parallel --gnu --plain -j 12 --block 88994 --recstart '>' --pipe blastp -query - -db /root/anaconda3/envs/ulana/db/kingdom/Bacteria/sprot -evalue 1e-09 -qcov_hsp_perc 80 -num_threads 1 -num_descriptions 1 -num_alignments 1 -seg no > prokka_out\/F_halapii\.sprot\.tmp\.56\.blast 2> /dev/null
[12:29:42] Modify product: Probable 3-ketosteroid-9-alpha-monooxygenase, oxygenase component => putative 3-ketosteroid-9-alpha-monooxygenase, oxygenase component
[12:29:42] Modify product: Probable cation-transporting ATPase F => putative cation-transporting ATPase F
[12:29:42] Modify product: UPF0761 membrane protein YihY => hypothetical protein
[12:29:42] Modify product: Uncharacterized protein YqeN => putative protein YqeN
[12:29:42] Modify product: UPF0060 membrane protein YnfA => hypothetical protein
[12:29:42] Modify product: Uncharacterized protein alr4550 => putative protein
[12:29:42] Modify product: Transcriptional repressor SmtB homolog => Transcriptional repressor SmtB 
[12:29:42] Modify product: Probable cadmium-transporting ATPase => putative cadmium-transporting ATPase
[12:29:42] Modify product: Probable copper-transporting ATPase PacS => putative copper-transporting ATPase PacS
[12:29:42] Modify product: Zinc-type alcohol dehydrogenase-like protein SA1988 => Zinc-type alcohol dehydrogenase-like protein
[12:29:42] Modify product: Uncharacterized ABC transporter ATP-binding protein YknY => putative ABC transporter ATP-binding protein YknY
[12:29:42] Modify product: Probable serine/threonine-protein kinase PkwA => putative serine/threonine-protein kinase PkwA
[12:29:42] Modify product: Probable zinc-binding alcohol dehydrogenase Rv1895 => putative zinc-binding alcohol dehydrogenase
[12:29:42] Modify product: Probable zinc-binding alcohol dehydrogenase Rv1895 => putative zinc-binding alcohol dehydrogenase
[12:29:42] Modify product: Probable transcriptional regulatory protein TcrX => putative transcriptional regulatory protein TcrX
[12:29:42] Modify product: Potassium channel Cha6605_3372 => Potassium channel
[12:29:42] Modify product: Probable xanthine dehydrogenase subunit A => putative xanthine dehydrogenase subunit A
[12:29:42] Modify product: Probable membrane transporter protein XF_0764 => putative membrane transporter protein
[12:29:42] Modify product: Uncharacterized protein Rv1708 => putative protein
[12:29:42] Modify product: Probable siderophore-binding lipoprotein YfiY => putative siderophore-binding lipoprotein YfiY
[12:29:42] Modify product: Uncharacterized ABC transporter ATP-binding protein TM_0288 => putative ABC transporter ATP-binding protein
[12:29:42] Modify product: Probable multidrug resistance ABC transporter ATP-binding/permease protein YheI => putative multidrug resistance ABC transporter ATP-binding/permease protein YheI
[12:29:42] Modify product: Uncharacterized protein Rv1290c => putative protein
[12:29:42] Modify product: Uncharacterized protein DR_1314 => putative protein
[12:29:42] Modify product: Probable adenylyl-sulfate kinase => putative adenylyl-sulfate kinase
[12:29:42] Modify product: Putative dioxygenase Rv0097 => Putative dioxygenase
[12:29:42] Modify product: Uncharacterized protein Rv0098 => putative protein
[12:29:42] Modify product: Phage shock protein A homolog => Phage shock protein A 
[12:29:42] Modify product: Phage shock protein A homolog => Phage shock protein A 
[12:29:43] Modify product: Epimerase family protein SA0724 => Epimerase family protein
[12:29:43] Modify product: Probable ABC transporter-binding protein DR_1571 => putative ABC transporter-binding protein
[12:29:43] Modify product: Uncharacterized protein Rv2715 => putative protein
[12:29:43] Modify product: Uncharacterized protein HI_1162 => putative protein
[12:29:43] Modify product: Probable ferredoxin/ferredoxin--NADP reductase => putative ferredoxin/ferredoxin--NADP reductase
[12:29:43] Modify product: Probable D,D-dipeptide transport system permease protein DdpC => putative D,D-dipeptide transport system permease protein DdpC
[12:29:43] Modify product: Probable alcohol dehydrogenase AdhA => putative alcohol dehydrogenase AdhA
[12:29:43] Modify product: Probable RNA 2'-phosphotransferase => putative RNA 2'-phosphotransferase
[12:29:43] Modify product: UPF0053 inner membrane protein YtfL => hypothetical protein
[12:29:43] Modify product: Uncharacterized protein Rv2030c => putative protein
[12:29:43] Modify product: Carbon dioxide-concentrating mechanism protein CcmK homolog 1 => Carbon dioxide-concentrating mechanism protein CcmK 
[12:29:43] Modify product: Carbon dioxide-concentrating mechanism protein CcmK homolog 2 => Carbon dioxide-concentrating mechanism protein CcmK 
[12:29:43] Modify product: Putative acetyltransferase Rv3034c => Putative acetyltransferase
[12:29:43] Modify product: Uncharacterized transporter Rv2685 => putative transporter
[12:29:43] Modify product: Putative transport protein Rv0205 => Putative transport protein
[12:29:43] Modify product: Putative universal stress protein SA1532 => Putative universal stress protein
[12:29:43] Modify product: Tricorn protease homolog 1 => Tricorn protease 
[12:29:43] Modify product: Uncharacterized oxidoreductase Rv2298 => putative oxidoreductase
[12:29:43] Modify product: Probable serine/threonine-protein kinase PkwA => putative serine/threonine-protein kinase PkwA
[12:29:43] Modify product: Uncharacterized symporter YjmB => putative symporter YjmB
[12:29:43] Modify product: Probable zinc-binding alcohol dehydrogenase Rv1895 => putative zinc-binding alcohol dehydrogenase
[12:29:43] Modify product: Probable manganese catalase => putative manganese catalase
[12:29:43] Modify product: Probable multidrug ABC transporter permease YbhR => putative multidrug ABC transporter permease YbhR
[12:29:43] Modify product: Probable multidrug ABC transporter permease YbhR => putative multidrug ABC transporter permease YbhR
[12:29:43] Modify product: Probable multidrug ABC transporter permease YbhS => putative multidrug ABC transporter permease YbhS
[12:29:43] Modify product: Probable multidrug ABC transporter ATP-binding protein YbhF => putative multidrug ABC transporter ATP-binding protein YbhF
[12:29:43] Modify product: Probable serine/threonine-protein kinase PkwA => putative serine/threonine-protein kinase PkwA
[12:29:43] Modify product: Probable adenylyltransferase/sulfurtransferase MoeZ => putative adenylyltransferase/sulfurtransferase MoeZ
[12:29:43] Modify product: Probable cysteine desulfurase => putative cysteine desulfurase
[12:29:43] Modify product: Probable ATP-dependent transporter SufC => putative ATP-dependent transporter SufC
[12:29:43] Modify product: UPF0145 protein YbjQ => hypothetical protein
[12:29:43] Modify product: Probable sulfate transporter Rv1739c => putative sulfate transporter
[12:29:43] Modify product: Uncharacterized N-acetyltransferase YafP => putative N-acetyltransferase YafP
[12:29:43] Modify product: Acetyltransferase PA3944 => Acetyltransferase
[12:29:43] Modify product: Probable cation-transporting ATPase F => putative cation-transporting ATPase F
[12:29:43] Modify product: Probable ABC transporter-binding protein DR_1438 => putative ABC transporter-binding protein
[12:29:43] Modify product: UPF0210 protein SP_0239 => hypothetical protein
[12:29:43] Modify product: Uncharacterized protein YciH => putative protein YciH
[12:29:43] Modify product: Probable protein kinase UbiB => putative protein kinase UbiB
[12:29:43] Modify product: Uncharacterized protein HI_1162 => putative protein
[12:29:43] Modify product: Probable 30S ribosomal protein PSRP-3 => putative 30S ribosomal protein PSRP-3
[12:29:43] Modify product: Uncharacterized protein alr4550 => putative protein
[12:29:43] Modify product: Rqc2 homolog RqcH => Rqc2 RqcH
[12:29:43] Modify product: Uncharacterized protein alr4550 => putative protein
[12:29:43] Modify product: Transcriptional repressor SmtB homolog => Transcriptional repressor SmtB 
[12:29:43] Modify product: Uncharacterized transporter Rv2685 => putative transporter
[12:29:43] Modify product: Probable glutaredoxin ssr2061 => putative glutaredoxin
[12:29:43] Modify product: Probable FMNH2-dependent monooxygenase SfnC => putative FMNH2-dependent monooxygenase SfnC
[12:29:43] Modify product: Probable siderophore transport system ATP-binding protein YusV => putative siderophore transport system ATP-binding protein YusV
[12:29:43] Modify product: Probable siderophore transport system permease protein YfhA => putative siderophore transport system permease protein YfhA
[12:29:43] Modify product: Probable siderophore transport system permease protein YfiZ => putative siderophore transport system permease protein YfiZ
[12:29:43] Modify product: Probable iron export ATP-binding protein FetA => putative iron export ATP-binding protein FetA
[12:29:43] Modify product: Probable iron export permease protein FetB => putative iron export permease protein FetB
[12:29:43] Modify product: Glycogen operon protein GlgX homolog => Glycogen operon protein GlgX 
[12:29:43] Modify product: Uncharacterized protein alr4550 => putative protein
[12:29:43] Modify product: Putative multidrug export ATP-binding/permease protein SAV1866 => Putative multidrug export ATP-binding/permease protein
[12:29:43] Modify product: Probable siderophore-binding lipoprotein YfiY => putative siderophore-binding lipoprotein YfiY
[12:29:43] Modify product: Probable siderophore-binding lipoprotein YfiY => putative siderophore-binding lipoprotein YfiY
[12:29:43] Modify product: Probable siderophore-binding lipoprotein YfiY => putative siderophore-binding lipoprotein YfiY
[12:29:43] Modify product: Putative multidrug export ATP-binding/permease protein SAV1866 => Putative multidrug export ATP-binding/permease protein
[12:29:43] Modify product: Uncharacterized signaling protein PA1727 => putative signaling protein
[12:29:43] Modify product: NADH dehydrogenase-like protein SAOUHSC_00878 => NADH dehydrogenase-like protein
[12:29:43] Modify product: Putative multidrug export ATP-binding/permease protein SAV1866 => Putative multidrug export ATP-binding/permease protein
[12:29:43] Modify product: Uncharacterized ABC transporter ATP-binding protein YknY => putative ABC transporter ATP-binding protein YknY
[12:29:43] Modify product: Uncharacterized HTH-type transcriptional regulator YbaQ => putative HTH-type transcriptional regulator YbaQ
[12:29:43] Modify product: Probable multidrug resistance ABC transporter ATP-binding/permease protein YheI => putative multidrug resistance ABC transporter ATP-binding/permease protein YheI
[12:29:43] Modify product: Probable peptidoglycan glycosyltransferase FtsW => putative peptidoglycan glycosyltransferase FtsW
[12:29:43] Modify product: Uncharacterized protein Rv2067c => putative protein
[12:29:43] Modify product: Probable transcriptional regulatory protein aq_1575 => putative transcriptional regulatory protein
[12:29:43] Modify product: Probable xanthine dehydrogenase subunit A => putative xanthine dehydrogenase subunit A
[12:29:43] Modify product: Acetyltransferase PA3944 => Acetyltransferase
[12:29:43] Modify product: Vitamin K epoxide reductase homolog => Vitamin K epoxide reductase 
[12:29:43] Modify product: Uncharacterized oxidoreductase Rv2298 => putative oxidoreductase
[12:29:44] Modify product: Uncharacterized glycosyltransferase sll0501 => putative glycosyltransferase
[12:29:44] Modify product: Probable lipid II flippase MurJ => putative lipid II flippase MurJ
[12:29:44] Modify product: Uncharacterized protein alr4550 => putative protein
[12:29:44] Modify product: Purine-binding protein BAB2_0673 => Purine-binding protein
[12:29:44] Modify product: Probable riboflavin import permease protein RfuC => putative riboflavin import permease protein RfuC
[12:29:44] Modify product: Putative cystathionine beta-synthase Rv1077 => Putative cystathionine beta-synthase
[12:29:44] Modify product: Putative transport protein Rv0205 => Putative transport protein
[12:29:44] Modify product: Acetyltransferase PA3944 => Acetyltransferase
[12:29:44] Modify product: Uncharacterized ABC transporter ATP-binding protein TM_0288 => putative ABC transporter ATP-binding protein
[12:29:44] Modify product: Uncharacterized protein YqeN => putative protein YqeN
[12:29:44] Modify product: Uncharacterized protein alr4550 => putative protein
[12:29:44] Modify product: Uncharacterized protein HI_1388.1 => putative protein.1
[12:29:44] Modify product: Carbon dioxide-concentrating mechanism protein CcmK homolog 4 => Carbon dioxide-concentrating mechanism protein CcmK 
[12:29:44] Modify product: UPF0702 transmembrane protein YetF => hypothetical protein
[12:29:44] Modify product: Phycocyanobilin lyase CpcT homolog => Phycocyanobilin lyase CpcT 
[12:29:44] Modify product: Probable peptidoglycan glycosyltransferase FtsW => putative peptidoglycan glycosyltransferase FtsW
[12:29:44] Modify product: Glycogen operon protein GlgX homolog => Glycogen operon protein GlgX 
[12:29:44] Modify product: UPF0176 protein lpg2838 => hypothetical protein
[12:29:44] Modify product: Uncharacterized protein Rv1829 => putative protein
[12:29:44] Modify product: UPF0234 protein MSMEG_1165/MSMEI_1134 => hypothetical protein
[12:29:44] Modify product: Putative low molecular weight protein-tyrosine-phosphatase slr0328 => Putative low molecular weight protein-tyrosine-phosphatase
[12:29:44] Modify product: 1,4-alpha-glucan branching enzyme TTHA1902 => 1,4-alpha-glucan branching enzyme
[12:29:44] Modify product: Uncharacterized membrane protein Rv2637 => putative membrane protein
[12:29:44] Modify product: Uncharacterized protein DR_1314 => putative protein
[12:29:44] Modify product: UPF0053 protein Rv1842c => hypothetical protein
[12:29:44] Modify product: Uncharacterized protein Rv2004c => putative protein
[12:29:44] Modify product: Uncharacterized protein YyaP => putative protein YyaP
[12:29:44] Modify product: Putative multidrug export ATP-binding/permease protein SAV1866 => Putative multidrug export ATP-binding/permease protein
[12:29:44] Modify product: Putative hydro-lyase Atu3911 => Putative hydro-lyase
[12:29:44] Modify product: Uncharacterized protein alr4550 => putative protein
[12:29:44] Modify product: N-glycosidase Npun_R5314 => N-glycosidase
[12:29:44] Modify product: Probable undecaprenyl-phosphate N-acetylglucosaminyl 1-phosphate transferase => putative undecaprenyl-phosphate N-acetylglucosaminyl 1-phosphate transferase
[12:29:44] Modify product: Thioredoxin-like protein slr0233 => Thioredoxin-like protein
[12:29:44] Modify product: Phosphate-specific transport system accessory protein PhoU homolog => Phosphate-specific transport system accessory protein PhoU 
[12:29:44] Modify product: Membrane-associated protein slr1513 => Membrane-associated protein
[12:29:44] Modify product: Protease HtpX homolog => Protease HtpX 
[12:29:44] Modify product: Uncharacterized protein Rv2307c => putative protein
[12:29:44] Modify product: Putative phosphoribosyl transferase Rv0571c => Putative phosphoribosyl transferase
[12:29:44] Modify product: Uncharacterized ABC transporter ATP-binding protein YknY => putative ABC transporter ATP-binding protein YknY
[12:29:44] Modify product: Probable copper-importing P-type ATPase A => putative copper-importing P-type ATPase A
[12:29:44] Modify product: Uncharacterized ABC transporter ATP-binding protein YbiT => putative ABC transporter ATP-binding protein YbiT
[12:29:44] Modify product: Putative anti-sigma factor antagonist TM_1442 => Putative anti-sigma factor antagonist
[12:29:44] Modify product: Uncharacterized protein slr1565 => putative protein
[12:29:44] Modify product: Uncharacterized sugar epimerase YhfK => putative sugar epimerase YhfK
[12:29:44] Modify product: Uncharacterized protein DR_1314 => putative protein
[12:29:44] Modify product: Uncharacterized protein RP812 => putative protein RP812
[12:29:44] Modify product: UPF0182 protein MSMEG_1959/MSMEI_1915 => hypothetical protein
[12:29:44] Modify product: Uncharacterized protein alr4550 => putative protein
[12:29:44] Modify product: Probable dual-specificity RNA methyltransferase RlmN => putative dual-specificity RNA methyltransferase RlmN
[12:29:44] Modify product: Uncharacterized protein YciO => putative protein YciO
[12:29:44] Modify product: UPF0754 membrane protein SA1664 => hypothetical protein
[12:29:44] Modify product: Purine-binding protein BAB2_0673 => Purine-binding protein
[12:29:44] Modify product: Uncharacterized protein alr4550 => putative protein
[12:29:44] Modify product: Probable flavin reductase => putative flavin reductase
[12:29:44] Modify product: Probable copper-transporting ATPase PacS => putative copper-transporting ATPase PacS
[12:29:44] Modify product: Uncharacterized protein Rv0887c => putative protein
[12:29:44] Modify product: Probable type I restriction enzyme BthVORF4518P M protein => putative type I restriction enzymeP M protein
[12:29:44] Modify product: Probable type I restriction enzyme BthVORF4518P M protein => putative type I restriction enzymeP M protein
[12:29:44] Modify product: UPF0758 protein YsxA => hypothetical protein
[12:29:44] Modify product: Uncharacterized HTH-type transcriptional regulator YxaF => putative HTH-type transcriptional regulator YxaF
[12:29:44] Modify product: Uncharacterized ABC transporter ATP-binding protein YknY => putative ABC transporter ATP-binding protein YknY
[12:29:44] Modify product: Probable cytochrome c oxidase subunit 1 => putative cytochrome c oxidase subunit 1
[12:29:44] Modify product: Probable cytochrome c oxidase subunit 3 => putative cytochrome c oxidase subunit 3
[12:29:44] Modify product: Peptidoglycan-N-acetylglucosamine deacetylase BC_3618 => Peptidoglycan-N-acetylglucosamine deacetylase
[12:29:44] Modify product: Uncharacterized zinc protease Rv2782c => putative zinc protease
[12:29:44] Modify product: Uncharacterized zinc protease Rv2782c => putative zinc protease
[12:29:44] Modify product: Probable membrane transporter protein XF_0764 => putative membrane transporter protein
[12:29:44] Modify product: Uncharacterized sugar epimerase YhfK => putative sugar epimerase YhfK
[12:29:44] Modify product: Probable cytochrome c oxidase subunit 3 => putative cytochrome c oxidase subunit 3
[12:29:44] Modify product: Probable nicotinate-nucleotide pyrophosphorylase [carboxylating] => putative nicotinate-nucleotide pyrophosphorylase [carboxylating]
[12:29:44] Modify product: Uncharacterized protein alr4550 => putative protein
[12:29:44] Modify product: Uncharacterized oxidoreductase MSMEG_1603/MSMEI_1564 => putative oxidoreductase/MSMEI_1564
[12:29:44] Modify product: Probable cytosol aminopeptidase => putative cytosol aminopeptidase
[12:29:44] Modify product: Putative multidrug export ATP-binding/permease protein SAV1866 => Putative multidrug export ATP-binding/permease protein
[12:29:45] Modify product: Uncharacterized protein alr4550 => putative protein
[12:29:45] Modify product: Uncharacterized inner membrane transporter YhbE => putative inner membrane transporter YhbE
[12:29:45] Modify product: Putative monooxygenase Rv0793 => Putative monooxygenase
[12:29:45] Modify product: Probable dolichyl-phosphate-mannose--protein mannosyltransferase => putative dolichyl-phosphate-mannose--protein mannosyltransferase
[12:29:45] Modify product: Uncharacterized protein Rv0628c => putative protein
[12:29:45] Modify product: NADH dehydrogenase-like protein SAOUHSC_00878 => NADH dehydrogenase-like protein
[12:29:45] Modify product: Uncharacterized transporter Rv1999c => putative transporter
[12:29:45] Modify product: Probable cytochrome c oxidase subunit 3 => putative cytochrome c oxidase subunit 3
[12:29:45] Modify product: Uncharacterized protein Rv0502 => putative protein
[12:29:45] Modify product: UPF0761 membrane protein YihY => hypothetical protein
[12:29:45] Modify product: Uncharacterized PIN and TRAM-domain containing protein YacL => putative PIN and TRAM-domain containing protein YacL
[12:29:45] Modify product: Uncharacterized protein HI_1349 => putative protein
[12:29:45] Modify product: Glycogen operon protein GlgX homolog => Glycogen operon protein GlgX 
[12:29:45] Modify product: Uncharacterized FAD-linked oxidoreductase Rv2280 => putative FAD-linked oxidoreductase
[12:29:45] Modify product: Uncharacterized ABC transporter ATP-binding protein YknY => putative ABC transporter ATP-binding protein YknY
[12:29:45] Modify product: Sulfurtransferase Alvin_2599 => Sulfurtransferase
[12:29:45] Modify product: Putative multidrug export ATP-binding/permease protein SAV1866 => Putative multidrug export ATP-binding/permease protein
[12:29:45] Modify product: GTP-binding protein TypA/BipA homolog => GTP-binding protein TypA/BipA 
[12:29:45] Modify product: Uncharacterized N-acetyltransferase YsnE => putative N-acetyltransferase YsnE
[12:29:45] Modify product: Probable murein peptide carboxypeptidase => putative murein peptide carboxypeptidase
[12:29:45] Modify product: GTP cyclohydrolase 1 type 2 homolog => GTP cyclohydrolase 1 type 2 
[12:29:45] Modify product: Methyl-accepting chemotaxis protein Amb0994 => Methyl-accepting chemotaxis protein
[12:29:45] Modify product: Uncharacterized zinc protease Rv2782c => putative zinc protease
[12:29:45] Modify product: Uncharacterized ABC transporter ATP-binding protein YknY => putative ABC transporter ATP-binding protein YknY
[12:29:45] Modify product: Putative transport protein Rv0205 => Putative transport protein
[12:29:45] Modify product: Bifunctional protein FolD => Bifunctional protein FolD protein
[12:29:45] Modify product: Probable molybdenum cofactor guanylyltransferase => putative molybdenum cofactor guanylyltransferase
[12:29:45] Modify product: UPF0056 inner membrane protein YhgN => hypothetical protein
[12:29:45] Modify product: Probable iron export permease protein FetB => putative iron export permease protein FetB
[12:29:45] Modify product: Probable 2-phosphosulfolactate phosphatase => putative 2-phosphosulfolactate phosphatase
[12:29:45] Modify product: UPF0060 membrane protein YnfA => hypothetical protein
[12:29:45] Modify product: UPF0382 membrane protein YwdK => hypothetical protein
[12:29:45] Cleaned 208 /product names
[12:29:45] Deleting unwanted file: prokka_out/F_halapii.sprot.tmp.56.faa
[12:29:45] Deleting unwanted file: prokka_out/F_halapii.sprot.tmp.56.blast
[12:29:48] There are still 4560 unannotated CDS left (started with 6666)
[12:29:48] Will use hmmer3 to search against /root/anaconda3/envs/ulana/db/hmm/HAMAP.hmm with 12 CPUs
[12:29:48] Running: cat prokka_out\/F_halapii\.HAMAP\.hmm\.tmp\.56\.faa | parallel --gnu --plain -j 12 --block 58117 --recstart '>' --pipe hmmscan --noali --notextw --acc -E 1e-09 --cpu 1 /root/anaconda3/envs/ulana/db/hmm/HAMAP.hmm /dev/stdin > prokka_out\/F_halapii\.HAMAP\.hmm\.tmp\.56\.hmmer3 2> /dev/null
[12:30:15] Deleting unwanted file: prokka_out/F_halapii.HAMAP.hmm.tmp.56.faa
[12:30:15] Deleting unwanted file: prokka_out/F_halapii.HAMAP.hmm.tmp.56.hmmer3
[12:30:15] Labelling remaining 3910 proteins as 'hypothetical protein'
[12:30:15] Possible /pseudo 'IS481 family transposase ISAzs36' at NZ_JH992888.1 position 69603
[12:30:15] Possible /pseudo 'IS1 family transposase ISAcma4' at NZ_JH992890.1 position 40514
[12:30:15] Possible /pseudo 'IS1182 family transposase ISNpu1' at NZ_JH992890.1 position 86715
[12:30:15] Possible /pseudo 'IS4 family transposase ISAsp3' at NZ_JH992891.1 position 25987
[12:30:15] Possible /pseudo 'IS4 family transposase ISAsp10' at NZ_JH992891.1 position 46945
[12:30:15] Possible /pseudo 'IS4 family transposase ISAsp10' at NZ_JH992891.1 position 47455
[12:30:15] Possible /pseudo 'Tyrosine recombinase XerC' at NZ_JH992892.1 position 316569
[12:30:15] Possible /pseudo 'ISAzo13 family transposase ISMae28' at NZ_JH992892.1 position 363171
[12:30:15] Possible /pseudo 'putative zinc-binding alcohol dehydrogenase' at NZ_JH992892.1 position 374085
[12:30:15] Possible /pseudo 'Flavodoxin' at NZ_JH992892.1 position 379492
[12:30:15] Possible /pseudo 'IS1 family transposase ISAcma4' at NZ_JH992893.1 position 50738
[12:30:15] Possible /pseudo 'IS701 family transposase ISPlag1' at NZ_JH992893.1 position 97160
[12:30:15] Possible /pseudo 'Undecaprenyl-phosphate 4-deoxy-4-formamido-L-arabinose transferase' at NZ_JH992893.1 position 117782
[12:30:15] Possible /pseudo 'IS1 family transposase ISAcma4' at NZ_JH992893.1 position 492680
[12:30:15] Possible /pseudo 'putative siderophore-binding lipoprotein YfiY' at NZ_JH992893.1 position 567731
[12:30:15] Possible /pseudo 'Putative cytochrome P450 135B1' at NZ_JH992893.1 position 625270
[12:30:15] Possible /pseudo 'dCTP deaminase, dUMP-forming' at NZ_JH992898.1 position 46025
[12:30:15] Possible /pseudo 'Phage shock protein A ' at NZ_JH992898.1 position 181864
[12:30:15] Possible /pseudo 'Serine/threonine-protein kinase PknD' at NZ_JH992898.1 position 450179
[12:30:15] Possible /pseudo 'Sensor histidine kinase RcsC' at NZ_JH992898.1 position 674425
[12:30:15] Possible /pseudo 'Sensor histidine kinase RcsC' at NZ_JH992898.1 position 845079
[12:30:15] Possible /pseudo 'Carbon dioxide-concentrating mechanism protein CcmK ' at NZ_JH992898.1 position 941925
[12:30:15] Possible /pseudo 'Putative protein-methionine-sulfoxide reductase subunit YedZ1' at NZ_JH992898.1 position 1170190
[12:30:15] Possible /pseudo 'ISL3 family transposase ISMae36' at NZ_JH992898.1 position 1698003
[12:30:15] Possible /pseudo 'Sensor histidine kinase RcsC' at NZ_JH992898.1 position 1750150
[12:30:15] Possible /pseudo 'Photosystem I reaction center subunit PsaK' at NZ_JH992898.1 position 1995371
[12:30:15] Possible /pseudo 'Phycobilisome rod-core linker polypeptide CpcG4' at NZ_JH992898.1 position 2060707
[12:30:15] Possible /pseudo 'D-inositol-3-phosphate glycosyltransferase' at NZ_JH992898.1 position 2200014
[12:30:15] Possible /pseudo 'D-inositol-3-phosphate glycosyltransferase' at NZ_JH992898.1 position 2593185
[12:30:15] Possible /pseudo 'Sensor histidine kinase RcsC' at NZ_JH992898.1 position 2608942
[12:30:15] Possible /pseudo 'Chaperone protein DnaJ' at NZ_JH992898.1 position 2917230
[12:30:15] Possible /pseudo 'Orange carotenoid-binding protein' at NZ_JH992898.1 position 3153478
[12:30:15] Possible /pseudo 'IS1634 family transposase ISMae10' at NZ_JH992898.1 position 3375795
[12:30:15] Possible /pseudo 'D-inositol-3-phosphate glycosyltransferase' at NZ_JH992898.1 position 3703360
[12:30:15] Possible /pseudo 'Regulator of RpoS' at NZ_JH992898.1 position 4127755
[12:30:15] Possible /pseudo 'Protein-glutamate methylesterase/protein-glutamine glutaminase' at NZ_JH992898.1 position 4149417
[12:30:15] Possible /pseudo 'putative type I restriction enzymeP M protein' at NZ_JH992898.1 position 4297720
[12:30:15] Possible /pseudo 'putative zinc protease' at NZ_JH992898.1 position 4552322
[12:30:15] Possible /pseudo 'ATP-dependent Clp protease proteolytic subunit' at NZ_JH992898.1 position 4839663
[12:30:15] Possible /pseudo 'DNA-directed RNA polymerase subunit beta'' at NZ_JH992898.1 position 4964971
[12:30:15] Possible /pseudo 'Tol-Pal system protein TolB' at NZ_JH992898.1 position 5074992
[12:30:15] Possible /pseudo 'IS5 family transposase ISMae6' at NZ_JH992898.1 position 5251932
[12:30:15] Possible /pseudo 'Sensor histidine kinase RcsC' at NZ_JH992898.1 position 5386884
[12:30:15] Possible /pseudo 'Serine/threonine-protein kinase PknD' at NZ_JH992898.1 position 5476368
[12:30:15] Possible /pseudo 'D-inositol-3-phosphate glycosyltransferase' at NZ_JH992898.1 position 5681337
[12:30:15] Possible /pseudo 'UDP-N-acetylglucosamine--N-acetylmuramyl-(pentapeptide) pyrophosphoryl-undecaprenol N-acetylglucosamine transferase' at NZ_JH992898.1 position 5812184
[12:30:15] Possible /pseudo 'Serine/threonine-protein kinase PknD' at NZ_JH992898.1 position 5880761
[12:30:15] Found 1481 unique /gene codes.
[12:30:15] Fixed 26 duplicate /gene - btuD_1 btuD_2 btuD_3 btuD_4 btuD_5 btuD_6 btuD_7 btuD_8 btuD_9 btuD_10 btuD_11 btuD_12 btuD_13 btuD_14 btuD_15 btuD_16 btuD_17 btuD_18 btuD_19 btuD_20 btuD_21 btuD_22 btuD_23 btuD_24 btuD_25 btuD_26
[12:30:15] Fixed 2 duplicate /gene - ctpF_1 ctpF_2
[12:30:15] Fixed 2 duplicate /gene - lnrL_1 lnrL_2
[12:30:15] Fixed 3 duplicate /gene - dnaK2_1 dnaK2_2 dnaK2_3
[12:30:15] Fixed 6 duplicate /gene - yknY_1 yknY_2 yknY_3 yknY_4 yknY_5 yknY_6
[12:30:15] Fixed 19 duplicate /gene - cpoB_1 cpoB_2 cpoB_3 cpoB_4 cpoB_5 cpoB_6 cpoB_7 cpoB_8 cpoB_9 cpoB_10 cpoB_11 cpoB_12 cpoB_13 cpoB_14 cpoB_15 cpoB_16 cpoB_17 cpoB_18 cpoB_19
[12:30:15] Fixed 2 duplicate /gene - der_1 der_2
[12:30:15] Fixed 3 duplicate /gene - fmt_1 fmt_2 fmt_3
[12:30:15] Fixed 2 duplicate /gene - gfo_1 gfo_2
[12:30:15] Fixed 2 duplicate /gene - mopII_1 mopII_2
[12:30:15] Fixed 4 duplicate /gene - rapA_1 rapA_2 rapA_3 rapA_4
[12:30:15] Fixed 4 duplicate /gene - bshA_1 bshA_2 bshA_3 bshA_4
[12:30:15] Fixed 2 duplicate /gene - hemF_1 hemF_2
[12:30:15] Fixed 2 duplicate /gene - cysE_1 cysE_2
[12:30:15] Fixed 2 duplicate /gene - xynZ_1 xynZ_2
[12:30:15] Fixed 3 duplicate /gene - ctaD_1 ctaD_2 ctaD_3
[12:30:15] Fixed 2 duplicate /gene - sgrR_1 sgrR_2
[12:30:15] Fixed 8 duplicate /gene - dnaJ_1 dnaJ_2 dnaJ_3 dnaJ_4 dnaJ_5 dnaJ_6 dnaJ_7 dnaJ_8
[12:30:15] Fixed 3 duplicate /gene - pds_1 pds_2 pds_3
[12:30:15] Fixed 3 duplicate /gene - lysA_1 lysA_2 lysA_3
[12:30:15] Fixed 3 duplicate /gene - walR_1 walR_2 walR_3
[12:30:15] Fixed 6 duplicate /gene - pipB2_1 pipB2_2 pipB2_3 pipB2_4 pipB2_5 pipB2_6
[12:30:15] Fixed 2 duplicate /gene - nfuA_1 nfuA_2
[12:30:15] Fixed 2 duplicate /gene - estB_1 estB_2
[12:30:15] Fixed 2 duplicate /gene - ctaB_1 ctaB_2
[12:30:15] Fixed 8 duplicate /gene - rcp1_1 rcp1_2 rcp1_3 rcp1_4 rcp1_5 rcp1_6 rcp1_7 rcp1_8
[12:30:15] Fixed 3 duplicate /gene - nhaP2_1 nhaP2_2 nhaP2_3
[12:30:15] Fixed 4 duplicate /gene - merA_1 merA_2 merA_3 merA_4
[12:30:15] Fixed 2 duplicate /gene - ndhI_1 ndhI_2
[12:30:15] Fixed 3 duplicate /gene - ndhB_1 ndhB_2 ndhB_3
[12:30:15] Fixed 4 duplicate /gene - cph1_1 cph1_2 cph1_3 cph1_4
[12:30:15] Fixed 2 duplicate /gene - spkA_1 spkA_2
[12:30:15] Fixed 2 duplicate /gene - nuoL_1 nuoL_2
[12:30:15] Fixed 3 duplicate /gene - kdpB_1 kdpB_2 kdpB_3
[12:30:15] Fixed 4 duplicate /gene - trpB_1 trpB_2 trpB_3 trpB_4
[12:30:15] Fixed 2 duplicate /gene - gyrA_1 gyrA_2
[12:30:15] Fixed 2 duplicate /gene - wcaJ_1 wcaJ_2
[12:30:15] Fixed 3 duplicate /gene - cysA_1 cysA_2 cysA_3
[12:30:15] Fixed 4 duplicate /gene - btuB_1 btuB_2 btuB_3 btuB_4
[12:30:15] Fixed 3 duplicate /gene - htrA_1 htrA_2 htrA_3
[12:30:15] Fixed 3 duplicate /gene - resA_1 resA_2 resA_3
[12:30:15] Fixed 3 duplicate /gene - liaR_1 liaR_2 liaR_3
[12:30:15] Fixed 2 duplicate /gene - pacL_1 pacL_2
[12:30:15] Fixed 2 duplicate /gene - ybhR_1 ybhR_2
[12:30:15] Fixed 2 duplicate /gene - cusR_1 cusR_2
[12:30:15] Fixed 2 duplicate /gene - divK_1 divK_2
[12:30:15] Fixed 2 duplicate /gene - surA_1 surA_2
[12:30:15] Fixed 2 duplicate /gene - egtD_1 egtD_2
[12:30:15] Fixed 2 duplicate /gene - ectB_1 ectB_2
[12:30:15] Fixed 2 duplicate /gene - rihA_1 rihA_2
[12:30:15] Fixed 2 duplicate /gene - minD_1 minD_2
[12:30:15] Fixed 2 duplicate /gene - gcvT_1 gcvT_2
[12:30:15] Fixed 2 duplicate /gene - cphB_1 cphB_2
[12:30:15] Fixed 2 duplicate /gene - hpnP_1 hpnP_2
[12:30:15] Fixed 4 duplicate /gene - lptB_1 lptB_2 lptB_3 lptB_4
[12:30:15] Fixed 3 duplicate /gene - desV_1 desV_2 desV_3
[12:30:15] Fixed 2 duplicate /gene - dbpA_1 dbpA_2
[12:30:15] Fixed 2 duplicate /gene - emrA_1 emrA_2
[12:30:15] Fixed 10 duplicate /gene - noc_1 noc_2 noc_3 noc_4 noc_5 noc_6 noc_7 noc_8 noc_9 noc_10
[12:30:15] Fixed 3 duplicate /gene - cnrA_1 cnrA_2 cnrA_3
[12:30:15] Fixed 2 duplicate /gene - ftsH2_1 ftsH2_2
[12:30:15] Fixed 2 duplicate /gene - ispH_1 ispH_2
[12:30:15] Fixed 2 duplicate /gene - fbiC_1 fbiC_2
[12:30:15] Fixed 2 duplicate /gene - mfppA_1 mfppA_2
[12:30:15] Fixed 3 duplicate /gene - murG_1 murG_2 murG_3
[12:30:15] Fixed 4 duplicate /gene - clpP_1 clpP_2 clpP_3 clpP_4
[12:30:15] Fixed 2 duplicate /gene - apcA_1 apcA_2
[12:30:15] Fixed 2 duplicate /gene - surE_1 surE_2
[12:30:15] Fixed 4 duplicate /gene - menF_1 menF_2 menF_3 menF_4
[12:30:15] Fixed 2 duplicate /gene - proA_1 proA_2
[12:30:15] Fixed 2 duplicate /gene - cobN_1 cobN_2
[12:30:15] Fixed 2 duplicate /gene - regX3_1 regX3_2
[12:30:15] Fixed 2 duplicate /gene - carC_1 carC_2
[12:30:15] Fixed 2 duplicate /gene - trmR_1 trmR_2
[12:30:15] Fixed 3 duplicate /gene - psaK_1 psaK_2 psaK_3
[12:30:15] Fixed 2 duplicate /gene - bchE_1 bchE_2
[12:30:15] Fixed 2 duplicate /gene - yciC_1 yciC_2
[12:30:15] Fixed 2 duplicate /gene - era_1 era_2
[12:30:15] Fixed 2 duplicate /gene - cas1_1 cas1_2
[12:30:15] Fixed 3 duplicate /gene - mbtH_1 mbtH_2 mbtH_3
[12:30:15] Fixed 2 duplicate /gene - sigF_1 sigF_2
[12:30:15] Fixed 3 duplicate /gene - rpsU1_1 rpsU1_2 rpsU1_3
[12:30:15] Fixed 5 duplicate /gene - egtB_1 egtB_2 egtB_3 egtB_4 egtB_5
[12:30:15] Fixed 2 duplicate /gene - scmP_1 scmP_2
[12:30:15] Fixed 2 duplicate /gene - apnhaP_1 apnhaP_2
[12:30:15] Fixed 3 duplicate /gene - pcxA_1 pcxA_2 pcxA_3
[12:30:15] Fixed 2 duplicate /gene - gutB_1 gutB_2
[12:30:15] Fixed 4 duplicate /gene - mtgA_1 mtgA_2 mtgA_3 mtgA_4
[12:30:15] Fixed 3 duplicate /gene - isiB_1 isiB_2 isiB_3
[12:30:15] Fixed 2 duplicate /gene - pucA_1 pucA_2
[12:30:15] Fixed 6 duplicate /gene - bamA_1 bamA_2 bamA_3 bamA_4 bamA_5 bamA_6
[12:30:15] Fixed 3 duplicate /gene - livH_1 livH_2 livH_3
[12:30:15] Fixed 3 duplicate /gene - araQ_1 araQ_2 araQ_3
[12:30:15] Fixed 3 duplicate /gene - tldD_1 tldD_2 tldD_3
[12:30:15] Fixed 3 duplicate /gene - clpB1_1 clpB1_2 clpB1_3
[12:30:15] Fixed 2 duplicate /gene - phoD_1 phoD_2
[12:30:15] Fixed 2 duplicate /gene - ompA_1 ompA_2
[12:30:15] Fixed 2 duplicate /gene - hxuB_1 hxuB_2
[12:30:15] Fixed 2 duplicate /gene - hemL_1 hemL_2
[12:30:15] Fixed 2 duplicate /gene - cefD_1 cefD_2
[12:30:15] Fixed 2 duplicate /gene - xpkA_1 xpkA_2
[12:30:15] Fixed 4 duplicate /gene - moaA_1 moaA_2 moaA_3 moaA_4
[12:30:15] Fixed 3 duplicate /gene - fabH_1 fabH_2 fabH_3
[12:30:15] Fixed 2 duplicate /gene - mtcA2_1 mtcA2_2
[12:30:15] Fixed 2 duplicate /gene - menA_1 menA_2
[12:30:15] Fixed 15 duplicate /gene - ycf3_1 ycf3_2 ycf3_3 ycf3_4 ycf3_5 ycf3_6 ycf3_7 ycf3_8 ycf3_9 ycf3_10 ycf3_11 ycf3_12 ycf3_13 ycf3_14 ycf3_15
[12:30:15] Fixed 12 duplicate /gene - lgrD_1 lgrD_2 lgrD_3 lgrD_4 lgrD_5 lgrD_6 lgrD_7 lgrD_8 lgrD_9 lgrD_10 lgrD_11 lgrD_12
[12:30:15] Fixed 5 duplicate /gene - pstS_1 pstS_2 pstS_3 pstS_4 pstS_5
[12:30:15] Fixed 3 duplicate /gene - merR1_1 merR1_2 merR1_3
[12:30:15] Fixed 3 duplicate /gene - dxs_1 dxs_2 dxs_3
[12:30:15] Fixed 2 duplicate /gene - cadA_1 cadA_2
[12:30:15] Fixed 3 duplicate /gene - petJ_1 petJ_2 petJ_3
[12:30:15] Fixed 2 duplicate /gene - infC_1 infC_2
[12:30:15] Fixed 5 duplicate /gene - htpX_1 htpX_2 htpX_3 htpX_4 htpX_5
[12:30:15] Fixed 3 duplicate /gene - cmpD_1 cmpD_2 cmpD_3
[12:30:15] Fixed 2 duplicate /gene - ppk_1 ppk_2
[12:30:15] Fixed 2 duplicate /gene - ppsA_1 ppsA_2
[12:30:15] Fixed 9 duplicate /gene - lgrB_1 lgrB_2 lgrB_3 lgrB_4 lgrB_5 lgrB_6 lgrB_7 lgrB_8 lgrB_9
[12:30:15] Fixed 2 duplicate /gene - upp_1 upp_2
[12:30:15] Fixed 2 duplicate /gene - cobD_1 cobD_2
[12:30:15] Fixed 2 duplicate /gene - petF_1 petF_2
[12:30:15] Fixed 4 duplicate /gene - cmpR_1 cmpR_2 cmpR_3 cmpR_4
[12:30:15] Fixed 5 duplicate /gene - menE_1 menE_2 menE_3 menE_4 menE_5
[12:30:15] Fixed 3 duplicate /gene - cmpB_1 cmpB_2 cmpB_3
[12:30:15] Fixed 2 duplicate /gene - iolS_1 iolS_2
[12:30:15] Fixed 4 duplicate /gene - dps_1 dps_2 dps_3 dps_4
[12:30:15] Fixed 2 duplicate /gene - dpnM_1 dpnM_2
[12:30:15] Fixed 2 duplicate /gene - cpcG4_1 cpcG4_2
[12:30:15] Fixed 2 duplicate /gene - ftsW_1 ftsW_2
[12:30:15] Fixed 12 duplicate /gene - rssB_1 rssB_2 rssB_3 rssB_4 rssB_5 rssB_6 rssB_7 rssB_8 rssB_9 rssB_10 rssB_11 rssB_12
[12:30:15] Fixed 6 duplicate /gene - bepA_1 bepA_2 bepA_3 bepA_4 bepA_5 bepA_6
[12:30:15] Fixed 2 duplicate /gene - clpC_1 clpC_2
[12:30:15] Fixed 2 duplicate /gene - speA_1 speA_2
[12:30:15] Fixed 2 duplicate /gene - kefC_1 kefC_2
[12:30:15] Fixed 2 duplicate /gene - srrA_1 srrA_2
[12:30:15] Fixed 4 duplicate /gene - auaH_1 auaH_2 auaH_3 auaH_4
[12:30:15] Fixed 2 duplicate /gene - cysC_1 cysC_2
[12:30:15] Fixed 2 duplicate /gene - petC_1 petC_2
[12:30:15] Fixed 5 duplicate /gene - smc_1 smc_2 smc_3 smc_4 smc_5
[12:30:15] Fixed 3 duplicate /gene - yqjG_1 yqjG_2 yqjG_3
[12:30:15] Fixed 2 duplicate /gene - cmlA_1 cmlA_2
[12:30:15] Fixed 2 duplicate /gene - nrtA_1 nrtA_2
[12:30:15] Fixed 4 duplicate /gene - yfiY_1 yfiY_2 yfiY_3 yfiY_4
[12:30:15] Fixed 2 duplicate /gene - ruvB_1 ruvB_2
[12:30:15] Fixed 6 duplicate /gene - yojI_1 yojI_2 yojI_3 yojI_4 yojI_5 yojI_6
[12:30:15] Fixed 2 duplicate /gene - bicA_1 bicA_2
[12:30:15] Fixed 3 duplicate /gene - haeIIIM_1 haeIIIM_2 haeIIIM_3
[12:30:15] Fixed 2 duplicate /gene - ribD_1 ribD_2
[12:30:15] Fixed 5 duplicate /gene - patA_1 patA_2 patA_3 patA_4 patA_5
[12:30:15] Fixed 3 duplicate /gene - tadA_1 tadA_2 tadA_3
[12:30:15] Fixed 2 duplicate /gene - sbpA_1 sbpA_2
[12:30:15] Fixed 2 duplicate /gene - pal_1 pal_2
[12:30:15] Fixed 2 duplicate /gene - sphR_1 sphR_2
[12:30:15] Fixed 2 duplicate /gene - psbD1_1 psbD1_2
[12:30:15] Fixed 2 duplicate /gene - ampG_1 ampG_2
[12:30:15] Fixed 2 duplicate /gene - pyrH_1 pyrH_2
[12:30:15] Fixed 2 duplicate /gene - hisD_1 hisD_2
[12:30:15] Fixed 2 duplicate /gene - camD_1 camD_2
[12:30:15] Fixed 4 duplicate /gene - gph_1 gph_2 gph_3 gph_4
[12:30:15] Fixed 10 duplicate /gene - xerC_1 xerC_2 xerC_3 xerC_4 xerC_5 xerC_6 xerC_7 xerC_8 xerC_9 xerC_10
[12:30:15] Fixed 2 duplicate /gene - kaiC_1 kaiC_2
[12:30:15] Fixed 3 duplicate /gene - glgX_1 glgX_2 glgX_3
[12:30:15] Fixed 2 duplicate /gene - tatA_1 tatA_2
[12:30:15] Fixed 3 duplicate /gene - proC_1 proC_2 proC_3
[12:30:15] Fixed 4 duplicate /gene - cysK1_1 cysK1_2 cysK1_3 cysK1_4
[12:30:15] Fixed 3 duplicate /gene - lacF_1 lacF_2 lacF_3
[12:30:15] Fixed 2 duplicate /gene - ziaR_1 ziaR_2
[12:30:15] Fixed 4 duplicate /gene - tal_1 tal_2 tal_3 tal_4
[12:30:15] Fixed 2 duplicate /gene - sppA_1 sppA_2
[12:30:15] Fixed 2 duplicate /gene - accA_1 accA_2
[12:30:15] Fixed 2 duplicate /gene - ald_1 ald_2
[12:30:15] Fixed 2 duplicate /gene - zwf2_1 zwf2_2
[12:30:15] Fixed 2 duplicate /gene - avtA_1 avtA_2
[12:30:15] Fixed 2 duplicate /gene - yidA_1 yidA_2
[12:30:15] Fixed 2 duplicate /gene - gloB_1 gloB_2
[12:30:15] Fixed 2 duplicate /gene - betA_1 betA_2
[12:30:15] Fixed 2 duplicate /gene - arnT_1 arnT_2
[12:30:15] Fixed 4 duplicate /gene - ubiB_1 ubiB_2 ubiB_3 ubiB_4
[12:30:15] Fixed 3 duplicate /gene - tdh_1 tdh_2 tdh_3
[12:30:15] Fixed 2 duplicate /gene - novN_1 novN_2
[12:30:15] Fixed 3 duplicate /gene - trpD2_1 trpD2_2 trpD2_3
[12:30:15] Fixed 3 duplicate /gene - trpC_1 trpC_2 trpC_3
[12:30:15] Fixed 2 duplicate /gene - kdpC_1 kdpC_2
[12:30:15] Fixed 2 duplicate /gene - prsA_1 prsA_2
[12:30:15] Fixed 2 duplicate /gene - prk_1 prk_2
[12:30:15] Fixed 3 duplicate /gene - dnaK_1 dnaK_2 dnaK_3
[12:30:15] Fixed 2 duplicate /gene - lpxB_1 lpxB_2
[12:30:15] Fixed 2 duplicate /gene - yheI_1 yheI_2
[12:30:15] Fixed 2 duplicate /gene - rsbW_1 rsbW_2
[12:30:15] Fixed 2 duplicate /gene - ackA_1 ackA_2
[12:30:15] Fixed 2 duplicate /gene - frbC_1 frbC_2
[12:30:15] Fixed 2 duplicate /gene - aspC_1 aspC_2
[12:30:15] Fixed 3 duplicate /gene - hcaB_1 hcaB_2 hcaB_3
[12:30:15] Fixed 5 duplicate /gene - ndhD1_1 ndhD1_2 ndhD1_3 ndhD1_4 ndhD1_5
[12:30:15] Fixed 2 duplicate /gene - inhA_1 inhA_2
[12:30:15] Fixed 3 duplicate /gene - dcd_1 dcd_2 dcd_3
[12:30:15] Fixed 2 duplicate /gene - crtN_1 crtN_2
[12:30:15] Fixed 2 duplicate /gene - rnr_1 rnr_2
[12:30:15] Fixed 2 duplicate /gene - linC_1 linC_2
[12:30:15] Fixed 13 duplicate /gene - COQ5_1 COQ5_2 COQ5_3 COQ5_4 COQ5_5 COQ5_6 COQ5_7 COQ5_8 COQ5_9 COQ5_10 COQ5_11 COQ5_12 COQ5_13
[12:30:15] Fixed 4 duplicate /gene - psbA3_1 psbA3_2 psbA3_3 psbA3_4
[12:30:15] Fixed 2 duplicate /gene - lgt_1 lgt_2
[12:30:15] Fixed 2 duplicate /gene - desA_1 desA_2
[12:30:15] Fixed 2 duplicate /gene - map_1 map_2
[12:30:15] Fixed 2 duplicate /gene - atpG_1 atpG_2
[12:30:15] Fixed 3 duplicate /gene - rhaS_1 rhaS_2 rhaS_3
[12:30:15] Fixed 44 duplicate /gene - sasA_1 sasA_2 sasA_3 sasA_4 sasA_5 sasA_6 sasA_7 sasA_8 sasA_9 sasA_10 sasA_11 sasA_12 sasA_13 sasA_14 sasA_15 sasA_16 sasA_17 sasA_18 sasA_19 sasA_20 sasA_21 sasA_22 sasA_23 sasA_24 sasA_25 sasA_26 sasA_27 sasA_28 sasA_29 sasA_30 sasA_31 sasA_32 sasA_33 sasA_34 sasA_35 sasA_36 sasA_37 sasA_38 sasA_39 sasA_40 sasA_41 sasA_42 sasA_43 sasA_44
[12:30:15] Fixed 2 duplicate /gene - hemH_1 hemH_2
[12:30:15] Fixed 2 duplicate /gene - lip1_1 lip1_2
[12:30:15] Fixed 4 duplicate /gene - nifK_1 nifK_2 nifK_3 nifK_4
[12:30:15] Fixed 2 duplicate /gene - nifH_1 nifH_2
[12:30:15] Fixed 2 duplicate /gene - tagU_1 tagU_2
[12:30:15] Fixed 2 duplicate /gene - dfa3_1 dfa3_2
[12:30:15] Fixed 11 duplicate /gene - arnC_1 arnC_2 arnC_3 arnC_4 arnC_5 arnC_6 arnC_7 arnC_8 arnC_9 arnC_10 arnC_11
[12:30:15] Fixed 3 duplicate /gene - ltrA_1 ltrA_2 ltrA_3
[12:30:15] Fixed 2 duplicate /gene - mgtA_1 mgtA_2
[12:30:15] Fixed 2 duplicate /gene - rlpA_1 rlpA_2
[12:30:15] Fixed 2 duplicate /gene - rpoD_1 rpoD_2
[12:30:15] Fixed 2 duplicate /gene - adk_1 adk_2
[12:30:15] Fixed 2 duplicate /gene - COQ3_1 COQ3_2
[12:30:15] Fixed 3 duplicate /gene - livF_1 livF_2 livF_3
[12:30:15] Fixed 2 duplicate /gene - cheR_1 cheR_2
[12:30:15] Fixed 2 duplicate /gene - mfd_1 mfd_2
[12:30:15] Fixed 2 duplicate /gene - recF_1 recF_2
[12:30:15] Fixed 7 duplicate /gene - ftsH_1 ftsH_2 ftsH_3 ftsH_4 ftsH_5 ftsH_6 ftsH_7
[12:30:15] Fixed 2 duplicate /gene - fetB_1 fetB_2
[12:30:15] Fixed 2 duplicate /gene - yjiA_1 yjiA_2
[12:30:15] Fixed 2 duplicate /gene - mcrA_1 mcrA_2
[12:30:15] Fixed 5 duplicate /gene - tcrA_1 tcrA_2 tcrA_3 tcrA_4 tcrA_5
[12:30:15] Fixed 4 duplicate /gene - cheB_1 cheB_2 cheB_3 cheB_4
[12:30:15] Fixed 2 duplicate /gene - hemB_1 hemB_2
[12:30:15] Fixed 4 duplicate /gene - entS_1 entS_2 entS_3 entS_4
[12:30:15] Fixed 2 duplicate /gene - relA_1 relA_2
[12:30:15] Fixed 2 duplicate /gene - rfbE_1 rfbE_2
[12:30:15] Fixed 2 duplicate /gene - glpE_1 glpE_2
[12:30:15] Fixed 3 duplicate /gene - dfa5_1 dfa5_2 dfa5_3
[12:30:15] Fixed 3 duplicate /gene - rnd_1 rnd_2 rnd_3
[12:30:15] Fixed 5 duplicate /gene - mdtA_1 mdtA_2 mdtA_3 mdtA_4 mdtA_5
[12:30:15] Fixed 3 duplicate /gene - fusA_1 fusA_2 fusA_3
[12:30:15] Fixed 5 duplicate /gene - menH_1 menH_2 menH_3 menH_4 menH_5
[12:30:15] Fixed 7 duplicate /gene - phoP_1 phoP_2 phoP_3 phoP_4 phoP_5 phoP_6 phoP_7
[12:30:15] Fixed 2 duplicate /gene - iscS_1 iscS_2
[12:30:15] Fixed 2 duplicate /gene - pcrA_1 pcrA_2
[12:30:15] Fixed 2 duplicate /gene - tam_1 tam_2
[12:30:15] Fixed 3 duplicate /gene - def_1 def_2 def_3
[12:30:15] Fixed 5 duplicate /gene - nifD_1 nifD_2 nifD_3 nifD_4 nifD_5
[12:30:15] Fixed 2 duplicate /gene - yedY1_1 yedY1_2
[12:30:15] Fixed 8 duplicate /gene - tycC_1 tycC_2 tycC_3 tycC_4 tycC_5 tycC_6 tycC_7 tycC_8
[12:30:15] Fixed 2 duplicate /gene - prnD_1 prnD_2
[12:30:15] Fixed 3 duplicate /gene - yfcG_1 yfcG_2 yfcG_3
[12:30:15] Fixed 2 duplicate /gene - mobA_1 mobA_2
[12:30:15] Fixed 2 duplicate /gene - vraR_1 vraR_2
[12:30:15] Fixed 2 duplicate /gene - cymR_1 cymR_2
[12:30:15] Fixed 2 duplicate /gene - malQ_1 malQ_2
[12:30:15] Fixed 3 duplicate /gene - pkwA_1 pkwA_2 pkwA_3
[12:30:15] Fixed 2 duplicate /gene - asnB_1 asnB_2
[12:30:15] Fixed 2 duplicate /gene - trxA_1 trxA_2
[12:30:15] Fixed 2 duplicate /gene - accD_1 accD_2
[12:30:15] Fixed 3 duplicate /gene - pstA_1 pstA_2 pstA_3
[12:30:15] Fixed 2 duplicate /gene - dap_1 dap_2
[12:30:15] Fixed 5 duplicate /gene - rhaR_1 rhaR_2 rhaR_3 rhaR_4 rhaR_5
[12:30:15] Fixed 2 duplicate /gene - IMPDH_1 IMPDH_2
[12:30:15] Fixed 2 duplicate /gene - nrtB_1 nrtB_2
[12:30:15] Fixed 2 duplicate /gene - nemA_1 nemA_2
[12:30:15] Fixed 2 duplicate /gene - ispG_1 ispG_2
[12:30:15] Fixed 2 duplicate /gene - dapL_1 dapL_2
[12:30:15] Fixed 3 duplicate /gene - gpmA_1 gpmA_2 gpmA_3
[12:30:15] Fixed 35 duplicate /gene - mshA_1 mshA_2 mshA_3 mshA_4 mshA_5 mshA_6 mshA_7 mshA_8 mshA_9 mshA_10 mshA_11 mshA_12 mshA_13 mshA_14 mshA_15 mshA_16 mshA_17 mshA_18 mshA_19 mshA_20 mshA_21 mshA_22 mshA_23 mshA_24 mshA_25 mshA_26 mshA_27 mshA_28 mshA_29 mshA_30 mshA_31 mshA_32 mshA_33 mshA_34 mshA_35
[12:30:15] Fixed 2 duplicate /gene - rip3_1 rip3_2
[12:30:15] Fixed 2 duplicate /gene - pyrC_1 pyrC_2
[12:30:15] Fixed 2 duplicate /gene - bacC_1 bacC_2
[12:30:15] Fixed 4 duplicate /gene - kefB_1 kefB_2 kefB_3 kefB_4
[12:30:15] Fixed 3 duplicate /gene - tagA_1 tagA_2 tagA_3
[12:30:15] Fixed 2 duplicate /gene - tpl_1 tpl_2
[12:30:15] Fixed 2 duplicate /gene - kmo_1 kmo_2
[12:30:15] Fixed 2 duplicate /gene - sbnA_1 sbnA_2
[12:30:15] Fixed 2 duplicate /gene - dnaN_1 dnaN_2
[12:30:15] Fixed 3 duplicate /gene - glf_1 glf_2 glf_3
[12:30:15] Fixed 2 duplicate /gene - hspA_1 hspA_2
[12:30:15] Fixed 2 duplicate /gene - ctcP_1 ctcP_2
[12:30:15] Fixed 2 duplicate /gene - pbsA1_1 pbsA1_2
[12:30:15] Fixed 9 duplicate /gene - sigA2_1 sigA2_2 sigA2_3 sigA2_4 sigA2_5 sigA2_6 sigA2_7 sigA2_8 sigA2_9
[12:30:15] Fixed 2 duplicate /gene - mnmE_1 mnmE_2
[12:30:15] Fixed 2 duplicate /gene - cysR_1 cysR_2
[12:30:15] Fixed 2 duplicate /gene - tolR_1 tolR_2
[12:30:15] Fixed 2 duplicate /gene - suhB_1 suhB_2
[12:30:15] Fixed 5 duplicate /gene - acpP_1 acpP_2 acpP_3 acpP_4 acpP_5
[12:30:15] Fixed 4 duplicate /gene - cmpC_1 cmpC_2 cmpC_3 cmpC_4
[12:30:15] Fixed 40 duplicate /gene - pknD_1 pknD_2 pknD_3 pknD_4 pknD_5 pknD_6 pknD_7 pknD_8 pknD_9 pknD_10 pknD_11 pknD_12 pknD_13 pknD_14 pknD_15 pknD_16 pknD_17 pknD_18 pknD_19 pknD_20 pknD_21 pknD_22 pknD_23 pknD_24 pknD_25 pknD_26 pknD_27 pknD_28 pknD_29 pknD_30 pknD_31 pknD_32 pknD_33 pknD_34 pknD_35 pknD_36 pknD_37 pknD_38 pknD_39 pknD_40
[12:30:15] Fixed 8 duplicate /gene - dltA_1 dltA_2 dltA_3 dltA_4 dltA_5 dltA_6 dltA_7 dltA_8
[12:30:15] Fixed 2 duplicate /gene - norV_1 norV_2
[12:30:15] Fixed 3 duplicate /gene - trpA_1 trpA_2 trpA_3
[12:30:15] Fixed 2 duplicate /gene - kdpA_1 kdpA_2
[12:30:15] Fixed 4 duplicate /gene - hlyD_1 hlyD_2 hlyD_3 hlyD_4
[12:30:15] Fixed 9 duplicate /gene - tolB_1 tolB_2 tolB_3 tolB_4 tolB_5 tolB_6 tolB_7 tolB_8 tolB_9
[12:30:15] Fixed 2 duplicate /gene - todS_1 todS_2
[12:30:15] Fixed 2 duplicate /gene - cbiM_1 cbiM_2
[12:30:15] Fixed 2 duplicate /gene - grsB_1 grsB_2
[12:30:15] Fixed 2 duplicate /gene - ribF_1 ribF_2
[12:30:15] Fixed 3 duplicate /gene - bcp_1 bcp_2 bcp_3
[12:30:15] Fixed 2 duplicate /gene - pacS_1 pacS_2
[12:30:15] Fixed 5 duplicate /gene - fabG_1 fabG_2 fabG_3 fabG_4 fabG_5
[12:30:15] Fixed 2 duplicate /gene - pepP_1 pepP_2
[12:30:15] Fixed 4 duplicate /gene - lnrK_1 lnrK_2 lnrK_3 lnrK_4
[12:30:15] Fixed 2 duplicate /gene - tuaB_1 tuaB_2
[12:30:15] Fixed 3 duplicate /gene - cugP_1 cugP_2 cugP_3
[12:30:15] Fixed 2 duplicate /gene - yqeN_1 yqeN_2
[12:30:15] Fixed 2 duplicate /gene - ltxD_1 ltxD_2
[12:30:15] Fixed 2 duplicate /gene - yhfK_1 yhfK_2
[12:30:15] Fixed 2 duplicate /gene - gsiA_1 gsiA_2
[12:30:15] Fixed 3 duplicate /gene - iolG_1 iolG_2 iolG_3
[12:30:15] Fixed 2 duplicate /gene - gmd_1 gmd_2
[12:30:15] Fixed 3 duplicate /gene - glgA_1 glgA_2 glgA_3
[12:30:15] Fixed 2 duplicate /gene - fabF_1 fabF_2
[12:30:15] Fixed 3 duplicate /gene - ctaE_1 ctaE_2 ctaE_3
[12:30:15] Fixed 2 duplicate /gene - psaA_1 psaA_2
[12:30:15] Fixed 2 duplicate /gene - metK_1 metK_2
[12:30:15] Fixed 2 duplicate /gene - galE_1 galE_2
[12:30:15] Fixed 3 duplicate /gene - copA_1 copA_2 copA_3
[12:30:15] Fixed 2 duplicate /gene - pstB3_1 pstB3_2
[12:30:15] Fixed 2 duplicate /gene - nadD_1 nadD_2
[12:30:15] Fixed 2 duplicate /gene - ecfA2_1 ecfA2_2
[12:30:15] Fixed 2 duplicate /gene - dppB_1 dppB_2
[12:30:15] Fixed 8 duplicate /gene - soj_1 soj_2 soj_3 soj_4 soj_5 soj_6 soj_7 soj_8
[12:30:15] Fixed 2 duplicate /gene - pksE_1 pksE_2
[12:30:15] Fixed 2 duplicate /gene - tolQ_1 tolQ_2
[12:30:15] Fixed 2 duplicate /gene - dxr_1 dxr_2
[12:30:15] Fixed 3 duplicate /gene - yhhT_1 yhhT_2 yhhT_3
[12:30:15] Fixed 3 duplicate /gene - sir_1 sir_2 sir_3
[12:30:15] Fixed 2 duplicate /gene - petD_1 petD_2
[12:30:15] Fixed 2 duplicate /gene - rpsA_1 rpsA_2
[12:30:15] Fixed 5 duplicate /gene - macB_1 macB_2 macB_3 macB_4 macB_5
[12:30:15] Fixed 51 duplicate /gene - rcsC_1 rcsC_2 rcsC_3 rcsC_4 rcsC_5 rcsC_6 rcsC_7 rcsC_8 rcsC_9 rcsC_10 rcsC_11 rcsC_12 rcsC_13 rcsC_14 rcsC_15 rcsC_16 rcsC_17 rcsC_18 rcsC_19 rcsC_20 rcsC_21 rcsC_22 rcsC_23 rcsC_24 rcsC_25 rcsC_26 rcsC_27 rcsC_28 rcsC_29 rcsC_30 rcsC_31 rcsC_32 rcsC_33 rcsC_34 rcsC_35 rcsC_36 rcsC_37 rcsC_38 rcsC_39 rcsC_40 rcsC_41 rcsC_42 rcsC_43 rcsC_44 rcsC_45 rcsC_46 rcsC_47 rcsC_48 rcsC_49 rcsC_50 rcsC_51
[12:30:15] Fixed 2 duplicate /gene - anfK_1 anfK_2
[12:30:15] Fixed 2 duplicate /gene - ureG_1 ureG_2
[12:30:15] Fixed 2 duplicate /gene - crtI_1 crtI_2
[12:30:15] Fixed 3 duplicate /gene - glnQ_1 glnQ_2 glnQ_3
[12:30:15] Fixed 2 duplicate /gene - proB_1 proB_2
[12:30:15] Fixed 2 duplicate /gene - xerD_1 xerD_2
[12:30:15] Fixed 7 duplicate /gene - mprA_1 mprA_2 mprA_3 mprA_4 mprA_5 mprA_6 mprA_7
[12:30:15] Fixed 6 duplicate /gene - aroF_1 aroF_2 aroF_3 aroF_4 aroF_5 aroF_6
[12:30:15] Fixed 3 duplicate /gene - mdtC_1 mdtC_2 mdtC_3
[12:30:15] Fixed 2 duplicate /gene - mepA_1 mepA_2
[12:30:15] Fixed 3 duplicate /gene - dhaA_1 dhaA_2 dhaA_3
[12:30:15] Fixed 2 duplicate /gene - pilT_1 pilT_2
[12:30:15] Fixed 2 duplicate /gene - kaiB_1 kaiB_2
[12:30:15] Fixed 2 duplicate /gene - clpS_1 clpS_2
[12:30:15] Fixed 2 duplicate /gene - rnc_1 rnc_2
[12:30:15] Fixed 2 duplicate /gene - apcD_1 apcD_2
[12:30:15] Fixed 2 duplicate /gene - mntB_1 mntB_2
[12:30:15] Fixed 4 duplicate /gene - vapC_1 vapC_2 vapC_3 vapC_4
[12:30:15] Fixed 2 duplicate /gene - nadK_1 nadK_2
[12:30:15] Fixed 2 duplicate /gene - glgP_1 glgP_2
[12:30:15] Fixed 2 duplicate /gene - dapF_1 dapF_2
[12:30:15] Fixed 2 duplicate /gene - degU_1 degU_2
[12:30:15] Fixed 4 duplicate /gene - cpdA_1 cpdA_2 cpdA_3 cpdA_4
[12:30:15] Fixed 2 duplicate /gene - pmbA_1 pmbA_2
[12:30:15] Fixed 2 duplicate /gene - apaH_1 apaH_2
[12:30:15] Fixed 2 duplicate /gene - nasF_1 nasF_2
[12:30:15] Fixed 2 duplicate /gene - leuA_1 leuA_2
[12:30:15] Fixed 2 duplicate /gene - gatA_1 gatA_2
[12:30:15] Fixed 2 duplicate /gene - topA_1 topA_2
[12:30:15] Fixed 3 duplicate /gene - ilvB_1 ilvB_2 ilvB_3
[12:30:15] Fixed 2 duplicate /gene - nhaS3_1 nhaS3_2
[12:30:15] Fixed 2 duplicate /gene - pyrG_1 pyrG_2
[12:30:15] Fixed 2 duplicate /gene - bchB_1 bchB_2
[12:30:15] Fixed 2 duplicate /gene - pdxH_1 pdxH_2
[12:30:15] Fixed 3 duplicate /gene - petB_1 petB_2 petB_3
[12:30:15] Fixed 2 duplicate /gene - yajO_1 yajO_2
[12:30:15] Fixed 369 colliding /gene names.
[12:30:15] Adding /locus_tag identifiers
[12:30:15] Assigned 6725 locus_tags to CDS and RNA features.
[12:30:15] Writing outputs to prokka_out/
[12:30:31] Generating annotation statistics file
[12:30:31] Generating Genbank and Sequin files
[12:30:31] Running: tbl2asn -V b -a r10k -l paired-ends -M n -N 1 -y 'Annotated using prokka 1.14.6 from https://github.com/tseemann/prokka' -Z prokka_out\/F_halapii\.err -i prokka_out\/F_halapii\.fsa 2> /dev/null
[12:30:42] Deleting unwanted file: prokka_out/errorsummary.val
[12:30:42] Deleting unwanted file: prokka_out/F_halapii.dr
[12:30:42] Deleting unwanted file: prokka_out/F_halapii.fixedproducts
[12:30:42] Deleting unwanted file: prokka_out/F_halapii.ecn
[12:30:42] Deleting unwanted file: prokka_out/F_halapii.val
[12:30:43] Repairing broken .GBK output that tbl2asn produces...
[12:30:43] Running: sed 's/COORDINATES: profile/COORDINATES:profile/' < prokka_out\/F_halapii\.gbf > prokka_out\/F_halapii\.gbk
[12:30:44] Deleting unwanted file: prokka_out/F_halapii.gbf
[12:30:44] Output files:
[12:30:44] prokka_out/F_halapii.err
[12:30:44] prokka_out/F_halapii.faa
[12:30:44] prokka_out/F_halapii.ffn
[12:30:44] prokka_out/F_halapii.fna
[12:30:44] prokka_out/F_halapii.fsa
[12:30:44] prokka_out/F_halapii.gbk
[12:30:44] prokka_out/F_halapii.gff
[12:30:44] prokka_out/F_halapii.log
[12:30:44] prokka_out/F_halapii.sqn
[12:30:44] prokka_out/F_halapii.tbl
[12:30:44] prokka_out/F_halapii.tsv
[12:30:44] prokka_out/F_halapii.txt
[12:30:44] Annotation finished successfully.
[12:30:44] Walltime used: 2.87 minutes
[12:30:44] If you use this result please cite the Prokka paper:
[12:30:44] Seemann T (2014) Prokka: rapid prokaryotic genome annotation. Bioinformatics. 30(14):2068-9.
[12:30:44] Type 'prokka --citation' for more details.
[12:30:44] Thank you, come again.
